{"level":"info","message":"MongoDB connected successfully"}
{"level":"info","message":"Server initialized successfully"}
{"level":"info","message":"Server running in development mode on port 5001"}
{"level":"info","message":"User action - ADMIN_LOGIN by user: admin@smartshop.com"}
{"level":"info","message":"POST /api/admin/login 200 - 125ms"}
{"level":"info","message":"MongoDB connected successfully"}
{"level":"info","message":"Server initialized successfully"}
{"level":"info","message":"Server running in development mode on port 5001"}
{"level":"info","message":"MongoDB connected successfully"}
{"level":"info","message":"Server initialized successfully"}
{"level":"info","message":"Server running in development mode on port 5001"}
{"level":"info","message":"MongoDB connected successfully"}
{"level":"info","message":"Server initialized successfully"}
{"level":"info","message":"Server running in development mode on port 5001"}
{"level":"info","message":"MongoDB connected successfully"}
{"level":"info","message":"Server initialized successfully"}
{"level":"info","message":"Server running in development mode on port 5001"}
{"level":"info","message":"MongoDB connected successfully"}
{"level":"info","message":"MongoDB connected successfully"}
{"level":"info","message":"Server initialized successfully"}
{"level":"info","message":"Server running in development mode on port 5001"}
{"level":"info","message":"MongoDB connected successfully"}
{"level":"info","message":"Server initialized successfully"}
{"level":"info","message":"Server running in development mode on port 5001"}
{"level":"info","message":"MongoDB connected successfully"}
{"level":"info","message":"Server initialized successfully"}
{"level":"info","message":"Server running in development mode on port 5001"}
{"level":"info","message":"MongoDB connected successfully"}
{"level":"info","message":"Server initialized successfully"}
{"level":"info","message":"Server running in development mode on port 5001"}
{"level":"info","message":"MongoDB connected successfully"}
{"level":"info","message":"Server initialized successfully"}
{"level":"info","message":"Server running in development mode on port 5001"}
{"level":"info","message":"MongoDB connected successfully"}
{"level":"info","message":"Server initialized successfully"}
{"level":"info","message":"Server running in development mode on port 5001"}
{"level":"info","message":"MongoDB connected successfully"}
{"level":"info","message":"Server initialized successfully"}
{"level":"info","message":"Server running in development mode on port 5001"}
{"level":"info","message":"MongoDB connected successfully"}
{"level":"info","message":"Server initialized successfully"}
{"level":"info","message":"Server running in development mode on port 5001"}
{"level":"info","message":"MongoDB connected successfully"}
{"level":"info","message":"Server initialized successfully"}
{"level":"info","message":"Server running in development mode on port 5001"}
{"level":"info","message":"MongoDB connected successfully"}
{"level":"info","message":"Server initialized successfully"}
{"level":"info","message":"Server running in development mode on port 5001"}
{"level":"info","message":"MongoDB connected successfully"}
{"level":"info","message":"Server initialized successfully"}
{"level":"info","message":"Server running in development mode on port 5001"}
{"level":"info","message":"MongoDB connected successfully"}
{"level":"info","message":"Server initialized successfully"}
{"level":"info","message":"Server running in development mode on port 5001"}
{"level":"info","message":"MongoDB connected successfully"}
{"level":"info","message":"Server initialized successfully"}
{"level":"info","message":"Server running in development mode on port 5001"}
{"level":"info","message":"MongoDB connected successfully"}
{"level":"info","message":"Server initialized successfully"}
{"level":"info","message":"Server running in development mode on port 5001"}
{"level":"info","message":"MongoDB connected successfully"}
{"level":"info","message":"Server initialized successfully"}
{"level":"info","message":"Server running in development mode on port 5001"}
{"level":"info","message":"MongoDB connected successfully"}
{"level":"info","message":"Server initialized successfully"}
{"level":"info","message":"Server running in development mode on port 5001"}
{"level":"info","message":"MongoDB connected successfully"}
{"level":"info","message":"Server initialized successfully"}
{"level":"info","message":"Server running in development mode on port 5001"}
{"level":"info","message":"MongoDB connected successfully"}
{"level":"info","message":"Server initialized successfully"}
{"level":"info","message":"Server running in development mode on port 5001"}
{"level":"info","message":"MongoDB connected successfully"}
{"level":"info","message":"Server initialized successfully"}
{"level":"info","message":"Server running in development mode on port 5001"}
{"level":"info","message":"MongoDB connected successfully"}
{"level":"info","message":"Server initialized successfully"}
{"level":"info","message":"Server running in development mode on port 5001"}
{"level":"info","message":"MongoDB connected successfully"}
{"level":"info","message":"Server initialized successfully"}
{"level":"info","message":"Server running in development mode on port 5001"}
{"level":"info","message":"MongoDB connected successfully"}
{"level":"info","message":"Server initialized successfully"}
{"level":"info","message":"Server running in development mode on port 5001"}
{"level":"info","message":"MongoDB connected successfully"}
{"level":"info","message":"Server initialized successfully"}
{"level":"info","message":"Server running in development mode on port 5001"}
{"level":"info","message":"MongoDB connected successfully"}
{"level":"info","message":"Server initialized successfully"}
{"level":"info","message":"Server running in development mode on port 5001"}
{"level":"info","message":"MongoDB connected successfully"}
{"level":"info","message":"Server initialized successfully"}
{"level":"info","message":"Server running in development mode on port 5001"}
{"level":"info","message":"MongoDB connected successfully"}
{"level":"info","message":"Server initialized successfully"}
{"level":"info","message":"Server running in development mode on port 5001"}
{"level":"info","message":"MongoDB connected successfully"}
{"level":"info","message":"Server initialized successfully"}
{"level":"info","message":"Server running in development mode on port 5001"}
{"level":"info","message":"MongoDB connected successfully"}
{"level":"info","message":"Server initialized successfully"}
{"level":"info","message":"Server running in development mode on port 5001"}
{"level":"info","message":"MongoDB connected successfully"}
{"level":"info","message":"Server initialized successfully"}
{"level":"info","message":"Server running in development mode on port 5001"}
{"level":"info","message":"MongoDB connected successfully"}
{"level":"info","message":"Server initialized successfully"}
{"level":"info","message":"Server running in development mode on port 5001"}
{"level":"info","message":"MongoDB connected successfully"}
{"level":"info","message":"Server initialized successfully"}
{"level":"info","message":"Server running in development mode on port 5001"}
{"level":"info","message":"MongoDB connected successfully"}
{"level":"info","message":"Server initialized successfully"}
{"level":"info","message":"Server running in development mode on port 5001"}
{"level":"info","message":"MongoDB connected successfully"}
{"level":"info","message":"Server initialized successfully"}
{"level":"info","message":"Server running in development mode on port 5001"}
{"level":"info","message":"MongoDB connected successfully"}
{"level":"info","message":"Server initialized successfully"}
{"level":"info","message":"Server running in development mode on port 5001"}
{"level":"info","message":"MongoDB connected successfully"}
{"level":"info","message":"Server initialized successfully"}
{"level":"info","message":"Server running in development mode on port 5001"}
{"level":"info","message":"MongoDB connected successfully"}
{"level":"info","message":"Server initialized successfully"}
{"level":"info","message":"Server running in development mode on port 5001"}
{"level":"info","message":"MongoDB connected successfully"}
{"level":"info","message":"Server initialized successfully"}
{"level":"info","message":"Server running in development mode on port 5001"}
{"level":"info","message":"MongoDB connected successfully"}
{"level":"info","message":"Server initialized successfully"}
{"level":"info","message":"Server running in development mode on port 5001"}
{"level":"info","message":"MongoDB connected successfully"}
{"level":"info","message":"Server initialized successfully"}
{"level":"info","message":"Server running in development mode on port 5001"}
{"level":"info","message":"MongoDB connected successfully"}
{"level":"info","message":"Server initialized successfully"}
{"level":"info","message":"Server running in development mode on port 5001"}
{"level":"info","message":"MongoDB connected successfully"}
{"level":"info","message":"Server initialized successfully"}
{"level":"info","message":"Server running in development mode on port 5001"}
{"level":"info","message":"MongoDB connected successfully"}
{"level":"info","message":"Server initialized successfully"}
{"level":"info","message":"Server running in development mode on port 5001"}
{"level":"info","message":"MongoDB connected successfully"}
{"level":"info","message":"Server initialized successfully"}
{"level":"info","message":"Server running in development mode on port 5001"}
{"level":"info","message":"MongoDB connected successfully"}
{"level":"info","message":"Server initialized successfully"}
{"level":"info","message":"Server running in development mode on port 5001"}
{"level":"info","message":"MongoDB connected successfully"}
{"level":"info","message":"Server initialized successfully"}
{"level":"info","message":"Server running in development mode on port 5001"}
{"level":"info","message":"MongoDB connected successfully"}
{"level":"info","message":"Server initialized successfully"}
{"level":"info","message":"Server running in development mode on port 5001"}
{"level":"info","message":"MongoDB connected successfully"}
{"level":"info","message":"Server initialized successfully"}
{"level":"info","message":"Server running in development mode on port 5001"}
{"level":"info","message":"MongoDB connected successfully"}
{"level":"info","message":"Server initialized successfully"}
{"level":"info","message":"Server running in development mode on port 5001"}
{"level":"info","message":"MongoDB connected successfully"}
{"level":"info","message":"Server initialized successfully"}
{"level":"info","message":"Server running in development mode on port 5001"}
{"level":"info","message":"MongoDB connected successfully"}
{"level":"info","message":"Server initialized successfully"}
{"level":"info","message":"Server running in development mode on port 5001"}
{"level":"info","message":"MongoDB connected successfully"}
{"level":"info","message":"Server initialized successfully"}
{"level":"info","message":"Server running in development mode on port 5001"}
{"level":"info","message":"MongoDB connected successfully"}
{"level":"info","message":"Server initialized successfully"}
{"level":"info","message":"Server running in development mode on port 5001"}
{"level":"info","message":"MongoDB connected successfully"}
{"level":"info","message":"Server initialized successfully"}
{"level":"info","message":"Server running in development mode on port 5001"}
{"level":"info","message":"MongoDB connected successfully"}
{"level":"info","message":"Server initialized successfully"}
{"level":"info","message":"Server running in development mode on port 5001"}
{"level":"info","message":"MongoDB connected successfully"}
{"level":"info","message":"Server initialized successfully"}
{"level":"info","message":"Server running in development mode on port 5001"}
{"level":"info","message":"MongoDB connected successfully"}
{"level":"info","message":"Server initialized successfully"}
{"level":"info","message":"Server running in development mode on port 5001"}
{"level":"info","message":"MongoDB connected successfully"}
{"level":"info","message":"Server initialized successfully"}
{"level":"info","message":"Server running in development mode on port 5001"}
{"level":"info","message":"MongoDB connected successfully"}
{"level":"info","message":"Server initialized successfully"}
{"level":"info","message":"Server running in development mode on port 5001"}
{"level":"info","message":"MongoDB connected successfully"}
{"level":"info","message":"Server initialized successfully"}
{"level":"info","message":"Server running in development mode on port 5001"}
{"level":"info","message":"MongoDB connected successfully"}
{"level":"info","message":"Server initialized successfully"}
{"level":"info","message":"Server running in development mode on port 5001"}
{"level":"info","message":"MongoDB connected successfully"}
{"level":"info","message":"Server initialized successfully"}
{"level":"info","message":"Server running in development mode on port 5001"}
{"level":"info","message":"MongoDB connected successfully"}
{"level":"info","message":"Server initialized successfully"}
{"level":"info","message":"Server running in development mode on port 5001"}
{"level":"info","message":"MongoDB connected successfully"}
{"level":"info","message":"Server initialized successfully"}
{"level":"info","message":"Server running in development mode on port 5001"}
{"level":"info","message":"MongoDB connected successfully"}
{"level":"info","message":"Server initialized successfully"}
{"level":"info","message":"Server running in development mode on port 5001"}
{"level":"info","message":"MongoDB connected successfully"}
{"level":"info","message":"Server initialized successfully"}
{"level":"info","message":"Server running in development mode on port 5001"}
{"level":"info","message":"MongoDB connected successfully"}
{"level":"info","message":"Server initialized successfully"}
{"level":"info","message":"Server running in development mode on port 5001"}
{"level":"info","message":"MongoDB connected successfully"}
{"level":"info","message":"Server initialized successfully"}
{"level":"info","message":"Server running in development mode on port 5001"}
{"level":"info","message":"MongoDB connected successfully"}
{"level":"info","message":"Server initialized successfully"}
{"level":"info","message":"Server running in development mode on port 5001"}
{"level":"info","message":"MongoDB connected successfully"}
{"level":"info","message":"Server initialized successfully"}
{"level":"info","message":"Server running in development mode on port 5001"}
{"level":"info","message":"MongoDB connected successfully"}
{"level":"info","message":"Server initialized successfully"}
{"level":"info","message":"Server running in development mode on port 5001"}
{"level":"info","message":"MongoDB connected successfully"}
{"level":"info","message":"Server initialized successfully"}
{"level":"info","message":"Server running in development mode on port 5001"}
{"level":"info","message":"MongoDB connected successfully"}
{"level":"info","message":"Server initialized successfully"}
{"level":"info","message":"Server running in development mode on port 5001"}
{"level":"info","message":"MongoDB connected successfully"}
{"level":"info","message":"Server initialized successfully"}
{"level":"info","message":"Server running in development mode on port 5001"}
{"level":"info","message":"MongoDB connected successfully"}
{"level":"info","message":"Server initialized successfully"}
{"level":"info","message":"Server running in development mode on port 5001"}
{"level":"info","message":"MongoDB connected successfully"}
{"level":"info","message":"Server initialized successfully"}
{"level":"info","message":"Server running in development mode on port 5001"}
{"level":"info","message":"MongoDB connected successfully"}
{"level":"info","message":"Server initialized successfully"}
{"level":"info","message":"Server running in development mode on port 5001"}
{"level":"info","message":"MongoDB connected successfully"}
{"level":"info","message":"Server initialized successfully"}
{"level":"info","message":"Server running in development mode on port 5001"}
{"level":"info","message":"MongoDB connected successfully"}
{"level":"info","message":"Server initialized successfully"}
{"level":"info","message":"Server running in development mode on port 5001"}
{"level":"info","message":"MongoDB connected successfully"}
{"level":"info","message":"Server initialized successfully"}
{"level":"info","message":"Server running in development mode on port 5001"}
{"level":"info","message":"MongoDB connected successfully"}
{"level":"info","message":"Server initialized successfully"}
{"level":"info","message":"Server running in development mode on port 5001"}
{"level":"info","message":"MongoDB connected successfully"}
{"level":"info","message":"Server initialized successfully"}
{"level":"info","message":"Server running in development mode on port 5001"}
{"level":"info","message":"MongoDB connected successfully"}
{"level":"info","message":"Server initialized successfully"}
{"level":"info","message":"Server running in development mode on port 5001"}
{"level":"info","message":"MongoDB connected successfully"}
{"level":"info","message":"Server initialized successfully"}
{"level":"info","message":"Server running in development mode on port 5001"}
{"level":"info","message":"MongoDB connected successfully"}
{"level":"info","message":"Server initialized successfully"}
{"level":"info","message":"Server running in development mode on port 5001"}
{"level":"info","message":"MongoDB connected successfully"}
{"level":"info","message":"Server initialized successfully"}
{"level":"info","message":"Server running in development mode on port 5001"}
{"level":"info","message":"MongoDB connected successfully"}
{"level":"info","message":"Server initialized successfully"}
{"level":"info","message":"Server running in development mode on port 5001"}
{"level":"info","message":"MongoDB connected successfully"}
{"level":"info","message":"Server initialized successfully"}
{"level":"info","message":"Server running in development mode on port 5001"}
{"level":"info","message":"MongoDB connected successfully"}
{"level":"info","message":"Server initialized successfully"}
{"level":"info","message":"Server running in development mode on port 5001"}
{"level":"info","message":"MongoDB connected successfully"}
{"level":"info","message":"Server initialized successfully"}
{"level":"info","message":"Server running in development mode on port 5001"}
{"level":"info","message":"MongoDB connected successfully"}
{"level":"info","message":"Server initialized successfully"}
{"level":"info","message":"Server running in development mode on port 5001"}
{"level":"info","message":"MongoDB connected successfully"}
{"level":"info","message":"Server initialized successfully"}
{"level":"info","message":"Server running in development mode on port 5001"}
{"level":"info","message":"MongoDB connected successfully"}
{"level":"info","message":"Server initialized successfully"}
{"level":"info","message":"Server running in development mode on port 5001"}
{"level":"info","message":"MongoDB connected successfully"}
{"level":"info","message":"Server initialized successfully"}
{"level":"info","message":"Server running in development mode on port 5001"}
{"level":"info","message":"MongoDB connected successfully"}
{"level":"info","message":"Server initialized successfully"}
{"level":"info","message":"Server running in development mode on port 5001"}
{"level":"info","message":"MongoDB connected successfully"}
{"level":"info","message":"Server initialized successfully"}
{"level":"info","message":"Server running in development mode on port 5001"}
{"level":"info","message":"MongoDB connected successfully"}
{"level":"info","message":"Server initialized successfully"}
{"level":"info","message":"Server running in development mode on port 5001"}
{"level":"info","message":"MongoDB connected successfully"}
{"level":"info","message":"Server initialized successfully"}
{"level":"info","message":"Server running in development mode on port 5001"}
{"level":"info","message":"MongoDB connected successfully"}
{"level":"info","message":"Server initialized successfully"}
{"level":"info","message":"Server running in development mode on port 5001"}
{"level":"info","message":"MongoDB connected successfully"}
{"level":"info","message":"Server initialized successfully"}
{"level":"info","message":"Server running in development mode on port 5001"}
{"level":"info","message":"MongoDB connected successfully"}
{"level":"info","message":"Server initialized successfully"}
{"level":"info","message":"Server running in development mode on port 5001"}
{"level":"info","message":"MongoDB connected successfully"}
{"level":"info","message":"Server initialized successfully"}
{"level":"info","message":"Server running in development mode on port 5001"}
{"level":"info","message":"MongoDB connected successfully"}
{"level":"info","message":"Server initialized successfully"}
{"level":"info","message":"Server running in development mode on port 5001"}
{"level":"info","message":"MongoDB connected successfully"}
{"level":"info","message":"Server initialized successfully"}
{"level":"info","message":"Server running in development mode on port 5001"}
{"level":"info","message":"MongoDB connected successfully"}
{"level":"info","message":"Server initialized successfully"}
{"level":"info","message":"Server running in development mode on port 5001"}
{"level":"info","message":"MongoDB connected successfully"}
{"level":"info","message":"Server initialized successfully"}
{"level":"info","message":"Server running in development mode on port 5001"}
{"level":"info","message":"MongoDB connected successfully"}
{"level":"info","message":"Server initialized successfully"}
{"level":"info","message":"Server running in development mode on port 5001"}
{"level":"info","message":"MongoDB connected successfully"}
{"level":"info","message":"Server initialized successfully"}
{"level":"info","message":"Server running in development mode on port 5001"}
{"level":"info","message":"MongoDB connected successfully"}
{"level":"info","message":"Server initialized successfully"}
{"level":"info","message":"Server running in development mode on port 5001"}
{"level":"info","message":"MongoDB connected successfully"}
{"level":"info","message":"Server initialized successfully"}
{"level":"info","message":"Server running in development mode on port 5001"}
{"level":"info","message":"MongoDB connected successfully"}
{"level":"info","message":"Server initialized successfully"}
{"level":"info","message":"Server running in development mode on port 5001"}
{"level":"info","message":"MongoDB connected successfully"}
{"level":"info","message":"Server initialized successfully"}
{"level":"info","message":"Server running in development mode on port 5001"}
{"level":"info","message":"MongoDB connected successfully"}
{"level":"info","message":"Server initialized successfully"}
{"level":"info","message":"Server running in development mode on port 5001"}
{"level":"info","message":"MongoDB connected successfully"}
{"level":"info","message":"Server initialized successfully"}
{"level":"info","message":"Server running in development mode on port 5001"}
{"level":"info","message":"MongoDB connected successfully"}
{"level":"info","message":"Server initialized successfully"}
{"level":"info","message":"Server running in development mode on port 5001"}
{"level":"info","message":"MongoDB connected successfully"}
{"level":"info","message":"Server initialized successfully"}
{"level":"info","message":"Server running in development mode on port 5001"}
{"level":"info","message":"MongoDB connected successfully"}
{"level":"info","message":"Server initialized successfully"}
{"level":"info","message":"Server running in development mode on port 5001"}
{"level":"info","message":"MongoDB connected successfully"}
{"level":"info","message":"Server initialized successfully"}
{"level":"info","message":"Server running in development mode on port 5001"}
{"level":"info","message":"MongoDB connected successfully"}
{"level":"info","message":"Server initialized successfully"}
{"level":"info","message":"Server running in development mode on port 5001"}
{"level":"info","message":"MongoDB connected successfully"}
{"level":"info","message":"Server initialized successfully"}
{"level":"info","message":"Server running in development mode on port 5001"}
{"level":"info","message":"MongoDB connected successfully"}
{"level":"info","message":"Server initialized successfully"}
{"level":"info","message":"Server running in development mode on port 5001"}
{"level":"info","message":"MongoDB connected successfully"}
{"level":"info","message":"Server initialized successfully"}
{"level":"info","message":"Server running in development mode on port 5001"}
{"level":"info","message":"MongoDB connected successfully"}
{"level":"info","message":"Server initialized successfully"}
{"level":"info","message":"Server running in development mode on port 5001"}
{"level":"info","message":"MongoDB connected successfully"}
{"level":"info","message":"Server initialized successfully"}
{"level":"info","message":"Server running in development mode on port 5001"}
{"level":"info","message":"MongoDB connected successfully"}
{"level":"info","message":"Server initialized successfully"}
{"level":"info","message":"Server running in development mode on port 5001"}
{"level":"info","message":"MongoDB connected successfully"}
{"level":"info","message":"Server initialized successfully"}
{"level":"info","message":"Server running in development mode on port 5001"}
{"level":"info","message":"MongoDB connected successfully"}
{"level":"info","message":"Server initialized successfully"}
{"level":"info","message":"Server running in development mode on port 5001"}
{"level":"info","message":"MongoDB connected successfully"}
{"level":"info","message":"Server initialized successfully"}
{"level":"info","message":"Server running in development mode on port 5001"}
{"level":"info","message":"MongoDB connected successfully"}
{"level":"info","message":"Server initialized successfully"}
{"level":"info","message":"Server running in development mode on port 5001"}
{"level":"info","message":"MongoDB connected successfully"}
{"level":"info","message":"Server initialized successfully"}
{"level":"info","message":"Server running in development mode on port 5001"}
{"level":"info","message":"MongoDB connected successfully"}
{"level":"info","message":"Server initialized successfully"}
{"level":"info","message":"Server running in development mode on port 5001"}
{"level":"info","message":"MongoDB connected successfully"}
{"level":"info","message":"Server initialized successfully"}
{"level":"info","message":"Server running in development mode on port 5001"}
{"level":"info","message":"MongoDB connected successfully"}
{"level":"info","message":"Server initialized successfully"}
{"level":"info","message":"Server running in development mode on port 5001"}
{"level":"info","message":"MongoDB connected successfully"}
{"level":"info","message":"Server initialized successfully"}
{"level":"info","message":"Server running in development mode on port 5001"}
{"level":"info","message":"MongoDB connected successfully"}
{"level":"info","message":"Server initialized successfully"}
{"level":"info","message":"Server running in development mode on port 5001"}
{"level":"info","message":"MongoDB connected successfully"}
{"level":"info","message":"Server initialized successfully"}
{"level":"info","message":"Server running in development mode on port 5001"}
{"level":"info","message":"MongoDB connected successfully"}
{"level":"info","message":"Server initialized successfully"}
{"level":"info","message":"Server running in development mode on port 5001"}
{"level":"info","message":"MongoDB connected successfully"}
{"level":"info","message":"MongoDB connected successfully"}
{"level":"info","message":"Server initialized successfully"}
{"level":"info","message":"Server running in development mode on port 5001"}
{"level":"info","message":"MongoDB connected successfully"}
{"level":"info","message":"Server initialized successfully"}
{"level":"info","message":"Server running in development mode on port 5001"}
{"level":"info","message":"MongoDB connected successfully"}
{"level":"info","message":"Server initialized successfully"}
{"level":"info","message":"Server running in development mode on port 5001"}
{"level":"info","message":"MongoDB connected successfully"}
{"level":"info","message":"Server initialized successfully"}
{"level":"info","message":"Server running in development mode on port 5001"}
{"level":"info","message":"MongoDB connected successfully"}
{"level":"info","message":"Server initialized successfully"}
{"level":"info","message":"Server running in development mode on port 5001"}
{"level":"info","message":"MongoDB connected successfully"}
{"level":"info","message":"Server initialized successfully"}
{"level":"info","message":"Server running in development mode on port 5001"}
{"level":"info","message":"MongoDB connected successfully"}
{"level":"info","message":"Server initialized successfully"}
{"level":"info","message":"Server running in development mode on port 5001"}
{"level":"info","message":"MongoDB connected successfully"}
{"level":"info","message":"Server initialized successfully"}
{"level":"info","message":"Server running in development mode on port 5001"}
{"level":"info","message":"MongoDB connected successfully"}
{"level":"info","message":"Server initialized successfully"}
{"level":"info","message":"Server running in development mode on port 5001"}
{"level":"info","message":"MongoDB connected successfully"}
{"level":"info","message":"Server initialized successfully"}
{"level":"info","message":"Server running in development mode on port 5001"}
{"level":"info","message":"MongoDB connected successfully"}
{"level":"info","message":"Server initialized successfully"}
{"level":"info","message":"Server running in development mode on port 5001"}
{"level":"info","message":"MongoDB connected successfully"}
{"level":"info","message":"Server initialized successfully"}
{"level":"info","message":"Server running in development mode on port 5001"}
{"level":"info","message":"MongoDB connected successfully"}
{"level":"info","message":"Server initialized successfully"}
{"level":"info","message":"Server running in development mode on port 5001"}
{"level":"info","message":"MongoDB connected successfully"}
{"level":"info","message":"Server initialized successfully"}
{"level":"info","message":"Server running in development mode on port 5001"}
{"level":"info","message":"MongoDB connected successfully"}
{"level":"info","message":"Server initialized successfully"}
{"level":"info","message":"Server running in development mode on port 5001"}
{"level":"info","message":"MongoDB connected successfully"}
{"level":"info","message":"Server initialized successfully"}
{"level":"info","message":"Server running in development mode on port 5001"}
{"level":"info","message":"MongoDB connected successfully"}
{"level":"info","message":"Server initialized successfully"}
{"level":"info","message":"Server running in development mode on port 5001"}
{"level":"info","message":"MongoDB connected successfully"}
{"level":"info","message":"Server initialized successfully"}
{"level":"info","message":"Server running in development mode on port 5001"}
{"level":"info","message":"MongoDB connected successfully"}
{"level":"info","message":"Server initialized successfully"}
{"level":"info","message":"Server running in development mode on port 5001"}
{"level":"info","message":"MongoDB connected successfully"}
{"level":"info","message":"Server initialized successfully"}
{"level":"info","message":"Server running in development mode on port 5001"}
{"level":"info","message":"MongoDB connected successfully"}
{"level":"info","message":"Server initialized successfully"}
{"level":"info","message":"Server running in development mode on port 5001"}
{"level":"error","message":"Error: Validation schema is missing or invalid. Received: undefined","stack":"Error: Validation schema is missing or invalid. Received: undefined\n    at BaseController.validateRequest (/home/tufa15/Documents/Menter_Bro/Full-Stack Project/SmartShop-AI/backend/controllers/BaseController.js:18:13)\n    at /home/tufa15/Documents/Menter_Bro/Full-Stack Project/SmartShop-AI/backend/controllers/categoryController.js:6:44\n    at /home/tufa15/Documents/Menter_Bro/Full-Stack Project/SmartShop-AI/backend/controllers/BaseController.js:12:23\n    at Layer.handleRequest (/home/tufa15/Documents/Menter_Bro/Full-Stack Project/SmartShop-AI/backend/node_modules/router/lib/layer.js:152:17)\n    at next (/home/tufa15/Documents/Menter_Bro/Full-Stack Project/SmartShop-AI/backend/node_modules/router/lib/route.js:157:13)\n    at Route.dispatch (/home/tufa15/Documents/Menter_Bro/Full-Stack Project/SmartShop-AI/backend/node_modules/router/lib/route.js:117:3)\n    at handle (/home/tufa15/Documents/Menter_Bro/Full-Stack Project/SmartShop-AI/backend/node_modules/router/index.js:435:11)\n    at Layer.handleRequest (/home/tufa15/Documents/Menter_Bro/Full-Stack Project/SmartShop-AI/backend/node_modules/router/lib/layer.js:152:17)\n    at /home/tufa15/Documents/Menter_Bro/Full-Stack Project/SmartShop-AI/backend/node_modules/router/index.js:295:15\n    at processParams (/home/tufa15/Documents/Menter_Bro/Full-Stack Project/SmartShop-AI/backend/node_modules/router/index.js:582:12)"}
{"level":"info","message":"POST /api/category/create 500 - 8ms"}
{"level":"info","message":"MongoDB connected successfully"}
{"level":"info","message":"Server initialized successfully"}
{"level":"info","message":"Server running in development mode on port 5001"}
{"level":"error","message":"Error: CategoryService is not defined","stack":"ReferenceError: CategoryService is not defined\n    at /home/tufa15/Documents/Menter_Bro/Full-Stack Project/SmartShop-AI/backend/controllers/categoryController.js:10:22\n    at /home/tufa15/Documents/Menter_Bro/Full-Stack Project/SmartShop-AI/backend/controllers/BaseController.js:12:23\n    at Layer.handleRequest (/home/tufa15/Documents/Menter_Bro/Full-Stack Project/SmartShop-AI/backend/node_modules/router/lib/layer.js:152:17)\n    at next (/home/tufa15/Documents/Menter_Bro/Full-Stack Project/SmartShop-AI/backend/node_modules/router/lib/route.js:157:13)\n    at Route.dispatch (/home/tufa15/Documents/Menter_Bro/Full-Stack Project/SmartShop-AI/backend/node_modules/router/lib/route.js:117:3)\n    at handle (/home/tufa15/Documents/Menter_Bro/Full-Stack Project/SmartShop-AI/backend/node_modules/router/index.js:435:11)\n    at Layer.handleRequest (/home/tufa15/Documents/Menter_Bro/Full-Stack Project/SmartShop-AI/backend/node_modules/router/lib/layer.js:152:17)\n    at /home/tufa15/Documents/Menter_Bro/Full-Stack Project/SmartShop-AI/backend/node_modules/router/index.js:295:15\n    at processParams (/home/tufa15/Documents/Menter_Bro/Full-Stack Project/SmartShop-AI/backend/node_modules/router/index.js:582:12)\n    at next (/home/tufa15/Documents/Menter_Bro/Full-Stack Project/SmartShop-AI/backend/node_modules/router/index.js:291:5)"}
{"level":"info","message":"POST /api/category/create 500 - 7ms"}
{"level":"warn","message":"MongoDB disconnected"}
{"level":"info","message":"MongoDB connected successfully"}
{"level":"info","message":"Server initialized successfully"}
{"level":"info","message":"Server running in development mode on port 5001"}
{"level":"error","message":"Error: CategoryService is not defined","stack":"ReferenceError: CategoryService is not defined\n    at /home/tufa15/Documents/Menter_Bro/Full-Stack Project/SmartShop-AI/backend/controllers/categoryController.js:10:22\n    at /home/tufa15/Documents/Menter_Bro/Full-Stack Project/SmartShop-AI/backend/controllers/BaseController.js:12:23\n    at Layer.handleRequest (/home/tufa15/Documents/Menter_Bro/Full-Stack Project/SmartShop-AI/backend/node_modules/router/lib/layer.js:152:17)\n    at next (/home/tufa15/Documents/Menter_Bro/Full-Stack Project/SmartShop-AI/backend/node_modules/router/lib/route.js:157:13)\n    at Route.dispatch (/home/tufa15/Documents/Menter_Bro/Full-Stack Project/SmartShop-AI/backend/node_modules/router/lib/route.js:117:3)\n    at handle (/home/tufa15/Documents/Menter_Bro/Full-Stack Project/SmartShop-AI/backend/node_modules/router/index.js:435:11)\n    at Layer.handleRequest (/home/tufa15/Documents/Menter_Bro/Full-Stack Project/SmartShop-AI/backend/node_modules/router/lib/layer.js:152:17)\n    at /home/tufa15/Documents/Menter_Bro/Full-Stack Project/SmartShop-AI/backend/node_modules/router/index.js:295:15\n    at processParams (/home/tufa15/Documents/Menter_Bro/Full-Stack Project/SmartShop-AI/backend/node_modules/router/index.js:582:12)\n    at next (/home/tufa15/Documents/Menter_Bro/Full-Stack Project/SmartShop-AI/backend/node_modules/router/index.js:291:5)"}
{"level":"info","message":"POST /api/category/create 500 - 7ms"}
{"level":"info","message":"MongoDB connected successfully"}
{"level":"info","message":"Server initialized successfully"}
{"level":"info","message":"Server running in development mode on port 5001"}
{"level":"warn","message":"MongoDB disconnected"}
{"level":"info","message":"MongoDB connected successfully"}
{"level":"info","message":"Server initialized successfully"}
{"level":"info","message":"Server running in development mode on port 5001"}
{"level":"error","message":"Error: Cannot destructure property 'name' of 'req.body' as it is undefined.","stack":"TypeError: Cannot destructure property 'name' of 'req.body' as it is undefined.\n    at CategoryService.createCategory (/home/tufa15/Documents/Menter_Bro/Full-Stack Project/SmartShop-AI/backend/services/CategoryService.js:7:20)\n    at /home/tufa15/Documents/Menter_Bro/Full-Stack Project/SmartShop-AI/backend/controllers/categoryController.js:11:44\n    at /home/tufa15/Documents/Menter_Bro/Full-Stack Project/SmartShop-AI/backend/controllers/BaseController.js:12:23\n    at Layer.handleRequest (/home/tufa15/Documents/Menter_Bro/Full-Stack Project/SmartShop-AI/backend/node_modules/router/lib/layer.js:152:17)\n    at next (/home/tufa15/Documents/Menter_Bro/Full-Stack Project/SmartShop-AI/backend/node_modules/router/lib/route.js:157:13)\n    at Route.dispatch (/home/tufa15/Documents/Menter_Bro/Full-Stack Project/SmartShop-AI/backend/node_modules/router/lib/route.js:117:3)\n    at handle (/home/tufa15/Documents/Menter_Bro/Full-Stack Project/SmartShop-AI/backend/node_modules/router/index.js:435:11)\n    at Layer.handleRequest (/home/tufa15/Documents/Menter_Bro/Full-Stack Project/SmartShop-AI/backend/node_modules/router/lib/layer.js:152:17)\n    at /home/tufa15/Documents/Menter_Bro/Full-Stack Project/SmartShop-AI/backend/node_modules/router/index.js:295:15\n    at processParams (/home/tufa15/Documents/Menter_Bro/Full-Stack Project/SmartShop-AI/backend/node_modules/router/index.js:582:12)"}
{"level":"info","message":"POST /api/category/create 500 - 7ms"}
{"level":"error","message":"Error: Cannot destructure property 'name' of 'req.body' as it is undefined.","stack":"TypeError: Cannot destructure property 'name' of 'req.body' as it is undefined.\n    at CategoryService.createCategory (/home/tufa15/Documents/Menter_Bro/Full-Stack Project/SmartShop-AI/backend/services/CategoryService.js:7:20)\n    at /home/tufa15/Documents/Menter_Bro/Full-Stack Project/SmartShop-AI/backend/controllers/categoryController.js:11:44\n    at /home/tufa15/Documents/Menter_Bro/Full-Stack Project/SmartShop-AI/backend/controllers/BaseController.js:12:23\n    at Layer.handleRequest (/home/tufa15/Documents/Menter_Bro/Full-Stack Project/SmartShop-AI/backend/node_modules/router/lib/layer.js:152:17)\n    at next (/home/tufa15/Documents/Menter_Bro/Full-Stack Project/SmartShop-AI/backend/node_modules/router/lib/route.js:157:13)\n    at Route.dispatch (/home/tufa15/Documents/Menter_Bro/Full-Stack Project/SmartShop-AI/backend/node_modules/router/lib/route.js:117:3)\n    at handle (/home/tufa15/Documents/Menter_Bro/Full-Stack Project/SmartShop-AI/backend/node_modules/router/index.js:435:11)\n    at Layer.handleRequest (/home/tufa15/Documents/Menter_Bro/Full-Stack Project/SmartShop-AI/backend/node_modules/router/lib/layer.js:152:17)\n    at /home/tufa15/Documents/Menter_Bro/Full-Stack Project/SmartShop-AI/backend/node_modules/router/index.js:295:15\n    at processParams (/home/tufa15/Documents/Menter_Bro/Full-Stack Project/SmartShop-AI/backend/node_modules/router/index.js:582:12)"}
{"level":"info","message":"POST /api/category/create 500 - 3ms"}
{"level":"error","message":"Error: Cannot destructure property 'name' of 'req.body' as it is undefined.","stack":"TypeError: Cannot destructure property 'name' of 'req.body' as it is undefined.\n    at CategoryService.createCategory (/home/tufa15/Documents/Menter_Bro/Full-Stack Project/SmartShop-AI/backend/services/CategoryService.js:7:20)\n    at /home/tufa15/Documents/Menter_Bro/Full-Stack Project/SmartShop-AI/backend/controllers/categoryController.js:11:44\n    at /home/tufa15/Documents/Menter_Bro/Full-Stack Project/SmartShop-AI/backend/controllers/BaseController.js:12:23\n    at Layer.handleRequest (/home/tufa15/Documents/Menter_Bro/Full-Stack Project/SmartShop-AI/backend/node_modules/router/lib/layer.js:152:17)\n    at next (/home/tufa15/Documents/Menter_Bro/Full-Stack Project/SmartShop-AI/backend/node_modules/router/lib/route.js:157:13)\n    at Route.dispatch (/home/tufa15/Documents/Menter_Bro/Full-Stack Project/SmartShop-AI/backend/node_modules/router/lib/route.js:117:3)\n    at handle (/home/tufa15/Documents/Menter_Bro/Full-Stack Project/SmartShop-AI/backend/node_modules/router/index.js:435:11)\n    at Layer.handleRequest (/home/tufa15/Documents/Menter_Bro/Full-Stack Project/SmartShop-AI/backend/node_modules/router/lib/layer.js:152:17)\n    at /home/tufa15/Documents/Menter_Bro/Full-Stack Project/SmartShop-AI/backend/node_modules/router/index.js:295:15\n    at processParams (/home/tufa15/Documents/Menter_Bro/Full-Stack Project/SmartShop-AI/backend/node_modules/router/index.js:582:12)"}
{"level":"info","message":"POST /api/category/create 500 - 3ms"}
{"level":"error","message":"Error: Cannot destructure property 'name' of 'req.body' as it is undefined.","stack":"TypeError: Cannot destructure property 'name' of 'req.body' as it is undefined.\n    at CategoryService.createCategory (/home/tufa15/Documents/Menter_Bro/Full-Stack Project/SmartShop-AI/backend/services/CategoryService.js:7:20)\n    at /home/tufa15/Documents/Menter_Bro/Full-Stack Project/SmartShop-AI/backend/controllers/categoryController.js:11:44\n    at /home/tufa15/Documents/Menter_Bro/Full-Stack Project/SmartShop-AI/backend/controllers/BaseController.js:12:23\n    at Layer.handleRequest (/home/tufa15/Documents/Menter_Bro/Full-Stack Project/SmartShop-AI/backend/node_modules/router/lib/layer.js:152:17)\n    at next (/home/tufa15/Documents/Menter_Bro/Full-Stack Project/SmartShop-AI/backend/node_modules/router/lib/route.js:157:13)\n    at Route.dispatch (/home/tufa15/Documents/Menter_Bro/Full-Stack Project/SmartShop-AI/backend/node_modules/router/lib/route.js:117:3)\n    at handle (/home/tufa15/Documents/Menter_Bro/Full-Stack Project/SmartShop-AI/backend/node_modules/router/index.js:435:11)\n    at Layer.handleRequest (/home/tufa15/Documents/Menter_Bro/Full-Stack Project/SmartShop-AI/backend/node_modules/router/lib/layer.js:152:17)\n    at /home/tufa15/Documents/Menter_Bro/Full-Stack Project/SmartShop-AI/backend/node_modules/router/index.js:295:15\n    at processParams (/home/tufa15/Documents/Menter_Bro/Full-Stack Project/SmartShop-AI/backend/node_modules/router/index.js:582:12)"}
{"level":"info","message":"POST /api/category/create 500 - 3ms"}
{"level":"info","message":"MongoDB connected successfully"}
{"level":"info","message":"Server initialized successfully"}
{"level":"info","message":"Server running in development mode on port 5001"}
{"level":"info","message":"MongoDB connected successfully"}
{"level":"info","message":"Server initialized successfully"}
{"level":"info","message":"Server running in development mode on port 5001"}
{"level":"info","message":"MongoDB connected successfully"}
{"level":"info","message":"Server initialized successfully"}
{"level":"info","message":"Server running in development mode on port 5001"}
{"level":"error","message":"Error: \"categoryName\" is required, \"categoryDescription\" is required, \"name\" is not allowed, \"description\" is not allowed","stack":"ValidationError: \"categoryName\" is required, \"categoryDescription\" is required, \"name\" is not allowed, \"description\" is not allowed\n    at BaseController.validateRequest (/home/tufa15/Documents/Menter_Bro/Full-Stack Project/SmartShop-AI/backend/controllers/BaseController.js:24:13)\n    at /home/tufa15/Documents/Menter_Bro/Full-Stack Project/SmartShop-AI/backend/controllers/categoryController.js:7:44\n    at /home/tufa15/Documents/Menter_Bro/Full-Stack Project/SmartShop-AI/backend/controllers/BaseController.js:12:23\n    at Layer.handleRequest (/home/tufa15/Documents/Menter_Bro/Full-Stack Project/SmartShop-AI/backend/node_modules/router/lib/layer.js:152:17)\n    at next (/home/tufa15/Documents/Menter_Bro/Full-Stack Project/SmartShop-AI/backend/node_modules/router/lib/route.js:157:13)\n    at Route.dispatch (/home/tufa15/Documents/Menter_Bro/Full-Stack Project/SmartShop-AI/backend/node_modules/router/lib/route.js:117:3)\n    at handle (/home/tufa15/Documents/Menter_Bro/Full-Stack Project/SmartShop-AI/backend/node_modules/router/index.js:435:11)\n    at Layer.handleRequest (/home/tufa15/Documents/Menter_Bro/Full-Stack Project/SmartShop-AI/backend/node_modules/router/lib/layer.js:152:17)\n    at /home/tufa15/Documents/Menter_Bro/Full-Stack Project/SmartShop-AI/backend/node_modules/router/index.js:295:15\n    at processParams (/home/tufa15/Documents/Menter_Bro/Full-Stack Project/SmartShop-AI/backend/node_modules/router/index.js:582:12)"}
{"level":"info","message":"POST /api/category/create 400 - 8ms"}
{"level":"info","message":"MongoDB connected successfully"}
{"level":"info","message":"Server initialized successfully"}
{"level":"info","message":"Server running in development mode on port 5001"}
{"level":"error","message":"Error: \"categoryName\" is required, \"categoryDescription\" is required, \"name\" is not allowed, \"description\" is not allowed","stack":"ValidationError: \"categoryName\" is required, \"categoryDescription\" is required, \"name\" is not allowed, \"description\" is not allowed\n    at BaseController.validateRequest (/home/tufa15/Documents/Menter_Bro/Full-Stack Project/SmartShop-AI/backend/controllers/BaseController.js:24:13)\n    at /home/tufa15/Documents/Menter_Bro/Full-Stack Project/SmartShop-AI/backend/controllers/categoryController.js:7:44\n    at /home/tufa15/Documents/Menter_Bro/Full-Stack Project/SmartShop-AI/backend/controllers/BaseController.js:12:23\n    at Layer.handleRequest (/home/tufa15/Documents/Menter_Bro/Full-Stack Project/SmartShop-AI/backend/node_modules/router/lib/layer.js:152:17)\n    at next (/home/tufa15/Documents/Menter_Bro/Full-Stack Project/SmartShop-AI/backend/node_modules/router/lib/route.js:157:13)\n    at Route.dispatch (/home/tufa15/Documents/Menter_Bro/Full-Stack Project/SmartShop-AI/backend/node_modules/router/lib/route.js:117:3)\n    at handle (/home/tufa15/Documents/Menter_Bro/Full-Stack Project/SmartShop-AI/backend/node_modules/router/index.js:435:11)\n    at Layer.handleRequest (/home/tufa15/Documents/Menter_Bro/Full-Stack Project/SmartShop-AI/backend/node_modules/router/lib/layer.js:152:17)\n    at /home/tufa15/Documents/Menter_Bro/Full-Stack Project/SmartShop-AI/backend/node_modules/router/index.js:295:15\n    at processParams (/home/tufa15/Documents/Menter_Bro/Full-Stack Project/SmartShop-AI/backend/node_modules/router/index.js:582:12)"}
{"level":"info","message":"POST /api/category/create 400 - 8ms"}
{"level":"warn","message":"MongoDB disconnected"}
{"level":"info","message":"MongoDB connected successfully"}
{"level":"info","message":"Server initialized successfully"}
{"level":"info","message":"Server running in development mode on port 5001"}
{"level":"error","message":"Error: \"categoryName\" is required, \"categoryDescription\" is required, \"name\" is not allowed, \"description\" is not allowed","stack":"ValidationError: \"categoryName\" is required, \"categoryDescription\" is required, \"name\" is not allowed, \"description\" is not allowed\n    at BaseController.validateRequest (/home/tufa15/Documents/Menter_Bro/Full-Stack Project/SmartShop-AI/backend/controllers/BaseController.js:24:13)\n    at /home/tufa15/Documents/Menter_Bro/Full-Stack Project/SmartShop-AI/backend/controllers/categoryController.js:7:44\n    at /home/tufa15/Documents/Menter_Bro/Full-Stack Project/SmartShop-AI/backend/controllers/BaseController.js:12:23\n    at Layer.handleRequest (/home/tufa15/Documents/Menter_Bro/Full-Stack Project/SmartShop-AI/backend/node_modules/router/lib/layer.js:152:17)\n    at next (/home/tufa15/Documents/Menter_Bro/Full-Stack Project/SmartShop-AI/backend/node_modules/router/lib/route.js:157:13)\n    at Route.dispatch (/home/tufa15/Documents/Menter_Bro/Full-Stack Project/SmartShop-AI/backend/node_modules/router/lib/route.js:117:3)\n    at handle (/home/tufa15/Documents/Menter_Bro/Full-Stack Project/SmartShop-AI/backend/node_modules/router/index.js:435:11)\n    at Layer.handleRequest (/home/tufa15/Documents/Menter_Bro/Full-Stack Project/SmartShop-AI/backend/node_modules/router/lib/layer.js:152:17)\n    at /home/tufa15/Documents/Menter_Bro/Full-Stack Project/SmartShop-AI/backend/node_modules/router/index.js:295:15\n    at processParams (/home/tufa15/Documents/Menter_Bro/Full-Stack Project/SmartShop-AI/backend/node_modules/router/index.js:582:12)"}
{"level":"info","message":"POST /api/category/create 400 - 8ms"}
{"level":"info","message":"MongoDB connected successfully"}
{"level":"info","message":"Server initialized successfully"}
{"level":"info","message":"Server running in development mode on port 5001"}
{"level":"error","message":"Error: \"categoryName\" is required, \"categoryDescription\" is required, \"name\" is not allowed, \"description\" is not allowed","stack":"ValidationError: \"categoryName\" is required, \"categoryDescription\" is required, \"name\" is not allowed, \"description\" is not allowed\n    at BaseController.validateRequest (/home/tufa15/Documents/Menter_Bro/Full-Stack Project/SmartShop-AI/backend/controllers/BaseController.js:24:13)\n    at /home/tufa15/Documents/Menter_Bro/Full-Stack Project/SmartShop-AI/backend/controllers/categoryController.js:7:44\n    at /home/tufa15/Documents/Menter_Bro/Full-Stack Project/SmartShop-AI/backend/controllers/BaseController.js:12:23\n    at Layer.handleRequest (/home/tufa15/Documents/Menter_Bro/Full-Stack Project/SmartShop-AI/backend/node_modules/router/lib/layer.js:152:17)\n    at next (/home/tufa15/Documents/Menter_Bro/Full-Stack Project/SmartShop-AI/backend/node_modules/router/lib/route.js:157:13)\n    at Route.dispatch (/home/tufa15/Documents/Menter_Bro/Full-Stack Project/SmartShop-AI/backend/node_modules/router/lib/route.js:117:3)\n    at handle (/home/tufa15/Documents/Menter_Bro/Full-Stack Project/SmartShop-AI/backend/node_modules/router/index.js:435:11)\n    at Layer.handleRequest (/home/tufa15/Documents/Menter_Bro/Full-Stack Project/SmartShop-AI/backend/node_modules/router/lib/layer.js:152:17)\n    at /home/tufa15/Documents/Menter_Bro/Full-Stack Project/SmartShop-AI/backend/node_modules/router/index.js:295:15\n    at processParams (/home/tufa15/Documents/Menter_Bro/Full-Stack Project/SmartShop-AI/backend/node_modules/router/index.js:582:12)"}
{"level":"info","message":"POST /api/category/create 400 - 8ms"}
{"level":"error","message":"Error: \"categoryName\" is required, \"categoryDescription\" is required, \"name\" is not allowed, \"description\" is not allowed, \"isActive\" is not allowed","stack":"ValidationError: \"categoryName\" is required, \"categoryDescription\" is required, \"name\" is not allowed, \"description\" is not allowed, \"isActive\" is not allowed\n    at BaseController.validateRequest (/home/tufa15/Documents/Menter_Bro/Full-Stack Project/SmartShop-AI/backend/controllers/BaseController.js:24:13)\n    at /home/tufa15/Documents/Menter_Bro/Full-Stack Project/SmartShop-AI/backend/controllers/categoryController.js:7:44\n    at /home/tufa15/Documents/Menter_Bro/Full-Stack Project/SmartShop-AI/backend/controllers/BaseController.js:12:23\n    at Layer.handleRequest (/home/tufa15/Documents/Menter_Bro/Full-Stack Project/SmartShop-AI/backend/node_modules/router/lib/layer.js:152:17)\n    at next (/home/tufa15/Documents/Menter_Bro/Full-Stack Project/SmartShop-AI/backend/node_modules/router/lib/route.js:157:13)\n    at Route.dispatch (/home/tufa15/Documents/Menter_Bro/Full-Stack Project/SmartShop-AI/backend/node_modules/router/lib/route.js:117:3)\n    at handle (/home/tufa15/Documents/Menter_Bro/Full-Stack Project/SmartShop-AI/backend/node_modules/router/index.js:435:11)\n    at Layer.handleRequest (/home/tufa15/Documents/Menter_Bro/Full-Stack Project/SmartShop-AI/backend/node_modules/router/lib/layer.js:152:17)\n    at /home/tufa15/Documents/Menter_Bro/Full-Stack Project/SmartShop-AI/backend/node_modules/router/index.js:295:15\n    at processParams (/home/tufa15/Documents/Menter_Bro/Full-Stack Project/SmartShop-AI/backend/node_modules/router/index.js:582:12)"}
{"level":"info","message":"POST /api/category/create 400 - 3ms"}
{"level":"info","message":"MongoDB connected successfully"}
{"level":"info","message":"Server initialized successfully"}
{"level":"info","message":"Server running in development mode on port 5001"}
{"level":"info","message":"MongoDB connected successfully"}
{"level":"info","message":"Server initialized successfully"}
{"level":"info","message":"Server running in development mode on port 5001"}
{"level":"error","message":"Error: Category is not a constructor","stack":"TypeError: Category is not a constructor\n    at CategoryService.createCategory (/home/tufa15/Documents/Menter_Bro/Full-Stack Project/SmartShop-AI/backend/services/CategoryService.js:8:28)\n    at /home/tufa15/Documents/Menter_Bro/Full-Stack Project/SmartShop-AI/backend/controllers/categoryController.js:11:44\n    at /home/tufa15/Documents/Menter_Bro/Full-Stack Project/SmartShop-AI/backend/controllers/BaseController.js:12:23\n    at Layer.handleRequest (/home/tufa15/Documents/Menter_Bro/Full-Stack Project/SmartShop-AI/backend/node_modules/router/lib/layer.js:152:17)\n    at next (/home/tufa15/Documents/Menter_Bro/Full-Stack Project/SmartShop-AI/backend/node_modules/router/lib/route.js:157:13)\n    at Route.dispatch (/home/tufa15/Documents/Menter_Bro/Full-Stack Project/SmartShop-AI/backend/node_modules/router/lib/route.js:117:3)\n    at handle (/home/tufa15/Documents/Menter_Bro/Full-Stack Project/SmartShop-AI/backend/node_modules/router/index.js:435:11)\n    at Layer.handleRequest (/home/tufa15/Documents/Menter_Bro/Full-Stack Project/SmartShop-AI/backend/node_modules/router/lib/layer.js:152:17)\n    at /home/tufa15/Documents/Menter_Bro/Full-Stack Project/SmartShop-AI/backend/node_modules/router/index.js:295:15\n    at processParams (/home/tufa15/Documents/Menter_Bro/Full-Stack Project/SmartShop-AI/backend/node_modules/router/index.js:582:12)"}
{"level":"info","message":"POST /api/category/create 500 - 10ms"}
{"level":"info","message":"MongoDB connected successfully"}
{"level":"info","message":"Server initialized successfully"}
{"level":"info","message":"Server running in development mode on port 5001"}
{"level":"info","message":"MongoDB connected successfully"}
{"level":"info","message":"Server initialized successfully"}
{"level":"info","message":"Server running in development mode on port 5001"}
{"level":"info","message":"MongoDB connected successfully"}
{"level":"info","message":"Server initialized successfully"}
{"level":"info","message":"Server running in development mode on port 5001"}
{"level":"info","message":"MongoDB connected successfully"}
{"level":"info","message":"Server initialized successfully"}
{"level":"info","message":"Server running in development mode on port 5001"}
{"level":"info","message":"MongoDB connected successfully"}
{"level":"info","message":"Server initialized successfully"}
{"level":"info","message":"Server running in development mode on port 5001"}
{"level":"info","message":"MongoDB connected successfully"}
{"level":"info","message":"Server initialized successfully"}
{"level":"info","message":"Server running in development mode on port 5001"}
{"level":"error","message":"Error: Category is not a constructor","stack":"TypeError: Category is not a constructor\n    at CategoryService.createCategory (/home/tufa15/Documents/Menter_Bro/Full-Stack Project/SmartShop-AI/backend/services/CategoryService.js:8:28)\n    at /home/tufa15/Documents/Menter_Bro/Full-Stack Project/SmartShop-AI/backend/controllers/categoryController.js:11:44\n    at /home/tufa15/Documents/Menter_Bro/Full-Stack Project/SmartShop-AI/backend/controllers/BaseController.js:12:23\n    at Layer.handleRequest (/home/tufa15/Documents/Menter_Bro/Full-Stack Project/SmartShop-AI/backend/node_modules/router/lib/layer.js:152:17)\n    at next (/home/tufa15/Documents/Menter_Bro/Full-Stack Project/SmartShop-AI/backend/node_modules/router/lib/route.js:157:13)\n    at Route.dispatch (/home/tufa15/Documents/Menter_Bro/Full-Stack Project/SmartShop-AI/backend/node_modules/router/lib/route.js:117:3)\n    at handle (/home/tufa15/Documents/Menter_Bro/Full-Stack Project/SmartShop-AI/backend/node_modules/router/index.js:435:11)\n    at Layer.handleRequest (/home/tufa15/Documents/Menter_Bro/Full-Stack Project/SmartShop-AI/backend/node_modules/router/lib/layer.js:152:17)\n    at /home/tufa15/Documents/Menter_Bro/Full-Stack Project/SmartShop-AI/backend/node_modules/router/index.js:295:15\n    at processParams (/home/tufa15/Documents/Menter_Bro/Full-Stack Project/SmartShop-AI/backend/node_modules/router/index.js:582:12)"}
{"level":"info","message":"POST /api/category/create 500 - 10ms"}
{"level":"info","message":"MongoDB connected successfully"}
{"level":"info","message":"Server initialized successfully"}
{"level":"info","message":"Server running in development mode on port 5001"}
{"level":"info","message":"User action - CATEGORY_CREATE by user: undefined"}
{"level":"info","message":"POST /api/category/create 201 - 37ms"}
