{"level":"info","message":"MongoDB connected successfully"}
{"level":"info","message":"Server initialized successfully"}
{"level":"info","message":"Server running in development mode on port 5001"}
{"level":"info","message":"MongoDB connected successfully"}
{"level":"info","message":"Server initialized successfully"}
{"level":"info","message":"Server running in development mode on port 5001"}
{"level":"warn","message":"MongoDB disconnected"}
{"level":"info","message":"MongoDB connected successfully"}
{"level":"info","message":"Server initialized successfully"}
{"level":"info","message":"Server running in development mode on port 5001"}
{"level":"info","message":"User login successful: viswajithviswa715@gmail.com"}
{"level":"info","message":"POST /api/auth/login 200 - 119ms"}
{"level":"info","message":"GET /uploads/avatars/avatar-1779204486975-191086360.jpg 200 - 4ms"}
{"level":"info","message":"GET /api/coupons?limit=12 200 - 45ms"}
{"level":"info","message":"GET /api/products 200 - 80ms"}
{"level":"info","message":"GET /api/categories 200 - 73ms"}
{"level":"info","message":"GET /api/cart 200 - 98ms"}
{"level":"info","message":"GET /api/users/profile 200 - 39ms"}
{"level":"info","message":"GET /api/products 200 - 79ms"}
{"level":"info","message":"GET /api/coupons?limit=12 200 - 83ms"}
{"level":"info","message":"GET /api/wishlist 200 - 82ms"}
{"level":"info","message":"GET /api/wishlist 200 - 91ms"}
{"level":"info","message":"GET /api/categories 200 - 74ms"}
{"level":"info","message":"GET /api/users/profile 200 - 40ms"}
{"level":"info","message":"GET /api/cart 200 - 30ms"}
{"level":"info","message":"GET /api/cart 200 - 17ms"}
{"level":"info","message":"GET /api/users/profile 200 - 24ms"}
{"level":"info","message":"GET /api/cart 200 - 24ms"}
{"level":"info","message":"GET /api/users/profile 200 - 22ms"}
{"level":"info","message":"GET /api/users/profile 200 - 9ms"}
{"level":"info","message":"GET /api/users/profile 200 - 14ms"}
{"level":"info","message":"GET /api/cart 200 - 23ms"}
{"level":"info","message":"GET /api/cart 200 - 24ms"}
{"level":"info","message":"DELETE /api/cart/69e7ceb506902c6c586723c7 200 - 11ms"}
{"level":"info","message":"GET /api/products?page=1&limit=6&sortBy=createdAt&sortOrder=desc&minPrice=0&maxPrice=300000 200 - 20ms"}
{"level":"info","message":"GET /api/products?page=1&limit=6&sortBy=createdAt&sortOrder=desc&minPrice=0&maxPrice=300000 200 - 19ms"}
{"level":"info","message":"GET /api/categories 200 - 21ms"}
{"level":"info","message":"GET /api/categories 200 - 19ms"}
{"level":"info","message":"GET /api/products?page=2&limit=6&sortBy=createdAt&sortOrder=desc&minPrice=0&maxPrice=300000 200 - 10ms"}
{"level":"info","message":"POST /api/cart/add 200 - 19ms"}
{"level":"info","message":"GET /api/cart 200 - 19ms"}
{"level":"info","message":"GET /api/cart 200 - 23ms"}
{"level":"info","message":"GET /api/users/profile 200 - 25ms"}
{"level":"info","message":"GET /api/users/profile 200 - 20ms"}
{"level":"info","message":"GET /api/users/profile 200 - 9ms"}
{"level":"info","message":"GET /api/users/profile 200 - 10ms"}
{"level":"info","message":"Processing payment for Order: 6a1b066fd88be8a7e8044c0e, Method: Razorpay"}
{"level":"info","message":"POST /api/orders/create 201 - 415ms"}
{"level":"info","message":"POST /api/orders/verify 200 - 28ms"}
{"level":"info","message":"GET /api/orders/my-orders 200 - 18ms"}
{"level":"info","message":"GET /api/orders/my-orders 200 - 17ms"}
{"level":"info","message":"GET /api/products 200 - 18ms"}
{"level":"info","message":"GET /api/coupons?limit=12 200 - 15ms"}
{"level":"info","message":"GET /api/products 200 - 21ms"}
{"level":"info","message":"GET /api/coupons?limit=12 200 - 14ms"}
{"level":"info","message":"GET /api/categories 200 - 18ms"}
{"level":"info","message":"GET /api/categories 200 - 12ms"}
{"level":"info","message":"GET /api/products?page=1&limit=6&sortBy=createdAt&sortOrder=desc&minPrice=0&maxPrice=300000 200 - 13ms"}
{"level":"info","message":"GET /api/categories 200 - 11ms"}
{"level":"info","message":"GET /api/products?page=1&limit=6&sortBy=createdAt&sortOrder=desc&minPrice=0&maxPrice=300000 200 - 22ms"}
{"level":"info","message":"GET /api/categories 200 - 15ms"}
{"level":"info","message":"GET /api/users/profile 200 - 33ms"}
{"level":"info","message":"GET /api/wishlist 200 - 79ms"}
{"level":"info","message":"GET /api/users/profile 200 - 83ms"}
{"level":"info","message":"GET /api/cart 200 - 55ms"}
{"level":"info","message":"GET /api/wishlist 200 - 110ms"}
{"level":"info","message":"GET /api/cart 200 - 33ms"}
{"level":"info","message":"GET /api/users/profile 200 - 27ms"}
{"level":"info","message":"GET /api/wishlist 200 - 42ms"}
{"level":"info","message":"GET /api/cart 200 - 43ms"}
{"level":"info","message":"GET /api/users/profile 200 - 45ms"}
{"level":"info","message":"GET /api/cart 200 - 46ms"}
{"level":"info","message":"GET /api/wishlist 200 - 63ms"}
{"level":"info","message":"GET /api/categories 200 - 11ms"}
{"level":"info","message":"GET /api/products?page=1&limit=6&sortBy=createdAt&sortOrder=desc&minPrice=0&maxPrice=300000 200 - 28ms"}
{"level":"info","message":"GET /api/categories 200 - 8ms"}
{"level":"info","message":"GET /api/products?page=1&limit=6&sortBy=createdAt&sortOrder=desc&minPrice=0&maxPrice=300000 200 - 15ms"}
{"level":"info","message":"POST /api/cart/add 200 - 51ms"}
{"level":"info","message":"GET /api/users/profile 200 - 10ms"}
{"level":"info","message":"GET /api/cart 200 - 15ms"}
{"level":"info","message":"GET /api/users/profile 200 - 15ms"}
{"level":"info","message":"GET /api/cart 200 - 13ms"}
{"level":"error","message":"Error: Cannot update quantity beyond available stock (1)","stack":"BadRequestError: Cannot update quantity beyond available stock (1)\n    at CartService.updateQuantity (/home/tufa15/Documents/Menter_Bro/Full-Stack Project/SmartShop-AI/Smartshop-ClientSide/backend/Modules/cart/cartService.js:63:13)\n    at process.processTicksAndRejections (node:internal/process/task_queues:105:5)\n    at async updateQuantity (/home/tufa15/Documents/Menter_Bro/Full-Stack Project/SmartShop-AI/Smartshop-ClientSide/backend/Modules/cart/cartController.js:27:20)"}
{"level":"info","message":"PUT /api/cart/update-quantity 400 - 16ms"}
{"level":"error","message":"Error: Cannot update quantity beyond available stock (1)","stack":"BadRequestError: Cannot update quantity beyond available stock (1)\n    at CartService.updateQuantity (/home/tufa15/Documents/Menter_Bro/Full-Stack Project/SmartShop-AI/Smartshop-ClientSide/backend/Modules/cart/cartService.js:63:13)\n    at process.processTicksAndRejections (node:internal/process/task_queues:105:5)\n    at async updateQuantity (/home/tufa15/Documents/Menter_Bro/Full-Stack Project/SmartShop-AI/Smartshop-ClientSide/backend/Modules/cart/cartController.js:27:20)"}
{"level":"info","message":"PUT /api/cart/update-quantity 400 - 10ms"}
{"level":"info","message":"MongoDB connected successfully"}
{"level":"info","message":"Server initialized successfully"}
{"level":"info","message":"Server running in development mode on port 5001"}
{"level":"info","message":"MongoDB connected successfully"}
{"level":"info","message":"Server initialized successfully"}
{"level":"info","message":"Server running in development mode on port 5001"}
{"level":"error","message":"Error: Only 1 stock left for this product","stack":"BadRequestError: Only 1 stock left for this product\n    at CartService.updateQuantity (/home/tufa15/Documents/Menter_Bro/Full-Stack Project/SmartShop-AI/Smartshop-ClientSide/backend/Modules/cart/cartService.js:78:15)\n    at process.processTicksAndRejections (node:internal/process/task_queues:105:5)\n    at async updateQuantity (/home/tufa15/Documents/Menter_Bro/Full-Stack Project/SmartShop-AI/Smartshop-ClientSide/backend/Modules/cart/cartController.js:27:20)"}
{"level":"info","message":"PUT /api/cart/update-quantity 400 - 44ms"}
{"level":"info","message":"GET /uploads/avatars/avatar-1779204486975-191086360.jpg 304 - 2ms"}
{"level":"info","message":"GET /api/users/profile 200 - 22ms"}
{"level":"info","message":"GET /api/users/profile 200 - 30ms"}
{"level":"info","message":"GET /api/cart 200 - 50ms"}
{"level":"info","message":"GET /api/users/profile 200 - 30ms"}
{"level":"info","message":"GET /api/cart 200 - 46ms"}
{"level":"info","message":"GET /api/users/profile 200 - 48ms"}
{"level":"info","message":"GET /api/wishlist 200 - 47ms"}
{"level":"info","message":"GET /api/cart 200 - 61ms"}
{"level":"info","message":"GET /api/wishlist 200 - 19ms"}
{"level":"info","message":"GET /api/cart 200 - 17ms"}
{"level":"error","message":"Error: Only 1 stock left for this product","stack":"BadRequestError: Only 1 stock left for this product\n    at CartService.updateQuantity (/home/tufa15/Documents/Menter_Bro/Full-Stack Project/SmartShop-AI/Smartshop-ClientSide/backend/Modules/cart/cartService.js:78:15)\n    at process.processTicksAndRejections (node:internal/process/task_queues:105:5)\n    at async updateQuantity (/home/tufa15/Documents/Menter_Bro/Full-Stack Project/SmartShop-AI/Smartshop-ClientSide/backend/Modules/cart/cartController.js:27:20)"}
{"level":"info","message":"PUT /api/cart/update-quantity 400 - 14ms"}
{"level":"error","message":"Error: Only 1 stock left for this product","stack":"BadRequestError: Only 1 stock left for this product\n    at CartService.updateQuantity (/home/tufa15/Documents/Menter_Bro/Full-Stack Project/SmartShop-AI/Smartshop-ClientSide/backend/Modules/cart/cartService.js:78:15)\n    at process.processTicksAndRejections (node:internal/process/task_queues:105:5)\n    at async updateQuantity (/home/tufa15/Documents/Menter_Bro/Full-Stack Project/SmartShop-AI/Smartshop-ClientSide/backend/Modules/cart/cartController.js:27:20)"}
{"level":"info","message":"PUT /api/cart/update-quantity 400 - 10ms"}
{"level":"info","message":"GET /api/categories 200 - 16ms"}
{"level":"info","message":"GET /api/categories 200 - 22ms"}
{"level":"info","message":"GET /api/cart 200 - 21ms"}
{"level":"info","message":"GET /api/products?page=1&limit=6&sortBy=createdAt&sortOrder=desc&minPrice=0&maxPrice=300000 200 - 46ms"}
{"level":"info","message":"GET /api/wishlist 200 - 21ms"}
{"level":"info","message":"GET /api/products?page=1&limit=6&sortBy=createdAt&sortOrder=desc&minPrice=0&maxPrice=300000 200 - 50ms"}
{"level":"info","message":"GET /api/users/profile 200 - 38ms"}
{"level":"info","message":"GET /api/users/profile 200 - 14ms"}
{"level":"info","message":"GET /api/users/profile 200 - 20ms"}
{"level":"info","message":"GET /api/cart 200 - 21ms"}
{"level":"info","message":"GET /api/cart 200 - 20ms"}
{"level":"info","message":"GET /uploads/avatars/avatar-1779204486975-191086360.jpg 304 - 1ms"}
{"level":"info","message":"GET /api/cart 200 - 29ms"}
{"level":"info","message":"GET /api/users/profile 200 - 31ms"}
{"level":"info","message":"GET /api/users/profile 200 - 34ms"}
{"level":"info","message":"GET /api/cart 200 - 58ms"}
{"level":"info","message":"GET /api/cart 200 - 63ms"}
{"level":"info","message":"GET /api/users/profile 200 - 52ms"}
{"level":"info","message":"GET /api/users/profile 200 - 48ms"}
{"level":"info","message":"GET /api/wishlist 200 - 30ms"}
{"level":"info","message":"GET /api/cart 200 - 62ms"}
{"level":"info","message":"GET /api/wishlist 200 - 23ms"}
{"level":"info","message":"DELETE /api/cart/6a0ef29f795e98f152ca34aa 200 - 28ms"}
{"level":"info","message":"GET /api/categories 200 - 16ms"}
{"level":"info","message":"GET /api/products?page=1&limit=6&sortBy=createdAt&sortOrder=desc&minPrice=0&maxPrice=300000 200 - 18ms"}
{"level":"info","message":"GET /api/products?page=1&limit=6&sortBy=createdAt&sortOrder=desc&minPrice=0&maxPrice=300000 200 - 19ms"}
{"level":"info","message":"GET /api/categories 200 - 21ms"}
{"level":"error","message":"Error: Product is out of stock","stack":"BadRequestError: Product is out of stock\n    at CartService.addToCart (/home/tufa15/Documents/Menter_Bro/Full-Stack Project/SmartShop-AI/Smartshop-ClientSide/backend/Modules/cart/cartService.js:44:19)\n    at process.processTicksAndRejections (node:internal/process/task_queues:105:5)\n    at async addToCart (/home/tufa15/Documents/Menter_Bro/Full-Stack Project/SmartShop-AI/Smartshop-ClientSide/backend/Modules/cart/cartController.js:8:20)"}
{"level":"info","message":"POST /api/cart/add 400 - 8ms"}
{"level":"info","message":"MongoDB connected successfully"}
{"level":"info","message":"Server initialized successfully"}
{"level":"info","message":"Server running in development mode on port 5001"}
{"level":"info","message":"GET /uploads/avatars/avatar-1779204486975-191086360.jpg 304 - 16ms"}
{"level":"info","message":"GET /api/categories 200 - 52ms"}
{"level":"info","message":"GET /api/users/profile 200 - 63ms"}
{"level":"info","message":"GET /api/products?page=1&limit=6&sortBy=createdAt&sortOrder=desc&minPrice=0&maxPrice=300000 200 - 112ms"}
{"level":"info","message":"GET /api/cart 200 - 77ms"}
{"level":"info","message":"GET /api/wishlist 200 - 85ms"}
{"level":"info","message":"GET /api/products?page=1&limit=6&sortBy=createdAt&sortOrder=desc&minPrice=0&maxPrice=300000 200 - 104ms"}
{"level":"info","message":"GET /api/categories 200 - 20ms"}
{"level":"info","message":"GET /api/wishlist 200 - 40ms"}
{"level":"info","message":"GET /api/cart 200 - 52ms"}
{"level":"info","message":"GET /api/users/profile 200 - 43ms"}
{"level":"info","message":"POST /api/cart/add 200 - 25ms"}
{"level":"info","message":"GET /api/cart 200 - 24ms"}
{"level":"info","message":"GET /api/users/profile 200 - 20ms"}
{"level":"info","message":"GET /api/users/profile 200 - 27ms"}
{"level":"info","message":"GET /api/cart 200 - 40ms"}
{"level":"info","message":"GET /uploads/avatars/avatar-1779204486975-191086360.jpg 304 - 1ms"}
{"level":"info","message":"GET /api/cart 200 - 35ms"}
{"level":"info","message":"GET /api/users/profile 200 - 40ms"}
{"level":"info","message":"GET /api/cart 200 - 68ms"}
{"level":"info","message":"GET /api/cart 200 - 59ms"}
{"level":"info","message":"GET /api/users/profile 200 - 33ms"}
{"level":"info","message":"GET /api/cart 200 - 60ms"}
{"level":"info","message":"GET /api/users/profile 200 - 54ms"}
{"level":"info","message":"GET /api/wishlist 200 - 69ms"}
{"level":"info","message":"GET /api/users/profile 200 - 15ms"}
{"level":"info","message":"GET /api/wishlist 200 - 18ms"}
{"level":"info","message":"GET /api/categories 200 - 23ms"}
{"level":"info","message":"GET /api/products 200 - 65ms"}
{"level":"info","message":"GET /api/coupons?limit=12 200 - 49ms"}
{"level":"info","message":"GET /api/coupons?limit=12 200 - 31ms"}
{"level":"info","message":"GET /api/categories 200 - 46ms"}
{"level":"info","message":"GET /api/products 200 - 81ms"}
{"level":"info","message":"GET /api/categories 200 - 11ms"}
{"level":"info","message":"GET /api/categories 200 - 16ms"}
{"level":"info","message":"GET /api/products?page=1&limit=6&sortBy=createdAt&sortOrder=desc&minPrice=0&maxPrice=300000 200 - 16ms"}
{"level":"info","message":"GET /api/products?page=1&limit=6&sortBy=createdAt&sortOrder=desc&minPrice=0&maxPrice=300000 200 - 22ms"}
{"level":"info","message":"GET /api/users/profile 200 - 16ms"}
{"level":"info","message":"GET /api/cart 200 - 22ms"}
{"level":"info","message":"GET /api/users/profile 200 - 21ms"}
{"level":"info","message":"GET /api/cart 200 - 27ms"}
{"level":"info","message":"GET /uploads/avatars/avatar-1779204486975-191086360.jpg 304 - 7ms"}
{"level":"info","message":"GET /api/users/profile 200 - 47ms"}
{"level":"info","message":"GET /api/cart 200 - 99ms"}
{"level":"info","message":"GET /api/wishlist 200 - 74ms"}
{"level":"info","message":"GET /api/users/profile 200 - 39ms"}
{"level":"info","message":"GET /api/users/profile 200 - 46ms"}
{"level":"info","message":"GET /api/cart 200 - 52ms"}
{"level":"info","message":"GET /api/cart 200 - 54ms"}
{"level":"info","message":"GET /api/users/profile 200 - 55ms"}
{"level":"info","message":"GET /api/cart 200 - 50ms"}
{"level":"info","message":"GET /api/wishlist 200 - 35ms"}
{"level":"info","message":"GET /api/users/profile 200 - 5ms"}
{"level":"info","message":"GET /api/users/profile 200 - 7ms"}
{"level":"info","message":"GET /api/users/profile 200 - 10ms"}
{"level":"info","message":"GET /api/users/profile 200 - 17ms"}
{"level":"info","message":"GET /api/cart 200 - 13ms"}
{"level":"info","message":"GET /api/cart 200 - 19ms"}
{"level":"error","message":"Error: Product is out of stock","stack":"BadRequestError: Product is out of stock\n    at CartService.updateQuantity (/home/tufa15/Documents/Menter_Bro/Full-Stack Project/SmartShop-AI/Smartshop-ClientSide/backend/Modules/cart/cartService.js:88:13)\n    at process.processTicksAndRejections (node:internal/process/task_queues:105:5)\n    at async updateQuantity (/home/tufa15/Documents/Menter_Bro/Full-Stack Project/SmartShop-AI/Smartshop-ClientSide/backend/Modules/cart/cartController.js:27:20)"}
{"level":"info","message":"PUT /api/cart/update-quantity 400 - 25ms"}
{"level":"info","message":"DELETE /api/cart/6a0ef29f795e98f152ca34aa 200 - 88ms"}
{"level":"info","message":"GET /api/users/profile 200 - 6ms"}
{"level":"info","message":"GET /api/users/profile 200 - 7ms"}
{"level":"info","message":"GET /api/categories 200 - 33ms"}
{"level":"info","message":"GET /api/categories 200 - 38ms"}
{"level":"info","message":"GET /api/coupons?limit=12 200 - 38ms"}
{"level":"info","message":"GET /api/products 200 - 84ms"}
{"level":"info","message":"GET /api/coupons?limit=12 200 - 68ms"}
{"level":"info","message":"GET /api/products 200 - 106ms"}
{"level":"info","message":"GET /api/categories 200 - 15ms"}
{"level":"info","message":"GET /api/categories 200 - 47ms"}
{"level":"info","message":"GET /api/products?page=1&limit=6&sortBy=createdAt&sortOrder=desc&minPrice=0&maxPrice=300000 200 - 46ms"}
{"level":"info","message":"GET /api/products?page=1&limit=6&sortBy=createdAt&sortOrder=desc&minPrice=0&maxPrice=300000 200 - 76ms"}
{"level":"info","message":"GET /api/users/profile 200 - 44ms"}
{"level":"info","message":"GET /api/users/profile 200 - 42ms"}
{"level":"info","message":"GET /api/cart 200 - 58ms"}
{"level":"info","message":"GET /api/cart 200 - 103ms"}
{"level":"info","message":"GET /api/categories 200 - 42ms"}
{"level":"info","message":"GET /api/products?page=1&limit=6&sortBy=createdAt&sortOrder=desc&minPrice=0&maxPrice=300000 200 - 57ms"}
{"level":"info","message":"GET /api/categories 200 - 38ms"}
{"level":"info","message":"GET /api/products?page=1&limit=6&sortBy=createdAt&sortOrder=desc&minPrice=0&maxPrice=300000 200 - 54ms"}
{"level":"info","message":"GET /uploads/avatars/avatar-1779204486975-191086360.jpg 304 - 5ms"}
{"level":"info","message":"GET /api/products?page=1&limit=6&sortBy=createdAt&sortOrder=desc&minPrice=0&maxPrice=300000 200 - 26ms"}
{"level":"info","message":"GET /api/categories 200 - 31ms"}
{"level":"info","message":"GET /api/users/profile 200 - 31ms"}
{"level":"info","message":"GET /api/categories 200 - 21ms"}
{"level":"info","message":"GET /api/products?page=1&limit=6&sortBy=createdAt&sortOrder=desc&minPrice=0&maxPrice=300000 200 - 43ms"}
{"level":"info","message":"GET /api/cart 200 - 38ms"}
{"level":"info","message":"GET /api/wishlist 200 - 60ms"}
{"level":"info","message":"GET /api/users/profile 200 - 50ms"}
{"level":"info","message":"GET /api/cart 200 - 54ms"}
{"level":"info","message":"GET /api/wishlist 200 - 25ms"}
