{"level":"info","message":"MongoDB connected successfully"}
{"level":"info","message":"Server initialized successfully"}
{"level":"info","message":"Server running in development mode on port 5001"}
{"level":"info","message":"User login successful: virtualcode.2003@gmail.com"}
{"level":"info","message":"POST /api/auth/login 200 - 115ms"}
{"level":"info","message":"GET /api/categories 200 - 33ms"}
{"level":"info","message":"GET /api/coupons?limit=12 200 - 28ms"}
{"level":"info","message":"GET /api/products 200 - 71ms"}
{"level":"info","message":"GET /api/products 200 - 100ms"}
{"level":"info","message":"GET /api/users/profile 200 - 59ms"}
{"level":"info","message":"GET /api/categories 200 - 58ms"}
{"level":"info","message":"GET /api/wishlist 200 - 97ms"}
{"level":"info","message":"GET /api/cart 200 - 99ms"}
{"level":"info","message":"GET /api/coupons?limit=12 200 - 37ms"}
{"level":"info","message":"GET /api/wishlist 200 - 18ms"}
{"level":"info","message":"GET /api/users/profile 200 - 44ms"}
{"level":"info","message":"GET /api/cart 200 - 40ms"}
{"level":"info","message":"GET /api/products?page=1&limit=6&sortBy=createdAt&sortOrder=desc&minPrice=0&maxPrice=300000 200 - 14ms"}
{"level":"info","message":"GET /api/categories 200 - 14ms"}
{"level":"info","message":"GET /api/categories 200 - 14ms"}
{"level":"info","message":"GET /api/products?page=1&limit=6&sortBy=createdAt&sortOrder=desc&minPrice=0&maxPrice=300000 200 - 22ms"}
{"level":"info","message":"GET /api/categories 200 - 18ms"}
{"level":"info","message":"GET /api/categories 200 - 22ms"}
{"level":"info","message":"GET /api/products 200 - 37ms"}
{"level":"info","message":"GET /api/coupons?limit=12 200 - 52ms"}
{"level":"info","message":"GET /api/products 200 - 46ms"}
{"level":"info","message":"GET /api/coupons?limit=12 200 - 43ms"}
{"level":"info","message":"MongoDB connected successfully"}
{"level":"info","message":"Server initialized successfully"}
{"level":"info","message":"Server running in development mode on port 5001"}
{"level":"info","message":"MongoDB connected successfully"}
{"level":"info","message":"Server initialized successfully"}
{"level":"info","message":"Server running in development mode on port 5001"}
{"level":"info","message":"MongoDB connected successfully"}
{"level":"info","message":"Server initialized successfully"}
{"level":"info","message":"Server running in development mode on port 5001"}
{"level":"info","message":"GET /api/categories 200 - 65ms"}
{"level":"info","message":"GET /api/coupons?limit=12 200 - 90ms"}
{"level":"info","message":"GET /api/users/profile 200 - 74ms"}
{"level":"info","message":"GET /api/products 200 - 129ms"}
{"level":"info","message":"GET /api/products 200 - 122ms"}
{"level":"info","message":"GET /api/wishlist 200 - 125ms"}
{"level":"info","message":"GET /api/users/profile 200 - 68ms"}
{"level":"info","message":"GET /api/cart 200 - 62ms"}
{"level":"info","message":"GET /api/categories 200 - 56ms"}
{"level":"info","message":"GET /api/wishlist 200 - 47ms"}
{"level":"info","message":"GET /api/coupons?limit=12 200 - 66ms"}
{"level":"info","message":"GET /api/cart 200 - 22ms"}
{"level":"warn","message":"MongoDB disconnected"}
{"level":"info","message":"MongoDB connected successfully"}
{"level":"info","message":"Server initialized successfully"}
{"level":"info","message":"Server running in development mode on port 5001"}
{"level":"info","message":"GET /api/categories 200 - 66ms"}
{"level":"info","message":"GET /api/coupons?limit=12 200 - 62ms"}
{"level":"info","message":"GET /api/users/profile 200 - 76ms"}
{"level":"info","message":"GET /api/cart 200 - 42ms"}
{"level":"info","message":"GET /api/products 200 - 132ms"}
{"level":"info","message":"GET /api/wishlist 200 - 88ms"}
{"level":"info","message":"GET /api/categories 200 - 29ms"}
{"level":"info","message":"GET /api/coupons?limit=12 200 - 52ms"}
{"level":"info","message":"GET /api/cart 200 - 29ms"}
{"level":"info","message":"GET /api/users/profile 200 - 43ms"}
{"level":"info","message":"GET /api/wishlist 200 - 45ms"}
{"level":"info","message":"GET /api/products 200 - 57ms"}
{"level":"info","message":"GET /api/users/profile 200 - 12ms"}
{"level":"info","message":"GET /api/orders/my-orders 200 - 22ms"}
{"level":"info","message":"GET /api/products/my-reviews 200 - 30ms"}
{"level":"info","message":"GET /api/users/profile 200 - 37ms"}
{"level":"info","message":"GET /api/users/profile 200 - 31ms"}
{"level":"info","message":"GET /api/users/profile 200 - 41ms"}
{"level":"info","message":"GET /api/orders/my-orders 200 - 39ms"}
{"level":"info","message":"GET /api/products/my-reviews 200 - 19ms"}
{"level":"error","message":"Error: Invalid email or password","stack":"AuthenticationError: Invalid email or password\n    at AuthService.login (/home/tufa15/Documents/Menter_Bro/Full-Stack Project/SmartShop-AI/Smartshop-ClientSide/backend/Modules/auth/authService.js:51:13)\n    at async login (/home/tufa15/Documents/Menter_Bro/Full-Stack Project/SmartShop-AI/Smartshop-ClientSide/backend/Modules/auth/authController.js:16:22)"}
{"level":"info","message":"POST /api/auth/login 401 - 80ms"}
{"level":"info","message":"User login successful: virtualcode.2003@gmail.com"}
{"level":"info","message":"POST /api/auth/login 200 - 82ms"}
{"level":"info","message":"GET /api/users/profile 200 - 15ms"}
{"level":"info","message":"GET /api/users/profile 200 - 20ms"}
{"level":"info","message":"GET /api/products/my-reviews 200 - 39ms"}
{"level":"info","message":"GET /api/users/profile 200 - 34ms"}
{"level":"info","message":"GET /api/users/profile 200 - 45ms"}
{"level":"info","message":"GET /api/products/my-reviews 200 - 25ms"}
{"level":"info","message":"GET /api/orders/my-orders 200 - 42ms"}
{"level":"info","message":"GET /api/orders/my-orders 200 - 49ms"}
{"level":"info","message":"GET /api/users/profile 200 - 17ms"}
{"level":"info","message":"GET /api/users/profile 200 - 31ms"}
{"level":"info","message":"GET /api/wishlist 200 - 19ms"}
{"level":"info","message":"GET /api/cart 200 - 18ms"}
{"level":"info","message":"GET /api/wishlist 200 - 19ms"}
{"level":"info","message":"GET /api/cart 200 - 19ms"}
{"level":"info","message":"GET /api/products 200 - 33ms"}
{"level":"info","message":"GET /api/coupons?limit=12 200 - 28ms"}
{"level":"info","message":"GET /api/categories 200 - 25ms"}
{"level":"info","message":"GET /api/coupons?limit=12 200 - 12ms"}
{"level":"info","message":"GET /api/categories 200 - 29ms"}
{"level":"info","message":"GET /api/products 200 - 34ms"}
{"level":"info","message":"GET /api/categories 200 - 9ms"}
{"level":"info","message":"GET /api/categories 200 - 15ms"}
{"level":"info","message":"GET /api/products?page=1&limit=6&sortBy=createdAt&sortOrder=desc&minPrice=0&maxPrice=300000 200 - 18ms"}
{"level":"info","message":"GET /api/products?page=1&limit=6&sortBy=createdAt&sortOrder=desc&minPrice=0&maxPrice=300000 200 - 28ms"}
{"level":"info","message":"POST /api/cart/add 200 - 21ms"}
{"level":"info","message":"GET /api/users/profile 200 - 17ms"}
{"level":"info","message":"GET /api/cart 200 - 27ms"}
{"level":"info","message":"GET /api/users/profile 200 - 24ms"}
{"level":"info","message":"GET /api/cart 200 - 38ms"}
{"level":"info","message":"GET /api/coupons?limit=50 200 - 6ms"}
{"level":"info","message":"GET /api/coupons?limit=50 200 - 20ms"}
{"level":"error","message":"Error: Coupon has expired","stack":"BadRequestError: Coupon has expired\n    at CouponService.applyCoupon (/home/tufa15/Documents/Menter_Bro/Full-Stack Project/SmartShop-AI/Smartshop-ClientSide/backend/Modules/coupon/couponService.js:59:47)\n    at process.processTicksAndRejections (node:internal/process/task_queues:105:5)\n    at async applyCoupon (/home/tufa15/Documents/Menter_Bro/Full-Stack Project/SmartShop-AI/Smartshop-ClientSide/backend/Modules/coupon/couponController.js:56:22)"}
{"level":"info","message":"POST /api/coupons/apply 400 - 8ms"}
{"level":"info","message":"GET /api/coupons?limit=50 200 - 5ms"}
{"level":"info","message":"GET /api/coupons?limit=50 200 - 7ms"}
{"level":"error","message":"Error: Coupon has expired","stack":"BadRequestError: Coupon has expired\n    at CouponService.applyCoupon (/home/tufa15/Documents/Menter_Bro/Full-Stack Project/SmartShop-AI/Smartshop-ClientSide/backend/Modules/coupon/couponService.js:59:47)\n    at process.processTicksAndRejections (node:internal/process/task_queues:105:5)\n    at async applyCoupon (/home/tufa15/Documents/Menter_Bro/Full-Stack Project/SmartShop-AI/Smartshop-ClientSide/backend/Modules/coupon/couponController.js:56:22)"}
{"level":"info","message":"POST /api/coupons/apply 400 - 6ms"}
{"level":"info","message":"GET /api/users/profile 200 - 18ms"}
{"level":"info","message":"GET /api/users/profile 200 - 16ms"}
{"level":"info","message":"GET /api/orders/my-orders 200 - 16ms"}
{"level":"info","message":"GET /api/users/profile 200 - 16ms"}
{"level":"info","message":"GET /api/users/profile 200 - 20ms"}
{"level":"info","message":"GET /api/orders/my-orders 200 - 30ms"}
{"level":"info","message":"GET /api/products/my-reviews 200 - 17ms"}
{"level":"info","message":"GET /api/products/my-reviews 200 - 18ms"}
{"level":"info","message":"POST /api/users/address 200 - 9ms"}
{"level":"info","message":"GET /api/orders/my-orders 200 - 6ms"}
{"level":"info","message":"PUT /api/users/avatar 200 - 24ms"}
{"level":"info","message":"GET /uploads/avatars/avatar-1781224439641-48150391.jpeg 200 - 23ms"}
{"level":"info","message":"GET /api/cart 200 - 31ms"}
{"level":"info","message":"GET /api/users/profile 200 - 31ms"}
{"level":"info","message":"GET /api/cart 200 - 30ms"}
{"level":"info","message":"GET /api/users/profile 200 - 21ms"}
{"level":"info","message":"GET /api/users/profile 200 - 8ms"}
{"level":"info","message":"GET /api/users/profile 200 - 8ms"}
{"level":"info","message":"Processing payment for Order: 6a2b54087a9757b91e74d3b7, Method: Razorpay"}
{"level":"info","message":"POST /api/orders/create 201 - 347ms"}
{"level":"info","message":"POST /api/orders/verify 200 - 21ms"}
{"level":"info","message":"GET /api/orders/my-orders 200 - 14ms"}
{"level":"info","message":"GET /api/orders/my-orders 200 - 13ms"}
{"level":"info","message":"GET /api/products 200 - 23ms"}
{"level":"info","message":"GET /api/products 200 - 35ms"}
{"level":"info","message":"GET /api/coupons?limit=12 200 - 41ms"}
{"level":"info","message":"GET /api/categories 200 - 62ms"}
{"level":"info","message":"GET /api/users/profile 200 - 64ms"}
{"level":"info","message":"GET /api/coupons?limit=12 200 - 58ms"}
{"level":"info","message":"GET /api/wishlist 200 - 98ms"}
{"level":"info","message":"GET /api/cart 200 - 67ms"}
{"level":"info","message":"GET /api/categories 200 - 93ms"}
{"level":"info","message":"GET /api/wishlist 200 - 43ms"}
{"level":"info","message":"GET /api/users/profile 200 - 74ms"}
{"level":"info","message":"GET /api/cart 200 - 70ms"}
{"level":"info","message":"GET /api/users/profile 200 - 13ms"}
{"level":"info","message":"GET /api/users/profile 200 - 20ms"}
{"level":"info","message":"GET /api/users/profile 200 - 32ms"}
{"level":"info","message":"GET /api/users/profile 200 - 37ms"}
{"level":"info","message":"GET /api/products/my-reviews 200 - 30ms"}
{"level":"info","message":"GET /api/orders/my-orders 200 - 54ms"}
{"level":"info","message":"GET /api/products/my-reviews 200 - 49ms"}
{"level":"info","message":"GET /api/orders/my-orders 200 - 66ms"}
{"level":"info","message":"GET /api/orders/my-orders 200 - 10ms"}
{"level":"info","message":"GET /api/orders/6a2b54087a9757b91e74d3b7 200 - 12ms"}
{"level":"info","message":"GET /api/orders/6a2b54087a9757b91e74d3b7 200 - 11ms"}
{"level":"info","message":"GET /api/products 200 - 23ms"}
{"level":"info","message":"GET /api/categories 200 - 21ms"}
{"level":"info","message":"GET /api/products 200 - 38ms"}
{"level":"info","message":"GET /api/categories 200 - 32ms"}
{"level":"info","message":"GET /api/coupons?limit=12 200 - 25ms"}
{"level":"info","message":"GET /api/coupons?limit=12 200 - 20ms"}
{"level":"info","message":"POST /api/chatbot/message 500 - 3677ms"}
{"level":"info","message":"GET /uploads/avatars/avatar-1781224439641-48150391.jpeg 304 - 2ms"}
{"level":"info","message":"GET /api/products 200 - 24ms"}
{"level":"info","message":"GET /api/categories 200 - 35ms"}
{"level":"info","message":"GET /api/products 200 - 68ms"}
{"level":"info","message":"GET /api/coupons?limit=12 200 - 29ms"}
{"level":"info","message":"GET /api/users/profile 200 - 51ms"}
{"level":"info","message":"GET /api/wishlist 200 - 51ms"}
{"level":"info","message":"GET /api/users/profile 200 - 73ms"}
{"level":"info","message":"GET /api/categories 200 - 83ms"}
{"level":"info","message":"GET /api/cart 200 - 42ms"}
{"level":"info","message":"GET /api/coupons?limit=12 200 - 88ms"}
{"level":"info","message":"GET /api/wishlist 200 - 21ms"}
{"level":"info","message":"GET /api/cart 200 - 17ms"}
{"level":"info","message":"POST /api/chatbot/message 500 - 2356ms"}
{"level":"info","message":"MongoDB connected successfully"}
{"level":"info","message":"Server initialized successfully"}
{"level":"info","message":"Server running in development mode on port 5001"}
{"level":"info","message":"GET /uploads/avatars/avatar-1781224439641-48150391.jpeg 304 - 5ms"}
{"level":"info","message":"GET /api/coupons?limit=12 200 - 66ms"}
{"level":"info","message":"GET /api/users/profile 200 - 64ms"}
{"level":"info","message":"GET /api/wishlist 200 - 84ms"}
{"level":"info","message":"GET /api/products 200 - 107ms"}
{"level":"info","message":"GET /api/categories 200 - 77ms"}
{"level":"info","message":"GET /api/coupons?limit=12 200 - 30ms"}
{"level":"info","message":"GET /api/cart 200 - 63ms"}
{"level":"info","message":"GET /api/users/profile 200 - 52ms"}
{"level":"info","message":"GET /api/wishlist 200 - 47ms"}
{"level":"info","message":"GET /api/products 200 - 41ms"}
{"level":"info","message":"GET /api/categories 200 - 49ms"}
{"level":"info","message":"GET /api/cart 200 - 41ms"}
{"level":"error","message":"Error: sendResponse is not a function","stack":"TypeError: sendResponse is not a function\n    at processChatMessage (/home/tufa15/Documents/Menter_Bro/Full-Stack Project/SmartShop-AI/Smartshop-ClientSide/backend/Modules/chatbot/chatbotController.js:107:9)\n    at process.processTicksAndRejections (node:internal/process/task_queues:105:5)"}
{"level":"info","message":"POST /api/chatbot/message 500 - 2686ms"}
{"level":"info","message":"MongoDB connected successfully"}
{"level":"info","message":"Server initialized successfully"}
{"level":"info","message":"Server running in development mode on port 5001"}
{"level":"info","message":"GET /uploads/avatars/avatar-1781224439641-48150391.jpeg 304 - 3ms"}
{"level":"info","message":"GET /api/products 200 - 86ms"}
{"level":"info","message":"GET /api/categories 200 - 64ms"}
{"level":"info","message":"GET /api/categories 200 - 41ms"}
{"level":"info","message":"GET /api/coupons?limit=12 200 - 42ms"}
{"level":"info","message":"GET /api/users/profile 200 - 44ms"}
{"level":"info","message":"GET /api/cart 200 - 44ms"}
{"level":"info","message":"GET /api/users/profile 200 - 39ms"}
{"level":"info","message":"GET /api/wishlist 200 - 69ms"}
{"level":"info","message":"GET /api/coupons?limit=12 200 - 28ms"}
{"level":"info","message":"GET /api/cart 200 - 26ms"}
{"level":"info","message":"GET /api/products 200 - 68ms"}
{"level":"info","message":"GET /api/wishlist 200 - 27ms"}
{"level":"info","message":"POST /api/chatbot/message 200 - 2674ms"}
{"level":"info","message":"MongoDB connected successfully"}
{"level":"info","message":"Server initialized successfully"}
{"level":"info","message":"Server running in development mode on port 5001"}
{"level":"info","message":"POST /api/chatbot/message 200 - 15ms"}
{"level":"info","message":"GET /api/users/profile 200 - 31ms"}
{"level":"info","message":"GET /api/users/profile 200 - 32ms"}
{"level":"info","message":"GET /api/orders/my-orders 200 - 89ms"}
{"level":"info","message":"GET /api/orders/my-orders 200 - 99ms"}
{"level":"info","message":"GET /api/products/my-reviews 200 - 79ms"}
{"level":"info","message":"GET /api/users/profile 200 - 89ms"}
{"level":"info","message":"GET /api/users/profile 200 - 25ms"}
{"level":"info","message":"GET /api/products/my-reviews 200 - 101ms"}
{"level":"info","message":"GET /api/orders/my-orders 200 - 14ms"}
{"level":"info","message":"GET /api/orders/6a2b54087a9757b91e74d3b7 200 - 7ms"}
{"level":"info","message":"GET /api/orders/6a2b54087a9757b91e74d3b7 200 - 10ms"}
{"level":"info","message":"GET /api/coupons?limit=12 200 - 17ms"}
{"level":"info","message":"GET /api/categories 200 - 22ms"}
{"level":"info","message":"GET /api/coupons?limit=12 200 - 22ms"}
{"level":"info","message":"GET /api/categories 200 - 29ms"}
{"level":"info","message":"GET /api/products 200 - 77ms"}
{"level":"info","message":"GET /api/products 200 - 73ms"}
{"level":"info","message":"POST /api/chatbot/message 200 - 2646ms"}
{"level":"info","message":"MongoDB connected successfully"}
{"level":"info","message":"Server initialized successfully"}
{"level":"info","message":"Server running in development mode on port 5001"}
{"level":"info","message":"POST /api/chatbot/message 200 - 15ms"}
{"level":"info","message":"POST /api/chatbot/message 200 - 18ms"}
{"level":"info","message":"POST /api/chatbot/message 200 - 19ms"}
{"level":"info","message":"GET /api/users/profile 200 - 15ms"}
{"level":"info","message":"GET /api/orders/my-orders 200 - 45ms"}
{"level":"info","message":"GET /api/products/my-reviews 200 - 46ms"}
{"level":"info","message":"GET /api/users/profile 200 - 41ms"}
{"level":"info","message":"GET /api/users/profile 200 - 29ms"}
{"level":"info","message":"GET /api/products/my-reviews 200 - 53ms"}
{"level":"info","message":"GET /api/users/profile 200 - 28ms"}
{"level":"info","message":"GET /api/orders/my-orders 200 - 42ms"}
{"level":"info","message":"GET /api/orders/my-orders 200 - 12ms"}
{"level":"info","message":"POST /api/chatbot/message 200 - 8ms"}
{"level":"info","message":"POST /api/chatbot/message 200 - 51ms"}
{"level":"info","message":"MongoDB connected successfully"}
{"level":"info","message":"Server initialized successfully"}
{"level":"info","message":"Server running in development mode on port 5001"}
{"level":"info","message":"GET /api/users/profile 200 - 44ms"}
{"level":"info","message":"GET /api/orders/my-orders 200 - 58ms"}
{"level":"info","message":"GET /api/orders/my-orders 200 - 93ms"}
{"level":"info","message":"GET /api/products/my-reviews 200 - 78ms"}
{"level":"info","message":"GET /api/users/profile 200 - 49ms"}
{"level":"info","message":"GET /api/products/my-reviews 200 - 65ms"}
{"level":"info","message":"GET /api/orders/my-orders 200 - 60ms"}
{"level":"info","message":"GET /api/orders/my-orders 200 - 71ms"}
{"level":"info","message":"GET /uploads/avatars/avatar-1781224439641-48150391.jpeg 304 - 2ms"}
{"level":"info","message":"GET /api/users/profile 200 - 28ms"}
{"level":"info","message":"GET /api/products/my-reviews 200 - 26ms"}
{"level":"info","message":"GET /api/orders/my-orders 200 - 48ms"}
{"level":"info","message":"GET /api/users/profile 200 - 48ms"}
{"level":"info","message":"GET /api/users/profile 200 - 45ms"}
{"level":"info","message":"GET /api/users/profile 200 - 71ms"}
{"level":"info","message":"GET /api/orders/my-orders 200 - 63ms"}
{"level":"info","message":"GET /api/users/profile 200 - 36ms"}
{"level":"info","message":"GET /api/products/my-reviews 200 - 64ms"}
{"level":"info","message":"GET /api/cart 200 - 68ms"}
{"level":"info","message":"GET /api/users/profile 200 - 97ms"}
{"level":"info","message":"GET /api/wishlist 200 - 50ms"}
{"level":"info","message":"GET /api/wishlist 200 - 133ms"}
{"level":"info","message":"GET /api/cart 200 - 52ms"}
{"level":"info","message":"GET /api/categories 200 - 9ms"}
{"level":"info","message":"GET /api/products?page=1&limit=6&sortBy=createdAt&sortOrder=desc&minPrice=0&maxPrice=300000 200 - 17ms"}
{"level":"info","message":"GET /api/categories 200 - 21ms"}
{"level":"info","message":"GET /api/products?page=1&limit=6&sortBy=createdAt&sortOrder=desc&minPrice=0&maxPrice=300000 200 - 28ms"}
{"level":"info","message":"GET /api/categories 200 - 16ms"}
{"level":"info","message":"GET /api/categories 200 - 26ms"}
{"level":"info","message":"GET /api/products 200 - 37ms"}
{"level":"info","message":"GET /api/products 200 - 22ms"}
{"level":"info","message":"GET /api/coupons?limit=12 200 - 23ms"}
{"level":"info","message":"GET /api/coupons?limit=12 200 - 19ms"}
{"level":"info","message":"GET /api/users/profile 200 - 13ms"}
{"level":"info","message":"GET /api/users/profile 200 - 21ms"}
{"level":"info","message":"GET /api/products/my-reviews 200 - 24ms"}
{"level":"info","message":"GET /api/products/my-reviews 200 - 42ms"}
{"level":"info","message":"GET /api/orders/my-orders 200 - 61ms"}
{"level":"info","message":"GET /api/orders/my-orders 200 - 83ms"}
{"level":"info","message":"GET /api/users/profile 200 - 77ms"}
{"level":"info","message":"GET /api/users/profile 200 - 60ms"}
{"level":"info","message":"GET /api/orders/my-orders 200 - 11ms"}
{"level":"info","message":"GET /api/orders/6a2b54087a9757b91e74d3b7 200 - 9ms"}
{"level":"info","message":"GET /api/orders/6a2b54087a9757b91e74d3b7 200 - 11ms"}
{"level":"info","message":"GET /uploads/avatars/avatar-1781224439641-48150391.jpeg 304 - 1ms"}
{"level":"info","message":"GET /api/users/profile 200 - 18ms"}
{"level":"info","message":"GET /api/users/profile 200 - 30ms"}
{"level":"info","message":"GET /api/orders/my-orders 200 - 49ms"}
{"level":"info","message":"GET /api/users/profile 200 - 32ms"}
{"level":"info","message":"GET /api/orders/my-orders 200 - 67ms"}
{"level":"info","message":"GET /api/users/profile 200 - 62ms"}
{"level":"info","message":"GET /api/users/profile 200 - 49ms"}
{"level":"info","message":"GET /api/users/profile 200 - 47ms"}
{"level":"info","message":"GET /api/products/my-reviews 200 - 72ms"}
{"level":"info","message":"GET /api/wishlist 200 - 61ms"}
{"level":"info","message":"GET /api/cart 200 - 39ms"}
{"level":"info","message":"GET /api/products/my-reviews 200 - 82ms"}
{"level":"info","message":"GET /api/wishlist 200 - 30ms"}
{"level":"info","message":"GET /api/cart 200 - 68ms"}
{"level":"info","message":"GET /api/orders/my-orders 200 - 11ms"}
{"level":"info","message":"GET /api/orders/6a2b54087a9757b91e74d3b7 200 - 12ms"}
{"level":"info","message":"GET /api/orders/6a2b54087a9757b91e74d3b7 200 - 12ms"}
{"level":"info","message":"GET /api/products 200 - 20ms"}
{"level":"info","message":"GET /api/products 200 - 38ms"}
{"level":"info","message":"GET /api/categories 200 - 39ms"}
{"level":"info","message":"GET /api/categories 200 - 39ms"}
{"level":"info","message":"GET /api/coupons?limit=12 200 - 19ms"}
{"level":"info","message":"GET /api/coupons?limit=12 200 - 19ms"}
{"level":"info","message":"POST /api/chatbot/message 200 - 21ms"}
{"level":"info","message":"GET /api/users/profile 200 - 11ms"}
{"level":"info","message":"GET /api/users/profile 200 - 16ms"}
{"level":"info","message":"GET /api/products/my-reviews 200 - 17ms"}
{"level":"info","message":"GET /api/users/profile 200 - 32ms"}
{"level":"info","message":"GET /api/products/my-reviews 200 - 23ms"}
{"level":"info","message":"GET /api/orders/my-orders 200 - 50ms"}
{"level":"info","message":"GET /api/users/profile 200 - 42ms"}
{"level":"info","message":"GET /api/orders/my-orders 200 - 52ms"}
{"level":"info","message":"GET /api/orders/my-orders 200 - 11ms"}
{"level":"info","message":"GET /api/users/profile 200 - 5ms"}
{"level":"info","message":"GET /api/orders/my-orders 200 - 14ms"}
{"level":"info","message":"GET /api/users/profile 200 - 4ms"}
{"level":"info","message":"GET /api/orders/my-orders 200 - 16ms"}
{"level":"info","message":"GET /api/orders/6a2b54087a9757b91e74d3b7 200 - 11ms"}
{"level":"info","message":"GET /api/orders/6a2b54087a9757b91e74d3b7 200 - 11ms"}
{"level":"info","message":"GET /api/categories 200 - 22ms"}
{"level":"info","message":"GET /api/products 200 - 37ms"}
{"level":"info","message":"GET /api/products 200 - 40ms"}
{"level":"info","message":"GET /api/categories 200 - 31ms"}
{"level":"info","message":"GET /api/coupons?limit=12 200 - 24ms"}
{"level":"info","message":"GET /api/coupons?limit=12 200 - 15ms"}
{"level":"info","message":"GET /api/users/profile 200 - 28ms"}
{"level":"info","message":"GET /api/users/profile 200 - 19ms"}
{"level":"info","message":"GET /api/cart 200 - 43ms"}
{"level":"info","message":"GET /api/cart 200 - 37ms"}
{"level":"info","message":"GET /api/users/profile 200 - 21ms"}
{"level":"info","message":"GET /api/users/profile 200 - 29ms"}
{"level":"info","message":"GET /api/users/profile 200 - 30ms"}
{"level":"info","message":"GET /api/products/my-reviews 200 - 37ms"}
{"level":"info","message":"GET /api/users/profile 200 - 33ms"}
{"level":"info","message":"GET /api/orders/my-orders 200 - 27ms"}
{"level":"info","message":"GET /api/products/my-reviews 200 - 30ms"}
{"level":"info","message":"GET /api/orders/my-orders 200 - 58ms"}
{"level":"info","message":"POST /api/chatbot/message 200 - 4ms"}
{"level":"info","message":"GET /api/orders/my-orders 200 - 15ms"}
{"level":"info","message":"GET /api/orders/6a2b54087a9757b91e74d3b7 200 - 11ms"}
{"level":"info","message":"GET /api/orders/6a2b54087a9757b91e74d3b7 200 - 10ms"}
{"level":"info","message":"GET /api/users/profile 200 - 22ms"}
{"level":"info","message":"GET /api/orders/my-orders 200 - 25ms"}
{"level":"info","message":"GET /api/orders/my-orders 200 - 50ms"}
{"level":"info","message":"GET /api/products/my-reviews 200 - 27ms"}
{"level":"info","message":"GET /api/users/profile 200 - 48ms"}
{"level":"info","message":"GET /api/orders/my-orders 200 - 57ms"}
{"level":"info","message":"GET /api/users/profile 200 - 54ms"}
{"level":"info","message":"GET /api/products/my-reviews 200 - 48ms"}
{"level":"info","message":"GET /api/users/profile 200 - 29ms"}
{"level":"info","message":"GET /api/products/my-reviews 200 - 34ms"}
{"level":"info","message":"GET /api/users/profile 200 - 31ms"}
{"level":"info","message":"GET /api/orders/my-orders 200 - 66ms"}
{"level":"info","message":"GET /api/products/my-reviews 200 - 29ms"}
{"level":"info","message":"GET /api/users/profile 200 - 47ms"}
{"level":"info","message":"GET /api/users/profile 200 - 23ms"}
{"level":"info","message":"GET /api/orders/my-orders 200 - 47ms"}
{"level":"info","message":"GET /api/orders/my-orders 200 - 7ms"}
{"level":"info","message":"GET /api/orders/6a2b54087a9757b91e74d3b7 200 - 11ms"}
{"level":"info","message":"GET /api/orders/6a2b54087a9757b91e74d3b7 200 - 13ms"}
{"level":"info","message":"GET /api/users/profile 200 - 19ms"}
{"level":"info","message":"GET /api/orders/my-orders 200 - 54ms"}
{"level":"info","message":"GET /api/products/my-reviews 200 - 85ms"}
{"level":"info","message":"GET /api/orders/my-orders 200 - 102ms"}
{"level":"info","message":"GET /api/orders/6a2b54087a9757b91e74d3b7 200 - 21ms"}
{"level":"info","message":"GET /api/orders/6a2b54087a9757b91e74d3b7 200 - 30ms"}
{"level":"info","message":"GET /api/users/profile 200 - 20ms"}
{"level":"info","message":"GET /api/orders/my-orders 200 - 32ms"}
{"level":"info","message":"GET /api/orders/my-orders 200 - 56ms"}
{"level":"info","message":"GET /api/products/my-reviews 200 - 26ms"}
{"level":"info","message":"GET /api/users/profile 200 - 12ms"}
{"level":"info","message":"GET /api/products/my-reviews 200 - 10ms"}
{"level":"info","message":"GET /api/orders/my-orders 200 - 32ms"}
{"level":"info","message":"GET /api/orders/my-orders 200 - 27ms"}
{"level":"info","message":"GET /api/orders/6a2b54087a9757b91e74d3b7 200 - 9ms"}
{"level":"info","message":"GET /api/orders/6a2b54087a9757b91e74d3b7 200 - 13ms"}
{"level":"info","message":"GET /api/users/profile 200 - 4ms"}
{"level":"info","message":"GET /api/products 200 - 29ms"}
{"level":"info","message":"GET /api/coupons?limit=12 200 - 22ms"}
{"level":"info","message":"GET /api/categories 200 - 23ms"}
{"level":"info","message":"GET /api/categories 200 - 42ms"}
{"level":"info","message":"GET /api/coupons?limit=12 200 - 49ms"}
{"level":"info","message":"GET /api/products 200 - 53ms"}
{"level":"info","message":"GET /api/products?page=1&limit=6&sortBy=createdAt&sortOrder=desc&minPrice=0&maxPrice=300000 200 - 11ms"}
{"level":"info","message":"GET /api/products?page=1&limit=6&sortBy=createdAt&sortOrder=desc&minPrice=0&maxPrice=300000 200 - 13ms"}
{"level":"info","message":"GET /api/categories 200 - 16ms"}
{"level":"info","message":"GET /api/categories 200 - 15ms"}
{"level":"info","message":"GET /api/categories 200 - 7ms"}
{"level":"info","message":"GET /api/categories 200 - 20ms"}
{"level":"info","message":"GET /api/products 200 - 39ms"}
{"level":"info","message":"GET /api/products 200 - 37ms"}
{"level":"info","message":"GET /api/coupons?limit=12 200 - 44ms"}
{"level":"info","message":"GET /api/coupons?limit=12 200 - 19ms"}
{"level":"info","message":"MongoDB connected successfully"}
