{"level":"info","message":"MongoDB connected successfully"}
{"level":"info","message":"Server initialized successfully"}
{"level":"info","message":"Server running in development mode on port 5001"}
{"level":"info","message":"GET /api/admin/orders?page=1&limit=10&search=&status=All 200 - 137ms"}
{"level":"info","message":"GET /api/admin/orders?page=1&limit=10&search=&status=All 200 - 128ms"}
{"level":"info","message":"GET /api/admin/dashboard 200 - 20ms"}
{"level":"info","message":"GET /api/coupons?page=1&limit=10&search= 200 - 6ms"}
{"level":"info","message":"GET /api/coupons?page=1&limit=10&search= 200 - 7ms"}
{"level":"info","message":"POST /api/coupons 400 - 7ms"}
{"level":"info","message":"POST /api/coupons 400 - 7ms"}
{"level":"info","message":"POST /api/coupons 400 - 5ms"}
{"level":"info","message":"GET /api/coupons?page=1&limit=10&search= 200 - 15ms"}
{"level":"info","message":"GET /api/coupons?page=1&limit=10&search= 200 - 17ms"}
{"level":"info","message":"GET /api/coupons?page=1&limit=10&search= 200 - 6ms"}
{"level":"info","message":"GET /api/coupons?page=1&limit=10&search= 200 - 10ms"}
{"level":"info","message":"MongoDB connected successfully"}
{"level":"info","message":"Server initialized successfully"}
{"level":"info","message":"Server running in development mode on port 5001"}
{"level":"info","message":"MongoDB connected successfully"}
{"level":"info","message":"Server initialized successfully"}
{"level":"info","message":"Server running in development mode on port 5001"}
{"level":"info","message":"MongoDB connected successfully"}
{"level":"info","message":"Server initialized successfully"}
{"level":"info","message":"Server running in development mode on port 5001"}
{"level":"info","message":"GET /api/coupons 200 - 123ms"}
{"level":"info","message":"MongoDB connected successfully"}
{"level":"info","message":"Server initialized successfully"}
{"level":"info","message":"Server running in development mode on port 5001"}
{"level":"info","message":"GET /api/coupons 200 - 45ms"}
{"level":"info","message":"MongoDB connected successfully"}
{"level":"info","message":"Server initialized successfully"}
{"level":"info","message":"Server running in development mode on port 5001"}
{"level":"error","message":"Error: E11000 duplicate key error collection: smartshop-ai.coupons index: code_1 dup key: { code: \"WELCOME20\" }","stack":"MongoServerError: E11000 duplicate key error collection: smartshop-ai.coupons index: code_1 dup key: { code: \"WELCOME20\" }\n    at InsertOneOperation.handleOk (/home/tufa15/Documents/Menter_Bro/Full-Stack Project/SmartShop-AI/backend/node_modules/mongodb/lib/operations/insert.js:51:19)\n    at tryOperation (/home/tufa15/Documents/Menter_Bro/Full-Stack Project/SmartShop-AI/backend/node_modules/mongodb/lib/operations/execute_operation.js:217:34)\n    at process.processTicksAndRejections (node:internal/process/task_queues:105:5)\n    at async executeOperation (/home/tufa15/Documents/Menter_Bro/Full-Stack Project/SmartShop-AI/backend/node_modules/mongodb/lib/operations/execute_operation.js:80:16)\n    at async Collection.insertOne (/home/tufa15/Documents/Menter_Bro/Full-Stack Project/SmartShop-AI/backend/node_modules/mongodb/lib/collection.js:154:16)\n    at async model.$__save (/home/tufa15/Documents/Menter_Bro/Full-Stack Project/SmartShop-AI/backend/node_modules/mongoose/lib/model.js:425:16)\n    at async model.save (/home/tufa15/Documents/Menter_Bro/Full-Stack Project/SmartShop-AI/backend/node_modules/mongoose/lib/model.js:664:5)\n    at async CouponService.createCoupon (/home/tufa15/Documents/Menter_Bro/Full-Stack Project/SmartShop-AI/backend/Modules/coupon/couponService.js:7:12)\n    at async createCoupon (/home/tufa15/Documents/Menter_Bro/Full-Stack Project/SmartShop-AI/backend/Modules/coupon/couponController.js:7:22)"}
{"level":"info","message":"POST /api/coupons 409 - 31ms"}
{"level":"info","message":"POST /api/coupons 201 - 9ms"}
{"level":"info","message":"POST /api/coupons 201 - 8ms"}
