{"level":"info","message":"MongoDB connected successfully"}
{"level":"info","message":"Server initialized successfully"}
{"level":"info","message":"Server running in development mode on port 5001"}
{"level":"info","message":"MongoDB connected successfully"}
{"level":"info","message":"Server initialized successfully"}
{"level":"info","message":"Server running in development mode on port 5001"}
{"level":"info","message":"MongoDB connected successfully"}
{"level":"info","message":"Server initialized successfully"}
{"level":"info","message":"Server running in development mode on port 5001"}
{"level":"info","message":"MongoDB connected successfully"}
{"level":"info","message":"Server initialized successfully"}
{"level":"info","message":"Server running in development mode on port 5001"}
{"level":"info","message":"MongoDB connected successfully"}
{"level":"info","message":"Server initialized successfully"}
{"level":"info","message":"Server running in development mode on port 5001"}
{"level":"info","message":"MongoDB connected successfully"}
{"level":"info","message":"Server initialized successfully"}
{"level":"info","message":"Server running in development mode on port 5001"}
{"level":"info","message":"MongoDB connected successfully"}
{"level":"info","message":"Server initialized successfully"}
{"level":"info","message":"Server running in development mode on port 5001"}
{"level":"info","message":"MongoDB connected successfully"}
{"level":"info","message":"Server initialized successfully"}
{"level":"info","message":"Server running in development mode on port 5001"}
{"level":"info","message":"MongoDB connected successfully"}
{"level":"info","message":"Server initialized successfully"}
{"level":"info","message":"Server running in development mode on port 5001"}
{"level":"info","message":"MongoDB connected successfully"}
{"level":"info","message":"Server initialized successfully"}
{"level":"info","message":"Server running in development mode on port 5001"}
{"level":"info","message":"MongoDB connected successfully"}
{"level":"info","message":"Server initialized successfully"}
{"level":"info","message":"Server running in development mode on port 5001"}
{"level":"info","message":"MongoDB connected successfully"}
{"level":"info","message":"Server initialized successfully"}
{"level":"info","message":"Server running in development mode on port 5001"}
{"level":"info","message":"MongoDB connected successfully"}
{"level":"info","message":"Server initialized successfully"}
{"level":"info","message":"Server running in development mode on port 5001"}
{"level":"info","message":"MongoDB connected successfully"}
{"level":"info","message":"Server initialized successfully"}
{"level":"info","message":"Server running in development mode on port 5001"}
{"level":"info","message":"MongoDB connected successfully"}
{"level":"info","message":"Server initialized successfully"}
{"level":"info","message":"Server running in development mode on port 5001"}
{"level":"info","message":"MongoDB connected successfully"}
{"level":"info","message":"Server initialized successfully"}
{"level":"info","message":"Server running in development mode on port 5001"}
{"level":"info","message":"MongoDB connected successfully"}
{"level":"info","message":"Server initialized successfully"}
{"level":"info","message":"Server running in development mode on port 5001"}
{"level":"info","message":"GET /uploads/avatars/avatar-1775506313660-437228526.jpg 304 - 11ms"}
{"level":"info","message":"GET /api/admin/categories 200 - 82ms"}
{"level":"info","message":"Fetching cart for user: 69cffc773501407550e3096f"}
{"level":"info","message":"GET /api/admin/products 200 - 73ms"}
{"level":"info","message":"GET /api/wishlist 200 - 103ms"}
{"level":"info","message":"Cart populated successfully for user: 69cffc773501407550e3096f"}
{"level":"info","message":"GET /api/cart/69cffc773501407550e3096f 200 - 29ms"}
{"level":"info","message":"GET /api/admin/categories 200 - 17ms"}
{"level":"info","message":"Fetching cart for user: 69cffc773501407550e3096f"}
{"level":"info","message":"GET /api/admin/products 200 - 37ms"}
{"level":"info","message":"Cart populated successfully for user: 69cffc773501407550e3096f"}
{"level":"info","message":"GET /api/cart/69cffc773501407550e3096f 200 - 27ms"}
{"level":"info","message":"GET /api/wishlist 200 - 38ms"}
{"level":"info","message":"Fetching cart for user: 69cffc773501407550e3096f"}
{"level":"info","message":"Fetching cart for user: 69cffc773501407550e3096f"}
{"level":"info","message":"Cart populated successfully for user: 69cffc773501407550e3096f"}
{"level":"info","message":"GET /api/cart/69cffc773501407550e3096f 200 - 22ms"}
{"level":"info","message":"Fetching cart for user: 69cffc773501407550e3096f"}
{"level":"info","message":"Cart populated successfully for user: 69cffc773501407550e3096f"}
{"level":"info","message":"GET /api/cart/69cffc773501407550e3096f 200 - 23ms"}
{"level":"info","message":"GET /api/wishlist 200 - 25ms"}
{"level":"info","message":"Cart populated successfully for user: 69cffc773501407550e3096f"}
{"level":"info","message":"GET /api/cart/69cffc773501407550e3096f 200 - 20ms"}
{"level":"info","message":"Fetching cart for user: 69cffc773501407550e3096f"}
{"level":"info","message":"Cart populated successfully for user: 69cffc773501407550e3096f"}
{"level":"info","message":"GET /api/cart/69cffc773501407550e3096f 200 - 10ms"}
{"level":"info","message":"GET /api/wishlist 200 - 15ms"}
{"level":"info","message":"Fetching cart for user: 69cffc773501407550e3096f"}
{"level":"info","message":"Cart populated successfully for user: 69cffc773501407550e3096f"}
{"level":"info","message":"PATCH /api/cart/toggle-selection 200 - 21ms"}
{"level":"info","message":"Fetching cart for user: 69cffc773501407550e3096f"}
{"level":"info","message":"Cart populated successfully for user: 69cffc773501407550e3096f"}
{"level":"info","message":"DELETE /api/cart/69cffc773501407550e3096f/69e9eca431ac51870958d775 200 - 9ms"}
{"level":"info","message":"Fetching cart for user: 69cffc773501407550e3096f"}
{"level":"info","message":"GET /api/admin/categories 200 - 8ms"}
{"level":"info","message":"Cart populated successfully for user: 69cffc773501407550e3096f"}
{"level":"info","message":"GET /api/cart/69cffc773501407550e3096f 200 - 17ms"}
{"level":"info","message":"GET /api/wishlist 200 - 28ms"}
{"level":"info","message":"GET /api/wishlist 200 - 28ms"}
{"level":"info","message":"GET /api/admin/categories 200 - 10ms"}
{"level":"info","message":"Fetching cart for user: 69cffc773501407550e3096f"}
{"level":"info","message":"GET /api/admin/products?page=1&limit=6&sortBy=createdAt&sortOrder=desc&minPrice=0&maxPrice=300000 200 - 31ms"}
{"level":"info","message":"Cart populated successfully for user: 69cffc773501407550e3096f"}
{"level":"info","message":"GET /api/cart/69cffc773501407550e3096f 200 - 13ms"}
{"level":"info","message":"GET /api/admin/products?page=1&limit=6&sortBy=createdAt&sortOrder=desc&minPrice=0&maxPrice=300000 200 - 31ms"}
{"level":"info","message":"Adding to cart: user=69cffc773501407550e3096f, product=69e7cd6306902c6c586723b7"}
{"level":"info","message":"Cart saved successfully for user: 69cffc773501407550e3096f"}
{"level":"info","message":"Fetching cart for user: 69cffc773501407550e3096f"}
{"level":"info","message":"Cart populated successfully for user: 69cffc773501407550e3096f"}
{"level":"info","message":"POST /api/cart/add 200 - 14ms"}
{"level":"info","message":"Fetching cart for user: 69cffc773501407550e3096f"}
{"level":"info","message":"Fetching cart for user: 69cffc773501407550e3096f"}
{"level":"info","message":"Fetching cart for user: 69cffc773501407550e3096f"}
{"level":"info","message":"Cart populated successfully for user: 69cffc773501407550e3096f"}
{"level":"info","message":"GET /api/cart/69cffc773501407550e3096f 200 - 32ms"}
{"level":"info","message":"Cart populated successfully for user: 69cffc773501407550e3096f"}
{"level":"info","message":"GET /api/cart/69cffc773501407550e3096f 200 - 29ms"}
{"level":"info","message":"Fetching cart for user: 69cffc773501407550e3096f"}
{"level":"info","message":"Cart populated successfully for user: 69cffc773501407550e3096f"}
{"level":"info","message":"GET /api/cart/69cffc773501407550e3096f 200 - 30ms"}
{"level":"info","message":"GET /api/wishlist 200 - 42ms"}
{"level":"info","message":"GET /api/wishlist 200 - 51ms"}
{"level":"info","message":"Cart populated successfully for user: 69cffc773501407550e3096f"}
{"level":"info","message":"GET /api/cart/69cffc773501407550e3096f 200 - 27ms"}
{"level":"info","message":"GET /uploads/avatars/avatar-1775506313660-437228526.jpg 304 - 5ms"}
{"level":"info","message":"Fetching cart for user: 69cffc773501407550e3096f"}
{"level":"info","message":"GET /api/auth/profile 200 - 48ms"}
{"level":"info","message":"Cart populated successfully for user: 69cffc773501407550e3096f"}
{"level":"info","message":"GET /api/cart/69cffc773501407550e3096f 200 - 45ms"}
{"level":"info","message":"GET /api/wishlist 200 - 54ms"}
{"level":"info","message":"GET /api/auth/profile 200 - 16ms"}
{"level":"info","message":"Fetching cart for user: 69cffc773501407550e3096f"}
{"level":"info","message":"Cart populated successfully for user: 69cffc773501407550e3096f"}
{"level":"info","message":"GET /api/cart/69cffc773501407550e3096f 200 - 8ms"}
{"level":"info","message":"GET /api/wishlist 200 - 12ms"}
{"level":"info","message":"Creating Razorpay order for user: 69cffc773501407550e3096f"}
{"level":"info","message":"Order created in DB: 69f269059306215f0097b17a"}
{"level":"info","message":"Processing payment for Order: 69f269059306215f0097b17a, Method: Razorpay"}
{"level":"info","message":"POST /api/orders/create 201 - 374ms"}
{"level":"info","message":"Verifying payment for user: 69cffc773501407550e3096f, Razorpay Order: order_SjRIla8LMFpXDD"}
{"level":"info","message":"Payment verified and order updated: 69f269059306215f0097b17a"}
{"level":"info","message":"POST /api/orders/verify 200 - 31ms"}
{"level":"info","message":"Fetching cart for user: 69cffc773501407550e3096f"}
{"level":"info","message":"Cart populated successfully for user: 69cffc773501407550e3096f"}
{"level":"info","message":"GET /api/cart/69cffc773501407550e3096f 200 - 6ms"}
{"level":"info","message":"Fetching cart for user: 69cffc773501407550e3096f"}
{"level":"info","message":"GET /api/wishlist 200 - 26ms"}
{"level":"info","message":"Cart populated successfully for user: 69cffc773501407550e3096f"}
{"level":"info","message":"GET /api/cart/69cffc773501407550e3096f 200 - 12ms"}
{"level":"info","message":"GET /api/admin/categories 200 - 35ms"}
{"level":"info","message":"GET /api/admin/products?page=1&limit=6&sortBy=createdAt&sortOrder=desc&minPrice=0&maxPrice=300000 200 - 44ms"}
{"level":"info","message":"GET /api/wishlist 200 - 23ms"}
{"level":"info","message":"GET /api/admin/categories 200 - 9ms"}
{"level":"info","message":"GET /api/admin/products?page=1&limit=6&sortBy=createdAt&sortOrder=desc&minPrice=0&maxPrice=300000 200 - 14ms"}
{"level":"info","message":"Fetching cart for user: 69cffc773501407550e3096f"}
{"level":"info","message":"Fetching cart for user: 69cffc773501407550e3096f"}
{"level":"info","message":"Fetching cart for user: 69cffc773501407550e3096f"}
{"level":"info","message":"Cart populated successfully for user: 69cffc773501407550e3096f"}
{"level":"info","message":"GET /api/cart/69cffc773501407550e3096f 200 - 14ms"}
{"level":"info","message":"Cart populated successfully for user: 69cffc773501407550e3096f"}
{"level":"info","message":"GET /api/cart/69cffc773501407550e3096f 200 - 15ms"}
{"level":"info","message":"Cart populated successfully for user: 69cffc773501407550e3096f"}
{"level":"info","message":"GET /api/cart/69cffc773501407550e3096f 200 - 23ms"}
{"level":"info","message":"Fetching cart for user: 69cffc773501407550e3096f"}
{"level":"info","message":"GET /api/wishlist 200 - 32ms"}
{"level":"info","message":"Cart populated successfully for user: 69cffc773501407550e3096f"}
{"level":"info","message":"GET /api/cart/69cffc773501407550e3096f 200 - 13ms"}
{"level":"info","message":"GET /api/wishlist 200 - 32ms"}
{"level":"info","message":"GET /api/admin/categories 200 - 5ms"}
{"level":"info","message":"GET /api/admin/products?page=1&limit=6&sortBy=createdAt&sortOrder=desc&minPrice=0&maxPrice=300000 200 - 13ms"}
{"level":"info","message":"Fetching cart for user: 69cffc773501407550e3096f"}
{"level":"info","message":"Fetching cart for user: 69cffc773501407550e3096f"}
{"level":"info","message":"GET /api/admin/categories 200 - 13ms"}
{"level":"info","message":"GET /api/admin/products?page=1&limit=6&sortBy=createdAt&sortOrder=desc&minPrice=0&maxPrice=300000 200 - 24ms"}
{"level":"info","message":"GET /api/wishlist 200 - 25ms"}
{"level":"info","message":"Cart populated successfully for user: 69cffc773501407550e3096f"}
{"level":"info","message":"GET /api/cart/69cffc773501407550e3096f 200 - 18ms"}
{"level":"info","message":"Cart populated successfully for user: 69cffc773501407550e3096f"}
{"level":"info","message":"GET /api/cart/69cffc773501407550e3096f 200 - 16ms"}
{"level":"info","message":"GET /api/wishlist 200 - 14ms"}
{"level":"info","message":"GET /uploads/avatars/avatar-1775506313660-437228526.jpg 304 - 1ms"}
{"level":"info","message":"GET /api/admin/products 200 - 35ms"}
{"level":"info","message":"Fetching cart for user: 69cffc773501407550e3096f"}
{"level":"info","message":"GET /api/admin/categories 200 - 34ms"}
{"level":"info","message":"Cart populated successfully for user: 69cffc773501407550e3096f"}
{"level":"info","message":"GET /api/cart/69cffc773501407550e3096f 200 - 27ms"}
{"level":"info","message":"GET /api/admin/categories 200 - 22ms"}
{"level":"info","message":"Fetching cart for user: 69cffc773501407550e3096f"}
{"level":"info","message":"GET /api/admin/products 200 - 55ms"}
{"level":"info","message":"GET /api/wishlist 200 - 43ms"}
{"level":"info","message":"Cart populated successfully for user: 69cffc773501407550e3096f"}
{"level":"info","message":"GET /api/cart/69cffc773501407550e3096f 200 - 13ms"}
{"level":"info","message":"GET /api/wishlist 200 - 15ms"}
{"level":"info","message":"User action - ADMIN_LOGIN by user: admin@smartshop.com"}
{"level":"info","message":"POST /api/admin/login 200 - 157ms"}
{"level":"info","message":"GET /api/coupons 200 - 9ms"}
{"level":"info","message":"GET /api/coupons 200 - 9ms"}
{"level":"info","message":"GET /api/admin/dashboard 200 - 6ms"}
{"level":"info","message":"GET /api/admin/categories 200 - 4ms"}
{"level":"info","message":"GET /api/admin/categories 200 - 5ms"}
{"level":"info","message":"GET /api/admin/products?page=1&limit=5 200 - 20ms"}
{"level":"info","message":"GET /api/admin/products?page=1&limit=5 200 - 18ms"}
{"level":"info","message":"GET /api/admin/categories 200 - 4ms"}
{"level":"info","message":"GET /api/admin/categories 200 - 13ms"}
{"level":"info","message":"GET /api/admin/orders 200 - 24ms"}
{"level":"info","message":"GET /api/admin/orders 200 - 26ms"}
{"level":"info","message":"GET /api/coupons 200 - 4ms"}
{"level":"info","message":"GET /api/coupons 200 - 4ms"}
{"level":"info","message":"MongoDB connected successfully"}
{"level":"info","message":"Server initialized successfully"}
{"level":"info","message":"Server running in development mode on port 5001"}
{"level":"info","message":"MongoDB connected successfully"}
{"level":"info","message":"Server initialized successfully"}
{"level":"info","message":"Server running in development mode on port 5001"}
{"level":"info","message":"MongoDB connected successfully"}
{"level":"info","message":"Server initialized successfully"}
{"level":"info","message":"Server running in development mode on port 5001"}
{"level":"info","message":"GET /api/admin/categories 200 - 16ms"}
{"level":"info","message":"GET /api/admin/products?page=1&limit=6&sortBy=createdAt&sortOrder=desc&minPrice=0&maxPrice=300000 200 - 40ms"}
{"level":"info","message":"GET /api/admin/categories 200 - 20ms"}
{"level":"info","message":"GET /api/admin/products?page=1&limit=6&sortBy=createdAt&sortOrder=desc&minPrice=0&maxPrice=300000 200 - 22ms"}
{"level":"info","message":"GET /api/admin/users 200 - 60ms"}
{"level":"info","message":"GET /api/admin/users 200 - 120ms"}
{"level":"info","message":"GET /api/admin/categories 200 - 21ms"}
{"level":"info","message":"GET /api/admin/categories 200 - 44ms"}
{"level":"info","message":"GET /api/admin/products?page=1&limit=5 200 - 46ms"}
{"level":"info","message":"GET /api/admin/products?page=1&limit=5 200 - 58ms"}
{"level":"info","message":"GET /api/admin/dashboard 200 - 5ms"}
{"level":"info","message":"MongoDB connected successfully"}
{"level":"info","message":"Server initialized successfully"}
{"level":"info","message":"Server running in development mode on port 5001"}
{"level":"info","message":"GET /api/admin/users 200 - 33ms"}
{"level":"info","message":"GET /api/admin/users 200 - 65ms"}
{"level":"info","message":"GET /api/admin/categories 200 - 19ms"}
{"level":"info","message":"GET /api/admin/categories 200 - 21ms"}
{"level":"info","message":"GET /api/admin/categories 200 - 4ms"}
{"level":"info","message":"GET /api/admin/categories 200 - 4ms"}
{"level":"info","message":"GET /api/admin/products?page=1&limit=5 200 - 31ms"}
{"level":"info","message":"GET /api/admin/products?page=1&limit=5 200 - 8ms"}
{"level":"info","message":"GET /api/admin/dashboard 200 - 31ms"}
{"level":"info","message":"GET /api/admin/orders 200 - 17ms"}
{"level":"info","message":"GET /api/admin/orders 200 - 22ms"}
{"level":"info","message":"GET /api/admin/dashboard 200 - 9ms"}
{"level":"info","message":"Adding to cart: user=69d3a5a5cbd2ffd19f09a5fe, product=69e7ce0f06902c6c586723bf"}
{"level":"info","message":"Cart saved successfully for user: 69d3a5a5cbd2ffd19f09a5fe"}
{"level":"info","message":"Fetching cart for user: 69d3a5a5cbd2ffd19f09a5fe"}
{"level":"info","message":"Cart populated successfully for user: 69d3a5a5cbd2ffd19f09a5fe"}
{"level":"info","message":"POST /api/cart/add 200 - 66ms"}
{"level":"info","message":"Fetching cart for user: 69d3a5a5cbd2ffd19f09a5fe"}
{"level":"info","message":"Fetching cart for user: 69d3a5a5cbd2ffd19f09a5fe"}
{"level":"info","message":"Cart populated successfully for user: 69d3a5a5cbd2ffd19f09a5fe"}
{"level":"info","message":"GET /api/cart/69d3a5a5cbd2ffd19f09a5fe 200 - 17ms"}
{"level":"info","message":"Cart populated successfully for user: 69d3a5a5cbd2ffd19f09a5fe"}
{"level":"info","message":"GET /api/cart/69d3a5a5cbd2ffd19f09a5fe 200 - 15ms"}
{"level":"info","message":"Fetching cart for user: 69d3a5a5cbd2ffd19f09a5fe"}
{"level":"info","message":"Fetching cart for user: 69d3a5a5cbd2ffd19f09a5fe"}
{"level":"info","message":"Cart populated successfully for user: 69d3a5a5cbd2ffd19f09a5fe"}
{"level":"info","message":"GET /api/cart/69d3a5a5cbd2ffd19f09a5fe 200 - 19ms"}
{"level":"info","message":"Cart populated successfully for user: 69d3a5a5cbd2ffd19f09a5fe"}
{"level":"info","message":"GET /api/cart/69d3a5a5cbd2ffd19f09a5fe 200 - 18ms"}
{"level":"info","message":"GET /api/admin/categories 200 - 21ms"}
{"level":"info","message":"GET /api/admin/categories 200 - 19ms"}
{"level":"info","message":"GET /api/admin/products 200 - 53ms"}
{"level":"info","message":"GET /api/admin/products 200 - 44ms"}
{"level":"info","message":"GET /api/admin/dashboard 200 - 14ms"}
{"level":"info","message":"GET /api/admin/dashboard 200 - 11ms"}
{"level":"info","message":"GET /api/admin/products 200 - 29ms"}
{"level":"info","message":"GET /api/admin/products 200 - 40ms"}
{"level":"info","message":"GET /api/admin/categories 200 - 7ms"}
{"level":"info","message":"GET /api/admin/categories 200 - 5ms"}
{"level":"info","message":"GET /api/admin/dashboard 200 - 47ms"}
{"level":"info","message":"GET /api/admin/dashboard 200 - 72ms"}
{"level":"info","message":"GET /api/admin/products 200 - 122ms"}
{"level":"info","message":"GET /api/admin/categories 200 - 100ms"}
{"level":"info","message":"GET /api/admin/categories 200 - 87ms"}
{"level":"info","message":"GET /api/admin/products 200 - 104ms"}
{"level":"info","message":"GET /api/admin/dashboard 200 - 39ms"}
{"level":"info","message":"GET /api/admin/dashboard 200 - 23ms"}
{"level":"info","message":"GET /api/auth/profile 401 - 7ms"}
{"level":"info","message":"GET /api/auth/profile 401 - 2ms"}
{"level":"info","message":"User login successful: viswajithviswa715@gmail.com"}
{"level":"info","message":"User action - USER_LOGIN by user: viswajithviswa715@gmail.com"}
{"level":"info","message":"POST /api/auth/login 200 - 120ms"}
{"level":"info","message":"GET /uploads/avatars/avatar-1775506313660-437228526.jpg 304 - 4ms"}
{"level":"info","message":"GET /api/admin/products 200 - 13ms"}
{"level":"info","message":"Fetching cart for user: 69cffc773501407550e3096f"}
{"level":"info","message":"GET /api/admin/categories 200 - 21ms"}
{"level":"info","message":"GET /api/admin/products 200 - 36ms"}
{"level":"info","message":"Fetching cart for user: 69cffc773501407550e3096f"}
{"level":"info","message":"Cart populated successfully for user: 69cffc773501407550e3096f"}
{"level":"info","message":"GET /api/cart/69cffc773501407550e3096f 200 - 38ms"}
{"level":"info","message":"Cart populated successfully for user: 69cffc773501407550e3096f"}
{"level":"info","message":"GET /api/cart/69cffc773501407550e3096f 200 - 17ms"}
{"level":"info","message":"GET /api/admin/categories 200 - 39ms"}
{"level":"info","message":"GET /api/wishlist 200 - 52ms"}
{"level":"info","message":"GET /api/wishlist 200 - 33ms"}
{"level":"info","message":"User login successful: viswajithviswa715@gmail.com"}
{"level":"info","message":"User action - USER_LOGIN by user: viswajithviswa715@gmail.com"}
{"level":"info","message":"POST /api/auth/login 200 - 68ms"}
{"level":"info","message":"GET /api/admin/products 200 - 16ms"}
{"level":"info","message":"GET /api/admin/categories 200 - 21ms"}
{"level":"info","message":"GET /api/admin/categories 200 - 23ms"}
{"level":"info","message":"GET /api/wishlist 200 - 41ms"}
{"level":"info","message":"Fetching cart for user: 69cffc773501407550e3096f"}
{"level":"info","message":"Fetching cart for user: 69cffc773501407550e3096f"}
{"level":"info","message":"Cart populated successfully for user: 69cffc773501407550e3096f"}
{"level":"info","message":"GET /api/cart/69cffc773501407550e3096f 200 - 9ms"}
{"level":"info","message":"GET /api/wishlist 200 - 40ms"}
{"level":"info","message":"Cart populated successfully for user: 69cffc773501407550e3096f"}
{"level":"info","message":"GET /api/cart/69cffc773501407550e3096f 200 - 17ms"}
{"level":"info","message":"GET /api/admin/products 200 - 38ms"}
{"level":"info","message":"User login successful: viswajithviswa715@gmail.com"}
{"level":"info","message":"User action - USER_LOGIN by user: viswajithviswa715@gmail.com"}
{"level":"info","message":"POST /api/auth/login 200 - 150ms"}
{"level":"info","message":"GET /uploads/avatars/avatar-1775506313660-437228526.jpg 304 - 5ms"}
{"level":"info","message":"GET /api/admin/categories 200 - 38ms"}
{"level":"info","message":"GET /api/admin/categories 200 - 55ms"}
{"level":"info","message":"GET /api/admin/products 200 - 70ms"}
{"level":"info","message":"GET /api/admin/products 200 - 83ms"}
{"level":"info","message":"GET /api/wishlist 200 - 77ms"}
{"level":"info","message":"Fetching cart for user: 69cffc773501407550e3096f"}
{"level":"info","message":"GET /api/wishlist 200 - 63ms"}
{"level":"info","message":"Cart populated successfully for user: 69cffc773501407550e3096f"}
{"level":"info","message":"GET /api/cart/69cffc773501407550e3096f 200 - 9ms"}
{"level":"info","message":"Fetching cart for user: 69cffc773501407550e3096f"}
{"level":"info","message":"Cart populated successfully for user: 69cffc773501407550e3096f"}
{"level":"info","message":"GET /api/cart/69cffc773501407550e3096f 200 - 4ms"}
{"level":"info","message":"User login successful: viswajithviswa715@gmail.com"}
{"level":"info","message":"User action - USER_LOGIN by user: viswajithviswa715@gmail.com"}
{"level":"info","message":"POST /api/auth/login 200 - 136ms"}
{"level":"info","message":"GET /uploads/avatars/avatar-1775506313660-437228526.jpg 304 - 2ms"}
{"level":"info","message":"Fetching cart for user: 69cffc773501407550e3096f"}
{"level":"info","message":"Fetching cart for user: 69cffc773501407550e3096f"}
{"level":"info","message":"GET /api/admin/categories 200 - 43ms"}
{"level":"info","message":"GET /api/admin/categories 200 - 43ms"}
{"level":"info","message":"Cart populated successfully for user: 69cffc773501407550e3096f"}
{"level":"info","message":"GET /api/cart/69cffc773501407550e3096f 200 - 32ms"}
{"level":"info","message":"GET /api/wishlist 200 - 51ms"}
{"level":"info","message":"Cart populated successfully for user: 69cffc773501407550e3096f"}
{"level":"info","message":"GET /api/cart/69cffc773501407550e3096f 200 - 29ms"}
{"level":"info","message":"GET /api/admin/products 200 - 86ms"}
{"level":"info","message":"GET /api/admin/products 200 - 50ms"}
{"level":"info","message":"GET /api/wishlist 200 - 50ms"}
{"level":"info","message":"User login successful: viswajithviswa715@gmail.com"}
{"level":"info","message":"User action - USER_LOGIN by user: viswajithviswa715@gmail.com"}
{"level":"info","message":"POST /api/auth/login 200 - 77ms"}
{"level":"info","message":"GET /uploads/avatars/avatar-1775506313660-437228526.jpg 304 - 1ms"}
{"level":"info","message":"GET /api/admin/categories 200 - 7ms"}
{"level":"info","message":"GET /api/admin/products 200 - 12ms"}
{"level":"info","message":"GET /api/wishlist 200 - 27ms"}
{"level":"info","message":"Fetching cart for user: 69cffc773501407550e3096f"}
{"level":"info","message":"Fetching cart for user: 69cffc773501407550e3096f"}
{"level":"info","message":"GET /api/wishlist 200 - 27ms"}
{"level":"info","message":"Cart populated successfully for user: 69cffc773501407550e3096f"}
{"level":"info","message":"GET /api/cart/69cffc773501407550e3096f 200 - 11ms"}
{"level":"info","message":"GET /api/admin/categories 200 - 27ms"}
{"level":"info","message":"Cart populated successfully for user: 69cffc773501407550e3096f"}
{"level":"info","message":"GET /api/cart/69cffc773501407550e3096f 200 - 29ms"}
{"level":"info","message":"GET /api/admin/products 200 - 54ms"}
{"level":"info","message":"Fetching cart for user: 69cffc773501407550e3096f"}
{"level":"info","message":"GET /api/admin/products 200 - 16ms"}
{"level":"info","message":"GET /api/admin/categories 200 - 15ms"}
{"level":"info","message":"Cart populated successfully for user: 69cffc773501407550e3096f"}
{"level":"info","message":"GET /api/cart/69cffc773501407550e3096f 200 - 11ms"}
{"level":"info","message":"GET /api/wishlist 200 - 27ms"}
{"level":"info","message":"GET /api/admin/categories 200 - 23ms"}
{"level":"info","message":"Fetching cart for user: 69cffc773501407550e3096f"}
{"level":"info","message":"GET /api/admin/products 200 - 36ms"}
{"level":"info","message":"Cart populated successfully for user: 69cffc773501407550e3096f"}
{"level":"info","message":"GET /api/cart/69cffc773501407550e3096f 200 - 9ms"}
{"level":"info","message":"GET /api/wishlist 200 - 17ms"}
{"level":"info","message":"Fetching cart for user: 69cffc773501407550e3096f"}
{"level":"info","message":"GET /api/admin/categories 200 - 9ms"}
{"level":"info","message":"Cart populated successfully for user: 69cffc773501407550e3096f"}
{"level":"info","message":"GET /api/cart/69cffc773501407550e3096f 200 - 11ms"}
{"level":"info","message":"GET /api/admin/categories 200 - 20ms"}
{"level":"info","message":"Fetching cart for user: 69cffc773501407550e3096f"}
{"level":"info","message":"GET /api/admin/products 200 - 33ms"}
{"level":"info","message":"GET /api/wishlist 200 - 33ms"}
{"level":"info","message":"Cart populated successfully for user: 69cffc773501407550e3096f"}
{"level":"info","message":"GET /api/cart/69cffc773501407550e3096f 200 - 13ms"}
{"level":"info","message":"GET /api/wishlist 200 - 17ms"}
{"level":"info","message":"GET /api/admin/products 200 - 41ms"}
{"level":"info","message":"User login successful: viswajithviswa715@gmail.com"}
{"level":"info","message":"User action - USER_LOGIN by user: viswajithviswa715@gmail.com"}
{"level":"info","message":"POST /api/auth/login 200 - 71ms"}
{"level":"info","message":"GET /api/admin/products 200 - 16ms"}
{"level":"info","message":"GET /api/admin/products 200 - 22ms"}
{"level":"info","message":"GET /api/admin/categories 200 - 10ms"}
{"level":"info","message":"GET /api/wishlist 200 - 35ms"}
{"level":"info","message":"Fetching cart for user: 69cffc773501407550e3096f"}
{"level":"info","message":"Fetching cart for user: 69cffc773501407550e3096f"}
{"level":"info","message":"Cart populated successfully for user: 69cffc773501407550e3096f"}
{"level":"info","message":"GET /api/cart/69cffc773501407550e3096f 200 - 9ms"}
{"level":"info","message":"Cart populated successfully for user: 69cffc773501407550e3096f"}
{"level":"info","message":"GET /api/cart/69cffc773501407550e3096f 200 - 13ms"}
{"level":"info","message":"GET /api/admin/categories 200 - 22ms"}
{"level":"info","message":"GET /api/wishlist 200 - 20ms"}
{"level":"info","message":"Fetching cart for user: 69cffc773501407550e3096f"}
{"level":"info","message":"GET /api/admin/categories 200 - 7ms"}
{"level":"info","message":"GET /api/admin/categories 200 - 15ms"}
{"level":"info","message":"Cart populated successfully for user: 69cffc773501407550e3096f"}
{"level":"info","message":"GET /api/cart/69cffc773501407550e3096f 200 - 20ms"}
{"level":"info","message":"GET /api/admin/products 200 - 33ms"}
{"level":"info","message":"GET /api/admin/products 200 - 33ms"}
{"level":"info","message":"Fetching cart for user: 69cffc773501407550e3096f"}
{"level":"info","message":"GET /api/wishlist 200 - 41ms"}
{"level":"info","message":"Cart populated successfully for user: 69cffc773501407550e3096f"}
{"level":"info","message":"GET /api/cart/69cffc773501407550e3096f 200 - 12ms"}
{"level":"info","message":"GET /api/wishlist 200 - 27ms"}
{"level":"info","message":"User login successful: viswajithviswa715@gmail.com"}
{"level":"info","message":"User action - USER_LOGIN by user: viswajithviswa715@gmail.com"}
{"level":"info","message":"POST /api/auth/login 200 - 152ms"}
{"level":"info","message":"GET /uploads/avatars/avatar-1775506313660-437228526.jpg 304 - 3ms"}
{"level":"info","message":"GET /api/wishlist 200 - 23ms"}
{"level":"info","message":"GET /api/admin/categories 200 - 33ms"}
{"level":"info","message":"GET /api/wishlist 200 - 40ms"}
{"level":"info","message":"GET /api/admin/categories 200 - 53ms"}
{"level":"info","message":"Fetching cart for user: 69cffc773501407550e3096f"}
{"level":"info","message":"Fetching cart for user: 69cffc773501407550e3096f"}
{"level":"info","message":"GET /api/admin/products 200 - 72ms"}
{"level":"info","message":"Cart populated successfully for user: 69cffc773501407550e3096f"}
{"level":"info","message":"GET /api/cart/69cffc773501407550e3096f 200 - 21ms"}
{"level":"info","message":"Cart populated successfully for user: 69cffc773501407550e3096f"}
{"level":"info","message":"GET /api/cart/69cffc773501407550e3096f 200 - 29ms"}
{"level":"info","message":"GET /api/admin/products 200 - 92ms"}
{"level":"info","message":"Fetching cart for user: 69cffc773501407550e3096f"}
{"level":"info","message":"Fetching cart for user: 69cffc773501407550e3096f"}
{"level":"info","message":"Cart populated successfully for user: 69cffc773501407550e3096f"}
{"level":"info","message":"GET /api/cart/69cffc773501407550e3096f 200 - 7ms"}
{"level":"info","message":"Cart populated successfully for user: 69cffc773501407550e3096f"}
{"level":"info","message":"GET /api/cart/69cffc773501407550e3096f 200 - 8ms"}
{"level":"info","message":"GET /api/admin/categories 200 - 10ms"}
{"level":"info","message":"GET /api/wishlist 200 - 19ms"}
{"level":"info","message":"Fetching cart for user: 69cffc773501407550e3096f"}
{"level":"info","message":"Cart populated successfully for user: 69cffc773501407550e3096f"}
{"level":"info","message":"GET /api/cart/69cffc773501407550e3096f 200 - 8ms"}
{"level":"info","message":"GET /api/admin/products?page=1&limit=6&sortBy=createdAt&sortOrder=desc&minPrice=0&maxPrice=300000 200 - 29ms"}
{"level":"info","message":"GET /api/admin/categories 200 - 11ms"}
{"level":"info","message":"Fetching cart for user: 69cffc773501407550e3096f"}
{"level":"info","message":"GET /api/admin/products?page=1&limit=6&sortBy=createdAt&sortOrder=desc&minPrice=0&maxPrice=300000 200 - 31ms"}
{"level":"info","message":"GET /api/wishlist 200 - 13ms"}
{"level":"info","message":"Cart populated successfully for user: 69cffc773501407550e3096f"}
{"level":"info","message":"GET /api/cart/69cffc773501407550e3096f 200 - 8ms"}
{"level":"info","message":"Adding to cart: user=69cffc773501407550e3096f, product=69e7ce6306902c6c586723c3"}
{"level":"info","message":"Cart saved successfully for user: 69cffc773501407550e3096f"}
{"level":"info","message":"Fetching cart for user: 69cffc773501407550e3096f"}
{"level":"info","message":"Cart populated successfully for user: 69cffc773501407550e3096f"}
{"level":"info","message":"POST /api/cart/add 200 - 14ms"}
{"level":"info","message":"MongoDB connected successfully"}
{"level":"info","message":"MongoDB connected successfully"}
{"level":"info","message":"Server initialized successfully"}
{"level":"info","message":"Server running in development mode on port 5001"}
{"level":"info","message":"User login successful: viswajithviswa715@gmail.com"}
{"level":"info","message":"User action - USER_LOGIN by user: viswajithviswa715@gmail.com"}
{"level":"info","message":"POST /api/auth/login 200 - 138ms"}
{"level":"info","message":"GET /uploads/avatars/avatar-1775506313660-437228526.jpg 304 - 2ms"}
{"level":"info","message":"Fetching cart for user: 69cffc773501407550e3096f"}
{"level":"info","message":"GET /api/admin/categories 200 - 77ms"}
{"level":"info","message":"Cart populated successfully for user: 69cffc773501407550e3096f"}
{"level":"info","message":"GET /api/cart/69cffc773501407550e3096f 200 - 85ms"}
{"level":"info","message":"Fetching cart for user: 69cffc773501407550e3096f"}
{"level":"info","message":"GET /api/admin/products 200 - 187ms"}
{"level":"info","message":"GET /api/wishlist 200 - 164ms"}
{"level":"info","message":"GET /api/wishlist 200 - 194ms"}
{"level":"info","message":"Cart populated successfully for user: 69cffc773501407550e3096f"}
{"level":"info","message":"GET /api/cart/69cffc773501407550e3096f 200 - 89ms"}
{"level":"info","message":"GET /api/admin/categories 200 - 28ms"}
{"level":"info","message":"GET /api/admin/products 200 - 99ms"}
{"level":"info","message":"User login successful: viswajithviswa715@gmail.com"}
{"level":"info","message":"User action - USER_LOGIN by user: viswajithviswa715@gmail.com"}
{"level":"info","message":"POST /api/auth/login 200 - 76ms"}
{"level":"info","message":"GET /api/admin/products 200 - 38ms"}
{"level":"info","message":"GET /api/admin/products 200 - 56ms"}
{"level":"info","message":"GET /api/admin/categories 200 - 9ms"}
{"level":"info","message":"Fetching cart for user: 69cffc773501407550e3096f"}
{"level":"info","message":"GET /api/admin/categories 200 - 29ms"}
{"level":"info","message":"Fetching cart for user: 69cffc773501407550e3096f"}
{"level":"info","message":"Cart populated successfully for user: 69cffc773501407550e3096f"}
{"level":"info","message":"GET /api/cart/69cffc773501407550e3096f 200 - 29ms"}
{"level":"info","message":"GET /api/wishlist 200 - 55ms"}
{"level":"info","message":"Cart populated successfully for user: 69cffc773501407550e3096f"}
{"level":"info","message":"GET /api/cart/69cffc773501407550e3096f 200 - 62ms"}
{"level":"info","message":"GET /api/wishlist 200 - 73ms"}
{"level":"info","message":"MongoDB connected successfully"}
{"level":"info","message":"Server initialized successfully"}
{"level":"info","message":"Server running in development mode on port 5001"}
{"level":"info","message":"MongoDB connected successfully"}
{"level":"info","message":"Server initialized successfully"}
{"level":"info","message":"Server running in development mode on port 5001"}
{"level":"info","message":"MongoDB connected successfully"}
{"level":"info","message":"Server initialized successfully"}
{"level":"info","message":"Server running in development mode on port 5001"}
{"level":"info","message":"Fetching cart for user: 69cffc773501407550e3096f"}
{"level":"info","message":"GET /api/admin/categories 200 - 42ms"}
{"level":"info","message":"GET /api/wishlist 200 - 68ms"}
{"level":"info","message":"GET /api/wishlist 200 - 62ms"}
{"level":"info","message":"GET /api/admin/products?page=1&limit=6&sortBy=createdAt&sortOrder=desc&minPrice=0&maxPrice=300000 200 - 101ms"}
{"level":"info","message":"Cart populated successfully for user: 69cffc773501407550e3096f"}
{"level":"info","message":"GET /api/cart/69cffc773501407550e3096f 200 - 78ms"}
{"level":"info","message":"GET /api/admin/categories 200 - 24ms"}
{"level":"info","message":"GET /api/admin/products?page=1&limit=6&sortBy=createdAt&sortOrder=desc&minPrice=0&maxPrice=300000 200 - 32ms"}
{"level":"info","message":"Fetching cart for user: 69cffc773501407550e3096f"}
{"level":"info","message":"Cart populated successfully for user: 69cffc773501407550e3096f"}
{"level":"info","message":"GET /api/cart/69cffc773501407550e3096f 200 - 13ms"}
{"level":"info","message":"Fetching cart for user: 69cffc773501407550e3096f"}
{"level":"info","message":"Fetching cart for user: 69cffc773501407550e3096f"}
{"level":"info","message":"GET /api/wishlist 200 - 47ms"}
{"level":"info","message":"Cart populated successfully for user: 69cffc773501407550e3096f"}
{"level":"info","message":"GET /api/cart/69cffc773501407550e3096f 200 - 50ms"}
{"level":"info","message":"GET /api/wishlist 200 - 54ms"}
{"level":"info","message":"Cart populated successfully for user: 69cffc773501407550e3096f"}
{"level":"info","message":"GET /api/cart/69cffc773501407550e3096f 200 - 50ms"}
{"level":"info","message":"GET /api/orders/my-orders 200 - 70ms"}
{"level":"info","message":"GET /api/orders/my-orders 200 - 69ms"}
{"level":"info","message":"Fetching cart for user: 69cffc773501407550e3096f"}
{"level":"info","message":"Fetching cart for user: 69cffc773501407550e3096f"}
{"level":"info","message":"Cart populated successfully for user: 69cffc773501407550e3096f"}
{"level":"info","message":"GET /api/cart/69cffc773501407550e3096f 200 - 16ms"}
{"level":"info","message":"Cart populated successfully for user: 69cffc773501407550e3096f"}
{"level":"info","message":"GET /api/cart/69cffc773501407550e3096f 200 - 20ms"}
{"level":"info","message":"Fetching cart for user: 69cffc773501407550e3096f"}
{"level":"info","message":"Fetching cart for user: 69cffc773501407550e3096f"}
{"level":"info","message":"Cart populated successfully for user: 69cffc773501407550e3096f"}
{"level":"info","message":"GET /api/cart/69cffc773501407550e3096f 200 - 23ms"}
{"level":"info","message":"Cart populated successfully for user: 69cffc773501407550e3096f"}
{"level":"info","message":"GET /api/cart/69cffc773501407550e3096f 200 - 38ms"}
{"level":"info","message":"MongoDB connected successfully"}
{"level":"info","message":"Server initialized successfully"}
{"level":"info","message":"Server running in development mode on port 5001"}
{"level":"info","message":"MongoDB connected successfully"}
{"level":"info","message":"Server initialized successfully"}
{"level":"info","message":"Server running in development mode on port 5001"}
{"level":"info","message":"MongoDB connected successfully"}
{"level":"info","message":"Server initialized successfully"}
{"level":"info","message":"Server running in development mode on port 5001"}
{"level":"info","message":"MongoDB connected successfully"}
{"level":"info","message":"Server initialized successfully"}
{"level":"info","message":"Server running in development mode on port 5001"}
{"level":"info","message":"MongoDB connected successfully"}
{"level":"info","message":"MongoDB connected successfully"}
{"level":"info","message":"Server initialized successfully"}
{"level":"info","message":"Server running in development mode on port 5001"}
{"level":"info","message":"MongoDB connected successfully"}
{"level":"info","message":"Server initialized successfully"}
{"level":"info","message":"Server running in development mode on port 5001"}
{"level":"info","message":"MongoDB connected successfully"}
{"level":"info","message":"Server initialized successfully"}
{"level":"info","message":"Server running in development mode on port 5001"}
{"level":"info","message":"MongoDB connected successfully"}
{"level":"info","message":"Server initialized successfully"}
{"level":"info","message":"Server running in development mode on port 5001"}
{"level":"info","message":"MongoDB connected successfully"}
{"level":"info","message":"Server initialized successfully"}
{"level":"info","message":"Server running in development mode on port 5001"}
{"level":"info","message":"MongoDB connected successfully"}
{"level":"info","message":"Server initialized successfully"}
{"level":"info","message":"Server running in development mode on port 5001"}
{"level":"info","message":"MongoDB connected successfully"}
{"level":"info","message":"Server initialized successfully"}
{"level":"info","message":"Server running in development mode on port 5001"}
{"level":"info","message":"MongoDB connected successfully"}
{"level":"info","message":"Server initialized successfully"}
{"level":"info","message":"Server running in development mode on port 5001"}
{"level":"info","message":"MongoDB connected successfully"}
{"level":"info","message":"Server initialized successfully"}
{"level":"info","message":"Server running in development mode on port 5001"}
{"level":"info","message":"MongoDB connected successfully"}
{"level":"info","message":"Server initialized successfully"}
{"level":"info","message":"Server running in development mode on port 5001"}
{"level":"info","message":"MongoDB connected successfully"}
{"level":"info","message":"Server initialized successfully"}
{"level":"info","message":"Server running in development mode on port 5001"}
{"level":"info","message":"MongoDB connected successfully"}
{"level":"info","message":"Server initialized successfully"}
{"level":"info","message":"Server running in development mode on port 5001"}
{"level":"info","message":"MongoDB connected successfully"}
{"level":"info","message":"Server initialized successfully"}
{"level":"info","message":"Server running in development mode on port 5001"}
{"level":"info","message":"MongoDB connected successfully"}
{"level":"info","message":"Server initialized successfully"}
{"level":"info","message":"Server running in development mode on port 5001"}
{"level":"info","message":"MongoDB connected successfully"}
{"level":"info","message":"Server initialized successfully"}
{"level":"info","message":"Server running in development mode on port 5001"}
{"level":"info","message":"MongoDB connected successfully"}
{"level":"info","message":"Server initialized successfully"}
{"level":"info","message":"Server running in development mode on port 5001"}
{"level":"info","message":"MongoDB connected successfully"}
{"level":"info","message":"Server initialized successfully"}
{"level":"info","message":"Server running in development mode on port 5001"}
{"level":"info","message":"MongoDB connected successfully"}
{"level":"info","message":"Server initialized successfully"}
{"level":"info","message":"Server running in development mode on port 5001"}
{"level":"info","message":"MongoDB connected successfully"}
{"level":"info","message":"Server initialized successfully"}
{"level":"info","message":"Server running in development mode on port 5001"}
{"level":"info","message":"MongoDB connected successfully"}
{"level":"info","message":"Server initialized successfully"}
{"level":"info","message":"Server running in development mode on port 5001"}
{"level":"info","message":"MongoDB connected successfully"}
{"level":"info","message":"Server initialized successfully"}
{"level":"info","message":"Server running in development mode on port 5001"}
{"level":"info","message":"MongoDB connected successfully"}
{"level":"info","message":"Server initialized successfully"}
{"level":"info","message":"Server running in development mode on port 5001"}
{"level":"info","message":"MongoDB connected successfully"}
{"level":"info","message":"Server initialized successfully"}
{"level":"info","message":"Server running in development mode on port 5001"}
{"level":"info","message":"MongoDB connected successfully"}
{"level":"info","message":"Server initialized successfully"}
{"level":"info","message":"Server running in development mode on port 5001"}
{"level":"info","message":"MongoDB connected successfully"}
{"level":"info","message":"Server initialized successfully"}
{"level":"info","message":"Server running in development mode on port 5001"}
{"level":"info","message":"MongoDB connected successfully"}
{"level":"info","message":"Server initialized successfully"}
{"level":"info","message":"Server running in development mode on port 5001"}
{"level":"info","message":"MongoDB connected successfully"}
{"level":"info","message":"Server initialized successfully"}
{"level":"info","message":"Server running in development mode on port 5001"}
{"level":"info","message":"MongoDB connected successfully"}
{"level":"info","message":"Server initialized successfully"}
{"level":"info","message":"Server running in development mode on port 5001"}
{"level":"info","message":"MongoDB connected successfully"}
{"level":"info","message":"Server initialized successfully"}
{"level":"info","message":"Server running in development mode on port 5001"}
{"level":"info","message":"MongoDB connected successfully"}
{"level":"info","message":"Server initialized successfully"}
{"level":"info","message":"Server running in development mode on port 5001"}
{"level":"info","message":"MongoDB connected successfully"}
{"level":"info","message":"Server initialized successfully"}
{"level":"info","message":"Server running in development mode on port 5001"}
{"level":"info","message":"MongoDB connected successfully"}
{"level":"info","message":"Server initialized successfully"}
{"level":"info","message":"Server running in development mode on port 5001"}
{"level":"info","message":"MongoDB connected successfully"}
{"level":"info","message":"Server initialized successfully"}
{"level":"info","message":"Server running in development mode on port 5001"}
{"level":"info","message":"MongoDB connected successfully"}
{"level":"info","message":"Server initialized successfully"}
{"level":"info","message":"Server running in development mode on port 5001"}
{"level":"info","message":"MongoDB connected successfully"}
{"level":"info","message":"Server initialized successfully"}
{"level":"info","message":"Server running in development mode on port 5001"}
{"level":"info","message":"MongoDB connected successfully"}
{"level":"info","message":"Server initialized successfully"}
{"level":"info","message":"Server running in development mode on port 5001"}
{"level":"info","message":"MongoDB connected successfully"}
{"level":"info","message":"Server initialized successfully"}
{"level":"info","message":"Server running in development mode on port 5001"}
{"level":"info","message":"MongoDB connected successfully"}
{"level":"info","message":"Server initialized successfully"}
{"level":"info","message":"Server running in development mode on port 5001"}
{"level":"info","message":"MongoDB connected successfully"}
{"level":"info","message":"Server initialized successfully"}
{"level":"info","message":"Server running in development mode on port 5001"}
{"level":"info","message":"MongoDB connected successfully"}
{"level":"info","message":"Server initialized successfully"}
{"level":"info","message":"Server running in development mode on port 5001"}
{"level":"info","message":"MongoDB connected successfully"}
{"level":"info","message":"Server initialized successfully"}
{"level":"info","message":"Server running in development mode on port 5001"}
{"level":"info","message":"MongoDB connected successfully"}
{"level":"info","message":"Server initialized successfully"}
{"level":"info","message":"Server running in development mode on port 5001"}
{"level":"info","message":"MongoDB connected successfully"}
{"level":"info","message":"Server initialized successfully"}
{"level":"info","message":"Server running in development mode on port 5001"}
{"level":"info","message":"MongoDB connected successfully"}
{"level":"info","message":"Server initialized successfully"}
{"level":"info","message":"Server running in development mode on port 5001"}
{"level":"info","message":"MongoDB connected successfully"}
{"level":"info","message":"Server initialized successfully"}
{"level":"info","message":"Server running in development mode on port 5001"}
{"level":"info","message":"MongoDB connected successfully"}
{"level":"info","message":"Server initialized successfully"}
{"level":"info","message":"Server running in development mode on port 5001"}
{"level":"info","message":"MongoDB connected successfully"}
{"level":"info","message":"Server initialized successfully"}
{"level":"info","message":"Server running in development mode on port 5001"}
{"level":"info","message":"MongoDB connected successfully"}
{"level":"info","message":"Server initialized successfully"}
{"level":"info","message":"Server running in development mode on port 5001"}
{"level":"info","message":"MongoDB connected successfully"}
{"level":"info","message":"Server initialized successfully"}
{"level":"info","message":"Server running in development mode on port 5001"}
{"level":"info","message":"MongoDB connected successfully"}
{"level":"info","message":"Server initialized successfully"}
{"level":"info","message":"Server running in development mode on port 5001"}
{"level":"info","message":"GET /uploads/avatars/avatar-1775506313660-437228526.jpg 304 - 21ms"}
{"level":"info","message":"GET /api/admin/categories 401 - 11ms"}
{"level":"info","message":"GET /api/admin/categories 401 - 6ms"}
{"level":"info","message":"GET /api/products 200 - 246ms"}
{"level":"info","message":"GET /api/cart 200 - 234ms"}
{"level":"info","message":"GET /api/products 200 - 192ms"}
{"level":"info","message":"User login successful: viswajithviswa715@gmail.com"}
{"level":"info","message":"POST /api/auth/login 200 - 105ms"}
{"level":"info","message":"GET /uploads/avatars/avatar-1775506313660-437228526.jpg 304 - 1ms"}
{"level":"info","message":"GET /api/admin/categories 401 - 7ms"}
{"level":"info","message":"GET /api/cart 200 - 50ms"}
{"level":"info","message":"GET /api/admin/categories 401 - 1ms"}
{"level":"info","message":"User login successful: viswajithviswa715@gmail.com"}
{"level":"info","message":"POST /api/auth/login 200 - 71ms"}
{"level":"info","message":"GET /uploads/avatars/avatar-1775506313660-437228526.jpg 304 - 1ms"}
{"level":"info","message":"GET /api/products 200 - 21ms"}
{"level":"info","message":"GET /api/categories 200 - 20ms"}
{"level":"info","message":"GET /api/cart 200 - 14ms"}
{"level":"info","message":"GET /api/products 200 - 18ms"}
{"level":"info","message":"GET /api/categories 200 - 9ms"}
{"level":"info","message":"GET /api/wishlist 200 - 29ms"}
{"level":"info","message":"GET /api/cart 200 - 41ms"}
{"level":"info","message":"GET /api/wishlist 200 - 32ms"}
{"level":"info","message":"GET /uploads/avatars/avatar-1775506313660-437228526.jpg 304 - 2ms"}
{"level":"info","message":"GET /api/products 200 - 44ms"}
{"level":"info","message":"GET /api/categories 200 - 23ms"}
{"level":"info","message":"GET /api/wishlist 200 - 103ms"}
{"level":"info","message":"GET /api/cart 200 - 113ms"}
{"level":"info","message":"GET /api/categories 200 - 90ms"}
{"level":"info","message":"GET /api/products 200 - 146ms"}
{"level":"info","message":"GET /api/cart 200 - 125ms"}
{"level":"info","message":"GET /api/wishlist 200 - 48ms"}
{"level":"info","message":"User login successful: viswajithviswa715@gmail.com"}
{"level":"info","message":"POST /api/auth/login 200 - 70ms"}
{"level":"info","message":"GET /api/products 200 - 11ms"}
{"level":"info","message":"GET /api/products 200 - 16ms"}
{"level":"info","message":"GET /api/categories 200 - 13ms"}
{"level":"info","message":"GET /api/wishlist 200 - 14ms"}
{"level":"info","message":"GET /api/categories 200 - 6ms"}
{"level":"info","message":"GET /api/cart 200 - 20ms"}
{"level":"info","message":"GET /api/wishlist 200 - 23ms"}
{"level":"info","message":"GET /api/cart 200 - 25ms"}
{"level":"info","message":"GET /api/products?page=1&limit=6&sortBy=createdAt&sortOrder=desc&minPrice=0&maxPrice=300000 200 - 9ms"}
{"level":"info","message":"GET /api/products?page=1&limit=6&sortBy=createdAt&sortOrder=desc&minPrice=0&maxPrice=300000 200 - 9ms"}
{"level":"info","message":"GET /api/categories 200 - 4ms"}
{"level":"info","message":"GET /api/wishlist 200 - 10ms"}
{"level":"info","message":"GET /api/cart 200 - 11ms"}
{"level":"info","message":"GET /api/categories 200 - 3ms"}
{"level":"info","message":"GET /api/wishlist 200 - 10ms"}
{"level":"info","message":"GET /api/cart 200 - 10ms"}
{"level":"info","message":"GET /api/cart 200 - 9ms"}
{"level":"info","message":"GET /api/wishlist 200 - 15ms"}
{"level":"info","message":"GET /api/wishlist 200 - 10ms"}
{"level":"info","message":"GET /api/cart 200 - 16ms"}
{"level":"info","message":"GET /api/orders/my-orders 200 - 25ms"}
{"level":"info","message":"GET /api/orders/my-orders 200 - 25ms"}
{"level":"info","message":"GET /api/products?page=1&limit=6&sortBy=createdAt&sortOrder=desc&minPrice=0&maxPrice=300000 200 - 8ms"}
{"level":"info","message":"GET /api/categories 200 - 3ms"}
{"level":"info","message":"GET /api/wishlist 200 - 10ms"}
{"level":"info","message":"GET /api/cart 200 - 18ms"}
{"level":"info","message":"GET /api/products?page=1&limit=6&sortBy=createdAt&sortOrder=desc&minPrice=0&maxPrice=300000 200 - 20ms"}
{"level":"info","message":"GET /api/categories 200 - 4ms"}
{"level":"info","message":"GET /api/wishlist 200 - 14ms"}
{"level":"info","message":"GET /api/cart 200 - 15ms"}
{"level":"info","message":"MongoDB connected successfully"}
{"level":"info","message":"MongoDB connected successfully"}
{"level":"info","message":"Server initialized successfully"}
{"level":"info","message":"Server running in development mode on port 5001"}
{"level":"info","message":"GET /uploads/avatars/avatar-1775506313660-437228526.jpg 304 - 2ms"}
{"level":"info","message":"GET /api/categories 200 - 50ms"}
{"level":"info","message":"GET /api/categories 200 - 58ms"}
{"level":"info","message":"GET /api/products 200 - 79ms"}
{"level":"info","message":"GET /api/products 200 - 77ms"}
{"level":"info","message":"GET /api/wishlist 200 - 22ms"}
{"level":"info","message":"GET /api/wishlist 200 - 65ms"}
{"level":"info","message":"GET /api/cart 200 - 40ms"}
{"level":"info","message":"GET /api/cart 200 - 77ms"}
{"level":"info","message":"GET /api/categories 200 - 11ms"}
{"level":"info","message":"GET /api/categories 200 - 18ms"}
{"level":"info","message":"GET /api/wishlist 200 - 37ms"}
{"level":"info","message":"GET /api/cart 200 - 43ms"}
{"level":"info","message":"GET /api/products?page=1&limit=6&sortBy=createdAt&sortOrder=desc&minPrice=0&maxPrice=300000 200 - 42ms"}
{"level":"info","message":"GET /api/cart 200 - 36ms"}
{"level":"info","message":"GET /api/wishlist 200 - 48ms"}
{"level":"info","message":"GET /api/products?page=1&limit=6&sortBy=createdAt&sortOrder=desc&minPrice=0&maxPrice=300000 200 - 12ms"}
{"level":"info","message":"GET /api/wishlist 200 - 26ms"}
{"level":"info","message":"GET /api/cart 200 - 27ms"}
{"level":"info","message":"GET /api/wishlist 200 - 31ms"}
{"level":"info","message":"GET /api/cart 200 - 35ms"}
{"level":"info","message":"GET /api/orders/my-orders 200 - 33ms"}
{"level":"info","message":"GET /api/orders/my-orders 200 - 42ms"}
{"level":"info","message":"GET /api/categories 200 - 6ms"}
{"level":"info","message":"GET /api/categories 200 - 9ms"}
{"level":"info","message":"GET /api/products?page=1&limit=6&sortBy=createdAt&sortOrder=desc&minPrice=0&maxPrice=300000 200 - 21ms"}
{"level":"info","message":"GET /api/products?page=1&limit=6&sortBy=createdAt&sortOrder=desc&minPrice=0&maxPrice=300000 200 - 32ms"}
{"level":"info","message":"GET /api/wishlist 200 - 28ms"}
{"level":"info","message":"GET /api/cart 200 - 21ms"}
{"level":"info","message":"GET /api/wishlist 200 - 36ms"}
{"level":"info","message":"GET /api/cart 200 - 27ms"}
{"level":"info","message":"GET /api/wishlist 200 - 40ms"}
{"level":"info","message":"GET /api/cart 200 - 44ms"}
{"level":"info","message":"GET /api/cart 200 - 46ms"}
{"level":"info","message":"GET /api/wishlist 200 - 48ms"}
{"level":"info","message":"GET /api/cart 200 - 64ms"}
{"level":"info","message":"GET /api/cart 200 - 60ms"}
{"level":"error","message":"Error: Item not found","stack":"NotFoundError: Item not found\n    at CartService.deleteCartItem (/home/tufa15/Documents/Menter_Bro/Full-Stack Project/SmartShop-AI/backend/features/cart/cartService.js:62:22)\n    at process.processTicksAndRejections (node:internal/process/task_queues:105:5)\n    at async deleteCartItem (/home/tufa15/Documents/Menter_Bro/Full-Stack Project/SmartShop-AI/backend/features/cart/cartController.js:37:20)"}
{"level":"info","message":"DELETE /api/cart/69cffc773501407550e3096f 404 - 6ms"}
{"level":"info","message":"GET /uploads/avatars/avatar-1775506313660-437228526.jpg 304 - 1ms"}
{"level":"info","message":"GET /api/cart 200 - 17ms"}
{"level":"info","message":"GET /api/wishlist 200 - 25ms"}
{"level":"info","message":"GET /api/cart 200 - 27ms"}
{"level":"info","message":"GET /api/wishlist 200 - 26ms"}
{"level":"info","message":"GET /api/cart 200 - 32ms"}
{"level":"info","message":"GET /api/cart 200 - 26ms"}
{"level":"error","message":"Error: Item not found","stack":"NotFoundError: Item not found\n    at CartService.deleteCartItem (/home/tufa15/Documents/Menter_Bro/Full-Stack Project/SmartShop-AI/backend/features/cart/cartService.js:62:22)\n    at process.processTicksAndRejections (node:internal/process/task_queues:105:5)\n    at async deleteCartItem (/home/tufa15/Documents/Menter_Bro/Full-Stack Project/SmartShop-AI/backend/features/cart/cartController.js:37:20)"}
{"level":"info","message":"DELETE /api/cart/69cffc773501407550e3096f 404 - 5ms"}
{"level":"info","message":"GET /uploads/avatars/avatar-1775506313660-437228526.jpg 304 - 2ms"}
{"level":"info","message":"GET /api/cart 200 - 39ms"}
{"level":"info","message":"GET /api/wishlist 200 - 49ms"}
{"level":"info","message":"GET /api/cart 200 - 46ms"}
{"level":"info","message":"GET /api/cart 200 - 70ms"}
{"level":"info","message":"GET /api/cart 200 - 49ms"}
{"level":"info","message":"GET /api/wishlist 200 - 64ms"}
{"level":"info","message":"DELETE /api/cart/69e7ce6306902c6c586723c3 200 - 18ms"}
{"level":"info","message":"GET /api/products?page=1&limit=6&sortBy=createdAt&sortOrder=desc&minPrice=0&maxPrice=300000 200 - 13ms"}
{"level":"info","message":"GET /api/categories 200 - 7ms"}
{"level":"info","message":"GET /api/categories 200 - 13ms"}
{"level":"info","message":"GET /api/products?page=1&limit=6&sortBy=createdAt&sortOrder=desc&minPrice=0&maxPrice=300000 200 - 23ms"}
{"level":"info","message":"GET /api/wishlist 200 - 36ms"}
{"level":"info","message":"GET /api/wishlist 200 - 21ms"}
{"level":"info","message":"GET /api/cart 200 - 25ms"}
{"level":"info","message":"GET /api/cart 200 - 18ms"}
{"level":"info","message":"POST /api/cart/add 200 - 16ms"}
{"level":"info","message":"GET /api/products?page=1&limit=6&sortBy=createdAt&sortOrder=desc&minPrice=0&maxPrice=300000&category=69df53225fee7d6f30f4cd08 200 - 16ms"}
{"level":"info","message":"GET /api/products?page=1&limit=6&sortBy=createdAt&sortOrder=desc&minPrice=0&maxPrice=300000 200 - 7ms"}
{"level":"info","message":"GET /api/products?page=1&limit=6&sortBy=price&sortOrder=asc&minPrice=0&maxPrice=300000 200 - 22ms"}
{"level":"info","message":"GET /api/products?page=1&limit=6&sortBy=createdAt&sortOrder=desc&minPrice=0&maxPrice=300000 200 - 10ms"}
{"level":"info","message":"GET /api/categories 200 - 24ms"}
{"level":"info","message":"GET /api/products 200 - 39ms"}
{"level":"info","message":"GET /api/products 200 - 37ms"}
{"level":"info","message":"GET /api/categories 200 - 17ms"}
{"level":"info","message":"GET /api/cart 200 - 36ms"}
{"level":"info","message":"GET /api/wishlist 200 - 40ms"}
{"level":"info","message":"GET /api/wishlist 200 - 35ms"}
{"level":"info","message":"GET /api/cart 200 - 20ms"}
{"level":"info","message":"GET /api/orders/my-orders 200 - 13ms"}
{"level":"info","message":"GET /api/orders/my-orders 200 - 15ms"}
{"level":"info","message":"GET /api/users/profile 200 - 6ms"}
{"level":"info","message":"User login successful: viswajithviswa715@gmail.com"}
{"level":"info","message":"POST /api/auth/login 200 - 92ms"}
{"level":"info","message":"GET /api/products 200 - 17ms"}
{"level":"info","message":"GET /api/categories 200 - 29ms"}
{"level":"info","message":"GET /api/categories 200 - 29ms"}
{"level":"info","message":"GET /api/wishlist 200 - 66ms"}
{"level":"info","message":"GET /api/products 200 - 64ms"}
{"level":"info","message":"GET /api/cart 200 - 24ms"}
{"level":"info","message":"GET /api/cart 200 - 62ms"}
{"level":"info","message":"GET /api/wishlist 200 - 50ms"}
{"level":"info","message":"GET /api/categories 200 - 9ms"}
{"level":"info","message":"GET /api/categories 200 - 10ms"}
{"level":"info","message":"GET /api/products?page=1&limit=6&sortBy=createdAt&sortOrder=desc&minPrice=0&maxPrice=300000 200 - 28ms"}
{"level":"info","message":"GET /api/products?page=1&limit=6&sortBy=createdAt&sortOrder=desc&minPrice=0&maxPrice=300000 200 - 29ms"}
{"level":"info","message":"GET /api/cart 200 - 29ms"}
{"level":"info","message":"GET /api/wishlist 200 - 30ms"}
{"level":"info","message":"GET /api/wishlist 200 - 20ms"}
{"level":"info","message":"GET /api/cart 200 - 19ms"}
{"level":"info","message":"POST /api/wishlist/toggle 200 - 16ms"}
{"level":"info","message":"GET /api/cart 200 - 22ms"}
{"level":"info","message":"GET /api/wishlist 200 - 24ms"}
{"level":"info","message":"GET /api/wishlist 200 - 33ms"}
{"level":"info","message":"GET /api/cart 200 - 28ms"}
{"level":"info","message":"POST /api/wishlist/toggle 200 - 11ms"}
{"level":"info","message":"MongoDB connected successfully"}
{"level":"info","message":"Server initialized successfully"}
{"level":"info","message":"Server running in development mode on port 5001"}
{"level":"info","message":"GET /uploads/avatars/avatar-1775506313660-437228526.jpg 304 - 9ms"}
{"level":"info","message":"GET /api/wishlist 200 - 103ms"}
{"level":"info","message":"GET /api/wishlist 200 - 64ms"}
{"level":"info","message":"GET /api/cart 200 - 67ms"}
{"level":"info","message":"GET /api/cart 200 - 55ms"}
{"level":"info","message":"GET /api/products?page=1&limit=6&sortBy=createdAt&sortOrder=desc&minPrice=0&maxPrice=300000 200 - 18ms"}
{"level":"info","message":"GET /api/categories 200 - 19ms"}
{"level":"info","message":"GET /api/products?page=1&limit=6&sortBy=createdAt&sortOrder=desc&minPrice=0&maxPrice=300000 200 - 31ms"}
{"level":"info","message":"GET /api/wishlist 200 - 32ms"}
{"level":"info","message":"GET /api/wishlist 200 - 27ms"}
{"level":"info","message":"GET /api/categories 200 - 20ms"}
{"level":"info","message":"GET /api/cart 200 - 29ms"}
{"level":"info","message":"GET /api/cart 200 - 26ms"}
{"level":"info","message":"POST /api/wishlist/toggle 200 - 17ms"}
{"level":"info","message":"GET /api/cart 200 - 25ms"}
{"level":"info","message":"GET /api/wishlist 200 - 27ms"}
{"level":"info","message":"GET /api/cart 200 - 36ms"}
{"level":"info","message":"GET /api/wishlist 200 - 33ms"}
{"level":"info","message":"POST /api/cart/add 200 - 20ms"}
{"level":"info","message":"POST /api/wishlist/toggle 200 - 24ms"}
{"level":"info","message":"GET /api/cart 200 - 8ms"}
{"level":"info","message":"GET /api/cart 200 - 9ms"}
{"level":"info","message":"PATCH /api/cart/toggle-selection 200 - 12ms"}
{"level":"info","message":"PATCH /api/cart/toggle-selection 200 - 11ms"}
{"level":"info","message":"DELETE /api/cart/69e9eca431ac51870958d775 200 - 11ms"}
{"level":"info","message":"GET /uploads/avatars/avatar-1775506313660-437228526.jpg 304 - 3ms"}
{"level":"info","message":"GET /api/wishlist 200 - 79ms"}
{"level":"info","message":"GET /api/cart 200 - 102ms"}
{"level":"info","message":"GET /api/wishlist 200 - 119ms"}
{"level":"info","message":"GET /api/cart 200 - 56ms"}
{"level":"info","message":"GET /api/cart 200 - 106ms"}
{"level":"info","message":"GET /api/cart 200 - 62ms"}
{"level":"info","message":"GET /uploads/avatars/avatar-1775506313660-437228526.jpg 304 - 1ms"}
{"level":"info","message":"GET /api/cart 200 - 72ms"}
{"level":"info","message":"GET /api/cart 200 - 86ms"}
{"level":"info","message":"GET /api/cart 200 - 93ms"}
{"level":"info","message":"GET /api/wishlist 200 - 88ms"}
{"level":"info","message":"GET /api/wishlist 200 - 84ms"}
{"level":"info","message":"GET /api/cart 200 - 69ms"}
{"level":"info","message":"GET /api/cart 200 - 14ms"}
{"level":"info","message":"MongoDB connected successfully"}
{"level":"info","message":"Server initialized successfully"}
{"level":"info","message":"Server running in development mode on port 5001"}
{"level":"info","message":"MongoDB connected successfully"}
{"level":"info","message":"Server initialized successfully"}
{"level":"info","message":"Server running in development mode on port 5001"}
{"level":"info","message":"MongoDB connected successfully"}
{"level":"info","message":"Server initialized successfully"}
{"level":"info","message":"Server running in development mode on port 5001"}
{"level":"info","message":"MongoDB connected successfully"}
{"level":"info","message":"Server initialized successfully"}
{"level":"info","message":"Server running in development mode on port 5001"}
{"level":"info","message":"MongoDB connected successfully"}
{"level":"info","message":"Server initialized successfully"}
{"level":"info","message":"Server running in development mode on port 5001"}
{"level":"info","message":"GET /api/users/profile 200 - 19ms"}
{"level":"info","message":"GET /api/users/profile 200 - 11ms"}
{"level":"info","message":"POST /api/orders/create 400 - 9ms"}
{"level":"info","message":"GET /api/users/profile 200 - 10ms"}
{"level":"info","message":"GET /api/users/profile 200 - 10ms"}
{"level":"info","message":"POST /api/orders/create 400 - 50ms"}
{"level":"info","message":"GET /api/cart 200 - 46ms"}
{"level":"info","message":"GET /api/cart 200 - 13ms"}
{"level":"info","message":"GET /api/users/profile 200 - 5ms"}
{"level":"info","message":"GET /api/users/profile 200 - 10ms"}
{"level":"info","message":"POST /api/orders/create 400 - 4ms"}
{"level":"info","message":"MongoDB connected successfully"}
{"level":"info","message":"Server initialized successfully"}
{"level":"info","message":"Server running in development mode on port 5001"}
{"level":"info","message":"MongoDB connected successfully"}
{"level":"info","message":"Server initialized successfully"}
{"level":"info","message":"Server running in development mode on port 5001"}
{"level":"info","message":"MongoDB connected successfully"}
{"level":"info","message":"Server initialized successfully"}
{"level":"info","message":"Server running in development mode on port 5001"}
{"level":"info","message":"MongoDB connected successfully"}
{"level":"info","message":"Server initialized successfully"}
{"level":"info","message":"Server running in development mode on port 5001"}
{"level":"info","message":"GET /uploads/avatars/avatar-1775506313660-437228526.jpg 304 - 14ms"}
{"level":"info","message":"GET /api/wishlist 200 - 117ms"}
{"level":"info","message":"GET /api/wishlist 200 - 154ms"}
{"level":"info","message":"GET /api/cart 200 - 157ms"}
{"level":"info","message":"GET /api/cart 200 - 138ms"}
{"level":"info","message":"MongoDB connected successfully"}
{"level":"info","message":"Server initialized successfully"}
{"level":"info","message":"Server running in development mode on port 5001"}
{"level":"info","message":"MongoDB connected successfully"}
{"level":"info","message":"Server initialized successfully"}
{"level":"info","message":"Server running in development mode on port 5001"}
{"level":"info","message":"GET /uploads/avatars/avatar-1775506313660-437228526.jpg 304 - 3ms"}
{"level":"info","message":"GET /api/cart 200 - 39ms"}
{"level":"info","message":"GET /api/wishlist 200 - 53ms"}
{"level":"info","message":"GET /api/wishlist 200 - 40ms"}
{"level":"info","message":"GET /api/cart 200 - 37ms"}
{"level":"info","message":"GET /api/cart 200 - 15ms"}
{"level":"info","message":"GET /api/cart 200 - 22ms"}
{"level":"info","message":"GET /api/users/profile 200 - 11ms"}
{"level":"info","message":"GET /api/users/profile 200 - 10ms"}
{"level":"info","message":"Processing payment for Order: 69f33eb94e444d413207f92b, Method: Razorpay"}
{"level":"info","message":"POST /api/orders/create 201 - 362ms"}
{"level":"info","message":"POST /api/orders/verify 200 - 23ms"}
{"level":"info","message":"GET /api/users/profile 200 - 6ms"}
{"level":"info","message":"GET /api/users/profile 200 - 8ms"}
{"level":"info","message":"GET /api/orders/my-orders 200 - 20ms"}
{"level":"info","message":"GET /api/orders/my-orders 200 - 23ms"}
{"level":"info","message":"GET /api/categories 200 - 4ms"}
{"level":"info","message":"GET /api/products 200 - 26ms"}
{"level":"info","message":"GET /api/products 200 - 11ms"}
{"level":"info","message":"GET /api/categories 200 - 4ms"}
{"level":"info","message":"GET /api/categories 200 - 3ms"}
{"level":"info","message":"GET /api/categories 200 - 7ms"}
{"level":"info","message":"GET /api/products?page=1&limit=6&sortBy=createdAt&sortOrder=desc&minPrice=0&maxPrice=300000 200 - 16ms"}
{"level":"info","message":"GET /api/products?page=1&limit=6&sortBy=createdAt&sortOrder=desc&minPrice=0&maxPrice=300000 200 - 17ms"}
{"level":"info","message":"GET /api/wishlist 200 - 12ms"}
{"level":"info","message":"GET /api/cart 200 - 15ms"}
{"level":"info","message":"GET /api/cart 200 - 17ms"}
{"level":"info","message":"GET /api/wishlist 200 - 22ms"}
{"level":"info","message":"GET /api/cart 200 - 17ms"}
{"level":"info","message":"GET /api/wishlist 200 - 25ms"}
{"level":"info","message":"GET /api/cart 200 - 20ms"}
{"level":"info","message":"GET /api/wishlist 200 - 34ms"}
{"level":"info","message":"GET /api/orders/my-orders 200 - 14ms"}
{"level":"info","message":"GET /api/orders/my-orders 200 - 17ms"}
{"level":"info","message":"GET /api/products?page=1&limit=6&sortBy=createdAt&sortOrder=desc&minPrice=0&maxPrice=300000 200 - 8ms"}
{"level":"info","message":"GET /api/categories 200 - 4ms"}
{"level":"info","message":"GET /api/products?page=1&limit=6&sortBy=createdAt&sortOrder=desc&minPrice=0&maxPrice=300000 200 - 16ms"}
{"level":"info","message":"GET /api/cart 200 - 10ms"}
{"level":"info","message":"GET /api/wishlist 200 - 22ms"}
{"level":"info","message":"GET /api/categories 200 - 7ms"}
{"level":"info","message":"GET /api/wishlist 200 - 10ms"}
{"level":"info","message":"GET /api/cart 200 - 5ms"}
{"level":"info","message":"GET /api/products?page=2&limit=6&sortBy=createdAt&sortOrder=desc&minPrice=0&maxPrice=300000 200 - 10ms"}
{"level":"info","message":"POST /api/cart/add 200 - 10ms"}
{"level":"info","message":"GET /api/cart 200 - 11ms"}
{"level":"info","message":"GET /api/cart 200 - 10ms"}
{"level":"info","message":"GET /api/wishlist 200 - 10ms"}
{"level":"info","message":"GET /api/cart 200 - 14ms"}
{"level":"info","message":"GET /api/wishlist 200 - 15ms"}
{"level":"info","message":"GET /api/cart 200 - 22ms"}
{"level":"info","message":"GET /api/users/profile 200 - 6ms"}
{"level":"info","message":"GET /api/users/profile 200 - 6ms"}
{"level":"info","message":"Processing payment for Order: 69f33f774e444d413207fa18, Method: Razorpay"}
{"level":"info","message":"POST /api/orders/create 201 - 270ms"}
{"level":"info","message":"POST /api/orders/verify 200 - 33ms"}
{"level":"info","message":"GET /uploads/avatars/avatar-1775506313660-437228526.jpg 304 - 2ms"}
{"level":"info","message":"GET /api/wishlist 200 - 15ms"}
{"level":"info","message":"GET /api/cart 200 - 12ms"}
{"level":"info","message":"GET /api/cart 200 - 12ms"}
{"level":"info","message":"GET /api/wishlist 200 - 20ms"}
{"level":"info","message":"GET /api/cart 200 - 9ms"}
{"level":"info","message":"GET /api/cart 200 - 10ms"}
{"level":"info","message":"GET /api/categories 200 - 7ms"}
{"level":"info","message":"GET /api/products?page=1&limit=6&sortBy=createdAt&sortOrder=desc&minPrice=0&maxPrice=300000 200 - 25ms"}
{"level":"info","message":"GET /api/categories 200 - 7ms"}
{"level":"info","message":"GET /api/wishlist 200 - 19ms"}
{"level":"info","message":"GET /api/products?page=1&limit=6&sortBy=createdAt&sortOrder=desc&minPrice=0&maxPrice=300000 200 - 23ms"}
{"level":"info","message":"GET /api/wishlist 200 - 22ms"}
{"level":"info","message":"GET /api/cart 200 - 19ms"}
{"level":"info","message":"GET /api/cart 200 - 7ms"}
{"level":"info","message":"GET /api/products?page=2&limit=6&sortBy=createdAt&sortOrder=desc&minPrice=0&maxPrice=300000 200 - 8ms"}
{"level":"info","message":"POST /api/cart/add 200 - 20ms"}
{"level":"info","message":"GET /api/cart 200 - 9ms"}
{"level":"info","message":"GET /api/cart 200 - 12ms"}
{"level":"info","message":"GET /api/wishlist 200 - 14ms"}
{"level":"info","message":"GET /api/wishlist 200 - 20ms"}
{"level":"info","message":"GET /api/cart 200 - 24ms"}
{"level":"info","message":"GET /api/cart 200 - 21ms"}
{"level":"info","message":"GET /api/users/profile 200 - 7ms"}
{"level":"info","message":"GET /api/users/profile 200 - 10ms"}
{"level":"info","message":"Processing payment for Order: 69f33fef4e444d413207fa8f, Method: Razorpay"}
{"level":"info","message":"POST /api/orders/create 201 - 251ms"}
{"level":"info","message":"POST /api/orders/verify 200 - 36ms"}
{"level":"info","message":"GET /api/users/profile 200 - 9ms"}
{"level":"info","message":"GET /api/users/profile 200 - 10ms"}
{"level":"info","message":"GET /api/orders/my-orders 200 - 17ms"}
{"level":"info","message":"GET /api/orders/my-orders 200 - 19ms"}
{"level":"info","message":"POST /api/orders/69f33fef4e444d413207fa8f/cancel 200 - 36ms"}
{"level":"info","message":"GET /api/orders/my-orders 200 - 29ms"}
{"level":"info","message":"GET /api/users/profile 200 - 14ms"}
{"level":"info","message":"GET /api/orders/my-orders 200 - 15ms"}
{"level":"info","message":"GET /api/orders/my-orders 200 - 28ms"}
{"level":"info","message":"GET /api/wishlist 200 - 28ms"}
{"level":"info","message":"GET /api/cart 200 - 9ms"}
{"level":"info","message":"GET /api/cart 200 - 21ms"}
{"level":"info","message":"GET /api/wishlist 200 - 35ms"}
{"level":"info","message":"GET /api/wishlist 200 - 11ms"}
{"level":"info","message":"GET /api/products?page=1&limit=6&sortBy=createdAt&sortOrder=desc&minPrice=0&maxPrice=300000 200 - 19ms"}
{"level":"info","message":"GET /api/categories 200 - 12ms"}
{"level":"info","message":"GET /api/wishlist 200 - 24ms"}
{"level":"info","message":"GET /api/cart 200 - 19ms"}
{"level":"info","message":"GET /api/categories 200 - 4ms"}
{"level":"info","message":"GET /api/products?page=1&limit=6&sortBy=createdAt&sortOrder=desc&minPrice=0&maxPrice=300000 200 - 11ms"}
{"level":"info","message":"GET /api/cart 200 - 7ms"}
{"level":"info","message":"POST /api/cart/add 200 - 10ms"}
{"level":"info","message":"GET /api/products 200 - 7ms"}
{"level":"info","message":"GET /api/categories 200 - 6ms"}
{"level":"info","message":"GET /api/categories 200 - 10ms"}
{"level":"info","message":"GET /api/products 200 - 22ms"}
{"level":"info","message":"GET /api/wishlist 200 - 14ms"}
{"level":"info","message":"GET /api/cart 200 - 15ms"}
{"level":"info","message":"GET /api/wishlist 200 - 21ms"}
{"level":"info","message":"GET /api/cart 200 - 19ms"}
{"level":"info","message":"User login successful: viswajithviswa715@gmail.com"}
{"level":"info","message":"POST /api/auth/login 200 - 91ms"}
{"level":"info","message":"GET /api/products 200 - 7ms"}
{"level":"info","message":"GET /api/categories 200 - 4ms"}
{"level":"info","message":"GET /api/categories 200 - 9ms"}
{"level":"info","message":"GET /api/products 200 - 26ms"}
{"level":"info","message":"GET /api/wishlist 200 - 42ms"}
{"level":"info","message":"GET /api/cart 200 - 18ms"}
{"level":"info","message":"GET /api/wishlist 200 - 46ms"}
{"level":"info","message":"GET /api/cart 200 - 19ms"}
{"level":"info","message":"GET /uploads/avatars/avatar-1775506313660-437228526.jpg 304 - 0ms"}
{"level":"info","message":"GET /api/products 200 - 13ms"}
{"level":"info","message":"GET /api/categories 200 - 9ms"}
{"level":"info","message":"GET /api/categories 200 - 14ms"}
{"level":"info","message":"GET /api/wishlist 200 - 25ms"}
{"level":"info","message":"GET /api/products 200 - 25ms"}
{"level":"info","message":"GET /api/cart 200 - 28ms"}
{"level":"info","message":"GET /api/wishlist 200 - 22ms"}
{"level":"info","message":"GET /api/cart 200 - 15ms"}
{"level":"info","message":"GET /api/users/profile 200 - 8ms"}
{"level":"info","message":"GET /api/users/profile 200 - 8ms"}
{"level":"info","message":"GET /api/products?page=1&limit=6&sortBy=createdAt&sortOrder=desc&minPrice=0&maxPrice=300000 200 - 8ms"}
{"level":"info","message":"GET /api/categories 200 - 4ms"}
{"level":"info","message":"GET /api/categories 200 - 5ms"}
{"level":"info","message":"GET /api/products?page=1&limit=6&sortBy=createdAt&sortOrder=desc&minPrice=0&maxPrice=300000 200 - 12ms"}
{"level":"info","message":"GET /api/wishlist 200 - 10ms"}
{"level":"info","message":"GET /api/cart 200 - 15ms"}
{"level":"info","message":"GET /api/wishlist 200 - 19ms"}
{"level":"info","message":"GET /api/cart 200 - 14ms"}
{"level":"info","message":"User login successful: viswajithviswa715@gmail.com"}
{"level":"info","message":"POST /api/auth/login 200 - 77ms"}
{"level":"info","message":"GET /api/products 200 - 22ms"}
{"level":"info","message":"GET /api/categories 200 - 20ms"}
{"level":"info","message":"GET /api/products 200 - 18ms"}
{"level":"info","message":"GET /api/wishlist 200 - 19ms"}
{"level":"info","message":"GET /api/categories 200 - 6ms"}
{"level":"info","message":"GET /api/cart 200 - 19ms"}
{"level":"info","message":"GET /api/wishlist 200 - 15ms"}
{"level":"info","message":"GET /api/cart 200 - 13ms"}
{"level":"info","message":"GET /uploads/avatars/avatar-1775506313660-437228526.jpg 304 - 9ms"}
{"level":"info","message":"GET /api/categories 200 - 41ms"}
{"level":"info","message":"GET /api/cart 200 - 108ms"}
{"level":"info","message":"GET /api/wishlist 200 - 91ms"}
{"level":"info","message":"GET /api/categories 200 - 76ms"}
{"level":"info","message":"GET /api/products 200 - 169ms"}
{"level":"info","message":"GET /api/products 200 - 127ms"}
{"level":"info","message":"GET /api/cart 200 - 45ms"}
{"level":"info","message":"GET /api/wishlist 200 - 128ms"}
{"level":"info","message":"GET /uploads/avatars/avatar-1775506313660-437228526.jpg 304 - 2ms"}
{"level":"info","message":"GET /api/categories 200 - 13ms"}
{"level":"info","message":"GET /api/products 200 - 39ms"}
{"level":"info","message":"GET /api/cart 200 - 54ms"}
{"level":"info","message":"GET /api/categories 200 - 43ms"}
{"level":"info","message":"GET /api/wishlist 200 - 70ms"}
{"level":"info","message":"GET /api/products 200 - 79ms"}
{"level":"info","message":"GET /api/wishlist 200 - 82ms"}
{"level":"info","message":"GET /api/cart 200 - 68ms"}
{"level":"info","message":"GET /uploads/avatars/avatar-1775506313660-437228526.jpg 304 - 5ms"}
{"level":"info","message":"GET /api/categories 200 - 30ms"}
{"level":"info","message":"GET /api/users/profile 200 - 39ms"}
{"level":"info","message":"GET /api/categories 200 - 14ms"}
{"level":"info","message":"GET /api/wishlist 200 - 45ms"}
{"level":"info","message":"GET /api/users/profile 200 - 33ms"}
{"level":"info","message":"GET /api/cart 200 - 46ms"}
{"level":"info","message":"GET /api/products 200 - 109ms"}
{"level":"info","message":"GET /api/wishlist 200 - 49ms"}
{"level":"info","message":"GET /api/products 200 - 55ms"}
{"level":"info","message":"GET /api/cart 200 - 19ms"}
{"level":"info","message":"User login successful: viswajithviswa715@gmail.com"}
{"level":"info","message":"POST /api/auth/login 200 - 89ms"}
{"level":"info","message":"GET /api/products 200 - 13ms"}
{"level":"info","message":"GET /api/categories 200 - 6ms"}
{"level":"info","message":"GET /api/categories 200 - 11ms"}
{"level":"info","message":"GET /api/products 200 - 26ms"}
{"level":"info","message":"GET /api/users/profile 200 - 24ms"}
{"level":"info","message":"GET /api/users/profile 200 - 19ms"}
{"level":"info","message":"GET /api/wishlist 200 - 22ms"}
{"level":"info","message":"GET /api/cart 200 - 23ms"}
{"level":"info","message":"GET /api/cart 200 - 25ms"}
{"level":"info","message":"GET /api/wishlist 200 - 25ms"}
{"level":"info","message":"GET /api/users/profile 200 - 7ms"}
{"level":"info","message":"GET /api/users/profile 200 - 9ms"}
{"level":"info","message":"GET /api/cart 200 - 15ms"}
{"level":"info","message":"GET /api/cart 200 - 16ms"}
{"level":"info","message":"GET /api/products 200 - 19ms"}
{"level":"info","message":"GET /api/categories 200 - 14ms"}
{"level":"info","message":"GET /api/categories 200 - 5ms"}
{"level":"info","message":"GET /api/products 200 - 30ms"}
{"level":"info","message":"GET /api/categories 200 - 2ms"}
{"level":"info","message":"GET /api/categories 200 - 2ms"}
{"level":"info","message":"GET /api/products?page=1&limit=6&sortBy=createdAt&sortOrder=desc&minPrice=0&maxPrice=300000 200 - 15ms"}
{"level":"info","message":"GET /api/users/profile 200 - 15ms"}
{"level":"info","message":"GET /api/wishlist 200 - 22ms"}
{"level":"info","message":"GET /api/cart 200 - 32ms"}
{"level":"info","message":"GET /api/products?page=1&limit=6&sortBy=createdAt&sortOrder=desc&minPrice=0&maxPrice=300000 200 - 35ms"}
{"level":"info","message":"GET /api/wishlist 200 - 22ms"}
{"level":"info","message":"GET /api/users/profile 200 - 34ms"}
{"level":"info","message":"GET /api/cart 200 - 30ms"}
{"level":"info","message":"GET /api/users/profile 200 - 19ms"}
{"level":"info","message":"GET /api/wishlist 200 - 26ms"}
{"level":"info","message":"GET /api/users/profile 200 - 34ms"}
{"level":"info","message":"GET /api/cart 200 - 37ms"}
{"level":"info","message":"GET /api/cart 200 - 38ms"}
{"level":"info","message":"GET /api/wishlist 200 - 39ms"}
{"level":"info","message":"GET /api/orders/my-orders 200 - 25ms"}
{"level":"info","message":"GET /api/orders/my-orders 200 - 20ms"}
{"level":"info","message":"GET /api/categories 200 - 12ms"}
{"level":"info","message":"GET /api/categories 200 - 14ms"}
{"level":"info","message":"GET /api/products 200 - 41ms"}
{"level":"info","message":"GET /api/products 200 - 19ms"}
{"level":"info","message":"GET /api/orders/my-orders 200 - 24ms"}
{"level":"info","message":"GET /api/orders/my-orders 200 - 23ms"}
{"level":"info","message":"GET /api/orders/my-orders 200 - 27ms"}
{"level":"info","message":"GET /api/users/profile 200 - 25ms"}
{"level":"info","message":"GET /api/orders/my-orders 200 - 66ms"}
{"level":"info","message":"GET /api/orders/my-orders 200 - 66ms"}
{"level":"info","message":"GET /api/users/profile 200 - 60ms"}
{"level":"info","message":"GET /api/wishlist 200 - 55ms"}
{"level":"info","message":"GET /api/wishlist 200 - 57ms"}
{"level":"info","message":"GET /api/cart 200 - 70ms"}
{"level":"info","message":"GET /api/cart 200 - 28ms"}
{"level":"info","message":"GET /api/orders/my-orders 200 - 25ms"}
{"level":"info","message":"GET /api/orders/my-orders 200 - 21ms"}
{"level":"info","message":"GET /api/users/profile 200 - 14ms"}
{"level":"info","message":"GET /api/wishlist 200 - 22ms"}
{"level":"info","message":"GET /api/users/profile 200 - 18ms"}
{"level":"info","message":"GET /api/wishlist 200 - 26ms"}
{"level":"info","message":"GET /api/cart 200 - 32ms"}
{"level":"info","message":"GET /api/cart 200 - 19ms"}
{"level":"info","message":"GET /api/users/profile 200 - 18ms"}
{"level":"info","message":"GET /api/categories 200 - 15ms"}
{"level":"info","message":"GET /api/cart 200 - 24ms"}
{"level":"info","message":"GET /api/categories 200 - 9ms"}
{"level":"info","message":"GET /api/wishlist 200 - 34ms"}
{"level":"info","message":"GET /api/products?page=1&limit=6&sortBy=createdAt&sortOrder=desc&minPrice=0&maxPrice=300000 200 - 56ms"}
{"level":"info","message":"GET /api/products?page=1&limit=6&sortBy=createdAt&sortOrder=desc&minPrice=0&maxPrice=300000 200 - 48ms"}
{"level":"info","message":"GET /api/users/profile 200 - 29ms"}
{"level":"info","message":"GET /api/wishlist 200 - 29ms"}
{"level":"info","message":"GET /api/cart 200 - 15ms"}
{"level":"info","message":"GET /api/categories 200 - 20ms"}
{"level":"info","message":"GET /api/users/profile 200 - 46ms"}
{"level":"info","message":"GET /api/categories 200 - 48ms"}
{"level":"info","message":"GET /api/users/profile 200 - 70ms"}
{"level":"info","message":"GET /api/wishlist 200 - 49ms"}
{"level":"info","message":"GET /api/products 200 - 75ms"}
{"level":"info","message":"GET /api/wishlist 200 - 70ms"}
{"level":"info","message":"GET /api/cart 200 - 52ms"}
{"level":"info","message":"GET /api/cart 200 - 40ms"}
{"level":"info","message":"GET /api/products 200 - 10ms"}
{"level":"info","message":"GET /api/categories 200 - 6ms"}
{"level":"info","message":"GET /api/products?page=1&limit=6&sortBy=createdAt&sortOrder=desc&minPrice=0&maxPrice=300000 200 - 33ms"}
{"level":"info","message":"GET /api/users/profile 200 - 33ms"}
{"level":"info","message":"GET /api/categories 200 - 34ms"}
{"level":"info","message":"GET /api/wishlist 200 - 63ms"}
{"level":"info","message":"GET /api/cart 200 - 59ms"}
{"level":"info","message":"GET /api/users/profile 200 - 22ms"}
{"level":"info","message":"GET /api/products?page=1&limit=6&sortBy=createdAt&sortOrder=desc&minPrice=0&maxPrice=300000 200 - 70ms"}
{"level":"info","message":"GET /api/wishlist 200 - 38ms"}
{"level":"info","message":"GET /api/cart 200 - 27ms"}
{"level":"info","message":"GET /api/users/profile 200 - 10ms"}
{"level":"info","message":"GET /api/users/profile 200 - 22ms"}
{"level":"info","message":"GET /api/wishlist 200 - 31ms"}
{"level":"info","message":"GET /api/cart 200 - 36ms"}
{"level":"info","message":"GET /api/cart 200 - 23ms"}
{"level":"info","message":"GET /api/wishlist 200 - 39ms"}
{"level":"info","message":"GET /api/orders/my-orders 200 - 35ms"}
{"level":"info","message":"GET /api/orders/my-orders 200 - 15ms"}
{"level":"info","message":"GET /api/products 200 - 11ms"}
{"level":"info","message":"GET /api/categories 200 - 6ms"}
{"level":"info","message":"GET /api/categories 200 - 8ms"}
{"level":"info","message":"GET /api/products 200 - 30ms"}
{"level":"info","message":"GET /api/categories 200 - 2ms"}
{"level":"info","message":"GET /api/categories 200 - 4ms"}
{"level":"info","message":"GET /api/products?page=1&limit=6&sortBy=createdAt&sortOrder=desc&minPrice=0&maxPrice=300000 200 - 11ms"}
{"level":"info","message":"GET /api/wishlist 200 - 21ms"}
{"level":"info","message":"GET /api/products?page=1&limit=6&sortBy=createdAt&sortOrder=desc&minPrice=0&maxPrice=300000 200 - 26ms"}
{"level":"info","message":"GET /api/cart 200 - 24ms"}
{"level":"info","message":"GET /api/users/profile 200 - 21ms"}
{"level":"info","message":"GET /api/users/profile 200 - 25ms"}
{"level":"info","message":"GET /api/wishlist 200 - 24ms"}
{"level":"info","message":"GET /api/cart 200 - 10ms"}
{"level":"info","message":"GET /api/users/profile 200 - 13ms"}
{"level":"info","message":"GET /api/wishlist 200 - 30ms"}
{"level":"info","message":"GET /api/cart 200 - 29ms"}
{"level":"info","message":"GET /api/orders/my-orders 200 - 30ms"}
{"level":"info","message":"GET /api/orders/my-orders 200 - 40ms"}
{"level":"info","message":"GET /api/users/profile 200 - 35ms"}
{"level":"info","message":"GET /api/wishlist 200 - 26ms"}
{"level":"info","message":"GET /api/cart 200 - 20ms"}
{"level":"info","message":"GET /api/cart 200 - 13ms"}
{"level":"info","message":"GET /api/cart 200 - 12ms"}
{"level":"info","message":"GET /api/users/profile 200 - 8ms"}
{"level":"info","message":"GET /api/users/profile 200 - 7ms"}
{"level":"info","message":"GET /api/cart 200 - 12ms"}
{"level":"info","message":"GET /api/cart 200 - 12ms"}
{"level":"info","message":"GET /api/users/profile 200 - 5ms"}
{"level":"info","message":"GET /api/users/profile 200 - 8ms"}
{"level":"info","message":"Processing payment for Order: 69f34b794e444d413207ffe7, Method: Razorpay"}
{"level":"info","message":"POST /api/orders/create 201 - 413ms"}
{"level":"info","message":"GET /api/orders/my-orders 200 - 16ms"}
{"level":"info","message":"GET /api/orders/my-orders 200 - 18ms"}
{"level":"info","message":"GET /api/categories 200 - 10ms"}
{"level":"info","message":"GET /api/categories 200 - 17ms"}
{"level":"info","message":"GET /api/products 200 - 30ms"}
{"level":"info","message":"GET /api/products 200 - 29ms"}
{"level":"info","message":"GET /api/products?page=1&limit=6&sortBy=createdAt&sortOrder=desc&minPrice=0&maxPrice=300000 200 - 9ms"}
{"level":"info","message":"GET /api/categories 200 - 8ms"}
{"level":"info","message":"GET /api/categories 200 - 6ms"}
{"level":"info","message":"GET /api/wishlist 200 - 31ms"}
{"level":"info","message":"GET /api/users/profile 200 - 29ms"}
{"level":"info","message":"GET /api/cart 200 - 30ms"}
{"level":"info","message":"GET /api/users/profile 200 - 14ms"}
{"level":"info","message":"GET /api/products?page=1&limit=6&sortBy=createdAt&sortOrder=desc&minPrice=0&maxPrice=300000 200 - 36ms"}
{"level":"info","message":"GET /api/wishlist 200 - 23ms"}
{"level":"info","message":"GET /api/cart 200 - 20ms"}
