{"level":"info","message":"MongoDB connected successfully"}
{"level":"info","message":"Server initialized successfully"}
{"level":"info","message":"Server running in development mode on port 5001"}
{"level":"info","message":"User login successful: viswajithviswa715@gmail.com"}
{"level":"info","message":"POST /api/auth/login 200 - 135ms"}
{"level":"info","message":"GET /uploads/avatars/avatar-1782629991488-32965408.jpg 304 - 2ms"}
{"level":"info","message":"GET /api/categories 200 - 28ms"}
{"level":"info","message":"GET /api/categories 200 - 41ms"}
{"level":"info","message":"GET /api/coupons?limit=12 200 - 57ms"}
{"level":"info","message":"GET /api/wishlist 200 - 73ms"}
{"level":"info","message":"GET /api/products 200 - 151ms"}
{"level":"info","message":"GET /api/products 200 - 149ms"}
{"level":"info","message":"GET /api/users/profile 200 - 45ms"}
{"level":"info","message":"GET /api/coupons?limit=12 200 - 14ms"}
{"level":"info","message":"GET /api/cart 200 - 27ms"}
{"level":"info","message":"GET /api/users/profile 200 - 30ms"}
{"level":"info","message":"GET /api/wishlist 200 - 40ms"}
{"level":"info","message":"GET /api/cart 200 - 47ms"}
{"level":"warn","message":"MongoDB disconnected"}
{"level":"info","message":"MongoDB connected successfully"}
{"level":"info","message":"Server initialized successfully"}
{"level":"info","message":"Server running in development mode on port 5001"}
{"level":"info","message":"GET /uploads/avatars/avatar-1782629991488-32965408.jpg 304 - 5ms"}
{"level":"info","message":"GET /api/categories 200 - 44ms"}
{"level":"info","message":"GET /api/products 200 - 86ms"}
{"level":"info","message":"GET /api/coupons?limit=12 200 - 71ms"}
{"level":"info","message":"GET /api/wishlist 200 - 45ms"}
{"level":"info","message":"GET /api/products 200 - 75ms"}
{"level":"info","message":"GET /api/categories 200 - 56ms"}
{"level":"info","message":"GET /api/users/profile 200 - 68ms"}
{"level":"info","message":"GET /api/cart 200 - 38ms"}
{"level":"info","message":"GET /api/users/profile 200 - 36ms"}
{"level":"info","message":"GET /api/wishlist 200 - 39ms"}
{"level":"info","message":"GET /api/coupons?limit=12 200 - 44ms"}
{"level":"info","message":"GET /api/cart 200 - 42ms"}
{"level":"info","message":"GET /api/categories 200 - 33ms"}
{"level":"info","message":"GET /api/categories 200 - 32ms"}
{"level":"info","message":"GET /api/products?page=1&limit=6&sortBy=createdAt&sortOrder=desc&minPrice=0&maxPrice=300000 200 - 56ms"}
{"level":"info","message":"GET /api/products?page=1&limit=6&sortBy=createdAt&sortOrder=desc&minPrice=0&maxPrice=300000 200 - 65ms"}
{"level":"info","message":"POST /api/products/6a1b1d6ceabf42badfb97b5d/reviews 200 - 47ms"}
{"level":"info","message":"GET /api/products?page=1&limit=6&sortBy=createdAt&sortOrder=desc&minPrice=0&maxPrice=300000&category=69df53225fee7d6f30f4cd08 200 - 10ms"}
{"level":"info","message":"GET /api/products?page=1&limit=6&sortBy=createdAt&sortOrder=desc&minPrice=0&maxPrice=300000 200 - 12ms"}
{"level":"info","message":"POST /api/products/69e7ceb506902c6c586723c7/reviews 200 - 70ms"}
{"level":"info","message":"GET /api/products?page=1&limit=6&sortBy=createdAt&sortOrder=desc&minPrice=0&maxPrice=300000&rating=5 200 - 29ms"}
{"level":"info","message":"GET /api/products?page=1&limit=6&sortBy=createdAt&sortOrder=desc&minPrice=0&maxPrice=300000&rating=4 200 - 7ms"}
{"level":"info","message":"GET /api/products?page=1&limit=6&sortBy=createdAt&sortOrder=desc&minPrice=0&maxPrice=300000&rating=3 200 - 12ms"}
{"level":"info","message":"GET /api/products?page=1&limit=6&sortBy=createdAt&sortOrder=desc&minPrice=0&maxPrice=300000&rating=2 200 - 13ms"}
{"level":"info","message":"GET /api/products?page=1&limit=6&sortBy=createdAt&sortOrder=desc&minPrice=0&maxPrice=300000&rating=5 200 - 15ms"}
{"level":"info","message":"GET /api/products?page=1&limit=6&sortBy=createdAt&sortOrder=desc&minPrice=0&maxPrice=300000&rating=4 200 - 14ms"}
{"level":"info","message":"POST /api/products/69e9eca431ac51870958d775/reviews 200 - 23ms"}
{"level":"info","message":"GET /api/products?page=1&limit=6&sortBy=createdAt&sortOrder=desc&minPrice=0&maxPrice=300000&rating=2 200 - 14ms"}
{"level":"info","message":"GET /api/products?page=1&limit=6&sortBy=createdAt&sortOrder=desc&minPrice=0&maxPrice=300000&rating=1 200 - 11ms"}
{"level":"info","message":"GET /api/products?page=1&limit=6&sortBy=createdAt&sortOrder=desc&minPrice=0&maxPrice=300000&rating=3 200 - 11ms"}
{"level":"info","message":"GET /api/products?page=1&limit=6&sortBy=createdAt&sortOrder=desc&minPrice=0&maxPrice=300000&rating=4 200 - 13ms"}
{"level":"info","message":"GET /api/products?page=1&limit=6&sortBy=createdAt&sortOrder=desc&minPrice=0&maxPrice=300000&rating=5 200 - 11ms"}
{"level":"info","message":"GET /api/products?page=1&limit=6&sortBy=createdAt&sortOrder=desc&minPrice=0&maxPrice=300000 200 - 16ms"}
{"level":"info","message":"GET /api/users/profile 200 - 74ms"}
{"level":"info","message":"GET /api/users/profile 200 - 46ms"}
{"level":"info","message":"GET /api/products/my-reviews 200 - 66ms"}
{"level":"info","message":"GET /api/orders/my-orders 200 - 165ms"}
{"level":"info","message":"GET /api/users/profile 200 - 84ms"}
{"level":"info","message":"GET /api/orders/my-orders 200 - 183ms"}
{"level":"info","message":"GET /api/users/profile 200 - 114ms"}
{"level":"info","message":"GET /api/products/my-reviews 200 - 44ms"}
{"level":"info","message":"GET /api/orders/my-orders 200 - 38ms"}
{"level":"info","message":"GET /api/orders/6a39705f86657f0f711879ca 200 - 18ms"}
{"level":"info","message":"GET /api/orders/6a39705f86657f0f711879ca 200 - 15ms"}
{"level":"info","message":"GET /api/categories 200 - 39ms"}
{"level":"info","message":"GET /api/products 200 - 72ms"}
{"level":"info","message":"GET /api/categories 200 - 23ms"}
{"level":"info","message":"GET /api/products 200 - 67ms"}
{"level":"info","message":"GET /api/coupons?limit=12 200 - 24ms"}
{"level":"info","message":"GET /api/coupons?limit=12 200 - 17ms"}
{"level":"info","message":"GET /api/categories 200 - 172ms"}
{"level":"info","message":"GET /api/categories 200 - 53ms"}
{"level":"info","message":"GET /api/products?page=1&limit=6&sortBy=createdAt&sortOrder=desc&minPrice=0&maxPrice=300000 200 - 77ms"}
{"level":"info","message":"GET /api/products?page=1&limit=6&sortBy=createdAt&sortOrder=desc&minPrice=0&maxPrice=300000 200 - 50ms"}
{"level":"info","message":"POST /api/cart/add 200 - 58ms"}
{"level":"info","message":"GET /api/users/profile 200 - 54ms"}
{"level":"info","message":"GET /api/cart 200 - 105ms"}
{"level":"info","message":"GET /api/users/profile 200 - 50ms"}
{"level":"info","message":"GET /api/cart 200 - 139ms"}
{"level":"info","message":"GET /api/products?page=1&limit=6&sortBy=createdAt&sortOrder=desc&minPrice=0&maxPrice=300000 200 - 67ms"}
{"level":"info","message":"GET /api/products?page=1&limit=6&sortBy=createdAt&sortOrder=desc&minPrice=0&maxPrice=300000 200 - 89ms"}
{"level":"info","message":"GET /api/categories 200 - 82ms"}
{"level":"info","message":"GET /api/categories 200 - 83ms"}
{"level":"info","message":"POST /api/cart/add 200 - 57ms"}
{"level":"info","message":"GET /api/cart 200 - 67ms"}
{"level":"info","message":"GET /api/cart 200 - 81ms"}
{"level":"info","message":"GET /api/users/profile 200 - 47ms"}
{"level":"info","message":"GET /api/users/profile 200 - 35ms"}
{"level":"info","message":"PUT /api/cart/update-quantity 200 - 69ms"}
{"level":"info","message":"GET /api/users/profile 200 - 41ms"}
{"level":"info","message":"GET /api/users/profile 200 - 39ms"}
{"level":"info","message":"Processing payment for Order: 6a4201b9979d9a8421f4c325, Method: Razorpay"}
{"level":"info","message":"POST /api/orders/create 201 - 726ms"}
{"level":"info","message":"POST /api/orders/verify 200 - 418ms"}
{"level":"info","message":"GET /api/users/profile 200 - 26ms"}
{"level":"info","message":"GET /api/users/profile 200 - 60ms"}
{"level":"info","message":"GET /api/orders/my-orders 200 - 163ms"}
{"level":"info","message":"GET /api/products/my-reviews 200 - 123ms"}
{"level":"info","message":"GET /api/orders/my-orders 200 - 169ms"}
{"level":"info","message":"GET /api/products/my-reviews 200 - 103ms"}
{"level":"info","message":"GET /api/orders/my-orders 200 - 112ms"}
{"level":"info","message":"GET /api/orders/my-orders 200 - 118ms"}
{"level":"info","message":"GET /api/orders/6a4201b9979d9a8421f4c325 200 - 69ms"}
{"level":"info","message":"GET /api/orders/6a4201b9979d9a8421f4c325 200 - 81ms"}
{"level":"info","message":"GET /api/orders/my-orders 200 - 313ms"}
{"level":"info","message":"GET /api/orders/my-orders 200 - 39ms"}
{"level":"info","message":"GET /api/categories 200 - 114ms"}
{"level":"info","message":"GET /api/categories 200 - 120ms"}
{"level":"info","message":"GET /api/products?page=1&limit=6&sortBy=createdAt&sortOrder=desc&minPrice=0&maxPrice=300000 200 - 233ms"}
{"level":"info","message":"GET /api/products?page=1&limit=6&sortBy=createdAt&sortOrder=desc&minPrice=0&maxPrice=300000 200 - 316ms"}
{"level":"info","message":"GET /api/users/profile 200 - 120ms"}
{"level":"info","message":"GET /api/products/my-reviews 200 - 101ms"}
{"level":"info","message":"GET /api/orders/my-orders 200 - 133ms"}
{"level":"info","message":"GET /api/users/profile 200 - 60ms"}
{"level":"info","message":"GET /api/products/my-reviews 200 - 49ms"}
{"level":"info","message":"GET /api/users/profile 200 - 34ms"}
{"level":"info","message":"GET /api/users/profile 200 - 62ms"}
{"level":"info","message":"GET /api/orders/my-orders 200 - 107ms"}
{"level":"info","message":"GET /api/orders/my-orders 200 - 40ms"}
{"level":"info","message":"GET /api/categories 200 - 43ms"}
{"level":"info","message":"GET /api/categories 200 - 118ms"}
{"level":"info","message":"GET /api/products 200 - 161ms"}
{"level":"info","message":"GET /api/coupons?limit=12 200 - 117ms"}
{"level":"info","message":"GET /api/products 200 - 159ms"}
{"level":"info","message":"GET /api/coupons?limit=12 200 - 55ms"}
{"level":"info","message":"POST /api/chatbot/message 200 - 119ms"}
{"level":"info","message":"POST /api/chatbot/message 200 - 3436ms"}
{"level":"info","message":"POST /api/chatbot/message 200 - 3123ms"}
{"level":"info","message":"POST /api/chatbot/message 200 - 2866ms"}
{"level":"info","message":"POST /api/chatbot/message 200 - 3355ms"}
{"level":"info","message":"POST /api/chatbot/message 200 - 183ms"}
{"level":"info","message":"POST /api/chatbot/message 200 - 4397ms"}
{"level":"info","message":"MongoDB connected successfully"}
{"level":"info","message":"Server initialized successfully"}
{"level":"info","message":"Server running in development mode on port 5001"}
{"level":"info","message":"GET /uploads/avatars/avatar-1782629991488-32965408.jpg 304 - 29ms"}
{"level":"info","message":"GET /api/categories 200 - 101ms"}
{"level":"info","message":"GET /api/categories 200 - 131ms"}
{"level":"info","message":"GET /api/coupons?limit=12 200 - 130ms"}
{"level":"info","message":"GET /api/products 200 - 260ms"}
{"level":"info","message":"GET /api/products 200 - 307ms"}
{"level":"info","message":"GET /api/coupons?limit=12 200 - 224ms"}
{"level":"info","message":"GET /api/users/profile 200 - 40ms"}
{"level":"info","message":"GET /api/users/profile 200 - 90ms"}
{"level":"info","message":"GET /api/wishlist 200 - 73ms"}
{"level":"info","message":"GET /api/wishlist 200 - 45ms"}
{"level":"info","message":"GET /api/cart 200 - 56ms"}
{"level":"info","message":"GET /api/cart 200 - 60ms"}
{"level":"info","message":"POST /api/chatbot/message 200 - 1182ms"}
{"level":"info","message":"POST /api/chatbot/message 200 - 3280ms"}
{"level":"info","message":"GET /api/users/profile 200 - 34ms"}
{"level":"info","message":"GET /api/products/my-reviews 200 - 37ms"}
{"level":"info","message":"GET /api/users/profile 200 - 42ms"}
{"level":"info","message":"GET /api/orders/my-orders 200 - 53ms"}
{"level":"info","message":"GET /api/products/my-reviews 200 - 21ms"}
{"level":"info","message":"GET /api/orders/my-orders 200 - 63ms"}
{"level":"info","message":"GET /api/orders/my-orders 200 - 88ms"}
{"level":"info","message":"GET /api/orders/my-orders 200 - 42ms"}
{"level":"info","message":"GET /api/orders/6a4201b9979d9a8421f4c325 200 - 25ms"}
{"level":"info","message":"GET /api/orders/6a4201b9979d9a8421f4c325 200 - 24ms"}
{"level":"info","message":"MongoDB connected successfully"}
{"level":"info","message":"Server initialized successfully"}
{"level":"info","message":"Server running in development mode on port 5001"}
{"level":"info","message":"POST /api/chatbot/message 200 - 59ms"}
{"level":"info","message":"POST /api/chatbot/message 200 - 3518ms"}
{"level":"info","message":"MongoDB connected successfully"}
{"level":"info","message":"Server initialized successfully"}
{"level":"info","message":"Server running in development mode on port 5001"}
{"level":"info","message":"GET /api/coupons?limit=12 200 - 47ms"}
{"level":"info","message":"GET /api/categories 200 - 83ms"}
{"level":"info","message":"GET /api/categories 200 - 106ms"}
{"level":"info","message":"GET /api/products 200 - 141ms"}
{"level":"info","message":"GET /api/products 200 - 126ms"}
{"level":"info","message":"GET /api/coupons?limit=12 200 - 102ms"}
{"level":"info","message":"POST /api/chatbot/message 200 - 126ms"}
{"level":"info","message":"MongoDB connected successfully"}
{"level":"info","message":"Server initialized successfully"}
{"level":"info","message":"Server running in development mode on port 5001"}
{"level":"info","message":"POST /api/chatbot/message 200 - 321ms"}
{"level":"info","message":"GET /api/products/my-reviews 200 - 32ms"}
{"level":"info","message":"GET /api/orders/my-orders 200 - 57ms"}
{"level":"info","message":"GET /api/products/my-reviews 200 - 53ms"}
{"level":"info","message":"GET /api/users/profile 200 - 46ms"}
{"level":"info","message":"GET /api/orders/my-orders 200 - 46ms"}
{"level":"info","message":"GET /api/users/profile 200 - 42ms"}
{"level":"info","message":"GET /api/orders/my-orders 200 - 69ms"}
{"level":"info","message":"GET /api/orders/my-orders 200 - 30ms"}
{"level":"info","message":"POST /api/chatbot/message 200 - 21ms"}
{"level":"info","message":"GET /api/orders/6a39705f86657f0f711879ca 200 - 169ms"}
{"level":"info","message":"GET /api/orders/6a39705f86657f0f711879ca 200 - 16ms"}
{"level":"info","message":"GET /api/products 200 - 66ms"}
{"level":"info","message":"GET /api/products 200 - 114ms"}
{"level":"info","message":"GET /api/categories 200 - 77ms"}
{"level":"info","message":"GET /api/categories 200 - 34ms"}
{"level":"info","message":"GET /api/coupons?limit=12 200 - 86ms"}
{"level":"info","message":"GET /api/coupons?limit=12 200 - 34ms"}
{"level":"info","message":"GET /api/categories 200 - 22ms"}
{"level":"info","message":"GET /api/products?page=1&limit=6&sortBy=createdAt&sortOrder=desc&minPrice=0&maxPrice=300000 200 - 23ms"}
{"level":"info","message":"GET /api/categories 200 - 24ms"}
{"level":"info","message":"GET /api/products?page=1&limit=6&sortBy=createdAt&sortOrder=desc&minPrice=0&maxPrice=300000 200 - 33ms"}
{"level":"info","message":"GET /api/users/profile 200 - 209ms"}
{"level":"info","message":"GET /api/products/my-reviews 200 - 163ms"}
{"level":"info","message":"GET /api/users/profile 200 - 210ms"}
{"level":"info","message":"GET /api/users/profile 200 - 197ms"}
{"level":"info","message":"GET /api/orders/my-orders 200 - 294ms"}
{"level":"info","message":"GET /api/orders/my-orders 200 - 318ms"}
{"level":"info","message":"GET /api/users/profile 200 - 120ms"}
{"level":"info","message":"GET /api/products/my-reviews 200 - 31ms"}
{"level":"info","message":"GET /api/users/profile 200 - 8ms"}
{"level":"info","message":"GET /api/orders/my-orders 200 - 14ms"}
{"level":"info","message":"GET /api/users/profile 200 - 8ms"}
{"level":"info","message":"GET /api/coupons?limit=12 200 - 12ms"}
{"level":"info","message":"GET /api/coupons?limit=12 200 - 24ms"}
{"level":"info","message":"GET /api/categories 200 - 35ms"}
{"level":"info","message":"GET /api/categories 200 - 56ms"}
{"level":"info","message":"GET /api/products 200 - 66ms"}
{"level":"info","message":"GET /api/products 200 - 65ms"}
{"level":"info","message":"GET /api/categories 200 - 21ms"}
{"level":"info","message":"GET /api/categories 200 - 24ms"}
{"level":"info","message":"GET /api/products?page=1&limit=6&sortBy=createdAt&sortOrder=desc&minPrice=0&maxPrice=300000 200 - 35ms"}
{"level":"info","message":"GET /api/products?page=1&limit=6&sortBy=createdAt&sortOrder=desc&minPrice=0&maxPrice=300000 200 - 34ms"}
{"level":"info","message":"GET /api/users/profile 200 - 74ms"}
{"level":"info","message":"GET /api/products/my-reviews 200 - 67ms"}
{"level":"info","message":"GET /api/orders/my-orders 200 - 55ms"}
{"level":"info","message":"GET /api/users/profile 200 - 42ms"}
{"level":"info","message":"GET /api/products/my-reviews 200 - 61ms"}
{"level":"info","message":"GET /api/users/profile 200 - 36ms"}
{"level":"info","message":"GET /api/users/profile 200 - 60ms"}
{"level":"info","message":"GET /api/orders/my-orders 200 - 37ms"}
{"level":"info","message":"GET /api/orders/my-orders 200 - 16ms"}
{"level":"info","message":"GET /api/orders/6a4201b9979d9a8421f4c325 200 - 9ms"}
{"level":"info","message":"GET /api/orders/6a4201b9979d9a8421f4c325 200 - 15ms"}
{"level":"info","message":"GET /api/orders/6a4201b9979d9a8421f4c325 200 - 29ms"}
{"level":"info","message":"GET /api/orders/6a4201b9979d9a8421f4c325 200 - 27ms"}
{"level":"info","message":"GET /api/orders/6a403f0818533b50804da264 200 - 56ms"}
{"level":"info","message":"GET /api/orders/6a403f0818533b50804da264 200 - 9ms"}
{"level":"info","message":"GET /api/orders/my-orders 200 - 15ms"}
{"level":"info","message":"GET /api/orders/my-orders 200 - 18ms"}
