{"level":"info","message":"MongoDB connected successfully"}
{"level":"info","message":"Server initialized successfully"}
{"level":"info","message":"Server running in development mode on port 5001"}
{"level":"info","message":"User login successful: viswajithviswa715@gmail.com"}
{"level":"info","message":"POST /api/auth/login 200 - 123ms"}
{"level":"info","message":"GET /uploads/avatars/avatar-1775506313660-437228526.jpg 304 - 2ms"}
{"level":"info","message":"GET /api/users/profile 200 - 12ms"}
{"level":"info","message":"GET /api/users/profile 200 - 28ms"}
{"level":"info","message":"GET /api/categories 200 - 27ms"}
{"level":"info","message":"GET /api/categories 200 - 58ms"}
{"level":"info","message":"GET /api/products 200 - 66ms"}
{"level":"info","message":"GET /api/products 200 - 79ms"}
{"level":"info","message":"GET /api/wishlist 200 - 75ms"}
{"level":"info","message":"GET /api/cart 200 - 29ms"}
{"level":"info","message":"GET /api/wishlist 200 - 40ms"}
{"level":"info","message":"GET /api/cart 200 - 19ms"}
{"level":"info","message":"GET /api/products 200 - 18ms"}
{"level":"info","message":"GET /api/categories 200 - 21ms"}
{"level":"info","message":"GET /api/users/profile 200 - 28ms"}
{"level":"info","message":"GET /api/categories 200 - 37ms"}
{"level":"info","message":"GET /api/wishlist 200 - 49ms"}
{"level":"info","message":"GET /api/users/profile 200 - 29ms"}
{"level":"info","message":"GET /api/products 200 - 62ms"}
{"level":"info","message":"GET /api/wishlist 200 - 44ms"}
{"level":"info","message":"GET /api/cart 200 - 47ms"}
{"level":"info","message":"GET /api/cart 200 - 27ms"}
{"level":"info","message":"User login successful: viswajithviswa715@gmail.com"}
{"level":"info","message":"POST /api/auth/login 200 - 70ms"}
{"level":"info","message":"GET /api/products 200 - 13ms"}
{"level":"info","message":"GET /api/products 200 - 54ms"}
{"level":"info","message":"GET /api/users/profile 200 - 38ms"}
{"level":"info","message":"GET /api/categories 200 - 59ms"}
{"level":"info","message":"GET /api/users/profile 200 - 60ms"}
{"level":"info","message":"GET /api/wishlist 200 - 47ms"}
{"level":"info","message":"GET /api/wishlist 200 - 82ms"}
{"level":"info","message":"GET /api/cart 200 - 30ms"}
{"level":"info","message":"GET /api/categories 200 - 30ms"}
{"level":"info","message":"GET /api/cart 200 - 13ms"}
{"level":"info","message":"GET /api/categories 200 - 6ms"}
{"level":"info","message":"GET /api/products?page=1&limit=6&sortBy=createdAt&sortOrder=desc&minPrice=0&maxPrice=300000 200 - 12ms"}
{"level":"info","message":"GET /api/categories 200 - 8ms"}
{"level":"info","message":"GET /api/products?page=1&limit=6&sortBy=createdAt&sortOrder=desc&minPrice=0&maxPrice=300000 200 - 9ms"}
{"level":"info","message":"GET /api/orders/my-orders 200 - 15ms"}
{"level":"info","message":"GET /api/orders/my-orders 200 - 17ms"}
{"level":"info","message":"GET /api/categories 200 - 14ms"}
{"level":"info","message":"GET /api/categories 200 - 14ms"}
{"level":"info","message":"GET /api/products 200 - 17ms"}
{"level":"info","message":"GET /api/products 200 - 18ms"}
{"level":"info","message":"MongoDB connected successfully"}
{"level":"info","message":"MongoDB connected successfully"}
{"level":"info","message":"Server initialized successfully"}
{"level":"info","message":"Server running in development mode on port 5001"}
{"level":"info","message":"GET /uploads/avatars/avatar-1775506313660-437228526.jpg 304 - 4ms"}
{"level":"info","message":"GET /api/users/profile 200 - 75ms"}
{"level":"info","message":"GET /api/wishlist 200 - 125ms"}
{"level":"info","message":"GET /api/products 200 - 113ms"}
{"level":"info","message":"GET /api/products 200 - 155ms"}
{"level":"info","message":"GET /api/categories 200 - 51ms"}
{"level":"info","message":"GET /api/wishlist 200 - 150ms"}
{"level":"info","message":"GET /api/users/profile 200 - 82ms"}
{"level":"info","message":"GET /api/cart 200 - 83ms"}
{"level":"info","message":"GET /api/categories 200 - 81ms"}
{"level":"info","message":"GET /api/cart 200 - 38ms"}
{"level":"info","message":"GET /api/users/profile 200 - 9ms"}
{"level":"info","message":"GET /api/users/profile 200 - 10ms"}
{"level":"info","message":"GET /api/products 200 - 30ms"}
{"level":"info","message":"GET /api/products 200 - 32ms"}
{"level":"info","message":"GET /api/categories 200 - 33ms"}
{"level":"info","message":"GET /api/categories 200 - 40ms"}
{"level":"info","message":"GET /uploads/avatars/avatar-1775506313660-437228526.jpg 304 - 5ms"}
{"level":"info","message":"GET /api/categories 200 - 75ms"}
{"level":"info","message":"GET /api/users/profile 200 - 92ms"}
{"level":"info","message":"GET /api/products 200 - 138ms"}
{"level":"info","message":"GET /api/products 200 - 234ms"}
{"level":"info","message":"GET /api/cart 200 - 114ms"}
{"level":"info","message":"GET /api/wishlist 200 - 140ms"}
{"level":"info","message":"GET /api/categories 200 - 151ms"}
{"level":"info","message":"GET /api/cart 200 - 58ms"}
{"level":"info","message":"GET /api/wishlist 200 - 68ms"}
{"level":"info","message":"GET /api/users/profile 200 - 161ms"}
{"level":"info","message":"GET /api/products?page=1&limit=6&sortBy=createdAt&sortOrder=desc&minPrice=0&maxPrice=300000 200 - 59ms"}
{"level":"info","message":"GET /api/categories 200 - 46ms"}
{"level":"info","message":"GET /api/products?page=1&limit=6&sortBy=createdAt&sortOrder=desc&minPrice=0&maxPrice=300000 200 - 52ms"}
{"level":"info","message":"GET /api/categories 200 - 34ms"}
{"level":"info","message":"GET /api/products 200 - 33ms"}
{"level":"info","message":"GET /api/products 200 - 48ms"}
{"level":"info","message":"GET /api/categories 200 - 49ms"}
{"level":"info","message":"GET /api/categories 200 - 42ms"}
{"level":"info","message":"GET /api/categories 200 - 29ms"}
{"level":"info","message":"GET /api/categories 200 - 43ms"}
{"level":"info","message":"GET /api/products?page=1&limit=6&sortBy=createdAt&sortOrder=desc&minPrice=0&maxPrice=300000 200 - 43ms"}
{"level":"info","message":"GET /api/products?page=1&limit=6&sortBy=createdAt&sortOrder=desc&minPrice=0&maxPrice=300000 200 - 36ms"}
{"level":"info","message":"GET /api/products?page=1&limit=6&sortBy=createdAt&sortOrder=desc&minPrice=0&maxPrice=300000&category=69df53225fee7d6f30f4cd08 200 - 15ms"}
{"level":"info","message":"GET /api/products?page=1&limit=6&sortBy=createdAt&sortOrder=desc&minPrice=0&maxPrice=300000 200 - 7ms"}
{"level":"info","message":"GET /api/products?page=1&limit=6&sortBy=createdAt&sortOrder=desc&minPrice=0&maxPrice=300000&category=69df53225fee7d6f30f4cd07 200 - 15ms"}
{"level":"info","message":"GET /api/products?page=1&limit=6&sortBy=createdAt&sortOrder=desc&minPrice=0&maxPrice=300000 200 - 11ms"}
{"level":"info","message":"GET /api/products 200 - 33ms"}
{"level":"info","message":"GET /api/categories 200 - 29ms"}
{"level":"info","message":"GET /api/categories 200 - 56ms"}
{"level":"info","message":"GET /api/products 200 - 76ms"}
{"level":"info","message":"GET /api/products?page=1&limit=6&sortBy=createdAt&sortOrder=desc&minPrice=0&maxPrice=300000 200 - 20ms"}
{"level":"info","message":"GET /api/categories 200 - 32ms"}
{"level":"info","message":"GET /api/products?page=1&limit=6&sortBy=createdAt&sortOrder=desc&minPrice=0&maxPrice=300000 200 - 34ms"}
{"level":"info","message":"GET /api/categories 200 - 31ms"}
{"level":"info","message":"GET /uploads/avatars/avatar-1775506313660-437228526.jpg 304 - 2ms"}
{"level":"info","message":"GET /api/products 200 - 51ms"}
{"level":"info","message":"GET /api/products 200 - 72ms"}
{"level":"info","message":"GET /api/users/profile 200 - 48ms"}
{"level":"info","message":"GET /api/categories 200 - 100ms"}
{"level":"info","message":"GET /api/wishlist 200 - 100ms"}
{"level":"info","message":"GET /api/categories 200 - 97ms"}
{"level":"info","message":"GET /api/users/profile 200 - 86ms"}
{"level":"info","message":"GET /api/wishlist 200 - 57ms"}
{"level":"info","message":"GET /api/cart 200 - 125ms"}
{"level":"info","message":"GET /api/cart 200 - 78ms"}
{"level":"info","message":"POST /api/admin/login 200 - 124ms"}
{"level":"info","message":"GET /api/admin/sales-report?startDate=&endDate= 200 - 29ms"}
{"level":"info","message":"GET /api/admin/sales-report?startDate=&endDate= 200 - 10ms"}
{"level":"info","message":"GET /api/admin/dashboard 200 - 36ms"}
{"level":"info","message":"GET /api/admin/users?page=1&limit=10&search= 200 - 27ms"}
{"level":"info","message":"GET /api/admin/users?page=1&limit=10&search= 200 - 34ms"}
{"level":"info","message":"GET /api/admin/dashboard 200 - 16ms"}
{"level":"info","message":"GET /api/admin/users?page=1&limit=10&search= 200 - 20ms"}
{"level":"info","message":"GET /api/admin/users?page=1&limit=10&search= 200 - 21ms"}
{"level":"info","message":"GET /api/admin/dashboard 200 - 16ms"}
{"level":"info","message":"GET /api/categories 200 - 11ms"}
{"level":"info","message":"GET /api/categories 200 - 16ms"}
{"level":"info","message":"GET /api/products?page=1&limit=5 200 - 24ms"}
{"level":"info","message":"GET /api/products?page=1&limit=5 200 - 20ms"}
{"level":"info","message":"GET /api/products?page=2&limit=5 200 - 18ms"}
{"level":"info","message":"GET /api/categories?page=1&limit=10&search= 200 - 8ms"}
{"level":"info","message":"GET /api/categories?page=1&limit=10&search= 200 - 7ms"}
{"level":"info","message":"GET /api/products?page=1&limit=5 200 - 24ms"}
{"level":"info","message":"GET /api/categories 200 - 25ms"}
{"level":"info","message":"GET /api/categories 200 - 34ms"}
{"level":"info","message":"GET /api/products?page=1&limit=5 200 - 42ms"}
{"level":"info","message":"GET /api/categories?page=1&limit=10&search= 200 - 15ms"}
{"level":"info","message":"GET /api/categories?page=1&limit=10&search= 200 - 18ms"}
{"level":"info","message":"GET /api/admin/orders?page=1&limit=10&search=&status=All 200 - 54ms"}
{"level":"info","message":"GET /api/admin/orders?page=1&limit=10&search=&status=All 200 - 46ms"}
{"level":"info","message":"GET /api/categories?page=1&limit=10&search= 200 - 6ms"}
{"level":"info","message":"GET /api/categories?page=1&limit=10&search= 200 - 7ms"}
{"level":"info","message":"GET /api/categories 200 - 20ms"}
{"level":"info","message":"GET /api/products?page=1&limit=5 200 - 41ms"}
{"level":"info","message":"GET /api/categories 200 - 40ms"}
{"level":"info","message":"GET /api/products?page=1&limit=5 200 - 44ms"}
{"level":"info","message":"GET /api/categories?page=1&limit=10&search= 200 - 5ms"}
{"level":"info","message":"GET /api/categories?page=1&limit=10&search= 200 - 6ms"}
{"level":"info","message":"GET /api/admin/orders?page=1&limit=10&search=&status=All 200 - 16ms"}
{"level":"info","message":"GET /api/admin/orders?page=1&limit=10&search=&status=All 200 - 45ms"}
{"level":"info","message":"User login successful: viswajithviswa715@gmail.com"}
{"level":"info","message":"POST /api/auth/login 200 - 82ms"}
{"level":"info","message":"GET /api/products 200 - 31ms"}
{"level":"info","message":"GET /api/categories 200 - 21ms"}
{"level":"info","message":"GET /api/products 200 - 54ms"}
{"level":"info","message":"GET /api/categories 200 - 41ms"}
{"level":"info","message":"GET /api/users/profile 200 - 61ms"}
{"level":"info","message":"GET /api/users/profile 200 - 67ms"}
{"level":"info","message":"GET /api/wishlist 200 - 104ms"}
{"level":"info","message":"GET /api/wishlist 200 - 119ms"}
{"level":"info","message":"GET /api/cart 200 - 67ms"}
{"level":"info","message":"GET /api/cart 200 - 139ms"}
{"level":"info","message":"GET /api/orders/my-orders 200 - 13ms"}
{"level":"info","message":"GET /api/orders/my-orders 200 - 27ms"}
{"level":"info","message":"GET /api/products?page=1&limit=6&sortBy=createdAt&sortOrder=desc&minPrice=0&maxPrice=300000 200 - 18ms"}
{"level":"info","message":"GET /api/categories 200 - 24ms"}
{"level":"info","message":"GET /api/products?page=1&limit=6&sortBy=createdAt&sortOrder=desc&minPrice=0&maxPrice=300000 200 - 27ms"}
{"level":"info","message":"GET /api/categories 200 - 31ms"}
{"level":"info","message":"GET /api/categories 200 - 18ms"}
{"level":"info","message":"GET /api/products 200 - 39ms"}
{"level":"info","message":"GET /api/categories 200 - 41ms"}
{"level":"info","message":"GET /api/products 200 - 60ms"}
{"level":"info","message":"GET /api/orders/my-orders 200 - 51ms"}
{"level":"info","message":"GET /api/orders/my-orders 200 - 50ms"}
{"level":"info","message":"GET /api/products?page=1&limit=6&sortBy=createdAt&sortOrder=desc&minPrice=0&maxPrice=300000 200 - 20ms"}
{"level":"info","message":"GET /api/categories 200 - 10ms"}
{"level":"info","message":"GET /api/categories 200 - 20ms"}
{"level":"info","message":"GET /api/products?page=1&limit=6&sortBy=createdAt&sortOrder=desc&minPrice=0&maxPrice=300000 200 - 36ms"}
{"level":"info","message":"GET /api/cart 200 - 22ms"}
{"level":"info","message":"GET /api/cart 200 - 25ms"}
{"level":"info","message":"PATCH /api/cart/toggle-selection 200 - 26ms"}
{"level":"info","message":"PATCH /api/cart/toggle-selection 200 - 11ms"}
{"level":"info","message":"GET /api/users/profile 200 - 15ms"}
{"level":"info","message":"GET /api/users/profile 200 - 18ms"}
{"level":"info","message":"Processing payment for Order: 69f77be0f265a4c2309f9e45, Method: Razorpay"}
{"level":"info","message":"POST /api/orders/create 201 - 438ms"}
{"level":"info","message":"POST /api/orders/verify 200 - 62ms"}
{"level":"info","message":"GET /api/products?page=1&limit=6&sortBy=createdAt&sortOrder=desc&minPrice=0&maxPrice=300000 200 - 35ms"}
{"level":"info","message":"GET /api/products?page=1&limit=6&sortBy=createdAt&sortOrder=desc&minPrice=0&maxPrice=300000 200 - 41ms"}
{"level":"info","message":"GET /api/categories 200 - 42ms"}
{"level":"info","message":"GET /api/categories 200 - 43ms"}
{"level":"info","message":"GET /api/orders/my-orders 200 - 21ms"}
{"level":"info","message":"GET /api/orders/my-orders 200 - 31ms"}
{"level":"info","message":"GET /api/orders/69f77be0f265a4c2309f9e45 200 - 28ms"}
{"level":"info","message":"GET /api/orders/69f77be0f265a4c2309f9e45 200 - 30ms"}
{"level":"info","message":"GET /uploads/avatars/avatar-1775506313660-437228526.jpg 304 - 15ms"}
{"level":"info","message":"GET /api/categories 200 - 119ms"}
{"level":"info","message":"GET /api/wishlist 200 - 134ms"}
{"level":"info","message":"GET /api/products 200 - 213ms"}
{"level":"info","message":"GET /api/users/profile 200 - 190ms"}
{"level":"info","message":"GET /api/cart 200 - 152ms"}
{"level":"info","message":"GET /api/products 200 - 178ms"}
{"level":"info","message":"GET /api/users/profile 200 - 81ms"}
{"level":"info","message":"GET /api/categories 200 - 116ms"}
{"level":"info","message":"GET /api/users/profile 200 - 134ms"}
{"level":"info","message":"GET /api/cart 200 - 172ms"}
{"level":"info","message":"GET /api/cart 200 - 76ms"}
{"level":"info","message":"GET /api/wishlist 200 - 220ms"}
{"level":"info","message":"GET /api/wishlist 200 - 226ms"}
{"level":"info","message":"GET /api/cart 200 - 75ms"}
{"level":"info","message":"GET /api/users/profile 200 - 139ms"}
{"level":"info","message":"GET /api/wishlist 200 - 114ms"}
{"level":"info","message":"GET /api/orders/69f77be0f265a4c2309f9e45 200 - 61ms"}
{"level":"info","message":"GET /api/orders/69f77be0f265a4c2309f9e45 200 - 60ms"}
{"level":"info","message":"POST /api/admin/login 200 - 87ms"}
{"level":"info","message":"GET /api/admin/orders?page=1&limit=10&search=&status=All 200 - 57ms"}
{"level":"info","message":"GET /api/admin/orders?page=1&limit=10&search=&status=All 200 - 53ms"}
{"level":"info","message":"PUT /api/admin/orders/69f77be0f265a4c2309f9e45/status 200 - 32ms"}
{"level":"info","message":"GET /api/orders/69f77be0f265a4c2309f9e45 401 - 2ms"}
{"level":"info","message":"GET /api/orders/69f77be0f265a4c2309f9e45 401 - 2ms"}
{"level":"info","message":"User login successful: viswajithviswa715@gmail.com"}
{"level":"info","message":"POST /api/auth/login 200 - 91ms"}
{"level":"info","message":"GET /uploads/avatars/avatar-1775506313660-437228526.jpg 304 - 2ms"}
{"level":"info","message":"GET /api/products 200 - 21ms"}
{"level":"info","message":"GET /api/categories 200 - 29ms"}
{"level":"info","message":"GET /api/products 200 - 100ms"}
{"level":"info","message":"GET /api/wishlist 200 - 119ms"}
{"level":"info","message":"GET /api/users/profile 200 - 110ms"}
{"level":"info","message":"GET /api/categories 200 - 81ms"}
{"level":"info","message":"GET /api/users/profile 200 - 139ms"}
{"level":"info","message":"GET /api/cart 200 - 74ms"}
{"level":"info","message":"GET /api/wishlist 200 - 63ms"}
{"level":"info","message":"GET /api/cart 200 - 43ms"}
{"level":"info","message":"GET /api/cart 200 - 13ms"}
{"level":"info","message":"GET /api/cart 200 - 11ms"}
{"level":"info","message":"GET /api/orders/my-orders 200 - 19ms"}
{"level":"info","message":"GET /api/orders/my-orders 200 - 17ms"}
{"level":"info","message":"GET /api/orders/69f77be0f265a4c2309f9e45 200 - 12ms"}
{"level":"info","message":"GET /api/orders/69f77be0f265a4c2309f9e45 200 - 15ms"}
{"level":"info","message":"POST /api/orders/69f77be0f265a4c2309f9e45/return 200 - 44ms"}
{"level":"info","message":"GET /api/orders/69f77be0f265a4c2309f9e45 200 - 41ms"}
{"level":"info","message":"GET /api/users/profile 200 - 21ms"}
{"level":"info","message":"GET /api/orders/my-orders 200 - 39ms"}
{"level":"info","message":"GET /api/orders/my-orders 200 - 44ms"}
{"level":"info","message":"GET /api/products 200 - 38ms"}
{"level":"info","message":"GET /api/categories 200 - 44ms"}
{"level":"info","message":"GET /api/categories 200 - 63ms"}
{"level":"info","message":"GET /api/products 200 - 92ms"}
{"level":"info","message":"GET /api/categories 200 - 16ms"}
{"level":"info","message":"GET /api/products?page=1&limit=6&sortBy=createdAt&sortOrder=desc&minPrice=0&maxPrice=300000 200 - 30ms"}
{"level":"info","message":"GET /api/categories 200 - 33ms"}
{"level":"info","message":"GET /api/products?page=1&limit=6&sortBy=createdAt&sortOrder=desc&minPrice=0&maxPrice=300000 200 - 29ms"}
{"level":"info","message":"GET /api/orders/my-orders 200 - 29ms"}
{"level":"info","message":"GET /api/orders/my-orders 200 - 34ms"}
{"level":"info","message":"GET /api/products?page=1&limit=6&sortBy=createdAt&sortOrder=desc&minPrice=0&maxPrice=300000 200 - 19ms"}
{"level":"info","message":"GET /api/categories 200 - 29ms"}
{"level":"info","message":"GET /api/categories 200 - 32ms"}
{"level":"info","message":"GET /api/products?page=1&limit=6&sortBy=createdAt&sortOrder=desc&minPrice=0&maxPrice=300000 200 - 42ms"}
{"level":"info","message":"GET /api/orders/my-orders 200 - 39ms"}
{"level":"info","message":"GET /api/orders/my-orders 200 - 50ms"}
{"level":"info","message":"GET /api/coupons?page=1&limit=10&search= 200 - 17ms"}
{"level":"info","message":"GET /api/coupons?page=1&limit=10&search= 200 - 11ms"}
{"level":"info","message":"MongoDB connected successfully"}
{"level":"info","message":"Server initialized successfully"}
{"level":"info","message":"Server running in development mode on port 5001"}
{"level":"info","message":"MongoDB connected successfully"}
{"level":"info","message":"Server initialized successfully"}
{"level":"info","message":"Server running in development mode on port 5001"}
{"level":"info","message":"POST /api/coupons 401 - 14ms"}
{"level":"info","message":"GET /api/categories 200 - 94ms"}
{"level":"info","message":"GET /api/products 200 - 198ms"}
{"level":"info","message":"GET /api/categories 200 - 199ms"}
{"level":"info","message":"GET /api/products 200 - 295ms"}
{"level":"info","message":"GET /api/products?page=1&limit=6&sortBy=createdAt&sortOrder=desc&minPrice=0&maxPrice=300000 200 - 42ms"}
{"level":"info","message":"GET /api/categories 200 - 39ms"}
{"level":"info","message":"GET /api/products?page=1&limit=6&sortBy=createdAt&sortOrder=desc&minPrice=0&maxPrice=300000 200 - 71ms"}
{"level":"info","message":"GET /api/categories 200 - 35ms"}
{"level":"info","message":"GET /api/products 200 - 59ms"}
{"level":"info","message":"GET /api/categories 200 - 81ms"}
{"level":"info","message":"GET /api/products 200 - 79ms"}
{"level":"info","message":"GET /api/categories 200 - 60ms"}
{"level":"info","message":"GET /api/categories 200 - 34ms"}
{"level":"info","message":"GET /api/categories 200 - 54ms"}
{"level":"info","message":"GET /api/products?page=1&limit=6&sortBy=createdAt&sortOrder=desc&minPrice=0&maxPrice=300000 200 - 59ms"}
{"level":"info","message":"GET /api/products?page=1&limit=6&sortBy=createdAt&sortOrder=desc&minPrice=0&maxPrice=300000 200 - 77ms"}
