{"level":"info","message":"GET /api/cart 200 - 21ms"}
{"level":"info","message":"GET /api/users/profile 200 - 34ms"}
{"level":"info","message":"GET /api/cart 200 - 35ms"}
{"level":"info","message":"GET /api/users/profile 200 - 37ms"}
{"level":"info","message":"GET /api/users/profile 200 - 30ms"}
{"level":"info","message":"GET /api/cart 200 - 92ms"}
{"level":"info","message":"GET /api/cart 200 - 75ms"}
{"level":"info","message":"GET /api/cart 200 - 136ms"}
{"level":"info","message":"GET /api/users/profile 200 - 100ms"}
{"level":"info","message":"GET /api/users/profile 200 - 111ms"}
{"level":"info","message":"GET /api/wishlist 200 - 108ms"}
{"level":"info","message":"GET /api/users/profile 200 - 19ms"}
{"level":"info","message":"GET /api/cart 200 - 143ms"}
{"level":"info","message":"GET /api/wishlist 200 - 34ms"}
{"level":"info","message":"GET /api/cart 200 - 45ms"}
{"level":"info","message":"GET /api/users/profile 200 - 24ms"}
{"level":"info","message":"PATCH /api/cart/toggle-selection 200 - 28ms"}
{"level":"info","message":"PATCH /api/cart/toggle-selection 200 - 12ms"}
{"level":"info","message":"PATCH /api/cart/toggle-selection 200 - 9ms"}
{"level":"info","message":"PATCH /api/cart/toggle-selection 200 - 10ms"}
{"level":"info","message":"PATCH /api/cart/toggle-selection 200 - 9ms"}
{"level":"info","message":"PATCH /api/cart/toggle-selection 200 - 9ms"}
{"level":"info","message":"GET /api/users/profile 200 - 5ms"}
{"level":"info","message":"GET /api/users/profile 200 - 5ms"}
{"level":"info","message":"GET /api/users/profile 200 - 7ms"}
{"level":"info","message":"GET /api/users/profile 200 - 13ms"}
{"level":"info","message":"GET /api/cart 200 - 13ms"}
{"level":"info","message":"GET /api/cart 200 - 12ms"}
{"level":"info","message":"GET /api/users/profile 200 - 38ms"}
{"level":"info","message":"GET /api/cart 200 - 53ms"}
{"level":"info","message":"GET /uploads/avatars/avatar-1775506313660-437228526.jpg 304 - 3ms"}
{"level":"info","message":"GET /uploads/avatars/avatar-1775506313660-437228526.jpg 304 - 1ms"}
{"level":"info","message":"GET /api/cart 200 - 100ms"}
{"level":"info","message":"GET /api/users/profile 200 - 96ms"}
{"level":"info","message":"GET /api/cart 200 - 114ms"}
{"level":"info","message":"GET /api/cart 200 - 132ms"}
{"level":"info","message":"GET /api/users/profile 200 - 106ms"}
{"level":"info","message":"GET /api/users/profile 200 - 133ms"}
{"level":"info","message":"GET /api/wishlist 200 - 69ms"}
{"level":"info","message":"GET /api/users/profile 200 - 65ms"}
{"level":"info","message":"GET /api/wishlist 200 - 48ms"}
{"level":"info","message":"GET /api/cart 200 - 48ms"}
{"level":"info","message":"GET /api/coupons?limit=50 200 - 33ms"}
{"level":"info","message":"GET /api/coupons?limit=50 200 - 42ms"}
{"level":"info","message":"GET /api/coupons?limit=50 200 - 7ms"}
{"level":"info","message":"GET /api/coupons?limit=50 200 - 8ms"}
{"level":"info","message":"POST /api/coupons/apply 200 - 18ms"}
{"level":"info","message":"GET /api/coupons?limit=50 200 - 9ms"}
{"level":"info","message":"GET /api/coupons?limit=50 200 - 10ms"}
{"level":"info","message":"POST /api/coupons/apply 200 - 6ms"}
{"level":"info","message":"GET /api/coupons?limit=50 200 - 4ms"}
{"level":"info","message":"GET /api/coupons?limit=50 200 - 15ms"}
{"level":"info","message":"POST /api/coupons/apply 200 - 5ms"}
{"level":"info","message":"GET /api/users/profile 200 - 9ms"}
{"level":"info","message":"GET /api/users/profile 200 - 9ms"}
{"level":"info","message":"GET /api/users/profile 200 - 10ms"}
{"level":"info","message":"GET /api/users/profile 200 - 16ms"}
{"level":"info","message":"GET /api/cart 200 - 13ms"}
{"level":"info","message":"GET /api/cart 200 - 21ms"}
{"level":"info","message":"GET /api/users/profile 200 - 7ms"}
{"level":"info","message":"GET /api/users/profile 200 - 10ms"}
{"level":"info","message":"GET /api/users/profile 200 - 29ms"}
{"level":"info","message":"GET /api/users/profile 200 - 35ms"}
{"level":"info","message":"GET /api/wishlist 200 - 46ms"}
{"level":"info","message":"GET /api/cart 200 - 28ms"}
{"level":"info","message":"GET /api/users/profile 200 - 13ms"}
{"level":"info","message":"GET /api/wishlist 200 - 19ms"}
{"level":"info","message":"GET /api/cart 200 - 27ms"}
{"level":"info","message":"GET /api/users/profile 200 - 14ms"}
{"level":"info","message":"GET /api/cart 200 - 17ms"}
{"level":"info","message":"GET /api/users/profile 200 - 16ms"}
{"level":"info","message":"GET /api/users/profile 200 - 14ms"}
{"level":"info","message":"GET /api/cart 200 - 23ms"}
{"level":"info","message":"GET /api/users/profile 200 - 8ms"}
{"level":"info","message":"GET /api/users/profile 200 - 8ms"}
{"level":"info","message":"GET /api/cart 200 - 29ms"}
{"level":"info","message":"GET /api/cart 200 - 55ms"}
{"level":"info","message":"GET /api/users/profile 200 - 31ms"}
{"level":"info","message":"GET /api/users/profile 200 - 29ms"}
{"level":"info","message":"GET /uploads/avatars/avatar-1775506313660-437228526.jpg 304 - 3ms"}
{"level":"info","message":"GET /api/users/profile 200 - 11ms"}
{"level":"info","message":"GET /api/cart 200 - 19ms"}
{"level":"info","message":"GET /api/users/profile 200 - 19ms"}
{"level":"info","message":"GET /api/cart 200 - 35ms"}
{"level":"info","message":"GET /api/wishlist 200 - 40ms"}
{"level":"info","message":"GET /api/cart 200 - 50ms"}
{"level":"info","message":"GET /api/users/profile 200 - 41ms"}
{"level":"info","message":"GET /api/cart 200 - 44ms"}
{"level":"info","message":"GET /api/users/profile 200 - 41ms"}
{"level":"info","message":"GET /api/wishlist 200 - 19ms"}
{"level":"info","message":"GET /api/users/profile 200 - 7ms"}
{"level":"info","message":"GET /api/users/profile 200 - 8ms"}
{"level":"info","message":"GET /api/cart 200 - 16ms"}
{"level":"info","message":"GET /api/cart 200 - 25ms"}
{"level":"info","message":"GET /api/users/profile 200 - 24ms"}
{"level":"info","message":"GET /api/users/profile 200 - 24ms"}
{"level":"info","message":"GET /api/coupons?limit=50 200 - 29ms"}
{"level":"info","message":"GET /api/coupons?limit=50 200 - 9ms"}
{"level":"info","message":"GET /api/users/profile 200 - 25ms"}
{"level":"info","message":"GET /api/cart 200 - 38ms"}
{"level":"info","message":"GET /api/users/profile 200 - 9ms"}
{"level":"info","message":"GET /api/users/profile 200 - 7ms"}
{"level":"info","message":"GET /api/users/profile 200 - 42ms"}
{"level":"info","message":"GET /api/users/profile 200 - 32ms"}
{"level":"info","message":"GET /api/wishlist 200 - 74ms"}
{"level":"info","message":"GET /api/wishlist 200 - 52ms"}
{"level":"info","message":"GET /api/users/profile 200 - 52ms"}
{"level":"info","message":"GET /api/users/profile 200 - 22ms"}
{"level":"info","message":"GET /api/cart 200 - 53ms"}
{"level":"info","message":"GET /api/cart 200 - 50ms"}
{"level":"info","message":"POST /api/orders/create 400 - 21ms"}
{"level":"info","message":"GET /api/cart 200 - 16ms"}
{"level":"info","message":"GET /api/cart 200 - 17ms"}
{"level":"info","message":"GET /api/users/profile 200 - 17ms"}
{"level":"info","message":"GET /api/users/profile 200 - 17ms"}
{"level":"info","message":"GET /api/users/profile 200 - 7ms"}
{"level":"info","message":"GET /api/users/profile 200 - 7ms"}
{"level":"info","message":"GET /api/users/profile 200 - 10ms"}
{"level":"info","message":"GET /uploads/avatars/avatar-1775506313660-437228526.jpg 304 - 2ms"}
{"level":"info","message":"GET /api/users/profile 200 - 31ms"}
{"level":"info","message":"GET /api/users/profile 200 - 31ms"}
{"level":"info","message":"GET /api/cart 200 - 43ms"}
{"level":"info","message":"GET /api/cart 200 - 43ms"}
{"level":"info","message":"GET /api/wishlist 200 - 46ms"}
{"level":"info","message":"GET /api/cart 200 - 51ms"}
{"level":"info","message":"GET /api/cart 200 - 22ms"}
{"level":"info","message":"GET /api/users/profile 200 - 26ms"}
{"level":"info","message":"GET /api/wishlist 200 - 23ms"}
{"level":"info","message":"GET /api/users/profile 200 - 9ms"}
{"level":"info","message":"GET /api/users/profile 200 - 6ms"}
{"level":"info","message":"GET /api/users/profile 200 - 7ms"}
{"level":"info","message":"Processing payment for Order: 6a08cdb3ec5f9084f2989966, Method: Razorpay"}
{"level":"info","message":"POST /api/orders/create 201 - 446ms"}
{"level":"info","message":"MongoDB connected successfully"}
{"level":"info","message":"Server initialized successfully"}
{"level":"info","message":"Server running in development mode on port 5001"}
{"level":"info","message":"MongoDB connected successfully"}
{"level":"info","message":"Server initialized successfully"}
{"level":"info","message":"Server running in development mode on port 5001"}
{"level":"info","message":"MongoDB connected successfully"}
{"level":"info","message":"Server initialized successfully"}
{"level":"info","message":"Server running in development mode on port 5001"}
{"level":"info","message":"GET /uploads/avatars/avatar-1775506313660-437228526.jpg 304 - 7ms"}
{"level":"info","message":"GET /api/users/profile 200 - 36ms"}
{"level":"info","message":"GET /api/users/profile 200 - 29ms"}
{"level":"info","message":"GET /api/cart 200 - 49ms"}
{"level":"info","message":"GET /api/wishlist 200 - 54ms"}
{"level":"info","message":"GET /api/users/profile 200 - 26ms"}
{"level":"info","message":"GET /api/wishlist 200 - 27ms"}
{"level":"info","message":"GET /api/cart 200 - 20ms"}
{"level":"info","message":"GET /api/users/profile 200 - 5ms"}
{"level":"info","message":"GET /api/users/profile 200 - 17ms"}
{"level":"info","message":"GET /api/users/profile 200 - 31ms"}
{"level":"info","message":"GET /api/users/profile 200 - 31ms"}
{"level":"info","message":"GET /api/users/profile 200 - 31ms"}
{"level":"info","message":"GET /api/wishlist 200 - 31ms"}
{"level":"info","message":"GET /api/cart 200 - 20ms"}
{"level":"info","message":"GET /api/wishlist 200 - 42ms"}
{"level":"info","message":"GET /api/cart 200 - 43ms"}
{"level":"info","message":"Processing payment for Order: 6a08cf247877820bf43c436c, Method: Razorpay"}
{"level":"info","message":"POST /api/orders/create 201 - 246ms"}
{"level":"info","message":"MongoDB connected successfully"}
{"level":"info","message":"Server initialized successfully"}
{"level":"info","message":"Server running in development mode on port 5001"}
{"level":"info","message":"GET /uploads/avatars/avatar-1775506313660-437228526.jpg 304 - 4ms"}
{"level":"info","message":"GET /api/users/profile 200 - 79ms"}
{"level":"info","message":"GET /api/users/profile 200 - 64ms"}
{"level":"info","message":"GET /api/users/profile 200 - 88ms"}
{"level":"info","message":"GET /api/cart 200 - 138ms"}
{"level":"info","message":"GET /api/users/profile 200 - 142ms"}
{"level":"info","message":"GET /api/wishlist 200 - 125ms"}
{"level":"info","message":"GET /api/cart 200 - 132ms"}
{"level":"info","message":"GET /api/wishlist 200 - 130ms"}
{"level":"info","message":"GET /uploads/avatars/avatar-1775506313660-437228526.jpg 304 - 2ms"}
{"level":"info","message":"GET /api/users/profile 200 - 26ms"}
{"level":"info","message":"GET /api/users/profile 200 - 40ms"}
{"level":"info","message":"GET /api/users/profile 200 - 43ms"}
{"level":"info","message":"GET /api/wishlist 200 - 61ms"}
{"level":"info","message":"GET /api/users/profile 200 - 66ms"}
{"level":"info","message":"GET /api/wishlist 200 - 76ms"}
{"level":"info","message":"GET /api/cart 200 - 58ms"}
{"level":"info","message":"GET /api/cart 200 - 31ms"}
{"level":"info","message":"MongoDB connected successfully"}
{"level":"info","message":"Server initialized successfully"}
{"level":"info","message":"Server running in development mode on port 5001"}
{"level":"info","message":"MongoDB connected successfully"}
{"level":"info","message":"Server initialized successfully"}
{"level":"info","message":"Server running in development mode on port 5001"}
{"level":"info","message":"POST /api/orders/send-wallet-otp 200 - 30ms"}
{"level":"info","message":"GET /api/users/profile 200 - 15ms"}
{"level":"info","message":"GET /api/users/profile 200 - 20ms"}
{"level":"info","message":"MongoDB connected successfully"}
{"level":"info","message":"Server initialized successfully"}
{"level":"info","message":"Server running in development mode on port 5001"}
{"level":"info","message":"MongoDB connected successfully"}
{"level":"info","message":"Server initialized successfully"}
{"level":"info","message":"Server running in development mode on port 5001"}
{"level":"info","message":"GET /api/users/profile 200 - 26ms"}
{"level":"info","message":"GET /api/users/profile 200 - 22ms"}
{"level":"info","message":"GET /api/cart 200 - 40ms"}
{"level":"info","message":"GET /api/cart 200 - 45ms"}
{"level":"info","message":"GET /api/users/profile 200 - 9ms"}
{"level":"info","message":"GET /api/users/profile 200 - 9ms"}
{"level":"info","message":"Email sent: <7787c71a-afc2-80c6-5b80-4d81d7d784f9@gmail.com>"}
{"level":"info","message":"POST /api/orders/send-wallet-otp 200 - 3126ms"}
{"level":"info","message":"POST /api/orders/create 201 - 67ms"}
{"level":"info","message":"GET /api/categories 200 - 17ms"}
{"level":"info","message":"GET /api/categories 200 - 26ms"}
{"level":"info","message":"GET /api/products?page=1&limit=6&sortBy=createdAt&sortOrder=desc&minPrice=0&maxPrice=300000 200 - 60ms"}
{"level":"info","message":"GET /api/products?page=1&limit=6&sortBy=createdAt&sortOrder=desc&minPrice=0&maxPrice=300000 200 - 47ms"}
{"level":"info","message":"GET /api/orders/my-orders 200 - 35ms"}
{"level":"info","message":"GET /api/orders/my-orders 200 - 40ms"}
{"level":"info","message":"GET /api/users/profile 200 - 6ms"}
{"level":"info","message":"GET /api/users/profile 200 - 7ms"}
{"level":"info","message":"GET /api/users/profile 200 - 12ms"}
{"level":"info","message":"GET /api/users/profile 200 - 8ms"}
{"level":"info","message":"GET /api/users/profile 200 - 12ms"}
{"level":"info","message":"GET /api/users/profile 200 - 57ms"}
{"level":"info","message":"GET /api/users/profile 200 - 17ms"}
{"level":"info","message":"GET /api/users/profile 200 - 19ms"}
{"level":"info","message":"GET /api/users/profile 200 - 15ms"}
{"level":"info","message":"GET /api/users/profile 200 - 13ms"}
{"level":"info","message":"GET /api/users/profile 200 - 9ms"}
{"level":"info","message":"GET /api/users/profile 200 - 7ms"}
{"level":"info","message":"GET /uploads/avatars/avatar-1775506313660-437228526.jpg 304 - 9ms"}
{"level":"info","message":"GET /api/users/profile 200 - 8ms"}
{"level":"info","message":"GET /api/orders/my-orders 200 - 50ms"}
{"level":"info","message":"GET /api/cart 200 - 46ms"}
{"level":"info","message":"GET /api/orders/my-orders 200 - 69ms"}
{"level":"info","message":"GET /api/cart 200 - 40ms"}
{"level":"info","message":"GET /api/wishlist 200 - 91ms"}
{"level":"info","message":"GET /api/users/profile 200 - 90ms"}
{"level":"info","message":"GET /api/wishlist 200 - 48ms"}
{"level":"info","message":"GET /api/users/profile 200 - 6ms"}
{"level":"info","message":"GET /api/users/profile 200 - 12ms"}
{"level":"info","message":"GET /uploads/avatars/avatar-1775506313660-437228526.jpg 304 - 1ms"}
{"level":"info","message":"GET /api/users/profile 200 - 23ms"}
{"level":"info","message":"GET /api/orders/my-orders 200 - 41ms"}
{"level":"info","message":"GET /api/users/profile 200 - 38ms"}
{"level":"info","message":"GET /api/wishlist 200 - 45ms"}
{"level":"info","message":"GET /api/orders/my-orders 200 - 56ms"}
{"level":"info","message":"GET /api/wishlist 200 - 45ms"}
{"level":"info","message":"GET /api/cart 200 - 29ms"}
{"level":"info","message":"GET /api/cart 200 - 21ms"}
{"level":"info","message":"GET /uploads/avatars/avatar-1775506313660-437228526.jpg 304 - 1ms"}
{"level":"info","message":"GET /api/users/profile 200 - 45ms"}
{"level":"info","message":"GET /api/users/profile 200 - 45ms"}
{"level":"info","message":"GET /api/cart 200 - 46ms"}
{"level":"info","message":"GET /api/wishlist 200 - 54ms"}
{"level":"info","message":"GET /api/users/profile 200 - 52ms"}
{"level":"info","message":"GET /api/cart 200 - 12ms"}
{"level":"info","message":"GET /api/wishlist 200 - 45ms"}
{"level":"info","message":"GET /api/users/profile 200 - 98ms"}
{"level":"info","message":"GET /uploads/avatars/avatar-1775506313660-437228526.jpg 304 - 1ms"}
{"level":"info","message":"GET /api/users/profile 200 - 13ms"}
{"level":"info","message":"GET /api/cart 200 - 24ms"}
{"level":"info","message":"GET /api/orders/my-orders 200 - 42ms"}
{"level":"info","message":"GET /api/users/profile 200 - 38ms"}
{"level":"info","message":"GET /api/wishlist 200 - 50ms"}
{"level":"info","message":"GET /api/orders/my-orders 200 - 50ms"}
{"level":"info","message":"GET /api/wishlist 200 - 40ms"}
{"level":"info","message":"GET /api/cart 200 - 9ms"}
{"level":"info","message":"GET /api/users/profile 200 - 22ms"}
{"level":"info","message":"GET /api/users/profile 200 - 15ms"}
{"level":"info","message":"GET /api/orders/my-orders 200 - 30ms"}
{"level":"info","message":"GET /api/users/profile 200 - 13ms"}
{"level":"info","message":"GET /api/users/profile 200 - 15ms"}
{"level":"info","message":"GET /api/users/profile 200 - 18ms"}
{"level":"info","message":"GET /api/cart 200 - 19ms"}
{"level":"info","message":"GET /api/wishlist 200 - 20ms"}
{"level":"info","message":"GET /api/cart 200 - 18ms"}
{"level":"info","message":"GET /api/users/profile 200 - 23ms"}
{"level":"info","message":"GET /api/wishlist 200 - 21ms"}
{"level":"info","message":"GET /api/orders/my-orders 200 - 19ms"}
{"level":"info","message":"GET /api/users/profile 200 - 11ms"}
{"level":"info","message":"GET /api/wishlist 200 - 18ms"}
{"level":"info","message":"GET /api/cart 200 - 19ms"}
{"level":"info","message":"GET /api/users/profile 200 - 23ms"}
{"level":"info","message":"GET /api/users/profile 200 - 25ms"}
{"level":"info","message":"GET /api/wishlist 200 - 30ms"}
{"level":"info","message":"GET /api/cart 200 - 31ms"}
{"level":"info","message":"GET /api/users/profile 200 - 31ms"}
{"level":"info","message":"GET /api/orders/my-orders 200 - 16ms"}
{"level":"info","message":"GET /api/users/profile 200 - 12ms"}
{"level":"info","message":"GET /api/users/profile 200 - 17ms"}
{"level":"info","message":"GET /api/users/profile 200 - 27ms"}
{"level":"info","message":"GET /api/cart 200 - 30ms"}
{"level":"info","message":"GET /api/cart 200 - 32ms"}
{"level":"info","message":"GET /api/users/profile 200 - 20ms"}
{"level":"info","message":"GET /api/wishlist 200 - 19ms"}
{"level":"info","message":"GET /api/wishlist 200 - 33ms"}
{"level":"info","message":"GET /api/orders/my-orders 200 - 24ms"}
{"level":"info","message":"GET /api/users/profile 200 - 9ms"}
{"level":"info","message":"GET /api/users/profile 200 - 18ms"}
{"level":"info","message":"GET /api/users/profile 200 - 21ms"}
{"level":"info","message":"GET /api/cart 200 - 20ms"}
{"level":"info","message":"GET /api/wishlist 200 - 36ms"}
{"level":"info","message":"GET /api/users/profile 200 - 17ms"}
{"level":"info","message":"GET /api/cart 200 - 14ms"}
{"level":"info","message":"GET /api/wishlist 200 - 25ms"}
{"level":"info","message":"GET /api/orders/my-orders 200 - 18ms"}
{"level":"info","message":"GET /api/orders/my-orders 200 - 15ms"}
{"level":"info","message":"GET /api/orders/my-orders 200 - 19ms"}
{"level":"info","message":"GET /api/orders/6a08d2cfa5d7839e0782a5d5 200 - 35ms"}
{"level":"info","message":"GET /api/orders/6a08d2cfa5d7839e0782a5d5 200 - 35ms"}
{"level":"info","message":"GET /api/users/profile 200 - 73ms"}
{"level":"info","message":"GET /api/users/profile 200 - 9ms"}
{"level":"info","message":"GET /api/orders/my-orders 200 - 47ms"}
{"level":"info","message":"GET /api/orders/my-orders 200 - 17ms"}
{"level":"info","message":"MongoDB connected successfully"}
{"level":"info","message":"Server initialized successfully"}
{"level":"info","message":"Server running in development mode on port 5001"}
{"level":"info","message":"MongoDB connected successfully"}
{"level":"info","message":"Server initialized successfully"}
{"level":"info","message":"Server running in development mode on port 5001"}
{"level":"info","message":"MongoDB connected successfully"}
{"level":"info","message":"Server initialized successfully"}
{"level":"info","message":"Server running in development mode on port 5001"}
{"level":"info","message":"GET /uploads/avatars/avatar-1775506313660-437228526.jpg 304 - 9ms"}
{"level":"info","message":"GET /api/users/profile 200 - 99ms"}
{"level":"info","message":"GET /api/users/profile 200 - 125ms"}
{"level":"info","message":"GET /api/users/profile 200 - 173ms"}
{"level":"info","message":"GET /api/wishlist 200 - 207ms"}
{"level":"info","message":"GET /api/cart 200 - 173ms"}
{"level":"info","message":"GET /api/wishlist 200 - 134ms"}
{"level":"info","message":"GET /api/users/profile 200 - 143ms"}
{"level":"info","message":"GET /api/cart 200 - 83ms"}
{"level":"info","message":"GET /api/users/profile 200 - 12ms"}
{"level":"info","message":"GET /api/users/profile 200 - 17ms"}
{"level":"info","message":"GET /api/users/profile 200 - 26ms"}
{"level":"info","message":"GET /api/users/profile 200 - 8ms"}
{"level":"info","message":"GET /api/users/profile 200 - 59ms"}
{"level":"info","message":"GET /api/users/profile 200 - 15ms"}
{"level":"info","message":"GET /api/users/profile 200 - 18ms"}
{"level":"info","message":"GET /api/users/profile 200 - 6ms"}
{"level":"info","message":"GET /api/users/profile 200 - 8ms"}
{"level":"info","message":"GET /api/users/profile 200 - 12ms"}
{"level":"info","message":"GET /api/orders/my-orders 200 - 43ms"}
{"level":"info","message":"GET /api/orders/my-orders 200 - 17ms"}
{"level":"info","message":"GET /api/orders/my-orders 200 - 15ms"}
{"level":"error","message":"Error: Cast to ObjectId failed for value \"my-reviews\" (type string) at path \"_id\" for model \"Product\"","stack":"CastError: Cast to ObjectId failed for value \"my-reviews\" (type string) at path \"_id\" for model \"Product\"\n    at SchemaObjectId.cast (/home/tufa15/Documents/Menter_Bro/Full-Stack Project/SmartShop-AI/backend/node_modules/mongoose/lib/schema/objectId.js:253:11)\n    at SchemaType.applySetters (/home/tufa15/Documents/Menter_Bro/Full-Stack Project/SmartShop-AI/backend/node_modules/mongoose/lib/schemaType.js:1287:12)\n    at SchemaType.castForQuery (/home/tufa15/Documents/Menter_Bro/Full-Stack Project/SmartShop-AI/backend/node_modules/mongoose/lib/schemaType.js:1713:17)\n    at cast (/home/tufa15/Documents/Menter_Bro/Full-Stack Project/SmartShop-AI/backend/node_modules/mongoose/lib/cast.js:386:32)\n    at Query.cast (/home/tufa15/Documents/Menter_Bro/Full-Stack Project/SmartShop-AI/backend/node_modules/mongoose/lib/query.js:5127:12)\n    at Query._castConditions (/home/tufa15/Documents/Menter_Bro/Full-Stack Project/SmartShop-AI/backend/node_modules/mongoose/lib/query.js:2376:10)\n    at model.Query._findOne (/home/tufa15/Documents/Menter_Bro/Full-Stack Project/SmartShop-AI/backend/node_modules/mongoose/lib/query.js:2716:8)\n    at model.Query.exec (/home/tufa15/Documents/Menter_Bro/Full-Stack Project/SmartShop-AI/backend/node_modules/mongoose/lib/query.js:4726:80)\n    at process.processTicksAndRejections (node:internal/process/task_queues:105:5)\n    at async ProductService.getProductById (/home/tufa15/Documents/Menter_Bro/Full-Stack Project/SmartShop-AI/backend/Modules/product/productService.js:66:21)"}
{"level":"info","message":"GET /api/products/my-reviews 500 - 16ms"}
{"level":"info","message":"GET /uploads/avatars/avatar-1775506313660-437228526.jpg 304 - 2ms"}
{"level":"info","message":"GET /api/users/profile 200 - 25ms"}
{"level":"info","message":"GET /api/users/profile 200 - 26ms"}
{"level":"info","message":"GET /api/users/profile 200 - 22ms"}
{"level":"info","message":"GET /api/users/profile 200 - 37ms"}
{"level":"info","message":"GET /api/cart 200 - 39ms"}
{"level":"info","message":"GET /api/wishlist 200 - 40ms"}
{"level":"info","message":"GET /api/wishlist 200 - 70ms"}
{"level":"info","message":"GET /api/cart 200 - 35ms"}
{"level":"info","message":"GET /api/users/profile 200 - 8ms"}
{"level":"info","message":"GET /api/wishlist 200 - 19ms"}
{"level":"info","message":"GET /api/users/profile 200 - 17ms"}
{"level":"info","message":"GET /api/cart 200 - 10ms"}
{"level":"info","message":"GET /api/wishlist 200 - 27ms"}
{"level":"info","message":"GET /api/cart 200 - 12ms"}
{"level":"info","message":"GET /api/wishlist 200 - 14ms"}
{"level":"info","message":"GET /api/categories 200 - 18ms"}
{"level":"info","message":"GET /api/cart 200 - 16ms"}
{"level":"info","message":"GET /api/categories 200 - 13ms"}
{"level":"info","message":"GET /api/users/profile 200 - 28ms"}
{"level":"info","message":"GET /api/products?page=1&limit=6&sortBy=createdAt&sortOrder=desc&minPrice=0&maxPrice=300000 200 - 26ms"}
{"level":"info","message":"GET /api/products?page=1&limit=6&sortBy=createdAt&sortOrder=desc&minPrice=0&maxPrice=300000 200 - 62ms"}
{"level":"info","message":"GET /api/users/profile 200 - 26ms"}
{"level":"info","message":"GET /api/cart 200 - 9ms"}
{"level":"info","message":"GET /api/wishlist 200 - 17ms"}
{"level":"info","message":"GET /api/categories 200 - 11ms"}
{"level":"info","message":"GET /api/categories 200 - 14ms"}
{"level":"info","message":"GET /api/products 200 - 20ms"}
{"level":"info","message":"GET /api/products 200 - 29ms"}
{"level":"info","message":"GET /api/users/profile 200 - 23ms"}
{"level":"info","message":"GET /api/cart 200 - 28ms"}
{"level":"info","message":"GET /api/users/profile 200 - 30ms"}
{"level":"info","message":"GET /api/wishlist 200 - 43ms"}
{"level":"info","message":"GET /api/wishlist 200 - 39ms"}
{"level":"info","message":"GET /api/cart 200 - 43ms"}
{"level":"info","message":"GET /api/products?page=1&limit=6&sortBy=createdAt&sortOrder=desc&minPrice=0&maxPrice=300000 200 - 17ms"}
{"level":"info","message":"GET /api/categories 200 - 17ms"}
{"level":"info","message":"GET /api/users/profile 200 - 20ms"}
{"level":"info","message":"GET /api/wishlist 200 - 27ms"}
{"level":"info","message":"GET /api/cart 200 - 30ms"}
{"level":"info","message":"GET /api/categories 200 - 17ms"}
{"level":"info","message":"GET /api/products?page=1&limit=6&sortBy=createdAt&sortOrder=desc&minPrice=0&maxPrice=300000 200 - 35ms"}
{"level":"info","message":"GET /api/users/profile 200 - 23ms"}
{"level":"info","message":"GET /api/cart 200 - 23ms"}
{"level":"info","message":"GET /api/wishlist 200 - 35ms"}
{"level":"info","message":"GET /api/users/profile 200 - 11ms"}
{"level":"info","message":"GET /api/users/profile 200 - 10ms"}
{"level":"info","message":"GET /api/orders/my-orders 200 - 20ms"}
{"level":"info","message":"GET /api/orders/6a08d2cfa5d7839e0782a5d5 200 - 12ms"}
{"level":"info","message":"GET /api/orders/6a08d2cfa5d7839e0782a5d5 200 - 16ms"}
{"level":"info","message":"GET /api/users/profile 200 - 6ms"}
{"level":"info","message":"GET /api/users/profile 200 - 10ms"}
{"level":"info","message":"GET /api/orders/my-orders 200 - 21ms"}
{"level":"info","message":"GET /api/orders/6a08d2cfa5d7839e0782a5d5 200 - 20ms"}
{"level":"info","message":"GET /api/orders/6a08d2cfa5d7839e0782a5d5 200 - 21ms"}
{"level":"info","message":"GET /api/users/profile 200 - 6ms"}
{"level":"info","message":"GET /api/users/profile 200 - 5ms"}
{"level":"info","message":"GET /api/orders/my-orders 200 - 22ms"}
{"level":"info","message":"GET /api/orders/6a08d2cfa5d7839e0782a5d5 200 - 12ms"}
{"level":"info","message":"GET /api/orders/6a08d2cfa5d7839e0782a5d5 200 - 14ms"}
{"level":"info","message":"GET /api/users/profile 200 - 15ms"}
{"level":"info","message":"GET /api/users/profile 200 - 15ms"}
{"level":"info","message":"GET /api/users/profile 200 - 16ms"}
{"level":"info","message":"GET /api/users/profile 200 - 37ms"}
{"level":"info","message":"GET /api/users/profile 200 - 41ms"}
{"level":"info","message":"GET /api/orders/my-orders 200 - 18ms"}
{"level":"info","message":"GET /api/orders/6a08d2cfa5d7839e0782a5d5 200 - 13ms"}
{"level":"info","message":"GET /api/orders/6a08d2cfa5d7839e0782a5d5 200 - 10ms"}
{"level":"info","message":"GET /api/orders/6a08d2cfa5d7839e0782a5d5 200 - 15ms"}
{"level":"info","message":"GET /api/orders/6a08d2cfa5d7839e0782a5d5 200 - 15ms"}
{"level":"info","message":"GET /api/orders/6a08cf247877820bf43c436c 200 - 13ms"}
{"level":"info","message":"GET /api/orders/6a08cf247877820bf43c436c 200 - 17ms"}
{"level":"info","message":"GET /api/orders/6a08d2cfa5d7839e0782a5d5 200 - 13ms"}
{"level":"info","message":"GET /api/orders/6a08d2cfa5d7839e0782a5d5 200 - 13ms"}
{"level":"info","message":"GET /api/users/profile 200 - 7ms"}
{"level":"info","message":"GET /api/users/profile 200 - 8ms"}
{"level":"info","message":"GET /api/users/profile 200 - 8ms"}
{"level":"info","message":"GET /api/orders/my-orders 200 - 17ms"}
{"level":"info","message":"GET /api/users/profile 200 - 10ms"}
{"level":"info","message":"GET /api/categories 200 - 31ms"}
{"level":"info","message":"GET /api/categories 200 - 13ms"}
{"level":"info","message":"GET /api/users/profile 200 - 19ms"}
{"level":"info","message":"GET /api/products?page=1&limit=6&sortBy=createdAt&sortOrder=desc&minPrice=0&maxPrice=300000 200 - 39ms"}
{"level":"info","message":"GET /api/products?page=1&limit=6&sortBy=createdAt&sortOrder=desc&minPrice=0&maxPrice=300000 200 - 66ms"}
{"level":"info","message":"GET /api/wishlist 200 - 19ms"}
{"level":"info","message":"GET /api/cart 200 - 13ms"}
{"level":"info","message":"GET /api/cart 200 - 12ms"}
{"level":"info","message":"GET /api/wishlist 200 - 12ms"}
{"level":"info","message":"GET /api/users/profile 200 - 8ms"}
{"level":"info","message":"GET /api/users/profile 200 - 13ms"}
{"level":"info","message":"GET /api/orders/my-orders 200 - 16ms"}
{"level":"info","message":"GET /api/orders/6a08d2cfa5d7839e0782a5d5 200 - 9ms"}
{"level":"info","message":"GET /api/orders/6a08d2cfa5d7839e0782a5d5 200 - 8ms"}
{"level":"info","message":"GET /api/orders/my-orders 200 - 26ms"}
{"level":"info","message":"GET /api/orders/6a08d2cfa5d7839e0782a5d5 200 - 36ms"}
{"level":"info","message":"GET /api/orders/6a08d2cfa5d7839e0782a5d5 200 - 31ms"}
{"level":"info","message":"GET /api/orders/6a08d2cfa5d7839e0782a5d5 200 - 36ms"}
{"level":"info","message":"GET /api/orders/6a08d2cfa5d7839e0782a5d5 200 - 36ms"}
{"level":"info","message":"GET /api/categories 200 - 19ms"}
{"level":"info","message":"GET /api/products 200 - 20ms"}
{"level":"info","message":"GET /api/products 200 - 19ms"}
{"level":"info","message":"GET /api/categories 200 - 20ms"}
{"level":"info","message":"GET /api/products?page=1&limit=6&sortBy=createdAt&sortOrder=desc&minPrice=0&maxPrice=300000 200 - 14ms"}
{"level":"info","message":"GET /api/products?page=1&limit=6&sortBy=createdAt&sortOrder=desc&minPrice=0&maxPrice=300000 200 - 21ms"}
{"level":"info","message":"GET /api/categories 200 - 18ms"}
{"level":"info","message":"GET /api/categories 200 - 16ms"}
{"level":"info","message":"GET /api/users/profile 200 - 22ms"}
{"level":"info","message":"GET /api/wishlist 200 - 34ms"}
{"level":"info","message":"GET /api/users/profile 200 - 34ms"}
{"level":"info","message":"GET /api/cart 200 - 32ms"}
{"level":"info","message":"GET /api/cart 200 - 7ms"}
{"level":"info","message":"GET /api/wishlist 200 - 20ms"}
{"level":"info","message":"GET /api/users/profile 200 - 14ms"}
{"level":"info","message":"GET /api/users/profile 200 - 15ms"}
{"level":"info","message":"GET /api/cart 200 - 19ms"}
{"level":"info","message":"GET /api/wishlist 200 - 31ms"}
{"level":"info","message":"GET /api/users/profile 200 - 29ms"}
{"level":"info","message":"GET /api/users/profile 200 - 33ms"}
{"level":"info","message":"GET /api/wishlist 200 - 20ms"}
{"level":"info","message":"GET /api/cart 200 - 20ms"}
{"level":"info","message":"GET /api/orders/my-orders 200 - 18ms"}
{"level":"error","message":"Error: Cast to ObjectId failed for value \"my-reviews\" (type string) at path \"_id\" for model \"Product\"","stack":"CastError: Cast to ObjectId failed for value \"my-reviews\" (type string) at path \"_id\" for model \"Product\"\n    at SchemaObjectId.cast (/home/tufa15/Documents/Menter_Bro/Full-Stack Project/SmartShop-AI/backend/node_modules/mongoose/lib/schema/objectId.js:253:11)\n    at SchemaType.applySetters (/home/tufa15/Documents/Menter_Bro/Full-Stack Project/SmartShop-AI/backend/node_modules/mongoose/lib/schemaType.js:1287:12)\n    at SchemaType.castForQuery (/home/tufa15/Documents/Menter_Bro/Full-Stack Project/SmartShop-AI/backend/node_modules/mongoose/lib/schemaType.js:1713:17)\n    at cast (/home/tufa15/Documents/Menter_Bro/Full-Stack Project/SmartShop-AI/backend/node_modules/mongoose/lib/cast.js:386:32)\n    at Query.cast (/home/tufa15/Documents/Menter_Bro/Full-Stack Project/SmartShop-AI/backend/node_modules/mongoose/lib/query.js:5127:12)\n    at Query._castConditions (/home/tufa15/Documents/Menter_Bro/Full-Stack Project/SmartShop-AI/backend/node_modules/mongoose/lib/query.js:2376:10)\n    at model.Query._findOne (/home/tufa15/Documents/Menter_Bro/Full-Stack Project/SmartShop-AI/backend/node_modules/mongoose/lib/query.js:2716:8)\n    at model.Query.exec (/home/tufa15/Documents/Menter_Bro/Full-Stack Project/SmartShop-AI/backend/node_modules/mongoose/lib/query.js:4726:80)\n    at process.processTicksAndRejections (node:internal/process/task_queues:105:5)\n    at async ProductService.getProductById (/home/tufa15/Documents/Menter_Bro/Full-Stack Project/SmartShop-AI/backend/Modules/product/productService.js:66:21)"}
{"level":"info","message":"GET /api/products/my-reviews 500 - 18ms"}
{"level":"info","message":"GET /uploads/avatars/avatar-1775506313660-437228526.jpg 304 - 1ms"}
{"level":"info","message":"GET /api/users/profile 200 - 13ms"}
{"level":"info","message":"GET /api/users/profile 200 - 12ms"}
{"level":"info","message":"GET /api/users/profile 200 - 16ms"}
{"level":"info","message":"GET /api/cart 200 - 27ms"}
{"level":"info","message":"GET /api/cart 200 - 26ms"}
{"level":"info","message":"GET /api/users/profile 200 - 32ms"}
{"level":"info","message":"GET /api/wishlist 200 - 26ms"}
{"level":"info","message":"GET /api/wishlist 200 - 14ms"}
{"level":"info","message":"GET /api/users/profile 200 - 11ms"}
{"level":"error","message":"Error: Cast to ObjectId failed for value \"my-reviews\" (type string) at path \"_id\" for model \"Product\"","stack":"CastError: Cast to ObjectId failed for value \"my-reviews\" (type string) at path \"_id\" for model \"Product\"\n    at SchemaObjectId.cast (/home/tufa15/Documents/Menter_Bro/Full-Stack Project/SmartShop-AI/backend/node_modules/mongoose/lib/schema/objectId.js:253:11)\n    at SchemaType.applySetters (/home/tufa15/Documents/Menter_Bro/Full-Stack Project/SmartShop-AI/backend/node_modules/mongoose/lib/schemaType.js:1287:12)\n    at SchemaType.castForQuery (/home/tufa15/Documents/Menter_Bro/Full-Stack Project/SmartShop-AI/backend/node_modules/mongoose/lib/schemaType.js:1713:17)\n    at cast (/home/tufa15/Documents/Menter_Bro/Full-Stack Project/SmartShop-AI/backend/node_modules/mongoose/lib/cast.js:386:32)\n    at Query.cast (/home/tufa15/Documents/Menter_Bro/Full-Stack Project/SmartShop-AI/backend/node_modules/mongoose/lib/query.js:5127:12)\n    at Query._castConditions (/home/tufa15/Documents/Menter_Bro/Full-Stack Project/SmartShop-AI/backend/node_modules/mongoose/lib/query.js:2376:10)\n    at model.Query._findOne (/home/tufa15/Documents/Menter_Bro/Full-Stack Project/SmartShop-AI/backend/node_modules/mongoose/lib/query.js:2716:8)\n    at model.Query.exec (/home/tufa15/Documents/Menter_Bro/Full-Stack Project/SmartShop-AI/backend/node_modules/mongoose/lib/query.js:4726:80)\n    at process.processTicksAndRejections (node:internal/process/task_queues:105:5)\n    at async ProductService.getProductById (/home/tufa15/Documents/Menter_Bro/Full-Stack Project/SmartShop-AI/backend/Modules/product/productService.js:66:21)"}
{"level":"info","message":"GET /api/products/my-reviews 500 - 5ms"}
{"level":"info","message":"GET /api/orders/my-orders 200 - 30ms"}
{"level":"info","message":"GET /uploads/avatars/avatar-1775506313660-437228526.jpg 304 - 3ms"}
{"level":"info","message":"GET /api/users/profile 200 - 19ms"}
{"level":"info","message":"GET /api/users/profile 200 - 19ms"}
{"level":"info","message":"GET /api/users/profile 200 - 20ms"}
{"level":"error","message":"Error: Cast to ObjectId failed for value \"my-reviews\" (type string) at path \"_id\" for model \"Product\"","stack":"CastError: Cast to ObjectId failed for value \"my-reviews\" (type string) at path \"_id\" for model \"Product\"\n    at SchemaObjectId.cast (/home/tufa15/Documents/Menter_Bro/Full-Stack Project/SmartShop-AI/backend/node_modules/mongoose/lib/schema/objectId.js:253:11)\n    at SchemaType.applySetters (/home/tufa15/Documents/Menter_Bro/Full-Stack Project/SmartShop-AI/backend/node_modules/mongoose/lib/schemaType.js:1287:12)\n    at SchemaType.castForQuery (/home/tufa15/Documents/Menter_Bro/Full-Stack Project/SmartShop-AI/backend/node_modules/mongoose/lib/schemaType.js:1713:17)\n    at cast (/home/tufa15/Documents/Menter_Bro/Full-Stack Project/SmartShop-AI/backend/node_modules/mongoose/lib/cast.js:386:32)\n    at Query.cast (/home/tufa15/Documents/Menter_Bro/Full-Stack Project/SmartShop-AI/backend/node_modules/mongoose/lib/query.js:5127:12)\n    at Query._castConditions (/home/tufa15/Documents/Menter_Bro/Full-Stack Project/SmartShop-AI/backend/node_modules/mongoose/lib/query.js:2376:10)\n    at model.Query._findOne (/home/tufa15/Documents/Menter_Bro/Full-Stack Project/SmartShop-AI/backend/node_modules/mongoose/lib/query.js:2716:8)\n    at model.Query.exec (/home/tufa15/Documents/Menter_Bro/Full-Stack Project/SmartShop-AI/backend/node_modules/mongoose/lib/query.js:4726:80)\n    at process.processTicksAndRejections (node:internal/process/task_queues:105:5)\n    at async ProductService.getProductById (/home/tufa15/Documents/Menter_Bro/Full-Stack Project/SmartShop-AI/backend/Modules/product/productService.js:66:21)"}
{"level":"info","message":"GET /api/products/my-reviews 500 - 3ms"}
{"level":"info","message":"GET /api/users/profile 200 - 12ms"}
{"level":"error","message":"Error: Cast to ObjectId failed for value \"my-reviews\" (type string) at path \"_id\" for model \"Product\"","stack":"CastError: Cast to ObjectId failed for value \"my-reviews\" (type string) at path \"_id\" for model \"Product\"\n    at SchemaObjectId.cast (/home/tufa15/Documents/Menter_Bro/Full-Stack Project/SmartShop-AI/backend/node_modules/mongoose/lib/schema/objectId.js:253:11)\n    at SchemaType.applySetters (/home/tufa15/Documents/Menter_Bro/Full-Stack Project/SmartShop-AI/backend/node_modules/mongoose/lib/schemaType.js:1287:12)\n    at SchemaType.castForQuery (/home/tufa15/Documents/Menter_Bro/Full-Stack Project/SmartShop-AI/backend/node_modules/mongoose/lib/schemaType.js:1713:17)\n    at cast (/home/tufa15/Documents/Menter_Bro/Full-Stack Project/SmartShop-AI/backend/node_modules/mongoose/lib/cast.js:386:32)\n    at Query.cast (/home/tufa15/Documents/Menter_Bro/Full-Stack Project/SmartShop-AI/backend/node_modules/mongoose/lib/query.js:5127:12)\n    at Query._castConditions (/home/tufa15/Documents/Menter_Bro/Full-Stack Project/SmartShop-AI/backend/node_modules/mongoose/lib/query.js:2376:10)\n    at model.Query._findOne (/home/tufa15/Documents/Menter_Bro/Full-Stack Project/SmartShop-AI/backend/node_modules/mongoose/lib/query.js:2716:8)\n    at model.Query.exec (/home/tufa15/Documents/Menter_Bro/Full-Stack Project/SmartShop-AI/backend/node_modules/mongoose/lib/query.js:4726:80)\n    at process.processTicksAndRejections (node:internal/process/task_queues:105:5)\n    at async ProductService.getProductById (/home/tufa15/Documents/Menter_Bro/Full-Stack Project/SmartShop-AI/backend/Modules/product/productService.js:66:21)"}
{"level":"info","message":"GET /api/products/my-reviews 500 - 1ms"}
{"level":"info","message":"GET /api/cart 200 - 19ms"}
{"level":"info","message":"GET /api/orders/my-orders 200 - 45ms"}
{"level":"info","message":"GET /api/orders/my-orders 200 - 55ms"}
{"level":"info","message":"GET /api/cart 200 - 28ms"}
{"level":"info","message":"GET /api/wishlist 200 - 34ms"}
{"level":"info","message":"GET /api/wishlist 200 - 43ms"}
{"level":"info","message":"GET /uploads/avatars/avatar-1775506313660-437228526.jpg 304 - 0ms"}
{"level":"info","message":"GET /api/users/profile 200 - 16ms"}
{"level":"info","message":"GET /api/users/profile 200 - 16ms"}
{"level":"error","message":"Error: Cast to ObjectId failed for value \"my-reviews\" (type string) at path \"_id\" for model \"Product\"","stack":"CastError: Cast to ObjectId failed for value \"my-reviews\" (type string) at path \"_id\" for model \"Product\"\n    at SchemaObjectId.cast (/home/tufa15/Documents/Menter_Bro/Full-Stack Project/SmartShop-AI/backend/node_modules/mongoose/lib/schema/objectId.js:253:11)\n    at SchemaType.applySetters (/home/tufa15/Documents/Menter_Bro/Full-Stack Project/SmartShop-AI/backend/node_modules/mongoose/lib/schemaType.js:1287:12)\n    at SchemaType.castForQuery (/home/tufa15/Documents/Menter_Bro/Full-Stack Project/SmartShop-AI/backend/node_modules/mongoose/lib/schemaType.js:1713:17)\n    at cast (/home/tufa15/Documents/Menter_Bro/Full-Stack Project/SmartShop-AI/backend/node_modules/mongoose/lib/cast.js:386:32)\n    at Query.cast (/home/tufa15/Documents/Menter_Bro/Full-Stack Project/SmartShop-AI/backend/node_modules/mongoose/lib/query.js:5127:12)\n    at Query._castConditions (/home/tufa15/Documents/Menter_Bro/Full-Stack Project/SmartShop-AI/backend/node_modules/mongoose/lib/query.js:2376:10)\n    at model.Query._findOne (/home/tufa15/Documents/Menter_Bro/Full-Stack Project/SmartShop-AI/backend/node_modules/mongoose/lib/query.js:2716:8)\n    at model.Query.exec (/home/tufa15/Documents/Menter_Bro/Full-Stack Project/SmartShop-AI/backend/node_modules/mongoose/lib/query.js:4726:80)\n    at process.processTicksAndRejections (node:internal/process/task_queues:105:5)\n    at async ProductService.getProductById (/home/tufa15/Documents/Menter_Bro/Full-Stack Project/SmartShop-AI/backend/Modules/product/productService.js:66:21)"}
{"level":"info","message":"GET /api/products/my-reviews 500 - 1ms"}
{"level":"info","message":"GET /api/orders/my-orders 200 - 41ms"}
{"level":"info","message":"GET /api/users/profile 200 - 35ms"}
{"level":"info","message":"GET /api/orders/my-orders 200 - 45ms"}
{"level":"info","message":"GET /api/users/profile 200 - 31ms"}
{"level":"info","message":"GET /api/cart 200 - 31ms"}
{"level":"error","message":"Error: Cast to ObjectId failed for value \"my-reviews\" (type string) at path \"_id\" for model \"Product\"","stack":"CastError: Cast to ObjectId failed for value \"my-reviews\" (type string) at path \"_id\" for model \"Product\"\n    at SchemaObjectId.cast (/home/tufa15/Documents/Menter_Bro/Full-Stack Project/SmartShop-AI/backend/node_modules/mongoose/lib/schema/objectId.js:253:11)\n    at SchemaType.applySetters (/home/tufa15/Documents/Menter_Bro/Full-Stack Project/SmartShop-AI/backend/node_modules/mongoose/lib/schemaType.js:1287:12)\n    at SchemaType.castForQuery (/home/tufa15/Documents/Menter_Bro/Full-Stack Project/SmartShop-AI/backend/node_modules/mongoose/lib/schemaType.js:1713:17)\n    at cast (/home/tufa15/Documents/Menter_Bro/Full-Stack Project/SmartShop-AI/backend/node_modules/mongoose/lib/cast.js:386:32)\n    at Query.cast (/home/tufa15/Documents/Menter_Bro/Full-Stack Project/SmartShop-AI/backend/node_modules/mongoose/lib/query.js:5127:12)\n    at Query._castConditions (/home/tufa15/Documents/Menter_Bro/Full-Stack Project/SmartShop-AI/backend/node_modules/mongoose/lib/query.js:2376:10)\n    at model.Query._findOne (/home/tufa15/Documents/Menter_Bro/Full-Stack Project/SmartShop-AI/backend/node_modules/mongoose/lib/query.js:2716:8)\n    at model.Query.exec (/home/tufa15/Documents/Menter_Bro/Full-Stack Project/SmartShop-AI/backend/node_modules/mongoose/lib/query.js:4726:80)\n    at process.processTicksAndRejections (node:internal/process/task_queues:105:5)\n    at async ProductService.getProductById (/home/tufa15/Documents/Menter_Bro/Full-Stack Project/SmartShop-AI/backend/Modules/product/productService.js:66:21)"}
{"level":"info","message":"GET /api/products/my-reviews 500 - 1ms"}
{"level":"info","message":"GET /api/wishlist 200 - 60ms"}
{"level":"info","message":"GET /api/cart 200 - 20ms"}
{"level":"info","message":"GET /api/wishlist 200 - 25ms"}
{"level":"info","message":"GET /uploads/avatars/avatar-1775506313660-437228526.jpg 304 - 1ms"}
{"level":"error","message":"Error: Cast to ObjectId failed for value \"my-reviews\" (type string) at path \"_id\" for model \"Product\"","stack":"CastError: Cast to ObjectId failed for value \"my-reviews\" (type string) at path \"_id\" for model \"Product\"\n    at SchemaObjectId.cast (/home/tufa15/Documents/Menter_Bro/Full-Stack Project/SmartShop-AI/backend/node_modules/mongoose/lib/schema/objectId.js:253:11)\n    at SchemaType.applySetters (/home/tufa15/Documents/Menter_Bro/Full-Stack Project/SmartShop-AI/backend/node_modules/mongoose/lib/schemaType.js:1287:12)\n    at SchemaType.castForQuery (/home/tufa15/Documents/Menter_Bro/Full-Stack Project/SmartShop-AI/backend/node_modules/mongoose/lib/schemaType.js:1713:17)\n    at cast (/home/tufa15/Documents/Menter_Bro/Full-Stack Project/SmartShop-AI/backend/node_modules/mongoose/lib/cast.js:386:32)\n    at Query.cast (/home/tufa15/Documents/Menter_Bro/Full-Stack Project/SmartShop-AI/backend/node_modules/mongoose/lib/query.js:5127:12)\n    at Query._castConditions (/home/tufa15/Documents/Menter_Bro/Full-Stack Project/SmartShop-AI/backend/node_modules/mongoose/lib/query.js:2376:10)\n    at model.Query._findOne (/home/tufa15/Documents/Menter_Bro/Full-Stack Project/SmartShop-AI/backend/node_modules/mongoose/lib/query.js:2716:8)\n    at model.Query.exec (/home/tufa15/Documents/Menter_Bro/Full-Stack Project/SmartShop-AI/backend/node_modules/mongoose/lib/query.js:4726:80)\n    at process.processTicksAndRejections (node:internal/process/task_queues:105:5)\n    at async ProductService.getProductById (/home/tufa15/Documents/Menter_Bro/Full-Stack Project/SmartShop-AI/backend/Modules/product/productService.js:66:21)"}
{"level":"info","message":"GET /api/products/my-reviews 500 - 2ms"}
{"level":"info","message":"GET /api/users/profile 200 - 26ms"}
{"level":"info","message":"GET /uploads/avatars/avatar-1775506313660-437228526.jpg 304 - 1ms"}
{"level":"info","message":"GET /api/products 200 - 58ms"}
{"level":"info","message":"GET /api/categories 200 - 38ms"}
{"level":"info","message":"GET /api/users/profile 200 - 42ms"}
{"level":"info","message":"GET /api/wishlist 200 - 48ms"}
{"level":"info","message":"GET /api/cart 200 - 50ms"}
{"level":"info","message":"GET /api/categories 200 - 16ms"}
{"level":"info","message":"GET /api/products 200 - 44ms"}
{"level":"info","message":"GET /api/users/profile 200 - 29ms"}
{"level":"info","message":"GET /api/cart 200 - 23ms"}
{"level":"info","message":"GET /api/wishlist 200 - 18ms"}
{"level":"info","message":"GET /api/users/profile 200 - 15ms"}
{"level":"error","message":"Error: Cast to ObjectId failed for value \"my-reviews\" (type string) at path \"_id\" for model \"Product\"","stack":"CastError: Cast to ObjectId failed for value \"my-reviews\" (type string) at path \"_id\" for model \"Product\"\n    at SchemaObjectId.cast (/home/tufa15/Documents/Menter_Bro/Full-Stack Project/SmartShop-AI/backend/node_modules/mongoose/lib/schema/objectId.js:253:11)\n    at SchemaType.applySetters (/home/tufa15/Documents/Menter_Bro/Full-Stack Project/SmartShop-AI/backend/node_modules/mongoose/lib/schemaType.js:1287:12)\n    at SchemaType.castForQuery (/home/tufa15/Documents/Menter_Bro/Full-Stack Project/SmartShop-AI/backend/node_modules/mongoose/lib/schemaType.js:1713:17)\n    at cast (/home/tufa15/Documents/Menter_Bro/Full-Stack Project/SmartShop-AI/backend/node_modules/mongoose/lib/cast.js:386:32)\n    at Query.cast (/home/tufa15/Documents/Menter_Bro/Full-Stack Project/SmartShop-AI/backend/node_modules/mongoose/lib/query.js:5127:12)\n    at Query._castConditions (/home/tufa15/Documents/Menter_Bro/Full-Stack Project/SmartShop-AI/backend/node_modules/mongoose/lib/query.js:2376:10)\n    at model.Query._findOne (/home/tufa15/Documents/Menter_Bro/Full-Stack Project/SmartShop-AI/backend/node_modules/mongoose/lib/query.js:2716:8)\n    at model.Query.exec (/home/tufa15/Documents/Menter_Bro/Full-Stack Project/SmartShop-AI/backend/node_modules/mongoose/lib/query.js:4726:80)\n    at process.processTicksAndRejections (node:internal/process/task_queues:105:5)\n    at async ProductService.getProductById (/home/tufa15/Documents/Menter_Bro/Full-Stack Project/SmartShop-AI/backend/Modules/product/productService.js:66:21)"}
{"level":"info","message":"GET /api/products/my-reviews 500 - 3ms"}
{"level":"error","message":"Error: Cast to ObjectId failed for value \"my-reviews\" (type string) at path \"_id\" for model \"Product\"","stack":"CastError: Cast to ObjectId failed for value \"my-reviews\" (type string) at path \"_id\" for model \"Product\"\n    at SchemaObjectId.cast (/home/tufa15/Documents/Menter_Bro/Full-Stack Project/SmartShop-AI/backend/node_modules/mongoose/lib/schema/objectId.js:253:11)\n    at SchemaType.applySetters (/home/tufa15/Documents/Menter_Bro/Full-Stack Project/SmartShop-AI/backend/node_modules/mongoose/lib/schemaType.js:1287:12)\n    at SchemaType.castForQuery (/home/tufa15/Documents/Menter_Bro/Full-Stack Project/SmartShop-AI/backend/node_modules/mongoose/lib/schemaType.js:1713:17)\n    at cast (/home/tufa15/Documents/Menter_Bro/Full-Stack Project/SmartShop-AI/backend/node_modules/mongoose/lib/cast.js:386:32)\n    at Query.cast (/home/tufa15/Documents/Menter_Bro/Full-Stack Project/SmartShop-AI/backend/node_modules/mongoose/lib/query.js:5127:12)\n    at Query._castConditions (/home/tufa15/Documents/Menter_Bro/Full-Stack Project/SmartShop-AI/backend/node_modules/mongoose/lib/query.js:2376:10)\n    at model.Query._findOne (/home/tufa15/Documents/Menter_Bro/Full-Stack Project/SmartShop-AI/backend/node_modules/mongoose/lib/query.js:2716:8)\n    at model.Query.exec (/home/tufa15/Documents/Menter_Bro/Full-Stack Project/SmartShop-AI/backend/node_modules/mongoose/lib/query.js:4726:80)\n    at process.processTicksAndRejections (node:internal/process/task_queues:105:5)\n    at async ProductService.getProductById (/home/tufa15/Documents/Menter_Bro/Full-Stack Project/SmartShop-AI/backend/Modules/product/productService.js:66:21)"}
{"level":"info","message":"GET /api/products/my-reviews 500 - 2ms"}
{"level":"info","message":"GET /api/users/profile 200 - 34ms"}
{"level":"info","message":"GET /api/orders/my-orders 200 - 30ms"}
{"level":"info","message":"GET /api/orders/my-orders 200 - 38ms"}
{"level":"info","message":"MongoDB connected successfully"}
{"level":"info","message":"Server initialized successfully"}
{"level":"info","message":"Server running in development mode on port 5001"}
{"level":"info","message":"GET /uploads/avatars/avatar-1775506313660-437228526.jpg 304 - 6ms"}
{"level":"info","message":"GET /api/users/profile 200 - 29ms"}
{"level":"info","message":"GET /api/users/profile 200 - 33ms"}
{"level":"info","message":"GET /api/products/my-reviews 200 - 32ms"}
{"level":"info","message":"GET /api/users/profile 200 - 39ms"}
{"level":"info","message":"GET /api/orders/my-orders 200 - 64ms"}
{"level":"info","message":"GET /api/orders/my-orders 200 - 85ms"}
{"level":"info","message":"GET /api/products/my-reviews 200 - 71ms"}
{"level":"info","message":"GET /api/wishlist 200 - 56ms"}
{"level":"info","message":"GET /api/cart 200 - 24ms"}
{"level":"info","message":"GET /api/users/profile 200 - 29ms"}
{"level":"info","message":"GET /api/cart 200 - 10ms"}
{"level":"info","message":"GET /api/wishlist 200 - 19ms"}
{"level":"info","message":"GET /api/orders/my-orders 200 - 19ms"}
{"level":"info","message":"GET /api/orders/my-orders 200 - 16ms"}
{"level":"info","message":"GET /api/orders/my-orders 200 - 17ms"}
{"level":"info","message":"GET /api/products/my-reviews 200 - 4ms"}
{"level":"info","message":"GET /api/users/profile 200 - 57ms"}
{"level":"info","message":"GET /api/products/my-reviews 200 - 66ms"}
{"level":"info","message":"GET /api/orders/my-orders 200 - 92ms"}
{"level":"info","message":"GET /api/orders/my-orders 200 - 17ms"}
{"level":"info","message":"GET /api/orders/my-orders 200 - 25ms"}
{"level":"info","message":"GET /api/orders/my-orders 200 - 14ms"}
{"level":"info","message":"GET /api/products/my-reviews 200 - 5ms"}
{"level":"info","message":"GET /api/orders/my-orders 200 - 20ms"}
{"level":"info","message":"GET /api/orders/my-orders 200 - 16ms"}
{"level":"info","message":"GET /api/orders/my-orders 200 - 12ms"}
{"level":"info","message":"GET /api/categories 200 - 37ms"}
{"level":"info","message":"GET /api/categories 200 - 27ms"}
{"level":"info","message":"GET /api/products 200 - 32ms"}
{"level":"info","message":"GET /api/products 200 - 54ms"}
