{"level":"info","message":"MongoDB connected successfully"}
{"level":"info","message":"Server initialized successfully"}
{"level":"info","message":"Server running in development mode on port 5001"}
{"level":"info","message":"GET /uploads/avatars/avatar-1781224439641-48150391.jpeg 304 - 8ms"}
{"level":"info","message":"GET /api/users/profile 401 - 75ms"}
{"level":"info","message":"GET /api/wishlist 401 - 10ms"}
{"level":"info","message":"GET /api/coupons?limit=12 200 - 185ms"}
{"level":"error","message":"Error: Invalid email or password","stack":"AuthenticationError: Invalid email or password\n    at AuthService.login (/home/tufa15/Documents/Menter_Bro/Full-Stack Project/SmartShop-AI/Smartshop-ClientSide/backend/Modules/auth/authService.js:51:13)\n    at async login (/home/tufa15/Documents/Menter_Bro/Full-Stack Project/SmartShop-AI/Smartshop-ClientSide/backend/Modules/auth/authController.js:16:22)"}
{"level":"info","message":"POST /api/auth/login 401 - 138ms"}
{"level":"info","message":"New user registered: viswajithviswa715@gmail.com"}
{"level":"info","message":"POST /api/auth/register 201 - 189ms"}
{"level":"info","message":"Email sent: <b751670c-ac57-7285-f32e-a7b7de6e1a06@gmail.com>"}
{"level":"info","message":"OTP sent to: viswajithviswa715@gmail.com"}
{"level":"info","message":"OTP verified for: viswajithviswa715@gmail.com"}
{"level":"info","message":"POST /api/auth/verify-otp 200 - 37ms"}
{"level":"info","message":"User login successful: viswajithviswa715@gmail.com"}
{"level":"info","message":"POST /api/auth/login 200 - 77ms"}
{"level":"info","message":"GET /api/categories 200 - 72ms"}
{"level":"info","message":"GET /api/products 200 - 65ms"}
{"level":"info","message":"GET /api/categories 200 - 43ms"}
{"level":"info","message":"GET /api/coupons?limit=12 200 - 59ms"}
{"level":"info","message":"GET /api/products 200 - 109ms"}
{"level":"info","message":"GET /api/users/profile 200 - 62ms"}
{"level":"info","message":"GET /api/cart 200 - 68ms"}
{"level":"info","message":"GET /api/wishlist 200 - 76ms"}
{"level":"info","message":"GET /api/coupons?limit=12 200 - 41ms"}
{"level":"info","message":"GET /api/wishlist 200 - 33ms"}
{"level":"info","message":"GET /api/users/profile 200 - 50ms"}
{"level":"info","message":"GET /api/cart 200 - 39ms"}
{"level":"info","message":"GET /api/products?page=1&limit=6&sortBy=createdAt&sortOrder=desc&minPrice=0&maxPrice=300000 200 - 74ms"}
{"level":"info","message":"GET /api/categories 200 - 45ms"}
{"level":"info","message":"GET /api/categories 200 - 56ms"}
{"level":"info","message":"GET /api/products?page=1&limit=6&sortBy=createdAt&sortOrder=desc&minPrice=0&maxPrice=300000 200 - 74ms"}
{"level":"info","message":"POST /api/cart/add 200 - 36ms"}
{"level":"info","message":"GET /api/cart 200 - 32ms"}
{"level":"info","message":"GET /api/users/profile 200 - 29ms"}
{"level":"info","message":"GET /api/users/profile 200 - 32ms"}
{"level":"info","message":"GET /api/cart 200 - 69ms"}
{"level":"info","message":"GET /api/users/profile 200 - 19ms"}
{"level":"info","message":"GET /api/users/profile 200 - 28ms"}
{"level":"info","message":"GET /api/users/profile 200 - 44ms"}
{"level":"info","message":"GET /api/orders/my-orders 200 - 56ms"}
{"level":"info","message":"GET /api/users/profile 200 - 60ms"}
{"level":"info","message":"GET /api/products/my-reviews 200 - 42ms"}
{"level":"info","message":"GET /api/orders/my-orders 200 - 67ms"}
{"level":"info","message":"GET /api/products/my-reviews 200 - 37ms"}
{"level":"info","message":"POST /api/users/address 200 - 14ms"}
{"level":"info","message":"GET /api/cart 200 - 31ms"}
{"level":"info","message":"GET /api/users/profile 200 - 16ms"}
{"level":"info","message":"GET /api/users/profile 200 - 33ms"}
{"level":"info","message":"GET /api/cart 200 - 39ms"}
{"level":"info","message":"GET /api/users/profile 200 - 50ms"}
{"level":"info","message":"GET /api/users/profile 200 - 49ms"}
{"level":"info","message":"Processing payment for Order: 6a39705f86657f0f711879ca, Method: Razorpay"}
{"level":"info","message":"POST /api/orders/create 201 - 314ms"}
{"level":"info","message":"POST /api/orders/verify 200 - 91ms"}
{"level":"info","message":"GET /api/users/profile 200 - 37ms"}
{"level":"info","message":"GET /api/orders/my-orders 200 - 78ms"}
{"level":"info","message":"GET /api/orders/my-orders 200 - 130ms"}
{"level":"info","message":"GET /api/users/profile 200 - 91ms"}
{"level":"info","message":"GET /api/products/my-reviews 200 - 72ms"}
{"level":"info","message":"GET /api/orders/my-orders 200 - 131ms"}
{"level":"info","message":"GET /api/orders/my-orders 200 - 54ms"}
{"level":"info","message":"GET /api/products/my-reviews 200 - 83ms"}
{"level":"info","message":"GET /api/categories 200 - 54ms"}
{"level":"info","message":"GET /api/coupons?limit=12 200 - 46ms"}
{"level":"info","message":"GET /api/products 200 - 129ms"}
{"level":"info","message":"GET /api/coupons?limit=12 200 - 118ms"}
{"level":"info","message":"GET /api/products 200 - 105ms"}
{"level":"info","message":"GET /api/categories 200 - 62ms"}
{"level":"info","message":"POST /api/chatbot/message 200 - 22ms"}
{"level":"info","message":"POST /api/chatbot/message 200 - 24ms"}
{"level":"info","message":"POST /api/chatbot/message 200 - 110ms"}
{"level":"info","message":"GET /api/categories 200 - 62ms"}
{"level":"info","message":"GET /api/coupons?limit=12 200 - 64ms"}
{"level":"info","message":"GET /api/users/profile 200 - 91ms"}
{"level":"info","message":"GET /api/products 200 - 165ms"}
{"level":"info","message":"GET /api/wishlist 200 - 111ms"}
{"level":"info","message":"GET /api/cart 200 - 64ms"}
{"level":"info","message":"GET /api/products 200 - 223ms"}
{"level":"info","message":"GET /api/categories 200 - 169ms"}
{"level":"info","message":"GET /api/users/profile 200 - 75ms"}
{"level":"info","message":"GET /api/coupons?limit=12 200 - 149ms"}
{"level":"info","message":"GET /api/cart 200 - 80ms"}
{"level":"info","message":"GET /api/wishlist 200 - 67ms"}
