{"level":"info","message":"MongoDB connected successfully"}
{"level":"info","message":"Server initialized successfully"}
{"level":"info","message":"Server running in development mode on port 5001"}
{"level":"info","message":"GET /api/admin/dashboard 200 - 70ms"}
{"level":"info","message":"GET /api/admin/dashboard 200 - 10ms"}
{"level":"info","message":"GET /api/admin/users?page=1&limit=10&search= 200 - 19ms"}
{"level":"info","message":"GET /api/admin/users?page=1&limit=10&search= 200 - 11ms"}
{"level":"info","message":"GET /api/categories 200 - 13ms"}
{"level":"info","message":"GET /api/products?page=1&limit=5 200 - 25ms"}
{"level":"info","message":"GET /api/categories 200 - 8ms"}
{"level":"info","message":"GET /api/products?page=1&limit=5 200 - 8ms"}
{"level":"info","message":"GET /api/categories?page=1&limit=10&search= 200 - 10ms"}
{"level":"info","message":"GET /api/categories?page=1&limit=10&search= 200 - 6ms"}
{"level":"info","message":"GET /api/admin/orders?page=1&limit=10&search=&status=All 200 - 36ms"}
{"level":"info","message":"GET /api/admin/orders?page=1&limit=10&search=&status=All 200 - 37ms"}
{"level":"info","message":"GET /api/coupons?page=1&limit=10&search= 200 - 8ms"}
{"level":"info","message":"GET /api/coupons?page=1&limit=10&search= 200 - 8ms"}
{"level":"info","message":"GET /api/admin/sales-report?startDate=&endDate= 200 - 14ms"}
{"level":"info","message":"GET /api/admin/sales-report?startDate=&endDate= 200 - 8ms"}
{"level":"info","message":"GET /api/admin/dashboard 200 - 10ms"}
{"level":"info","message":"User login successful: viswajithviswa715@gmail.com"}
{"level":"info","message":"POST /api/auth/login 200 - 96ms"}
{"level":"info","message":"GET /uploads/avatars/avatar-1779204486975-191086360.jpg 304 - 2ms"}
{"level":"info","message":"GET /api/products 200 - 11ms"}
{"level":"info","message":"GET /api/categories 200 - 13ms"}
{"level":"info","message":"GET /api/coupons?limit=12 200 - 42ms"}
{"level":"info","message":"GET /api/wishlist 200 - 67ms"}
{"level":"info","message":"GET /api/products 200 - 66ms"}
{"level":"info","message":"GET /api/categories 200 - 50ms"}
{"level":"info","message":"GET /api/coupons?limit=12 200 - 80ms"}
{"level":"info","message":"GET /api/users/profile 200 - 20ms"}
{"level":"info","message":"GET /api/users/profile 200 - 31ms"}
{"level":"info","message":"GET /api/cart 200 - 25ms"}
{"level":"info","message":"GET /api/wishlist 200 - 22ms"}
{"level":"info","message":"GET /api/cart 200 - 22ms"}
{"level":"info","message":"GET /api/products?page=1&limit=6&sortBy=createdAt&sortOrder=desc&minPrice=0&maxPrice=300000 200 - 19ms"}
{"level":"info","message":"GET /api/categories 200 - 14ms"}
{"level":"info","message":"GET /api/categories 200 - 14ms"}
{"level":"info","message":"GET /api/products?page=1&limit=6&sortBy=createdAt&sortOrder=desc&minPrice=0&maxPrice=300000 200 - 20ms"}
{"level":"info","message":"GET /api/users/profile 200 - 17ms"}
{"level":"info","message":"GET /api/wishlist 200 - 31ms"}
{"level":"info","message":"GET /api/cart 200 - 21ms"}
{"level":"info","message":"GET /api/wishlist 200 - 41ms"}
{"level":"info","message":"GET /api/cart 200 - 41ms"}
{"level":"info","message":"GET /api/users/profile 200 - 25ms"}
{"level":"info","message":"GET /api/categories 200 - 9ms"}
{"level":"info","message":"GET /api/users/profile 200 - 25ms"}
{"level":"info","message":"GET /api/cart 200 - 29ms"}
{"level":"info","message":"GET /api/wishlist 200 - 56ms"}
{"level":"info","message":"GET /api/users/profile 200 - 33ms"}
{"level":"info","message":"GET /api/products 200 - 63ms"}
{"level":"info","message":"GET /api/products 200 - 72ms"}
{"level":"info","message":"GET /api/categories 200 - 80ms"}
{"level":"info","message":"GET /api/wishlist 200 - 36ms"}
{"level":"info","message":"GET /api/cart 200 - 23ms"}
{"level":"info","message":"GET /api/coupons?limit=12 200 - 21ms"}
{"level":"info","message":"GET /api/coupons?limit=12 200 - 10ms"}
{"level":"info","message":"GET /api/users/profile 200 - 23ms"}
{"level":"info","message":"GET /api/users/profile 200 - 34ms"}
{"level":"info","message":"GET /api/orders/my-orders 200 - 36ms"}
{"level":"info","message":"GET /api/products/my-reviews 200 - 32ms"}
{"level":"info","message":"GET /api/products/my-reviews 200 - 38ms"}
{"level":"info","message":"GET /api/orders/my-orders 200 - 38ms"}
{"level":"info","message":"GET /api/orders/my-orders 200 - 14ms"}
{"level":"info","message":"GET /api/orders/my-orders 200 - 16ms"}
{"level":"info","message":"GET /api/orders/my-orders 200 - 13ms"}
{"level":"info","message":"GET /api/products/my-reviews 200 - 5ms"}
{"level":"info","message":"GET /api/products 200 - 21ms"}
{"level":"info","message":"GET /api/categories 200 - 25ms"}
{"level":"info","message":"GET /api/categories 200 - 18ms"}
{"level":"info","message":"GET /api/coupons?limit=12 200 - 27ms"}
{"level":"info","message":"GET /api/coupons?limit=12 200 - 17ms"}
{"level":"info","message":"GET /api/products 200 - 22ms"}
{"level":"info","message":"User login successful: viswajithviswa715@gmail.com"}
{"level":"info","message":"POST /api/auth/login 200 - 176ms"}
{"level":"info","message":"GET /api/categories 200 - 33ms"}
{"level":"info","message":"GET /api/categories 200 - 64ms"}
{"level":"info","message":"GET /api/products 200 - 98ms"}
{"level":"info","message":"GET /api/coupons?limit=12 200 - 77ms"}
{"level":"info","message":"GET /api/coupons?limit=12 200 - 102ms"}
{"level":"info","message":"GET /api/products 200 - 137ms"}
{"level":"info","message":"GET /api/users/profile 200 - 43ms"}
{"level":"info","message":"GET /api/cart 200 - 68ms"}
{"level":"info","message":"GET /api/wishlist 200 - 137ms"}
{"level":"info","message":"GET /api/users/profile 200 - 103ms"}
{"level":"info","message":"GET /api/cart 200 - 35ms"}
{"level":"info","message":"GET /api/wishlist 200 - 90ms"}
{"level":"info","message":"GET /api/categories 200 - 21ms"}
{"level":"info","message":"GET /api/products 200 - 35ms"}
{"level":"info","message":"GET /api/coupons?limit=12 200 - 42ms"}
{"level":"info","message":"GET /api/users/profile 200 - 71ms"}
{"level":"info","message":"GET /api/coupons?limit=12 200 - 71ms"}
{"level":"info","message":"GET /api/products 200 - 102ms"}
{"level":"info","message":"GET /api/categories 200 - 86ms"}
{"level":"info","message":"GET /api/cart 200 - 48ms"}
{"level":"info","message":"GET /api/wishlist 200 - 127ms"}
{"level":"info","message":"GET /api/users/profile 200 - 45ms"}
{"level":"info","message":"GET /api/cart 200 - 28ms"}
{"level":"info","message":"GET /api/wishlist 200 - 48ms"}
{"level":"info","message":"GET /api/categories 200 - 22ms"}
{"level":"info","message":"GET /api/categories 200 - 27ms"}
{"level":"info","message":"GET /api/products?page=1&limit=6&sortBy=createdAt&sortOrder=desc&minPrice=0&maxPrice=300000 200 - 27ms"}
{"level":"info","message":"GET /api/products?page=1&limit=6&sortBy=createdAt&sortOrder=desc&minPrice=0&maxPrice=300000 200 - 24ms"}
{"level":"info","message":"POST /api/cart/add 200 - 46ms"}
{"level":"info","message":"POST /api/cart/add 200 - 37ms"}
{"level":"info","message":"GET /uploads/avatars/avatar-1779204486975-191086360.jpg 304 - 2ms"}
{"level":"info","message":"GET /api/products 200 - 27ms"}
{"level":"info","message":"GET /api/categories 200 - 25ms"}
{"level":"info","message":"GET /api/categories 200 - 20ms"}
{"level":"info","message":"GET /api/products 200 - 60ms"}
{"level":"info","message":"GET /api/coupons?limit=12 200 - 34ms"}
{"level":"info","message":"GET /api/coupons?limit=12 200 - 62ms"}
{"level":"info","message":"GET /api/users/profile 200 - 87ms"}
{"level":"info","message":"GET /api/wishlist 200 - 148ms"}
{"level":"info","message":"GET /api/users/profile 200 - 98ms"}
{"level":"info","message":"GET /api/cart 200 - 128ms"}
{"level":"info","message":"GET /api/cart 200 - 174ms"}
{"level":"info","message":"GET /api/wishlist 200 - 73ms"}
{"level":"info","message":"POST /api/admin/login 200 - 113ms"}
{"level":"info","message":"GET /api/admin/dashboard 200 - 42ms"}
{"level":"info","message":"GET /api/admin/dashboard 200 - 55ms"}
{"level":"info","message":"GET /api/categories 200 - 16ms"}
{"level":"info","message":"GET /api/categories 200 - 24ms"}
{"level":"info","message":"GET /api/products?page=1&limit=5 200 - 31ms"}
{"level":"info","message":"GET /api/products?page=1&limit=5 200 - 25ms"}
{"level":"info","message":"PUT /api/admin/products/69e7ceb506902c6c586723c7 400 - 57ms"}
{"level":"info","message":"PUT /api/admin/products/69e7ceb506902c6c586723c7 400 - 15ms"}
{"level":"info","message":"POST /api/admin/products 400 - 5323ms"}
{"level":"info","message":"GET /api/categories 200 - 26ms"}
{"level":"info","message":"GET /api/categories 200 - 36ms"}
{"level":"info","message":"GET /api/products?page=1&limit=5 200 - 42ms"}
{"level":"info","message":"GET /api/products?page=1&limit=5 200 - 47ms"}
{"level":"info","message":"User login successful: viswajithviswa715@gmail.com"}
{"level":"info","message":"POST /api/auth/login 200 - 99ms"}
{"level":"info","message":"GET /uploads/avatars/avatar-1779204486975-191086360.jpg 200 - 16ms"}
{"level":"info","message":"GET /api/products 200 - 52ms"}
{"level":"info","message":"GET /api/categories 200 - 43ms"}
{"level":"info","message":"GET /api/categories 200 - 71ms"}
{"level":"info","message":"GET /api/coupons?limit=12 200 - 44ms"}
{"level":"info","message":"GET /api/users/profile 200 - 47ms"}
{"level":"info","message":"GET /api/products 200 - 95ms"}
{"level":"info","message":"GET /api/coupons?limit=12 200 - 73ms"}
{"level":"info","message":"GET /api/wishlist 200 - 74ms"}
{"level":"info","message":"GET /api/cart 200 - 86ms"}
{"level":"info","message":"GET /api/wishlist 200 - 75ms"}
{"level":"info","message":"GET /api/users/profile 200 - 74ms"}
{"level":"info","message":"GET /api/cart 200 - 44ms"}
{"level":"info","message":"GET /api/cart 200 - 50ms"}
{"level":"info","message":"GET /api/users/profile 200 - 48ms"}
{"level":"info","message":"GET /api/users/profile 200 - 64ms"}
{"level":"info","message":"GET /api/cart 200 - 61ms"}
{"level":"info","message":"PUT /api/cart/update-quantity 200 - 35ms"}
{"level":"info","message":"GET /api/users/profile 200 - 10ms"}
{"level":"info","message":"GET /api/users/profile 200 - 11ms"}
{"level":"info","message":"GET /api/cart 200 - 42ms"}
{"level":"info","message":"GET /api/cart 200 - 67ms"}
{"level":"info","message":"GET /api/users/profile 200 - 21ms"}
{"level":"info","message":"GET /api/users/profile 200 - 75ms"}
{"level":"info","message":"GET /api/users/profile 200 - 16ms"}
{"level":"info","message":"GET /api/users/profile 200 - 19ms"}
{"level":"error","message":"Error: BadRequestError is not a constructor","stack":"TypeError: BadRequestError is not a constructor\n    at OrderService._getAndValidateCartItems (/home/tufa15/Documents/Menter_Bro/Full-Stack Project/SmartShop-AI/backend/Modules/order/orderService.js:235:15)\n    at process.processTicksAndRejections (node:internal/process/task_queues:105:5)\n    at async OrderService.createRazorpayOrder (/home/tufa15/Documents/Menter_Bro/Full-Stack Project/SmartShop-AI/backend/Modules/order/orderService.js:13:27)\n    at async createOrder (/home/tufa15/Documents/Menter_Bro/Full-Stack Project/SmartShop-AI/backend/Modules/order/orderController.js:15:13)"}
{"level":"info","message":"POST /api/orders/create 500 - 39ms"}
{"level":"info","message":"GET /uploads/avatars/avatar-1779204486975-191086360.jpg 304 - 3ms"}
{"level":"info","message":"GET /api/users/profile 200 - 30ms"}
{"level":"info","message":"GET /api/users/profile 200 - 34ms"}
{"level":"info","message":"GET /api/wishlist 200 - 43ms"}
{"level":"info","message":"GET /api/cart 200 - 50ms"}
{"level":"info","message":"GET /api/wishlist 200 - 63ms"}
{"level":"info","message":"GET /api/cart 200 - 62ms"}
{"level":"info","message":"GET /api/cart 200 - 53ms"}
{"level":"info","message":"GET /api/users/profile 200 - 53ms"}
{"level":"info","message":"GET /api/users/profile 200 - 40ms"}
{"level":"info","message":"GET /api/cart 200 - 105ms"}
{"level":"info","message":"GET /api/users/profile 200 - 82ms"}
{"level":"info","message":"GET /api/cart 200 - 63ms"}
{"level":"info","message":"GET /api/wishlist 200 - 63ms"}
{"level":"info","message":"DELETE /api/cart/69e7ce6306902c6c586723c3 200 - 22ms"}
{"level":"info","message":"GET /api/users/profile 200 - 29ms"}
{"level":"info","message":"GET /api/users/profile 200 - 28ms"}
{"level":"error","message":"Error: BadRequestError is not a constructor","stack":"TypeError: BadRequestError is not a constructor\n    at OrderService._getAndValidateCartItems (/home/tufa15/Documents/Menter_Bro/Full-Stack Project/SmartShop-AI/backend/Modules/order/orderService.js:235:15)\n    at process.processTicksAndRejections (node:internal/process/task_queues:105:5)\n    at async OrderService.createRazorpayOrder (/home/tufa15/Documents/Menter_Bro/Full-Stack Project/SmartShop-AI/backend/Modules/order/orderService.js:13:27)\n    at async createOrder (/home/tufa15/Documents/Menter_Bro/Full-Stack Project/SmartShop-AI/backend/Modules/order/orderController.js:15:13)"}
{"level":"info","message":"POST /api/orders/create 500 - 37ms"}
{"level":"info","message":"GET /uploads/avatars/avatar-1779204486975-191086360.jpg 304 - 1ms"}
{"level":"info","message":"GET /api/users/profile 200 - 20ms"}
{"level":"info","message":"GET /api/wishlist 200 - 69ms"}
{"level":"info","message":"GET /api/users/profile 200 - 48ms"}
{"level":"info","message":"GET /api/wishlist 200 - 53ms"}
{"level":"info","message":"GET /api/cart 200 - 100ms"}
{"level":"info","message":"GET /api/cart 200 - 58ms"}
{"level":"info","message":"GET /api/users/profile 200 - 42ms"}
{"level":"info","message":"GET /api/cart 200 - 66ms"}
{"level":"info","message":"GET /api/cart 200 - 71ms"}
{"level":"info","message":"GET /api/cart 200 - 67ms"}
{"level":"info","message":"GET /api/users/profile 200 - 74ms"}
{"level":"info","message":"GET /api/wishlist 200 - 40ms"}
{"level":"info","message":"GET /api/users/profile 200 - 32ms"}
{"level":"info","message":"GET /api/users/profile 200 - 16ms"}
{"level":"info","message":"GET /api/users/profile 200 - 15ms"}
{"level":"error","message":"Error: BadRequestError is not a constructor","stack":"TypeError: BadRequestError is not a constructor\n    at OrderService._getAndValidateCartItems (/home/tufa15/Documents/Menter_Bro/Full-Stack Project/SmartShop-AI/backend/Modules/order/orderService.js:235:15)\n    at process.processTicksAndRejections (node:internal/process/task_queues:105:5)\n    at async OrderService.createCODOrder (/home/tufa15/Documents/Menter_Bro/Full-Stack Project/SmartShop-AI/backend/Modules/order/orderService.js:118:27)\n    at async createOrder (/home/tufa15/Documents/Menter_Bro/Full-Stack Project/SmartShop-AI/backend/Modules/order/orderController.js:12:11)"}
{"level":"info","message":"POST /api/orders/create 500 - 30ms"}
{"level":"info","message":"GET /uploads/avatars/avatar-1779204486975-191086360.jpg 304 - 1ms"}
{"level":"info","message":"GET /api/users/profile 200 - 26ms"}
{"level":"info","message":"GET /api/wishlist 200 - 67ms"}
{"level":"info","message":"GET /api/cart 200 - 73ms"}
{"level":"info","message":"GET /api/wishlist 200 - 75ms"}
{"level":"info","message":"GET /api/users/profile 200 - 67ms"}
{"level":"info","message":"GET /api/cart 200 - 50ms"}
{"level":"info","message":"GET /api/users/profile 200 - 18ms"}
{"level":"info","message":"GET /api/users/profile 200 - 29ms"}
{"level":"info","message":"GET /api/products?page=1&limit=6&sortBy=createdAt&sortOrder=desc&minPrice=0&maxPrice=300000 200 - 39ms"}
{"level":"info","message":"GET /api/products?page=1&limit=6&sortBy=createdAt&sortOrder=desc&minPrice=0&maxPrice=300000 200 - 48ms"}
{"level":"info","message":"GET /api/categories 200 - 61ms"}
{"level":"info","message":"GET /api/categories 200 - 22ms"}
{"level":"info","message":"GET /api/cart 200 - 35ms"}
{"level":"info","message":"GET /api/users/profile 200 - 28ms"}
{"level":"info","message":"GET /api/cart 200 - 35ms"}
{"level":"info","message":"GET /api/users/profile 200 - 27ms"}
{"level":"info","message":"GET /api/coupons?limit=50 200 - 20ms"}
{"level":"info","message":"GET /api/coupons?limit=50 200 - 19ms"}
{"level":"info","message":"MongoDB connected successfully"}
