{"level":"info","message":"GET /uploads/avatars/avatar-1775668679841-797747621.jpeg 304 - 14ms"}
{"level":"info","message":"Email sent: <405dd62e-b281-7757-b133-b015d9e6d10f@gmail.com>"}
{"level":"info","message":"Forgot password OTP sent to: virtualcode.2003@gmail.com"}
{"level":"info","message":"POST /api/auth/forgot-password 200 - 4067ms"}
{"code":"AUTHENTICATION_ERROR","isOperational":true,"level":"error","message":"OTP verification error: Invalid or expired OTP","name":"AuthenticationError","stack":"AuthenticationError: Invalid or expired OTP\n    at AuthService.verifyOtp (/home/tufa15/Documents/Menter_Bro/Full-Stack Project/SmartShop-AI/backend/services/AuthService.js:320:15)\n    at process.processTicksAndRejections (node:internal/process/task_queues:105:5)\n    at async /home/tufa15/Documents/Menter_Bro/Full-Stack Project/SmartShop-AI/backend/controllers/authController.js:70:20","statusCode":401}
{"level":"error","message":"Error: Invalid or expired OTP","stack":"AuthenticationError: Invalid or expired OTP\n    at AuthService.verifyOtp (/home/tufa15/Documents/Menter_Bro/Full-Stack Project/SmartShop-AI/backend/services/AuthService.js:320:15)\n    at process.processTicksAndRejections (node:internal/process/task_queues:105:5)\n    at async /home/tufa15/Documents/Menter_Bro/Full-Stack Project/SmartShop-AI/backend/controllers/authController.js:70:20"}
{"level":"info","message":"POST /api/auth/verify-otp 401 - 204ms"}
{"level":"info","message":"GET /api/auth/profile 401 - 73ms"}
{"level":"info","message":"Email sent: <7b8d62e5-801f-97f3-f739-c6616e4e736d@gmail.com>"}
{"level":"info","message":"Forgot password OTP sent to: virtualcode.2003@gmail.com"}
{"level":"info","message":"POST /api/auth/forgot-password 200 - 3559ms"}
{"code":"AUTHENTICATION_ERROR","isOperational":true,"level":"error","message":"OTP verification error: Invalid or expired OTP","name":"AuthenticationError","stack":"AuthenticationError: Invalid or expired OTP\n    at AuthService.verifyOtp (/home/tufa15/Documents/Menter_Bro/Full-Stack Project/SmartShop-AI/backend/services/AuthService.js:320:15)\n    at process.processTicksAndRejections (node:internal/process/task_queues:105:5)\n    at async /home/tufa15/Documents/Menter_Bro/Full-Stack Project/SmartShop-AI/backend/controllers/authController.js:70:20","statusCode":401}
{"level":"error","message":"Error: Invalid or expired OTP","stack":"AuthenticationError: Invalid or expired OTP\n    at AuthService.verifyOtp (/home/tufa15/Documents/Menter_Bro/Full-Stack Project/SmartShop-AI/backend/services/AuthService.js:320:15)\n    at process.processTicksAndRejections (node:internal/process/task_queues:105:5)\n    at async /home/tufa15/Documents/Menter_Bro/Full-Stack Project/SmartShop-AI/backend/controllers/authController.js:70:20"}
{"level":"info","message":"POST /api/auth/verify-otp 401 - 131ms"}
{"level":"info","message":"Email sent: <ae24bc57-75d2-3d99-94f2-f306e4284e4f@gmail.com>"}
{"level":"info","message":"Forgot password OTP sent to: virtualcode.2003@gmail.com"}
{"level":"info","message":"POST /api/auth/resend-otp 200 - 4193ms"}
{"code":"AUTHENTICATION_ERROR","isOperational":true,"level":"error","message":"OTP verification error: Invalid or expired OTP","name":"AuthenticationError","stack":"AuthenticationError: Invalid or expired OTP\n    at AuthService.verifyOtp (/home/tufa15/Documents/Menter_Bro/Full-Stack Project/SmartShop-AI/backend/services/AuthService.js:320:15)\n    at process.processTicksAndRejections (node:internal/process/task_queues:105:5)\n    at async /home/tufa15/Documents/Menter_Bro/Full-Stack Project/SmartShop-AI/backend/controllers/authController.js:70:20","statusCode":401}
{"level":"error","message":"Error: Invalid or expired OTP","stack":"AuthenticationError: Invalid or expired OTP\n    at AuthService.verifyOtp (/home/tufa15/Documents/Menter_Bro/Full-Stack Project/SmartShop-AI/backend/services/AuthService.js:320:15)\n    at process.processTicksAndRejections (node:internal/process/task_queues:105:5)\n    at async /home/tufa15/Documents/Menter_Bro/Full-Stack Project/SmartShop-AI/backend/controllers/authController.js:70:20"}
{"level":"info","message":"POST /api/auth/verify-otp 401 - 235ms"}
{"level":"info","message":"Email sent: <b1401cd8-254d-27a6-5881-eb7bcc608d27@gmail.com>"}
{"level":"info","message":"Forgot password OTP sent to: virtualcode.2003@gmail.com"}
{"level":"info","message":"POST /api/auth/resend-otp 200 - 3189ms"}
{"code":"AUTHENTICATION_ERROR","isOperational":true,"level":"error","message":"OTP verification error: Invalid or expired OTP","name":"AuthenticationError","stack":"AuthenticationError: Invalid or expired OTP\n    at AuthService.verifyOtp (/home/tufa15/Documents/Menter_Bro/Full-Stack Project/SmartShop-AI/backend/services/AuthService.js:320:15)\n    at process.processTicksAndRejections (node:internal/process/task_queues:105:5)\n    at async /home/tufa15/Documents/Menter_Bro/Full-Stack Project/SmartShop-AI/backend/controllers/authController.js:70:20","statusCode":401}
{"level":"error","message":"Error: Invalid or expired OTP","stack":"AuthenticationError: Invalid or expired OTP\n    at AuthService.verifyOtp (/home/tufa15/Documents/Menter_Bro/Full-Stack Project/SmartShop-AI/backend/services/AuthService.js:320:15)\n    at process.processTicksAndRejections (node:internal/process/task_queues:105:5)\n    at async /home/tufa15/Documents/Menter_Bro/Full-Stack Project/SmartShop-AI/backend/controllers/authController.js:70:20"}
{"level":"info","message":"POST /api/auth/verify-otp 401 - 144ms"}
{"level":"info","message":"Email sent: <6482f221-6469-bc11-22f8-0557adf17efb@gmail.com>"}
{"level":"info","message":"Forgot password OTP sent to: virtualcode.2003@gmail.com"}
{"level":"info","message":"POST /api/auth/resend-otp 200 - 3877ms"}
{"code":"AUTHENTICATION_ERROR","isOperational":true,"level":"error","message":"OTP verification error: Invalid or expired OTP","name":"AuthenticationError","stack":"AuthenticationError: Invalid or expired OTP\n    at AuthService.verifyOtp (/home/tufa15/Documents/Menter_Bro/Full-Stack Project/SmartShop-AI/backend/services/AuthService.js:320:15)\n    at process.processTicksAndRejections (node:internal/process/task_queues:105:5)\n    at async /home/tufa15/Documents/Menter_Bro/Full-Stack Project/SmartShop-AI/backend/controllers/authController.js:70:20","statusCode":401}
{"level":"error","message":"Error: Invalid or expired OTP","stack":"AuthenticationError: Invalid or expired OTP\n    at AuthService.verifyOtp (/home/tufa15/Documents/Menter_Bro/Full-Stack Project/SmartShop-AI/backend/services/AuthService.js:320:15)\n    at process.processTicksAndRejections (node:internal/process/task_queues:105:5)\n    at async /home/tufa15/Documents/Menter_Bro/Full-Stack Project/SmartShop-AI/backend/controllers/authController.js:70:20"}
{"level":"info","message":"POST /api/auth/verify-otp 401 - 264ms"}
{"level":"info","message":"MongoDB connected successfully"}
{"level":"info","message":"Server initialized successfully"}
{"level":"info","message":"Server running in development mode on port 5001"}
{"level":"info","message":"MongoDB connected successfully"}
{"level":"info","message":"Server initialized successfully"}
{"level":"info","message":"Server running in development mode on port 5001"}
{"level":"info","message":"Email sent: <1f9d58f1-402f-df44-af36-26c548f90fa1@gmail.com>"}
{"level":"info","message":"Forgot password OTP sent to: virtualcode.2003@gmail.com"}
{"level":"info","message":"POST /api/auth/resend-otp 200 - 3981ms"}
{"level":"info","message":"verifyOtp Check [virtualcode.2003@gmail.com] - Received: 145133 | DB OTP: 334798 | DB Expiry: Thu Apr 09 2026 01:33:25 GMT+0530 (India Standard Time) | Expiry valid: true"}
{"code":"AUTHENTICATION_ERROR","isOperational":true,"level":"error","message":"OTP verification error: Invalid or expired OTP","name":"AuthenticationError","stack":"AuthenticationError: Invalid or expired OTP\n    at AuthService.verifyOtp (/home/tufa15/Documents/Menter_Bro/Full-Stack Project/SmartShop-AI/backend/services/AuthService.js:338:15)\n    at process.processTicksAndRejections (node:internal/process/task_queues:105:5)\n    at async /home/tufa15/Documents/Menter_Bro/Full-Stack Project/SmartShop-AI/backend/controllers/authController.js:70:20","statusCode":401}
{"level":"error","message":"Error: Invalid or expired OTP","stack":"AuthenticationError: Invalid or expired OTP\n    at AuthService.verifyOtp (/home/tufa15/Documents/Menter_Bro/Full-Stack Project/SmartShop-AI/backend/services/AuthService.js:338:15)\n    at process.processTicksAndRejections (node:internal/process/task_queues:105:5)\n    at async /home/tufa15/Documents/Menter_Bro/Full-Stack Project/SmartShop-AI/backend/controllers/authController.js:70:20"}
{"level":"info","message":"POST /api/auth/verify-otp 401 - 326ms"}
{"level":"info","message":"Email sent: <5b4f6b93-6a2f-769f-1f61-6668837456d1@gmail.com>"}
{"level":"info","message":"Forgot password OTP sent to: virtualcode.2003@gmail.com"}
{"level":"info","message":"POST /api/auth/forgot-password 200 - 3397ms"}
{"level":"info","message":"verifyOtp Check [virtualcode.2003@gmail.com] - Received: 111109 | DB OTP: 111109 | DB Expiry: Thu Apr 09 2026 01:37:00 GMT+0530 (India Standard Time) | Expiry valid: true"}
{"level":"info","message":"OTP verified for: virtualcode.2003@gmail.com"}
{"level":"info","message":"POST /api/auth/verify-otp 200 - 167ms"}
{"level":"info","message":"Password reset successful for: virtualcode.2003@gmail.com"}
{"level":"info","message":"POST /api/auth/reset-password 200 - 300ms"}
{"code":"AUTHENTICATION_ERROR","isOperational":true,"level":"error","message":"Login error: Invalid email or password","name":"AuthenticationError","stack":"AuthenticationError: Invalid email or password\n    at AuthService.login (/home/tufa15/Documents/Menter_Bro/Full-Stack Project/SmartShop-AI/backend/services/AuthService.js:63:15)\n    at async /home/tufa15/Documents/Menter_Bro/Full-Stack Project/SmartShop-AI/backend/controllers/authController.js:27:20","statusCode":401}
{"level":"error","message":"Error: Invalid email or password","stack":"AuthenticationError: Invalid email or password\n    at AuthService.login (/home/tufa15/Documents/Menter_Bro/Full-Stack Project/SmartShop-AI/backend/services/AuthService.js:63:15)\n    at async /home/tufa15/Documents/Menter_Bro/Full-Stack Project/SmartShop-AI/backend/controllers/authController.js:27:20"}
{"level":"info","message":"POST /api/auth/login 401 - 109ms"}
{"level":"info","message":"User login successful: virtualcode.2003@gmail.com"}
{"level":"info","message":"User action - USER_LOGIN by user: virtualcode.2003@gmail.com"}
{"level":"info","message":"POST /api/auth/login 200 - 332ms"}
{"level":"info","message":"GET /api/auth/profile 200 - 284ms"}
{"level":"info","message":"GET /api/auth/profile 200 - 164ms"}
{"level":"info","message":"User login successful: virtualcode.2003@gmail.com"}
{"level":"info","message":"User action - USER_LOGIN by user: virtualcode.2003@gmail.com"}
{"level":"info","message":"POST /api/auth/login 200 - 264ms"}
{"level":"info","message":"GET /api/auth/profile 200 - 25ms"}
{"level":"info","message":"GET /api/auth/profile 200 - 13ms"}
{"level":"info","message":"GET /api/auth/profile 200 - 214ms"}
{"level":"info","message":"GET /api/auth/profile 200 - 126ms"}
{"level":"info","message":"User login successful: virtualcode.2003@gmail.com"}
{"level":"info","message":"User action - USER_LOGIN by user: virtualcode.2003@gmail.com"}
{"level":"info","message":"POST /api/auth/login 200 - 313ms"}
{"level":"info","message":"MongoDB connected successfully"}
{"level":"info","message":"MongoDB connected successfully"}
{"level":"info","message":"Server initialized successfully"}
{"level":"info","message":"Server running in development mode on port 5001"}
{"level":"info","message":"GET /api/auth/profile 200 - 41ms"}
{"level":"info","message":"GET /api/auth/profile 200 - 79ms"}
{"level":"info","message":"User login successful: viswajith@yopmail.com"}
{"level":"info","message":"User action - USER_LOGIN by user: viswajith@yopmail.com"}
{"level":"info","message":"POST /api/auth/login 200 - 168ms"}
{"level":"info","message":"GET /uploads/avatars/avatar-1775631442963-718899801.jpg 304 - 2ms"}
{"level":"info","message":"GET /uploads/avatars/avatar-1775631442963-718899801.jpg 304 - 1ms"}
{"level":"info","message":"GET /api/auth/profile 200 - 12ms"}
{"level":"info","message":"GET /api/auth/profile 200 - 12ms"}
{"level":"info","message":"GET /uploads/avatars/avatar-1775631442963-718899801.jpg 304 - 2ms"}
{"level":"info","message":"GET /uploads/avatars/avatar-1775631442963-718899801.jpg 304 - 1ms"}
{"level":"info","message":"User action - ADMIN_LOGIN by user: admin@smartshop.com"}
{"level":"info","message":"POST /api/admin/login 200 - 132ms"}
