{"level":"info","message":"MongoDB connected successfully"}
{"level":"info","message":"Server initialized successfully"}
{"level":"info","message":"Server running in development mode on port 5001"}
{"level":"info","message":"GET /uploads/avatars/avatar-1775506313660-437228526.jpg 304 - 4ms"}
{"level":"info","message":"GET /api/wishlist 200 - 148ms"}
{"level":"info","message":"GET /api/cart 200 - 84ms"}
{"level":"info","message":"GET /api/categories 200 - 62ms"}
{"level":"info","message":"GET /api/users/profile 200 - 83ms"}
{"level":"info","message":"GET /api/products 200 - 91ms"}
{"level":"info","message":"GET /api/categories 200 - 39ms"}
{"level":"info","message":"GET /api/wishlist 200 - 76ms"}
{"level":"info","message":"GET /api/cart 200 - 84ms"}
{"level":"info","message":"GET /api/users/profile 200 - 86ms"}
{"level":"info","message":"GET /api/products 200 - 88ms"}
{"level":"info","message":"GET /api/categories 200 - 12ms"}
{"level":"info","message":"GET /api/categories 200 - 7ms"}
{"level":"info","message":"GET /api/users/profile 200 - 25ms"}
{"level":"info","message":"GET /api/users/profile 200 - 32ms"}
{"level":"info","message":"GET /api/cart 200 - 47ms"}
{"level":"info","message":"GET /api/wishlist 200 - 57ms"}
{"level":"info","message":"GET /api/cart 200 - 38ms"}
{"level":"info","message":"GET /api/wishlist 200 - 56ms"}
{"level":"info","message":"GET /api/products?page=1&limit=6&sortBy=createdAt&sortOrder=desc&minPrice=0&maxPrice=300000 200 - 33ms"}
{"level":"info","message":"GET /api/products?page=1&limit=6&sortBy=createdAt&sortOrder=desc&minPrice=0&maxPrice=300000 200 - 85ms"}
{"level":"info","message":"GET /api/users/profile 200 - 23ms"}
{"level":"info","message":"GET /api/users/profile 200 - 25ms"}
{"level":"info","message":"GET /api/wishlist 200 - 34ms"}
{"level":"info","message":"GET /api/cart 200 - 44ms"}
{"level":"info","message":"GET /api/wishlist 200 - 58ms"}
{"level":"info","message":"GET /api/orders/my-orders 200 - 32ms"}
{"level":"info","message":"GET /api/orders/my-orders 200 - 36ms"}
{"level":"info","message":"GET /api/cart 200 - 80ms"}
{"level":"info","message":"GET /api/categories 200 - 45ms"}
{"level":"info","message":"GET /api/categories 200 - 51ms"}
{"level":"info","message":"GET /api/products 200 - 80ms"}
{"level":"info","message":"GET /api/products 200 - 81ms"}
{"level":"info","message":"GET /uploads/avatars/avatar-1775506313660-437228526.jpg 304 - 1ms"}
{"level":"info","message":"GET /api/products 200 - 23ms"}
{"level":"info","message":"GET /api/categories 200 - 25ms"}
{"level":"info","message":"GET /api/users/profile 200 - 31ms"}
{"level":"info","message":"GET /api/categories 200 - 11ms"}
{"level":"info","message":"GET /api/products 200 - 39ms"}
{"level":"info","message":"GET /api/users/profile 200 - 28ms"}
{"level":"info","message":"GET /api/cart 200 - 59ms"}
{"level":"info","message":"GET /api/wishlist 200 - 40ms"}
{"level":"info","message":"GET /api/wishlist 200 - 56ms"}
{"level":"info","message":"GET /api/cart 200 - 33ms"}
{"level":"error","message":"Error: Invalid login credentials for admin","stack":"AuthenticationError: Invalid login credentials for admin\n    at AdminService.login (/home/tufa15/Documents/Menter_Bro/Full-Stack Project/SmartShop-AI/backend/features/admin/adminService.js:14:23)\n    at process.processTicksAndRejections (node:internal/process/task_queues:105:5)\n    at async login (/home/tufa15/Documents/Menter_Bro/Full-Stack Project/SmartShop-AI/backend/features/admin/adminController.js:7:22)"}
{"level":"info","message":"POST /api/admin/login 401 - 11ms"}
{"level":"info","message":"POST /api/admin/login 200 - 99ms"}
{"level":"info","message":"GET /api/admin/dashboard 200 - 26ms"}
{"level":"info","message":"GET /api/admin/dashboard 200 - 10ms"}
{"level":"info","message":"GET /api/admin/users 200 - 10ms"}
{"level":"info","message":"GET /api/admin/users 200 - 9ms"}
{"level":"info","message":"GET /api/categories 200 - 2ms"}
{"level":"info","message":"GET /api/categories 200 - 4ms"}
{"level":"info","message":"GET /api/products?page=1&limit=5 200 - 9ms"}
{"level":"info","message":"GET /api/products?page=1&limit=5 200 - 9ms"}
{"level":"info","message":"GET /api/categories 200 - 3ms"}
{"level":"info","message":"GET /api/categories 200 - 5ms"}
{"level":"info","message":"GET /api/admin/orders 200 - 22ms"}
{"level":"info","message":"GET /api/admin/orders 200 - 18ms"}
{"level":"info","message":"GET /api/coupons 200 - 5ms"}
{"level":"info","message":"GET /api/coupons 200 - 5ms"}
{"level":"info","message":"GET /api/coupons 200 - 5ms"}
{"level":"info","message":"GET /api/coupons 200 - 6ms"}
{"level":"info","message":"GET /api/admin/users 200 - 6ms"}
{"level":"info","message":"GET /api/admin/users 200 - 9ms"}
{"level":"info","message":"GET /api/categories 200 - 5ms"}
{"level":"info","message":"GET /api/categories 200 - 8ms"}
{"level":"info","message":"GET /api/products?page=1&limit=5 200 - 22ms"}
{"level":"info","message":"GET /api/products?page=1&limit=5 200 - 17ms"}
{"level":"info","message":"GET /api/categories 200 - 3ms"}
{"level":"info","message":"GET /api/categories 200 - 3ms"}
{"level":"info","message":"MongoDB connected successfully"}
{"level":"info","message":"Server initialized successfully"}
{"level":"info","message":"Server running in development mode on port 5001"}
{"level":"info","message":"MongoDB connected successfully"}
{"level":"info","message":"Server initialized successfully"}
{"level":"info","message":"Server running in development mode on port 5001"}
{"level":"info","message":"MongoDB connected successfully"}
{"level":"info","message":"Server initialized successfully"}
{"level":"info","message":"Server running in development mode on port 5001"}
{"level":"info","message":"MongoDB connected successfully"}
{"level":"info","message":"Server initialized successfully"}
{"level":"info","message":"Server running in development mode on port 5001"}
{"level":"info","message":"GET /api/categories 200 - 21ms"}
{"level":"info","message":"GET /api/categories 200 - 9ms"}
{"level":"info","message":"GET /api/categories 200 - 13ms"}
{"level":"info","message":"GET /api/categories 200 - 22ms"}
{"level":"info","message":"GET /api/categories 200 - 19ms"}
{"level":"info","message":"GET /api/products 200 - 35ms"}
{"level":"info","message":"GET /api/categories 200 - 17ms"}
{"level":"info","message":"GET /api/products 200 - 28ms"}
{"level":"info","message":"GET /api/products 200 - 23ms"}
{"level":"info","message":"GET /api/categories 200 - 31ms"}
{"level":"info","message":"GET /api/products 200 - 25ms"}
{"level":"info","message":"GET /api/categories 200 - 20ms"}
{"level":"info","message":"GET /api/categories?page=1&limit=10&search= 200 - 18ms"}
{"level":"info","message":"GET /api/categories?page=1&limit=10&search= 200 - 21ms"}
{"level":"info","message":"GET /api/admin/orders?page=1&limit=10&search=&status=All 200 - 43ms"}
{"level":"info","message":"GET /api/admin/orders?page=1&limit=10&search=&status=All 200 - 51ms"}
{"level":"info","message":"GET /api/coupons?page=1&limit=10&search= 200 - 5ms"}
{"level":"info","message":"GET /api/coupons?page=1&limit=10&search= 200 - 7ms"}
{"level":"info","message":"GET /api/admin/dashboard 200 - 14ms"}
{"level":"info","message":"GET /api/admin/users?page=1&limit=10&search= 200 - 21ms"}
{"level":"info","message":"GET /api/admin/users?page=1&limit=10&search= 200 - 20ms"}
{"level":"info","message":"GET /api/categories 200 - 5ms"}
{"level":"info","message":"GET /api/products?page=1&limit=5 200 - 13ms"}
{"level":"info","message":"GET /api/categories 200 - 17ms"}
{"level":"info","message":"GET /api/products?page=1&limit=5 200 - 12ms"}
{"level":"info","message":"GET /api/categories?page=1&limit=10&search= 200 - 5ms"}
{"level":"info","message":"GET /api/categories?page=1&limit=10&search= 200 - 6ms"}
{"level":"info","message":"GET /api/admin/orders?page=1&limit=10&search=&status=All 200 - 25ms"}
{"level":"info","message":"GET /api/admin/orders?page=1&limit=10&search=&status=All 200 - 31ms"}
{"level":"info","message":"GET /api/admin/orders?page=1&limit=10&search=&status=Pending 200 - 13ms"}
{"level":"info","message":"GET /api/admin/orders?page=1&limit=10&search=&status=Cancelled 200 - 11ms"}
{"level":"info","message":"GET /api/admin/orders?page=1&limit=10&search=&status=All 200 - 14ms"}
{"level":"info","message":"GET /api/orders/my-orders 401 - 2ms"}
{"level":"info","message":"GET /api/orders/my-orders 401 - 2ms"}
{"level":"info","message":"GET /api/products?page=1&limit=6&sortBy=createdAt&sortOrder=desc&minPrice=0&maxPrice=300000 200 - 11ms"}
{"level":"info","message":"GET /api/categories 200 - 12ms"}
{"level":"info","message":"GET /api/categories 200 - 13ms"}
{"level":"info","message":"GET /api/products?page=1&limit=6&sortBy=createdAt&sortOrder=desc&minPrice=0&maxPrice=300000 200 - 20ms"}
{"level":"info","message":"GET /api/products?page=1&limit=6&sortBy=createdAt&sortOrder=desc&minPrice=0&maxPrice=300000 200 - 12ms"}
{"level":"info","message":"GET /api/categories 200 - 11ms"}
{"level":"info","message":"GET /api/categories 200 - 12ms"}
{"level":"info","message":"GET /api/products?page=1&limit=6&sortBy=createdAt&sortOrder=desc&minPrice=0&maxPrice=300000 200 - 19ms"}
{"level":"info","message":"User login successful: viswajithviswa715@gmail.com"}
{"level":"info","message":"POST /api/auth/login 200 - 89ms"}
{"level":"info","message":"GET /uploads/avatars/avatar-1775506313660-437228526.jpg 304 - 2ms"}
{"level":"info","message":"GET /api/products 200 - 10ms"}
{"level":"info","message":"GET /api/products 200 - 19ms"}
{"level":"info","message":"GET /api/categories 200 - 24ms"}
{"level":"info","message":"GET /api/users/profile 200 - 25ms"}
{"level":"info","message":"GET /api/users/profile 200 - 24ms"}
{"level":"info","message":"GET /api/wishlist 200 - 74ms"}
{"level":"info","message":"GET /api/cart 200 - 73ms"}
{"level":"info","message":"GET /api/categories 200 - 71ms"}
{"level":"info","message":"GET /api/wishlist 200 - 66ms"}
{"level":"info","message":"GET /api/cart 200 - 72ms"}
{"level":"info","message":"GET /api/orders/my-orders 200 - 17ms"}
{"level":"info","message":"GET /api/orders/my-orders 200 - 19ms"}
{"level":"info","message":"GET /api/orders/69f34b794e444d413207ffe7 200 - 10ms"}
{"level":"info","message":"GET /api/orders/69f34b794e444d413207ffe7 200 - 16ms"}
{"level":"info","message":"GET /api/orders/my-orders 200 - 17ms"}
{"level":"info","message":"GET /api/orders/my-orders 200 - 17ms"}
{"level":"info","message":"GET /api/products 200 - 12ms"}
{"level":"info","message":"GET /api/categories 200 - 14ms"}
{"level":"info","message":"GET /api/categories 200 - 25ms"}
{"level":"info","message":"GET /api/products 200 - 32ms"}
{"level":"info","message":"GET /api/products 200 - 16ms"}
{"level":"info","message":"GET /api/categories 200 - 20ms"}
{"level":"info","message":"GET /api/categories 200 - 26ms"}
{"level":"info","message":"GET /api/products 200 - 27ms"}
{"level":"info","message":"GET /api/users/profile 200 - 15ms"}
{"level":"info","message":"GET /api/cart 200 - 34ms"}
{"level":"info","message":"GET /api/wishlist 200 - 33ms"}
{"level":"info","message":"GET /api/cart 200 - 25ms"}
{"level":"info","message":"GET /api/users/profile 200 - 33ms"}
{"level":"info","message":"GET /api/wishlist 200 - 37ms"}
{"level":"info","message":"GET /api/users/profile 200 - 19ms"}
{"level":"info","message":"GET /api/users/profile 200 - 24ms"}
{"level":"info","message":"GET /api/wishlist 200 - 36ms"}
{"level":"info","message":"GET /api/cart 200 - 25ms"}
{"level":"info","message":"GET /api/cart 200 - 33ms"}
{"level":"info","message":"GET /api/wishlist 200 - 41ms"}
{"level":"info","message":"GET /api/categories 200 - 20ms"}
{"level":"info","message":"GET /api/products 200 - 21ms"}
{"level":"info","message":"GET /api/categories 200 - 6ms"}
{"level":"info","message":"GET /api/products 200 - 11ms"}
{"level":"info","message":"MongoDB connected successfully"}
{"level":"info","message":"Server initialized successfully"}
{"level":"info","message":"Server running in development mode on port 5001"}
{"level":"info","message":"MongoDB connected successfully"}
{"level":"info","message":"Server initialized successfully"}
{"level":"info","message":"Server running in development mode on port 5001"}
{"level":"info","message":"MongoDB connected successfully"}
{"level":"info","message":"Server initialized successfully"}
{"level":"info","message":"Server running in development mode on port 5001"}
{"level":"info","message":"GET /uploads/avatars/avatar-1775506313660-437228526.jpg 304 - 3ms"}
{"level":"info","message":"GET /api/categories 200 - 47ms"}
{"level":"info","message":"GET /api/users/profile 200 - 74ms"}
{"level":"info","message":"GET /api/products 200 - 126ms"}
{"level":"info","message":"GET /api/products 200 - 112ms"}
{"level":"info","message":"GET /api/categories 200 - 30ms"}
{"level":"info","message":"GET /api/wishlist 200 - 85ms"}
{"level":"info","message":"GET /api/wishlist 200 - 90ms"}
{"level":"info","message":"GET /api/cart 200 - 31ms"}
{"level":"info","message":"GET /api/users/profile 200 - 51ms"}
{"level":"info","message":"GET /api/cart 200 - 49ms"}
{"level":"info","message":"GET /uploads/avatars/avatar-1775506313660-437228526.jpg 304 - 1ms"}
{"level":"info","message":"GET /api/categories 200 - 25ms"}
{"level":"info","message":"GET /api/products 200 - 42ms"}
{"level":"info","message":"GET /api/users/profile 200 - 37ms"}
{"level":"info","message":"GET /api/wishlist 200 - 62ms"}
{"level":"info","message":"GET /api/categories 200 - 28ms"}
{"level":"info","message":"GET /api/cart 200 - 77ms"}
{"level":"info","message":"GET /api/users/profile 200 - 25ms"}
{"level":"info","message":"GET /api/products 200 - 99ms"}
{"level":"info","message":"GET /api/wishlist 200 - 46ms"}
{"level":"info","message":"GET /api/cart 200 - 33ms"}
{"level":"info","message":"POST /api/admin/login 200 - 86ms"}
{"level":"info","message":"GET /api/admin/orders?page=1&limit=10&search=&status=All 200 - 19ms"}
{"level":"info","message":"GET /api/admin/orders?page=1&limit=10&search=&status=All 200 - 15ms"}
{"level":"info","message":"GET /api/coupons?page=1&limit=10&search= 200 - 6ms"}
{"level":"info","message":"GET /api/coupons?page=1&limit=10&search= 200 - 6ms"}
{"level":"info","message":"GET /api/admin/orders?page=1&limit=10&search=&status=All 200 - 29ms"}
{"level":"info","message":"GET /api/admin/orders?page=1&limit=10&search=&status=All 200 - 31ms"}
{"level":"info","message":"GET /api/admin/dashboard 200 - 16ms"}
{"level":"info","message":"GET /api/admin/sales-report?startDate=&endDate= 200 - 30ms"}
{"level":"info","message":"GET /api/admin/sales-report?startDate=&endDate= 200 - 32ms"}
