{"level":"info","message":"MongoDB connected successfully"}
{"level":"info","message":"Server initialized successfully"}
{"level":"info","message":"Server running in development mode on port 5001"}
{"level":"warn","message":"MongoDB disconnected"}
{"level":"info","message":"MongoDB connected successfully"}
{"level":"info","message":"Server initialized successfully"}
{"level":"info","message":"Server running in development mode on port 5001"}
{"level":"info","message":"MongoDB connected successfully"}
{"level":"info","message":"Server initialized successfully"}
{"level":"info","message":"Server running in development mode on port 5001"}
{"level":"info","message":"POST /api/auth/forgot-password 200 - 41ms"}
{"level":"info","message":"Email sent: <156e5a1f-9279-69bc-75c7-74e6fa4c5177@gmail.com>"}
{"level":"info","message":"OTP sent to: viswajithviswa715@gmail.com"}
{"level":"info","message":"OTP verified for: viswajithviswa715@gmail.com"}
{"level":"info","message":"POST /api/auth/verify-otp 200 - 9ms"}
{"level":"info","message":"Password reset successful for: viswajithviswa715@gmail.com"}
{"level":"info","message":"POST /api/auth/reset-password 200 - 84ms"}
{"level":"error","message":"Error: Invalid email or password","stack":"AuthenticationError: Invalid email or password\n    at AuthService.login (/home/tufa15/Documents/Menter_Bro/Full-Stack Project/SmartShop-AI/Smartshop-ClientSide/backend/Modules/auth/authService.js:51:13)\n    at async login (/home/tufa15/Documents/Menter_Bro/Full-Stack Project/SmartShop-AI/Smartshop-ClientSide/backend/Modules/auth/authController.js:16:22)"}
{"level":"info","message":"POST /api/auth/login 401 - 66ms"}
{"level":"error","message":"Error: Invalid email or password","stack":"AuthenticationError: Invalid email or password\n    at AuthService.login (/home/tufa15/Documents/Menter_Bro/Full-Stack Project/SmartShop-AI/Smartshop-ClientSide/backend/Modules/auth/authService.js:51:13)\n    at async login (/home/tufa15/Documents/Menter_Bro/Full-Stack Project/SmartShop-AI/Smartshop-ClientSide/backend/Modules/auth/authController.js:16:22)"}
{"level":"info","message":"POST /api/auth/login 401 - 68ms"}
{"level":"error","message":"Error: Invalid email or password","stack":"AuthenticationError: Invalid email or password\n    at AuthService.login (/home/tufa15/Documents/Menter_Bro/Full-Stack Project/SmartShop-AI/Smartshop-ClientSide/backend/Modules/auth/authService.js:51:13)\n    at async login (/home/tufa15/Documents/Menter_Bro/Full-Stack Project/SmartShop-AI/Smartshop-ClientSide/backend/Modules/auth/authController.js:16:22)"}
{"level":"info","message":"POST /api/auth/login 401 - 67ms"}
{"level":"info","message":"POST /api/auth/forgot-password 200 - 16ms"}
{"level":"info","message":"Email sent: <c8779991-9233-f589-a37a-18df910834ea@gmail.com>"}
{"level":"info","message":"OTP sent to: viswajithviswa715@gmail.com"}
{"level":"info","message":"OTP verified for: viswajithviswa715@gmail.com"}
{"level":"info","message":"POST /api/auth/verify-otp 200 - 7ms"}
{"level":"info","message":"Password reset successful for: viswajithviswa715@gmail.com"}
{"level":"info","message":"POST /api/auth/reset-password 200 - 78ms"}
{"level":"info","message":"User login successful: viswajithviswa715@gmail.com"}
{"level":"info","message":"POST /api/auth/login 200 - 87ms"}
{"level":"info","message":"GET /uploads/avatars/avatar-1779204486975-191086360.jpg 200 - 5ms"}
{"level":"info","message":"GET /api/categories 200 - 16ms"}
{"level":"info","message":"GET /api/coupons?limit=12 200 - 22ms"}
{"level":"info","message":"GET /api/products 200 - 62ms"}
{"level":"info","message":"GET /api/wishlist 200 - 54ms"}
{"level":"info","message":"GET /api/products 200 - 65ms"}
{"level":"info","message":"GET /api/categories 200 - 57ms"}
{"level":"info","message":"GET /api/cart 200 - 42ms"}
{"level":"info","message":"GET /api/users/profile 200 - 31ms"}
{"level":"info","message":"GET /api/coupons?limit=12 200 - 15ms"}
{"level":"info","message":"GET /api/users/profile 200 - 21ms"}
{"level":"info","message":"GET /api/cart 200 - 21ms"}
{"level":"info","message":"GET /api/wishlist 200 - 28ms"}
{"level":"info","message":"GET /api/products?page=1&limit=6&sortBy=createdAt&sortOrder=desc&minPrice=0&maxPrice=300000 200 - 16ms"}
{"level":"info","message":"GET /api/categories 200 - 24ms"}
{"level":"info","message":"GET /api/products?page=1&limit=6&sortBy=createdAt&sortOrder=desc&minPrice=0&maxPrice=300000 200 - 25ms"}
{"level":"info","message":"GET /api/categories 200 - 22ms"}
{"level":"info","message":"POST /api/wishlist/toggle 200 - 15ms"}
{"level":"info","message":"POST /api/wishlist/toggle 200 - 20ms"}
{"level":"info","message":"POST /api/cart/add 200 - 328ms"}
{"level":"info","message":"GET /api/cart 200 - 20ms"}
{"level":"info","message":"GET /api/users/profile 200 - 19ms"}
{"level":"info","message":"GET /api/users/profile 200 - 10ms"}
{"level":"info","message":"GET /api/cart 200 - 17ms"}
{"level":"info","message":"GET /api/users/profile 200 - 7ms"}
{"level":"info","message":"GET /api/users/profile 200 - 13ms"}
{"level":"info","message":"Processing payment for Order: 6a1bc574d3d47ad28e11d282, Method: COD"}
{"level":"info","message":"POST /api/orders/create 201 - 47ms"}
{"level":"info","message":"GET /api/orders/my-orders 200 - 17ms"}
{"level":"info","message":"GET /api/orders/my-orders 200 - 22ms"}
{"level":"info","message":"POST /api/orders/6a1bc574d3d47ad28e11d282/cancel 400 - 25ms"}
{"level":"info","message":"POST /api/orders/6a1bc574d3d47ad28e11d282/cancel 200 - 15ms"}
{"level":"info","message":"GET /api/orders/my-orders 200 - 23ms"}
{"level":"info","message":"GET /api/users/profile 200 - 11ms"}
{"level":"info","message":"GET /api/orders/my-orders 200 - 16ms"}
{"level":"info","message":"GET /api/users/profile 200 - 28ms"}
{"level":"info","message":"GET /api/cart 200 - 31ms"}
{"level":"info","message":"GET /api/orders/my-orders 200 - 37ms"}
{"level":"info","message":"GET /api/cart 200 - 34ms"}
{"level":"info","message":"GET /api/users/profile 200 - 39ms"}
{"level":"info","message":"GET /api/wishlist 200 - 15ms"}
{"level":"info","message":"GET /api/wishlist 200 - 18ms"}
{"level":"info","message":"GET /api/users/profile 200 - 18ms"}
{"level":"info","message":"GET /api/products/my-reviews 200 - 16ms"}
{"level":"info","message":"GET /api/products/my-reviews 200 - 30ms"}
{"level":"info","message":"GET /api/orders/my-orders 200 - 39ms"}
{"level":"info","message":"GET /api/users/profile 200 - 38ms"}
{"level":"info","message":"GET /api/orders/my-orders 200 - 29ms"}
{"level":"info","message":"GET /api/orders/my-orders 200 - 9ms"}
{"level":"info","message":"GET /uploads/avatars/avatar-1779204486975-191086360.jpg 304 - 1ms"}
{"level":"info","message":"GET /api/users/profile 200 - 9ms"}
{"level":"info","message":"GET /api/products/my-reviews 200 - 20ms"}
{"level":"info","message":"GET /api/users/profile 200 - 33ms"}
{"level":"info","message":"GET /api/users/profile 200 - 31ms"}
{"level":"info","message":"GET /api/orders/my-orders 200 - 42ms"}
{"level":"info","message":"GET /api/wishlist 200 - 48ms"}
{"level":"info","message":"GET /api/users/profile 200 - 18ms"}
{"level":"info","message":"GET /api/orders/my-orders 200 - 55ms"}
{"level":"info","message":"GET /api/products/my-reviews 200 - 40ms"}
{"level":"info","message":"GET /api/wishlist 200 - 22ms"}
{"level":"info","message":"GET /api/cart 200 - 20ms"}
{"level":"info","message":"GET /api/cart 200 - 18ms"}
{"level":"info","message":"GET /api/categories 200 - 9ms"}
{"level":"info","message":"GET /api/products?page=1&limit=6&sortBy=createdAt&sortOrder=desc&minPrice=0&maxPrice=300000 200 - 20ms"}
{"level":"info","message":"GET /api/categories 200 - 17ms"}
{"level":"info","message":"GET /api/products?page=1&limit=6&sortBy=createdAt&sortOrder=desc&minPrice=0&maxPrice=300000 200 - 23ms"}
{"level":"info","message":"POST /api/cart/add 200 - 12ms"}
{"level":"info","message":"GET /api/users/profile 200 - 11ms"}
{"level":"info","message":"GET /api/users/profile 200 - 9ms"}
{"level":"info","message":"GET /api/cart 200 - 21ms"}
{"level":"info","message":"GET /api/cart 200 - 26ms"}
{"level":"info","message":"GET /api/users/profile 200 - 6ms"}
{"level":"info","message":"GET /api/users/profile 200 - 9ms"}
{"level":"info","message":"Processing payment for Order: 6a1bc690d3d47ad28e11d42b, Method: Razorpay"}
{"level":"info","message":"POST /api/orders/create 201 - 350ms"}
{"level":"info","message":"POST /api/orders/verify 200 - 47ms"}
{"level":"info","message":"GET /api/orders/my-orders 200 - 11ms"}
{"level":"info","message":"GET /api/orders/my-orders 200 - 10ms"}
{"level":"info","message":"GET /api/cart 200 - 11ms"}
{"level":"info","message":"GET /api/users/profile 200 - 14ms"}
{"level":"info","message":"GET /api/users/profile 200 - 26ms"}
{"level":"info","message":"GET /api/cart 200 - 26ms"}
{"level":"info","message":"GET /api/categories 200 - 7ms"}
{"level":"info","message":"GET /api/products?page=1&limit=6&sortBy=createdAt&sortOrder=desc&minPrice=0&maxPrice=300000 200 - 14ms"}
{"level":"info","message":"GET /api/categories 200 - 9ms"}
{"level":"info","message":"GET /api/products?page=1&limit=6&sortBy=createdAt&sortOrder=desc&minPrice=0&maxPrice=300000 200 - 11ms"}
{"level":"info","message":"GET /api/users/profile 200 - 65ms"}
{"level":"info","message":"GET /api/products/my-reviews 200 - 55ms"}
{"level":"info","message":"GET /api/products/my-reviews 200 - 36ms"}
{"level":"info","message":"GET /api/orders/my-orders 200 - 72ms"}
{"level":"info","message":"GET /api/users/profile 200 - 79ms"}
{"level":"info","message":"GET /api/orders/my-orders 200 - 77ms"}
{"level":"info","message":"GET /api/orders/my-orders 200 - 12ms"}
{"level":"info","message":"GET /api/orders/6a1bc574d3d47ad28e11d282 200 - 15ms"}
{"level":"info","message":"GET /api/orders/6a1bc574d3d47ad28e11d282 200 - 20ms"}
{"level":"info","message":"GET /api/orders/6a1bc574d3d47ad28e11d282 200 - 18ms"}
{"level":"info","message":"GET /api/orders/6a1bc574d3d47ad28e11d282 200 - 24ms"}
{"level":"info","message":"GET /api/orders/my-orders 200 - 21ms"}
{"level":"info","message":"GET /api/orders/6a1bc690d3d47ad28e11d42b 200 - 12ms"}
{"level":"info","message":"GET /api/orders/6a1bc690d3d47ad28e11d42b 200 - 12ms"}
{"level":"info","message":"POST /api/orders/6a1bc690d3d47ad28e11d42b/cancel 200 - 29ms"}
{"level":"info","message":"GET /api/orders/6a1bc690d3d47ad28e11d42b 200 - 20ms"}
{"level":"info","message":"GET /api/users/profile 200 - 5ms"}
{"level":"info","message":"GET /api/orders/my-orders 200 - 23ms"}
{"level":"info","message":"GET /api/orders/6a1bc690d3d47ad28e11d42b 200 - 13ms"}
{"level":"info","message":"GET /api/orders/6a1bc690d3d47ad28e11d42b 200 - 19ms"}
{"level":"info","message":"GET /api/orders/my-orders 200 - 15ms"}
{"level":"info","message":"GET /uploads/avatars/avatar-1779204486975-191086360.jpg 304 - 2ms"}
{"level":"info","message":"GET /api/orders/my-orders 200 - 23ms"}
{"level":"info","message":"GET /api/orders/my-orders 200 - 35ms"}
{"level":"info","message":"GET /api/users/profile 200 - 31ms"}
{"level":"info","message":"GET /api/users/profile 200 - 29ms"}
{"level":"info","message":"GET /api/users/profile 200 - 21ms"}
{"level":"info","message":"GET /api/products/my-reviews 200 - 40ms"}
{"level":"info","message":"GET /api/users/profile 200 - 25ms"}
{"level":"info","message":"GET /api/wishlist 200 - 37ms"}
{"level":"info","message":"GET /api/products/my-reviews 200 - 35ms"}
{"level":"info","message":"GET /api/cart 200 - 25ms"}
{"level":"info","message":"GET /api/cart 200 - 28ms"}
{"level":"info","message":"GET /api/wishlist 200 - 33ms"}
{"level":"info","message":"GET /api/categories 200 - 6ms"}
{"level":"info","message":"GET /api/categories 200 - 6ms"}
{"level":"info","message":"GET /api/products?page=1&limit=6&sortBy=createdAt&sortOrder=desc&minPrice=0&maxPrice=300000 200 - 21ms"}
{"level":"info","message":"GET /api/products?page=1&limit=6&sortBy=createdAt&sortOrder=desc&minPrice=0&maxPrice=300000 200 - 22ms"}
{"level":"info","message":"MongoDB connected successfully"}
{"level":"info","message":"Server initialized successfully"}
{"level":"info","message":"Server running in development mode on port 5001"}
{"level":"info","message":"MongoDB connected successfully"}
{"level":"info","message":"Server initialized successfully"}
{"level":"info","message":"Server running in development mode on port 5001"}
{"level":"info","message":"MongoDB connected successfully"}
{"level":"info","message":"Server initialized successfully"}
{"level":"info","message":"Server running in development mode on port 5001"}
{"level":"info","message":"GET /api/products 200 - 105ms"}
{"level":"info","message":"GET /api/users/profile 200 - 38ms"}
{"level":"info","message":"GET /api/wishlist 200 - 42ms"}
{"level":"info","message":"GET /api/users/profile 200 - 43ms"}
{"level":"info","message":"GET /api/wishlist 200 - 40ms"}
{"level":"info","message":"GET /api/cart 200 - 20ms"}
{"level":"info","message":"GET /api/cart 200 - 18ms"}
{"level":"info","message":"GET /api/users/profile 200 - 15ms"}
{"level":"info","message":"GET /api/wishlist 200 - 35ms"}
{"level":"info","message":"GET /api/cart 200 - 33ms"}
{"level":"info","message":"GET /api/products?page=1&limit=6&sortBy=createdAt&sortOrder=desc&minPrice=0&maxPrice=300000 200 - 40ms"}
{"level":"info","message":"GET /api/users/profile 200 - 38ms"}
{"level":"info","message":"GET /api/wishlist 200 - 49ms"}
{"level":"info","message":"GET /api/categories 200 - 16ms"}
{"level":"info","message":"GET /api/products?page=1&limit=6&sortBy=createdAt&sortOrder=desc&minPrice=0&maxPrice=300000 200 - 18ms"}
{"level":"info","message":"GET /api/cart 200 - 62ms"}
{"level":"info","message":"GET /api/categories 200 - 11ms"}
{"level":"info","message":"GET /api/users/profile 200 - 12ms"}
{"level":"info","message":"GET /api/products/my-reviews 200 - 25ms"}
{"level":"info","message":"GET /api/users/profile 200 - 41ms"}
{"level":"info","message":"GET /api/orders/my-orders 200 - 40ms"}
{"level":"info","message":"GET /api/products/my-reviews 200 - 35ms"}
{"level":"info","message":"GET /api/orders/my-orders 200 - 46ms"}
{"level":"info","message":"GET /uploads/avatars/avatar-1779204486975-191086360.jpg 304 - 3ms"}
{"level":"info","message":"GET /api/orders/my-orders 200 - 31ms"}
{"level":"info","message":"GET /api/products/my-reviews 200 - 31ms"}
{"level":"info","message":"GET /api/users/profile 200 - 19ms"}
{"level":"info","message":"GET /api/orders/my-orders 200 - 52ms"}
{"level":"info","message":"GET /api/products/my-reviews 200 - 51ms"}
{"level":"info","message":"GET /api/users/profile 200 - 31ms"}
{"level":"info","message":"GET /api/wishlist 200 - 35ms"}
{"level":"info","message":"GET /api/users/profile 200 - 27ms"}
{"level":"info","message":"GET /api/cart 200 - 34ms"}
{"level":"info","message":"GET /api/users/profile 200 - 14ms"}
{"level":"info","message":"GET /api/wishlist 200 - 25ms"}
{"level":"info","message":"GET /api/cart 200 - 20ms"}
{"level":"info","message":"GET /api/orders/my-orders 200 - 15ms"}
{"level":"info","message":"GET /api/orders/my-orders 200 - 12ms"}
{"level":"info","message":"GET /api/orders/6a1bc690d3d47ad28e11d42b 200 - 43ms"}
{"level":"info","message":"GET /api/orders/6a1bc690d3d47ad28e11d42b 200 - 16ms"}
{"level":"info","message":"GET /api/orders/my-orders 200 - 12ms"}
{"level":"info","message":"GET /api/orders/my-orders 200 - 13ms"}
{"level":"info","message":"GET /api/orders/my-orders 200 - 12ms"}
{"level":"info","message":"GET /api/orders/6a1b066fd88be8a7e8044c0e 200 - 12ms"}
{"level":"info","message":"GET /api/orders/6a1b066fd88be8a7e8044c0e 200 - 14ms"}
{"level":"info","message":"MongoDB connected successfully"}
{"level":"info","message":"Server initialized successfully"}
{"level":"info","message":"Server running in development mode on port 5001"}
{"level":"info","message":"MongoDB connected successfully"}
{"level":"info","message":"Server initialized successfully"}
{"level":"info","message":"Server running in development mode on port 5001"}
{"level":"info","message":"GET /api/orders/6a1b066fd88be8a7e8044c0e 200 - 47ms"}
{"level":"info","message":"GET /api/orders/my-orders 200 - 42ms"}
{"level":"info","message":"GET /api/orders/6a1b066fd88be8a7e8044c0e 200 - 19ms"}
{"level":"info","message":"GET /uploads/avatars/avatar-1779204486975-191086360.jpg 304 - 2ms"}
{"level":"info","message":"GET /api/users/profile 200 - 17ms"}
{"level":"info","message":"GET /api/users/profile 200 - 22ms"}
{"level":"info","message":"GET /api/orders/my-orders 200 - 50ms"}
{"level":"info","message":"GET /api/users/profile 200 - 47ms"}
{"level":"info","message":"GET /api/wishlist 200 - 46ms"}
{"level":"info","message":"GET /api/products/my-reviews 200 - 25ms"}
{"level":"info","message":"GET /api/users/profile 200 - 41ms"}
{"level":"info","message":"GET /api/orders/my-orders 200 - 63ms"}
{"level":"info","message":"GET /api/cart 200 - 39ms"}
{"level":"info","message":"GET /api/wishlist 200 - 20ms"}
{"level":"info","message":"GET /api/cart 200 - 24ms"}
{"level":"info","message":"GET /api/products/my-reviews 200 - 64ms"}
{"level":"info","message":"GET /api/orders/my-orders 200 - 17ms"}
{"level":"info","message":"GET /uploads/avatars/avatar-1779204486975-191086360.jpg 200 - 7ms"}
{"level":"info","message":"GET /api/users/profile 200 - 14ms"}
{"level":"info","message":"GET /api/users/profile 200 - 16ms"}
{"level":"info","message":"GET /api/products/my-reviews 200 - 25ms"}
{"level":"info","message":"GET /api/users/profile 200 - 26ms"}
{"level":"info","message":"GET /api/orders/my-orders 200 - 44ms"}
{"level":"info","message":"GET /api/products/my-reviews 200 - 21ms"}
{"level":"info","message":"GET /api/users/profile 200 - 38ms"}
{"level":"info","message":"GET /api/orders/my-orders 200 - 37ms"}
{"level":"info","message":"GET /api/wishlist 200 - 24ms"}
{"level":"info","message":"GET /api/wishlist 200 - 44ms"}
{"level":"info","message":"GET /api/cart 200 - 37ms"}
{"level":"info","message":"GET /api/cart 200 - 30ms"}
{"level":"info","message":"GET /api/orders/my-orders 200 - 11ms"}
{"level":"info","message":"MongoDB connected successfully"}
{"level":"info","message":"Server initialized successfully"}
{"level":"info","message":"Server running in development mode on port 5001"}
{"level":"info","message":"GET /uploads/avatars/avatar-1779204486975-191086360.jpg 304 - 21ms"}
{"level":"info","message":"GET /api/products/my-reviews 200 - 48ms"}
{"level":"info","message":"GET /api/users/profile 200 - 60ms"}
{"level":"info","message":"GET /api/users/profile 200 - 94ms"}
{"level":"info","message":"GET /api/users/profile 200 - 80ms"}
{"level":"info","message":"GET /api/orders/my-orders 200 - 94ms"}
{"level":"info","message":"GET /api/orders/my-orders 200 - 119ms"}
{"level":"info","message":"GET /api/products/my-reviews 200 - 30ms"}
{"level":"info","message":"GET /api/users/profile 200 - 47ms"}
{"level":"info","message":"GET /api/cart 200 - 20ms"}
{"level":"info","message":"GET /api/wishlist 200 - 49ms"}
{"level":"info","message":"GET /api/cart 200 - 17ms"}
{"level":"info","message":"GET /api/wishlist 200 - 33ms"}
{"level":"info","message":"GET /api/orders/my-orders 200 - 14ms"}
{"level":"info","message":"GET /uploads/avatars/avatar-1779204486975-191086360.jpg 200 - 4ms"}
{"level":"info","message":"GET /api/users/profile 200 - 15ms"}
{"level":"info","message":"GET /api/users/profile 200 - 32ms"}
{"level":"info","message":"GET /api/orders/my-orders 200 - 29ms"}
{"level":"info","message":"GET /api/products/my-reviews 200 - 33ms"}
{"level":"info","message":"GET /api/users/profile 200 - 30ms"}
{"level":"info","message":"GET /api/orders/my-orders 200 - 48ms"}
{"level":"info","message":"GET /api/wishlist 200 - 50ms"}
{"level":"info","message":"GET /api/cart 200 - 34ms"}
{"level":"info","message":"GET /api/products/my-reviews 200 - 49ms"}
{"level":"info","message":"GET /api/users/profile 200 - 24ms"}
{"level":"info","message":"GET /api/cart 200 - 11ms"}
{"level":"info","message":"GET /api/wishlist 200 - 21ms"}
{"level":"info","message":"GET /uploads/avatars/avatar-1779204486975-191086360.jpg 304 - 1ms"}
{"level":"info","message":"GET /api/users/profile 200 - 11ms"}
{"level":"info","message":"GET /api/products/my-reviews 200 - 19ms"}
{"level":"info","message":"GET /api/orders/my-orders 200 - 31ms"}
{"level":"info","message":"GET /api/users/profile 200 - 24ms"}
{"level":"info","message":"GET /api/products/my-reviews 200 - 20ms"}
{"level":"info","message":"GET /api/users/profile 200 - 33ms"}
{"level":"info","message":"GET /api/orders/my-orders 200 - 25ms"}
{"level":"info","message":"GET /api/wishlist 200 - 30ms"}
{"level":"info","message":"GET /api/users/profile 200 - 33ms"}
{"level":"info","message":"GET /api/wishlist 200 - 27ms"}
{"level":"info","message":"GET /api/cart 200 - 15ms"}
{"level":"info","message":"GET /api/cart 200 - 26ms"}
{"level":"info","message":"GET /api/orders/my-orders 200 - 11ms"}
{"level":"info","message":"GET /api/orders/my-orders 200 - 13ms"}
{"level":"info","message":"GET /api/orders/my-orders 200 - 11ms"}
{"level":"info","message":"GET /api/users/profile 200 - 130ms"}
{"level":"info","message":"GET /api/users/profile 200 - 221ms"}
{"level":"info","message":"GET /api/products/my-reviews 200 - 166ms"}
{"level":"info","message":"GET /api/orders/my-orders 200 - 189ms"}
{"level":"info","message":"GET /uploads/avatars/avatar-1779204486975-191086360.jpg 304 - 5ms"}
{"level":"info","message":"GET /api/users/profile 200 - 46ms"}
{"level":"info","message":"GET /api/users/profile 200 - 31ms"}
{"level":"info","message":"GET /api/users/profile 200 - 31ms"}
{"level":"info","message":"GET /api/users/profile 200 - 34ms"}
{"level":"info","message":"GET /api/users/profile 200 - 58ms"}
{"level":"info","message":"GET /api/users/profile 200 - 21ms"}
{"level":"info","message":"GET /api/products/my-reviews 200 - 27ms"}
{"level":"info","message":"GET /api/orders/my-orders 200 - 76ms"}
{"level":"info","message":"GET /api/orders/my-orders 200 - 35ms"}
{"level":"info","message":"GET /api/cart 200 - 32ms"}
{"level":"info","message":"GET /api/cart 200 - 34ms"}
{"level":"info","message":"GET /api/wishlist 200 - 43ms"}
{"level":"info","message":"GET /api/products/my-reviews 200 - 43ms"}
{"level":"info","message":"GET /api/wishlist 200 - 54ms"}
{"level":"info","message":"GET /api/users/profile 200 - 8ms"}
{"level":"info","message":"GET /api/users/profile 200 - 104ms"}
{"level":"info","message":"GET /api/users/profile 200 - 88ms"}
{"level":"info","message":"GET /api/orders/my-orders 200 - 186ms"}
{"level":"info","message":"GET /api/products/my-reviews 200 - 121ms"}
{"level":"info","message":"GET /uploads/avatars/avatar-1779204486975-191086360.jpg 304 - 6ms"}
{"level":"info","message":"GET /api/users/profile 200 - 53ms"}
{"level":"info","message":"GET /api/users/profile 200 - 54ms"}
{"level":"info","message":"GET /api/users/profile 200 - 53ms"}
{"level":"info","message":"GET /api/products/my-reviews 200 - 59ms"}
{"level":"info","message":"GET /api/users/profile 200 - 109ms"}
{"level":"info","message":"GET /api/orders/my-orders 200 - 117ms"}
{"level":"info","message":"GET /api/users/profile 200 - 65ms"}
{"level":"info","message":"GET /api/users/profile 200 - 67ms"}
{"level":"info","message":"GET /api/orders/my-orders 200 - 114ms"}
{"level":"info","message":"GET /api/products/my-reviews 200 - 77ms"}
{"level":"info","message":"GET /api/wishlist 200 - 81ms"}
{"level":"info","message":"GET /api/cart 200 - 26ms"}
{"level":"info","message":"GET /api/wishlist 200 - 83ms"}
{"level":"info","message":"GET /api/cart 200 - 30ms"}
{"level":"info","message":"GET /api/users/profile 200 - 5ms"}
{"level":"info","message":"GET /api/orders/my-orders 200 - 9ms"}
{"level":"info","message":"GET /api/orders/6a1bc690d3d47ad28e11d42b 200 - 10ms"}
{"level":"info","message":"GET /api/orders/6a1bc690d3d47ad28e11d42b 200 - 12ms"}
{"level":"info","message":"MongoDB connected successfully"}
{"level":"info","message":"Server initialized successfully"}
{"level":"info","message":"Server running in development mode on port 5001"}
{"level":"info","message":"MongoDB connected successfully"}
{"level":"info","message":"Server initialized successfully"}
{"level":"info","message":"Server running in development mode on port 5001"}
{"level":"info","message":"MongoDB connected successfully"}
{"level":"info","message":"Server initialized successfully"}
{"level":"info","message":"Server running in development mode on port 5001"}
{"level":"info","message":"MongoDB connected successfully"}
{"level":"info","message":"Server initialized successfully"}
{"level":"info","message":"Server running in development mode on port 5001"}
{"level":"info","message":"MongoDB connected successfully"}
{"level":"info","message":"Server initialized successfully"}
{"level":"info","message":"Server running in development mode on port 5001"}
{"level":"info","message":"GET /api/users/profile 200 - 38ms"}
{"level":"info","message":"GET /api/categories 200 - 50ms"}
{"level":"info","message":"GET /api/coupons?limit=12 200 - 70ms"}
{"level":"info","message":"GET /api/products 200 - 109ms"}
{"level":"info","message":"GET /api/products 200 - 65ms"}
{"level":"info","message":"GET /api/coupons?limit=12 200 - 82ms"}
{"level":"info","message":"GET /api/categories 200 - 70ms"}
{"level":"info","message":"GET /api/products?page=1&limit=6&sortBy=createdAt&sortOrder=desc&minPrice=0&maxPrice=300000 200 - 135ms"}
{"level":"info","message":"GET /api/categories 200 - 102ms"}
{"level":"info","message":"GET /api/products?page=1&limit=6&sortBy=createdAt&sortOrder=desc&minPrice=0&maxPrice=300000 200 - 116ms"}
{"level":"info","message":"GET /api/categories 200 - 72ms"}
{"level":"info","message":"POST /api/cart/add 200 - 68ms"}
{"level":"info","message":"GET /api/cart 200 - 71ms"}
{"level":"info","message":"GET /api/users/profile 200 - 61ms"}
{"level":"info","message":"GET /api/cart 200 - 93ms"}
{"level":"info","message":"GET /api/users/profile 200 - 46ms"}
{"level":"info","message":"PUT /api/cart/update-quantity 200 - 44ms"}
{"level":"info","message":"GET /api/users/profile 200 - 27ms"}
{"level":"info","message":"GET /api/users/profile 200 - 9ms"}
{"level":"info","message":"GET /api/users/profile 200 - 17ms"}
{"level":"info","message":"GET /api/cart 200 - 42ms"}
{"level":"info","message":"GET /api/users/profile 200 - 54ms"}
{"level":"info","message":"GET /api/cart 200 - 36ms"}
{"level":"info","message":"GET /uploads/avatars/avatar-1779204486975-191086360.jpg 304 - 4ms"}
{"level":"info","message":"GET /api/cart 200 - 86ms"}
{"level":"info","message":"GET /api/cart 200 - 116ms"}
{"level":"info","message":"GET /api/cart 200 - 103ms"}
{"level":"info","message":"GET /api/cart 200 - 149ms"}
{"level":"info","message":"GET /api/users/profile 200 - 42ms"}
{"level":"info","message":"GET /api/users/profile 200 - 53ms"}
{"level":"info","message":"GET /api/users/profile 200 - 75ms"}
{"level":"info","message":"GET /api/users/profile 200 - 98ms"}
{"level":"info","message":"GET /api/wishlist 200 - 107ms"}
{"level":"info","message":"GET /api/wishlist 200 - 101ms"}
{"level":"info","message":"GET /api/users/profile 200 - 21ms"}
{"level":"info","message":"GET /api/users/profile 200 - 32ms"}
{"level":"error","message":"Error: Only 1 stock left for product halo","stack":"BadRequestError: Only 1 stock left for product halo\n    at OrderService._getAndValidateCartItems (/home/tufa15/Documents/Menter_Bro/Full-Stack Project/SmartShop-AI/Smartshop-ClientSide/backend/Modules/order/orderService.js:349:17)\n    at process.processTicksAndRejections (node:internal/process/task_queues:105:5)\n    at async OrderService.createRazorpayOrder (/home/tufa15/Documents/Menter_Bro/Full-Stack Project/SmartShop-AI/Smartshop-ClientSide/backend/Modules/order/orderService.js:13:27)\n    at async createOrder (/home/tufa15/Documents/Menter_Bro/Full-Stack Project/SmartShop-AI/Smartshop-ClientSide/backend/Modules/order/orderController.js:15:13)"}
{"level":"info","message":"POST /api/orders/create 400 - 35ms"}
{"level":"info","message":"GET /api/users/profile 200 - 26ms"}
{"level":"info","message":"GET /api/users/profile 200 - 33ms"}
{"level":"info","message":"GET /api/users/profile 200 - 10ms"}
{"level":"info","message":"GET /api/users/profile 200 - 14ms"}
{"level":"info","message":"GET /api/cart 200 - 31ms"}
{"level":"info","message":"GET /api/cart 200 - 33ms"}
{"level":"info","message":"GET /api/cart 200 - 40ms"}
{"level":"info","message":"GET /api/categories 200 - 31ms"}
{"level":"info","message":"GET /api/users/profile 200 - 35ms"}
{"level":"info","message":"GET /api/categories 200 - 40ms"}
{"level":"info","message":"GET /api/products?page=1&limit=6&sortBy=createdAt&sortOrder=desc&minPrice=0&maxPrice=300000 200 - 89ms"}
{"level":"info","message":"GET /api/products?page=1&limit=6&sortBy=createdAt&sortOrder=desc&minPrice=0&maxPrice=300000 200 - 112ms"}
{"level":"info","message":"GET /api/wishlist 200 - 59ms"}
{"level":"info","message":"GET /api/users/profile 200 - 33ms"}
{"level":"info","message":"GET /api/users/profile 200 - 62ms"}
{"level":"info","message":"GET /api/cart 200 - 40ms"}
{"level":"info","message":"GET /api/cart 200 - 71ms"}
{"level":"info","message":"DELETE /api/cart/6a1bd632efc86bb9ae35ad51 200 - 10ms"}
{"level":"info","message":"GET /api/products?page=1&limit=6&sortBy=createdAt&sortOrder=desc&minPrice=0&maxPrice=300000 200 - 46ms"}
{"level":"info","message":"GET /api/products?page=1&limit=6&sortBy=createdAt&sortOrder=desc&minPrice=0&maxPrice=300000 200 - 69ms"}
{"level":"info","message":"GET /api/categories 200 - 52ms"}
{"level":"info","message":"GET /api/categories 200 - 43ms"}
{"level":"info","message":"POST /api/cart/add 200 - 30ms"}
{"level":"info","message":"GET /api/cart 200 - 92ms"}
{"level":"info","message":"GET /api/users/profile 200 - 95ms"}
{"level":"info","message":"GET /api/cart 200 - 90ms"}
{"level":"info","message":"GET /api/users/profile 200 - 94ms"}
{"level":"info","message":"GET /api/users/profile 200 - 13ms"}
{"level":"info","message":"GET /api/users/profile 200 - 11ms"}
{"level":"info","message":"Processing payment for Order: 6a1bd6e0691dbe9ce3f99cbc, Method: Razorpay"}
{"level":"info","message":"POST /api/orders/create 201 - 520ms"}
{"level":"info","message":"POST /api/orders/verify 200 - 214ms"}
{"level":"info","message":"GET /api/orders/my-orders 200 - 87ms"}
{"level":"info","message":"GET /api/orders/my-orders 200 - 116ms"}
{"level":"info","message":"GET /api/orders/my-orders 200 - 52ms"}
{"level":"info","message":"GET /api/users/profile 200 - 77ms"}
{"level":"info","message":"GET /api/orders/my-orders 200 - 117ms"}
{"level":"info","message":"GET /api/wishlist 200 - 133ms"}
{"level":"info","message":"GET /api/users/profile 200 - 109ms"}
{"level":"info","message":"GET /api/cart 200 - 96ms"}
{"level":"info","message":"GET /api/cart 200 - 118ms"}
{"level":"info","message":"GET /api/wishlist 200 - 102ms"}
{"level":"info","message":"GET /api/categories 200 - 23ms"}
{"level":"info","message":"GET /api/categories 200 - 23ms"}
{"level":"info","message":"GET /api/products?page=1&limit=6&sortBy=createdAt&sortOrder=desc&minPrice=0&maxPrice=300000 200 - 81ms"}
{"level":"info","message":"GET /api/products?page=1&limit=6&sortBy=createdAt&sortOrder=desc&minPrice=0&maxPrice=300000 200 - 68ms"}
{"level":"info","message":"POST /api/cart/add 200 - 28ms"}
{"level":"info","message":"GET /api/users/profile 200 - 50ms"}
{"level":"info","message":"GET /api/users/profile 200 - 63ms"}
{"level":"info","message":"GET /api/orders/my-orders 200 - 114ms"}
{"level":"info","message":"GET /api/users/profile 200 - 101ms"}
{"level":"info","message":"GET /api/orders/my-orders 200 - 143ms"}
{"level":"info","message":"GET /api/users/profile 200 - 129ms"}
{"level":"info","message":"GET /api/products/my-reviews 200 - 139ms"}
{"level":"info","message":"GET /api/products/my-reviews 200 - 41ms"}
{"level":"info","message":"GET /api/orders/my-orders 200 - 39ms"}
{"level":"info","message":"GET /api/orders/6a1bd6e0691dbe9ce3f99cbc 200 - 34ms"}
{"level":"info","message":"GET /api/orders/6a1bd6e0691dbe9ce3f99cbc 200 - 39ms"}
{"level":"info","message":"POST /api/orders/6a1bd6e0691dbe9ce3f99cbc/cancel 200 - 46ms"}
{"level":"info","message":"GET /api/orders/6a1bd6e0691dbe9ce3f99cbc 200 - 44ms"}
{"level":"info","message":"GET /api/users/profile 200 - 17ms"}
{"level":"info","message":"GET /api/orders/my-orders 200 - 33ms"}
{"level":"info","message":"GET /api/orders/6a1bd6e0691dbe9ce3f99cbc 200 - 50ms"}
{"level":"info","message":"GET /api/orders/6a1bd6e0691dbe9ce3f99cbc 200 - 47ms"}
{"level":"info","message":"GET /api/categories 200 - 24ms"}
{"level":"info","message":"GET /api/categories 200 - 30ms"}
{"level":"info","message":"GET /api/products?page=1&limit=6&sortBy=createdAt&sortOrder=desc&minPrice=0&maxPrice=300000 200 - 76ms"}
{"level":"info","message":"GET /api/products?page=1&limit=6&sortBy=createdAt&sortOrder=desc&minPrice=0&maxPrice=300000 200 - 95ms"}
{"level":"info","message":"GET /uploads/avatars/avatar-1779204486975-191086360.jpg 304 - 4ms"}
{"level":"info","message":"GET /api/products?page=1&limit=6&sortBy=createdAt&sortOrder=desc&minPrice=0&maxPrice=300000 200 - 35ms"}
{"level":"info","message":"GET /api/categories 200 - 44ms"}
{"level":"info","message":"GET /api/users/profile 200 - 41ms"}
{"level":"info","message":"GET /api/products?page=1&limit=6&sortBy=createdAt&sortOrder=desc&minPrice=0&maxPrice=300000 200 - 92ms"}
{"level":"info","message":"GET /api/categories 200 - 39ms"}
{"level":"info","message":"GET /api/wishlist 200 - 106ms"}
{"level":"info","message":"GET /api/cart 200 - 94ms"}
{"level":"info","message":"GET /api/users/profile 200 - 77ms"}
{"level":"info","message":"GET /api/wishlist 200 - 30ms"}
{"level":"info","message":"GET /api/cart 200 - 40ms"}
{"level":"info","message":"GET /uploads/avatars/avatar-1779204486975-191086360.jpg 304 - 2ms"}
{"level":"info","message":"GET /api/products?page=1&limit=6&sortBy=createdAt&sortOrder=desc&minPrice=0&maxPrice=300000 200 - 23ms"}
{"level":"info","message":"GET /api/products?page=1&limit=6&sortBy=createdAt&sortOrder=desc&minPrice=0&maxPrice=300000 200 - 63ms"}
{"level":"info","message":"GET /api/categories 200 - 70ms"}
{"level":"info","message":"GET /api/categories 200 - 56ms"}
{"level":"info","message":"GET /api/users/profile 200 - 85ms"}
{"level":"info","message":"GET /api/cart 200 - 107ms"}
{"level":"info","message":"GET /api/wishlist 200 - 113ms"}
{"level":"info","message":"GET /api/users/profile 200 - 87ms"}
{"level":"info","message":"GET /api/wishlist 200 - 52ms"}
{"level":"info","message":"GET /api/cart 200 - 47ms"}
{"level":"info","message":"POST /api/cart/add 200 - 36ms"}
{"level":"info","message":"GET /api/cart 200 - 77ms"}
{"level":"info","message":"GET /api/cart 200 - 75ms"}
{"level":"info","message":"GET /api/users/profile 200 - 64ms"}
{"level":"info","message":"GET /api/users/profile 200 - 46ms"}
{"level":"info","message":"DELETE /api/cart/6a1b1d6ceabf42badfb97b5d 200 - 11ms"}
{"level":"info","message":"GET /api/users/profile 200 - 42ms"}
{"level":"info","message":"GET /api/users/profile 200 - 44ms"}
{"level":"info","message":"Processing payment for Order: 6a1bd858691dbe9ce3f99f46, Method: COD"}
{"level":"info","message":"POST /api/orders/create 201 - 113ms"}
{"level":"info","message":"GET /api/orders/my-orders 200 - 27ms"}
{"level":"info","message":"GET /api/orders/my-orders 200 - 25ms"}
{"level":"info","message":"GET /api/users/profile 200 - 30ms"}
{"level":"info","message":"GET /api/users/profile 200 - 51ms"}
{"level":"info","message":"GET /api/users/profile 200 - 67ms"}
{"level":"info","message":"GET /api/orders/my-orders 200 - 130ms"}
{"level":"info","message":"GET /api/users/profile 200 - 110ms"}
{"level":"info","message":"GET /api/products/my-reviews 200 - 99ms"}
{"level":"info","message":"GET /api/products/my-reviews 200 - 89ms"}
{"level":"info","message":"GET /api/orders/my-orders 200 - 104ms"}
{"level":"info","message":"GET /api/orders/my-orders 200 - 13ms"}
{"level":"info","message":"GET /api/orders/6a1bd858691dbe9ce3f99f46 200 - 15ms"}
{"level":"info","message":"GET /api/orders/6a1bd858691dbe9ce3f99f46 200 - 16ms"}
{"level":"info","message":"GET /api/cart 200 - 31ms"}
{"level":"info","message":"GET /api/users/profile 200 - 36ms"}
{"level":"info","message":"GET /api/cart 200 - 65ms"}
{"level":"info","message":"GET /api/users/profile 200 - 42ms"}
{"level":"info","message":"GET /api/users/profile 200 - 40ms"}
{"level":"info","message":"GET /api/users/profile 200 - 62ms"}
{"level":"info","message":"GET /api/users/profile 200 - 69ms"}
{"level":"info","message":"GET /api/users/profile 200 - 99ms"}
{"level":"info","message":"GET /api/orders/my-orders 200 - 90ms"}
{"level":"info","message":"GET /api/products/my-reviews 200 - 78ms"}
{"level":"info","message":"GET /api/products/my-reviews 200 - 80ms"}
{"level":"info","message":"GET /api/orders/my-orders 200 - 100ms"}
{"level":"info","message":"GET /api/users/profile 200 - 10ms"}
{"level":"info","message":"MongoDB connected successfully"}
