{"level":"info","message":"MongoDB connected successfully"}
{"level":"info","message":"Server initialized successfully"}
{"level":"info","message":"Server running in development mode on port 5001"}
{"level":"info","message":"GET /api/auth/profile 200 - 25ms"}
{"level":"info","message":"GET /api/auth/profile 200 - 44ms"}
{"level":"info","message":"Profile updated: viswajithviswa715@gmail.com"}
{"level":"info","message":"PUT /api/auth/profile 200 - 20ms"}
{"level":"info","message":"PUT /api/auth/profile/avatar 400 - 6ms"}
{"level":"info","message":"GET /api/auth/profile 200 - 14ms"}
{"level":"warn","message":"MongoDB disconnected"}
{"level":"info","message":"MongoDB connected successfully"}
{"level":"info","message":"Server initialized successfully"}
{"level":"info","message":"Server running in development mode on port 5001"}
{"level":"info","message":"GET /api/auth/profile 200 - 23ms"}
{"level":"info","message":"GET /api/auth/profile 200 - 6ms"}
{"level":"info","message":"PUT /api/auth/profile/avatar 400 - 7ms"}
{"level":"info","message":"GET /api/auth/profile 200 - 24ms"}
{"level":"info","message":"PUT /api/auth/profile/avatar 200 - 96ms"}
{"level":"info","message":"GET /uploads/avatars/avatar-1775506313660-437228526.jpg 200 - 6ms"}
{"level":"info","message":"GET /api/auth/profile 200 - 9ms"}
{"level":"info","message":"POST /api/auth/address 200 - 48ms"}
{"level":"info","message":"MongoDB connected successfully"}
{"level":"info","message":"Server initialized successfully"}
{"level":"info","message":"Server running in development mode on port 5001"}
{"level":"info","message":"MongoDB connected successfully"}
{"level":"info","message":"Server initialized successfully"}
{"level":"info","message":"Server running in development mode on port 5001"}
{"level":"info","message":"GET /api/auth/profile 200 - 21ms"}
{"level":"info","message":"GET /api/auth/profile 200 - 7ms"}
{"level":"info","message":"GET /uploads/avatars/avatar-1775506313660-437228526.jpg 304 - 5ms"}
{"level":"info","message":"MongoDB connected successfully"}
{"level":"info","message":"Server initialized successfully"}
{"level":"info","message":"Server running in development mode on port 5001"}
{"level":"info","message":"GET /api/auth/profile 200 - 24ms"}
{"level":"info","message":"GET /api/auth/profile 200 - 7ms"}
{"level":"info","message":"DELETE /api/auth/address/69d41437ea99e89cb6552625 200 - 21ms"}
{"level":"info","message":"PUT /api/auth/address/69d41437ea99e89cb6552624 200 - 13ms"}
{"level":"info","message":"GET /api/auth/profile 200 - 25ms"}
{"level":"info","message":"GET /api/auth/profile 200 - 29ms"}
{"level":"info","message":"GET /uploads/avatars/avatar-1775506313660-437228526.jpg 304 - 10ms"}
{"level":"info","message":"GET /uploads/avatars/avatar-1775506313660-437228526.jpg 304 - 8ms"}
{"level":"info","message":"GET /api/auth/profile 200 - 38ms"}
{"level":"info","message":"GET /api/auth/profile 200 - 21ms"}
{"level":"info","message":"MongoDB connected successfully"}
{"level":"info","message":"Server initialized successfully"}
{"level":"info","message":"Server running in development mode on port 5001"}
{"level":"info","message":"MongoDB connected successfully"}
{"level":"info","message":"Server initialized successfully"}
{"level":"info","message":"Server running in development mode on port 5001"}
{"level":"info","message":"MongoDB connected successfully"}
{"level":"info","message":"Server initialized successfully"}
{"level":"info","message":"Server running in development mode on port 5001"}
{"level":"info","message":"MongoDB connected successfully"}
{"level":"info","message":"Server initialized successfully"}
{"level":"info","message":"Server running in development mode on port 5001"}
